
*** Running vivado
    with args -log I2C_FIFO.vds -m64 -product Vivado -mode batch -messageDb vivado.pb -notrace -source I2C_FIFO.tcl



****** Vivado v2024.2.2 (64-bit)
  **** SW Build 6060944 on Thu Mar 06 19:10:01 MST 2025
  **** IP Build 6050500 on Thu Mar  6 23:33:39 MST 2025
  **** SharedData Build 6060542 on Thu Mar 06 10:31:07 MST 2025
  **** Start of session at: Fri Jun 20 15:06:13 2025
    ** Copyright 1986-2022 Xilinx, Inc. All Rights Reserved.
    ** Copyright 2022-2025 Advanced Micro Devices, Inc. All Rights Reserved.

Sourcing tcl script 'D:/Xilinx/Vivado/2024.2/scripts/Vivado_init.tcl'
source I2C_FIFO.tcl -notrace
INFO: [IP_Flow 19-6924] IPCACHE: Running cache check for IP inst: I2C_FIFO
INFO: [IP_Flow 19-6922] IPCACHE: Exporting cached entry 9190f03231550322 to dir: E:/final_prj/final_prj_pl/final_prj_pl.runs/I2C_FIFO_synth_1
INFO: [IP_Flow 19-6928] IPCACHE: copied cached file e:/final_prj/final_prj_pl/final_prj_pl.cache/ip/2024.2.2/9/1/9190f03231550322/I2C_FIFO.dcp to E:/final_prj/final_prj_pl/final_prj_pl.runs/I2C_FIFO_synth_1/I2C_FIFO.dcp.
INFO: [IP_Flow 19-6928] IPCACHE: copied cached file e:/final_prj/final_prj_pl/final_prj_pl.cache/ip/2024.2.2/9/1/9190f03231550322/I2C_FIFO_sim_netlist.v to E:/final_prj/final_prj_pl/final_prj_pl.runs/I2C_FIFO_synth_1/I2C_FIFO_sim_netlist.v.
INFO: [IP_Flow 19-6928] IPCACHE: copied cached file e:/final_prj/final_prj_pl/final_prj_pl.cache/ip/2024.2.2/9/1/9190f03231550322/I2C_FIFO_sim_netlist.vhdl to E:/final_prj/final_prj_pl/final_prj_pl.runs/I2C_FIFO_synth_1/I2C_FIFO_sim_netlist.vhdl.
INFO: [IP_Flow 19-6928] IPCACHE: copied cached file e:/final_prj/final_prj_pl/final_prj_pl.cache/ip/2024.2.2/9/1/9190f03231550322/I2C_FIFO_stub.v to E:/final_prj/final_prj_pl/final_prj_pl.runs/I2C_FIFO_synth_1/I2C_FIFO_stub.v.
INFO: [IP_Flow 19-6928] IPCACHE: copied cached file e:/final_prj/final_prj_pl/final_prj_pl.cache/ip/2024.2.2/9/1/9190f03231550322/I2C_FIFO_stub.vhdl to E:/final_prj/final_prj_pl/final_prj_pl.runs/I2C_FIFO_synth_1/I2C_FIFO_stub.vhdl.
INFO: [IP_Flow 19-4838] Using cached IP synthesis design for IP I2C_FIFO, cache-ID = 9190f03231550322.
INFO: [Common 17-206] Exiting Vivado at Fri Jun 20 15:06:22 2025...
