Vivado Simulator v2024.2.2
Copyright 1986-2022 Xilinx, Inc. All Rights Reserved.
Copyright 2022-2024 Advanced Micro Devices, Inc. All Rights Reserved.
Running: D:/Xilinx/Vivado/2024.2/bin/unwrapped/win64.o/xelab.exe --incr --debug typical --relax --mt 16 -L xil_defaultlib -L fifo_generator_v13_2_12 -L lib_pkg_v1_0_4 -L lib_cdc_v1_0_3 -L axi_lite_ipif_v3_0_4 -L interrupt_control_v3_1_5 -L axi_iic_v2_1_10 -L gigantic_mux -L xlconcat_v2_1_6 -L axis_infrastructure_v1_1_1 -L axis_register_slice_v1_1_34 -L axis_dwidth_converter_v1_1_33 -L xbip_utils_v3_0_14 -L mult_gen_v12_0_22 -L tri_mode_ethernet_mac_v9_0_37 -L axis_data_fifo_v2_0_16 -L util_vector_logic_v2_0_4 -L proc_sys_reset_v5_0_16 -L unisims_ver -L unimacro_ver -L secureip -L xpm --snapshot UDP_PACKAGE_tb_behav xil_defaultlib.UDP_PACKAGE_tb xil_defaultlib.glbl -log elaborate.log 
Using 16 slave threads.
Starting static elaboration
Pass Through NonSizing Optimizer
Completed static elaboration
Starting simulation data flow analysis
Completed simulation data flow analysis
Time Resolution for simulation is 1ps
Compiling module axis_infrastructure_v1_1_1.axis_infrastructure_v1_1_1_util_...
Compiling module axis_register_slice_v1_1_34.axis_register_slice_v1_1_34_axis...
Compiling module axis_infrastructure_v1_1_1.axis_infrastructure_v1_1_1_util_...
Compiling module axis_register_slice_v1_1_34.axis_register_slice_v1_1_34_axis...
Compiling module axis_dwidth_converter_v1_1_33.axis_dwidth_converter_v1_1_33_ax...
Compiling module axis_infrastructure_v1_1_1.axis_infrastructure_v1_1_1_util_...
Compiling module axis_register_slice_v1_1_34.axis_register_slice_v1_1_34_axis...
Compiling module axis_infrastructure_v1_1_1.axis_infrastructure_v1_1_1_util_...
Compiling module axis_register_slice_v1_1_34.axis_register_slice_v1_1_34_axis...
Compiling module axis_dwidth_converter_v1_1_33.axis_dwidth_converter_v1_1_33_ax...
Compiling module xil_defaultlib.axis_eth_head_convertor
Compiling module xil_defaultlib.UDP_PACKAGE
Compiling module xil_defaultlib.UDP_PACKAGE_tb
Compiling module xil_defaultlib.glbl
Built simulation snapshot UDP_PACKAGE_tb_behav
