INFO: [VRFC 10-2263] Analyzing Verilog file "E:/final_prj/final_prj_pl/final_prj_pl.gen/sources_1/ip/clk_wiz_0/clk_wiz_0_sim_netlist.v" into library xil_defaultlib
INFO: [VRFC 10-311] analyzing module clk_wiz_0
INFO: [VRFC 10-311] analyzing module clk_wiz_0_clk_wiz
INFO: [VRFC 10-311] analyzing module glbl
INFO: [VRFC 10-2263] Analyzing Verilog file "E:/final_prj/final_prj_pl/final_prj_pl.gen/sources_1/ip/AXI2BRAM/AXI2BRAM_sim_netlist.v" into library xil_defaultlib
INFO: [VRFC 10-311] analyzing module AXI2BRAM
INFO: [VRFC 10-311] analyzing module AXI2BRAM_axi_bram_ctrl
INFO: [VRFC 10-311] analyzing module AXI2BRAM_axi_bram_ctrl_top
INFO: [VRFC 10-311] analyzing module AXI2BRAM_axi_lite
INFO: [VRFC 10-2263] Analyzing Verilog file "E:/final_prj/final_prj_pl/final_prj_pl.gen/sources_1/ip/ila_2/sim/ila_2.v" into library xil_defaultlib
INFO: [VRFC 10-311] analyzing module ila_2
INFO: [VRFC 10-2263] Analyzing Verilog file "E:/final_prj/final_prj_pl/final_prj_pl.gen/sources_1/ip/I2C_FIFO/sim/I2C_FIFO.v" into library xil_defaultlib
INFO: [VRFC 10-311] analyzing module I2C_FIFO
INFO: [VRFC 10-2263] Analyzing Verilog file "E:/final_prj/final_prj_pl/final_prj_pl.gen/sources_1/ip/spi_tx_fifo/spi_tx_fifo_sim_netlist.v" into library xil_defaultlib
INFO: [VRFC 10-311] analyzing module spi_tx_fifo
INFO: [VRFC 10-311] analyzing module spi_tx_fifo_xpm_cdc_async_rst
INFO: [VRFC 10-311] analyzing module spi_tx_fifo_dmem
INFO: [VRFC 10-311] analyzing module spi_tx_fifo_fifo_generator_ramfifo
INFO: [VRFC 10-311] analyzing module spi_tx_fifo_fifo_generator_top
INFO: [VRFC 10-311] analyzing module spi_tx_fifo_fifo_generator_v13_2_12
INFO: [VRFC 10-311] analyzing module spi_tx_fifo_fifo_generator_v13_2_12_synth
INFO: [VRFC 10-311] analyzing module spi_tx_fifo_memory
INFO: [VRFC 10-311] analyzing module spi_tx_fifo_rd_bin_cntr
INFO: [VRFC 10-311] analyzing module spi_tx_fifo_rd_fwft
INFO: [VRFC 10-311] analyzing module spi_tx_fifo_rd_logic
INFO: [VRFC 10-311] analyzing module spi_tx_fifo_rd_status_flags_ss
INFO: [VRFC 10-311] analyzing module spi_tx_fifo_reset_blk_ramfifo
INFO: [VRFC 10-311] analyzing module spi_tx_fifo_wr_bin_cntr
INFO: [VRFC 10-311] analyzing module spi_tx_fifo_wr_logic
INFO: [VRFC 10-311] analyzing module spi_tx_fifo_wr_status_flags_ss
INFO: [VRFC 10-2263] Analyzing Verilog file "E:/final_prj/final_prj_pl/final_prj_pl.gen/sources_1/ip/spi_rx_fifo/spi_rx_fifo_sim_netlist.v" into library xil_defaultlib
INFO: [VRFC 10-311] analyzing module spi_rx_fifo
INFO: [VRFC 10-311] analyzing module spi_rx_fifo_xpm_cdc_async_rst
INFO: [VRFC 10-311] analyzing module spi_rx_fifo_dmem
INFO: [VRFC 10-311] analyzing module spi_rx_fifo_fifo_generator_ramfifo
INFO: [VRFC 10-311] analyzing module spi_rx_fifo_fifo_generator_top
INFO: [VRFC 10-311] analyzing module spi_rx_fifo_fifo_generator_v13_2_12
INFO: [VRFC 10-311] analyzing module spi_rx_fifo_fifo_generator_v13_2_12_synth
INFO: [VRFC 10-311] analyzing module spi_rx_fifo_memory
INFO: [VRFC 10-311] analyzing module spi_rx_fifo_rd_bin_cntr
INFO: [VRFC 10-311] analyzing module spi_rx_fifo_rd_fwft
INFO: [VRFC 10-311] analyzing module spi_rx_fifo_rd_logic
INFO: [VRFC 10-311] analyzing module spi_rx_fifo_rd_status_flags_ss
INFO: [VRFC 10-311] analyzing module spi_rx_fifo_reset_blk_ramfifo
INFO: [VRFC 10-311] analyzing module spi_rx_fifo_wr_bin_cntr
INFO: [VRFC 10-311] analyzing module spi_rx_fifo_wr_logic
INFO: [VRFC 10-311] analyzing module spi_rx_fifo_wr_status_flags_ss
INFO: [VRFC 10-2263] Analyzing Verilog file "E:/final_prj/final_prj_pl/final_prj_pl.gen/sources_1/ip/ADC_test_vio/ADC_test_vio_sim_netlist.v" into library xil_defaultlib
INFO: [VRFC 10-311] analyzing module ADC_test_vio
INFO: [VRFC 10-311] analyzing module ADC_test_vio_vio_v3_0_26_decoder
INFO: [VRFC 10-311] analyzing module ADC_test_vio_vio_v3_0_26_probe_in_one
INFO: [VRFC 10-311] analyzing module ADC_test_vio_vio_v3_0_26_probe_out_all
INFO: [VRFC 10-311] analyzing module ADC_test_vio_vio_v3_0_26_probe_out_one
INFO: [VRFC 10-311] analyzing module ADC_test_vio_vio_v3_0_26_probe_out_one_0
INFO: [VRFC 10-311] analyzing module ADC_test_vio_vio_v3_0_26_probe_out_one_1
INFO: [VRFC 10-311] analyzing module ADC_test_vio_vio_v3_0_26_probe_out_one_2
INFO: [VRFC 10-311] analyzing module ADC_test_vio_vio_v3_0_26_probe_out_one__parameterized0
INFO: [VRFC 10-311] analyzing module ADC_test_vio_vio_v3_0_26_probe_out_one__parameterized1
INFO: [VRFC 10-311] analyzing module ADC_test_vio_vio_v3_0_26_probe_out_one__parameterized2
INFO: [VRFC 10-311] analyzing module ADC_test_vio_vio_v3_0_26_probe_width
INFO: [VRFC 10-311] analyzing module ADC_test_vio_vio_v3_0_26_probe_width__parameterized0
INFO: [VRFC 10-311] analyzing module ADC_test_vio_vio_v3_0_26_vio
INFO: [VRFC 10-311] analyzing module ADC_test_vio_xsdbs_v1_0_4_xsdbs
INFO: [VRFC 10-2263] Analyzing Verilog file "E:/final_prj/final_prj_pl/final_prj_pl.gen/sources_1/ip/ADC_CONFIG_ILA/sim/ADC_CONFIG_ILA.v" into library xil_defaultlib
INFO: [VRFC 10-311] analyzing module ADC_CONFIG_ILA
INFO: [VRFC 10-2263] Analyzing Verilog file "E:/final_prj/final_prj_pl/final_prj_pl.gen/sources_1/ip/ADC_TOP_VIO/sim/ADC_TOP_VIO.v" into library xil_defaultlib
INFO: [VRFC 10-311] analyzing module ADC_TOP_VIO
INFO: [VRFC 10-2263] Analyzing Verilog file "E:/final_prj/final_prj_pl/final_prj_pl.gen/sources_1/ip/ADC_READ_ILA/sim/ADC_READ_ILA.v" into library xil_defaultlib
INFO: [VRFC 10-311] analyzing module ADC_READ_ILA
INFO: [VRFC 10-2263] Analyzing Verilog file "E:/final_prj/final_prj_pl/final_prj_pl.gen/sources_1/ip/spi_rx_fifo_16bit/sim/spi_rx_fifo_16bit.v" into library xil_defaultlib
INFO: [VRFC 10-311] analyzing module spi_rx_fifo_16bit
INFO: [VRFC 10-2263] Analyzing Verilog file "E:/final_prj/final_prj_pl/final_prj_pl.gen/sources_1/ip/IMU_test_vio/sim/IMU_test_vio.v" into library xil_defaultlib
INFO: [VRFC 10-311] analyzing module IMU_test_vio
INFO: [VRFC 10-2263] Analyzing Verilog file "E:/final_prj/final_prj_pl/final_prj_pl.gen/sources_1/ip/imu_read_ila/sim/imu_read_ila.v" into library xil_defaultlib
INFO: [VRFC 10-311] analyzing module imu_read_ila
INFO: [VRFC 10-2263] Analyzing Verilog file "E:/final_prj/final_prj_pl/final_prj_pl.gen/sources_1/ip/IMU_CONFIG_ILA/sim/IMU_CONFIG_ILA.v" into library xil_defaultlib
INFO: [VRFC 10-311] analyzing module IMU_CONFIG_ILA
INFO: [VRFC 10-2263] Analyzing Verilog file "E:/final_prj/final_prj_pl/final_prj_pl.ip_user_files/bd/PPG_I2C_PHY/ip/PPG_I2C_PHY_ila_0_0/sim/PPG_I2C_PHY_ila_0_0.v" into library xil_defaultlib
INFO: [VRFC 10-311] analyzing module PPG_I2C_PHY_ila_0_0
INFO: [VRFC 10-2263] Analyzing Verilog file "E:/final_prj/final_prj_pl/final_prj_pl.ip_user_files/bd/PPG_I2C_PHY/ip/PPG_I2C_PHY_system_ila_0_0/bd_0/ip/ip_0/sim/bd_d1f0_ila_lib_0.v" into library xil_defaultlib
INFO: [VRFC 10-311] analyzing module bd_d1f0_ila_lib_0
INFO: [VRFC 10-2263] Analyzing Verilog file "E:/final_prj/final_prj_pl/final_prj_pl.ip_user_files/bd/PPG_I2C_PHY/ip/PPG_I2C_PHY_system_ila_0_0/bd_0/ip/ip_1/bd_d1f0_g_inst_0_gigantic_mux.v" into library xil_defaultlib
INFO: [VRFC 10-311] analyzing module bd_d1f0_g_inst_0_gigantic_mux
INFO: [VRFC 10-2263] Analyzing Verilog file "E:/final_prj/final_prj_pl/final_prj_pl.ip_user_files/bd/PPG_I2C_PHY/ip/PPG_I2C_PHY_system_ila_0_0/bd_0/ip/ip_1/sim/bd_d1f0_g_inst_0.v" into library xil_defaultlib
INFO: [VRFC 10-311] analyzing module bd_d1f0_g_inst_0
INFO: [VRFC 10-2263] Analyzing Verilog file "E:/final_prj/final_prj_pl/final_prj_pl.ip_user_files/bd/PPG_I2C_PHY/ip/PPG_I2C_PHY_system_ila_0_0/bd_0/ip/ip_2/sim/bd_d1f0_slot_0_aw_0.v" into library xil_defaultlib
INFO: [VRFC 10-311] analyzing module bd_d1f0_slot_0_aw_0
INFO: [VRFC 10-2263] Analyzing Verilog file "E:/final_prj/final_prj_pl/final_prj_pl.ip_user_files/bd/PPG_I2C_PHY/ip/PPG_I2C_PHY_system_ila_0_0/bd_0/ip/ip_3/sim/bd_d1f0_slot_0_w_0.v" into library xil_defaultlib
INFO: [VRFC 10-311] analyzing module bd_d1f0_slot_0_w_0
INFO: [VRFC 10-2263] Analyzing Verilog file "E:/final_prj/final_prj_pl/final_prj_pl.ip_user_files/bd/PPG_I2C_PHY/ip/PPG_I2C_PHY_system_ila_0_0/bd_0/ip/ip_4/sim/bd_d1f0_slot_0_b_0.v" into library xil_defaultlib
INFO: [VRFC 10-311] analyzing module bd_d1f0_slot_0_b_0
INFO: [VRFC 10-2263] Analyzing Verilog file "E:/final_prj/final_prj_pl/final_prj_pl.ip_user_files/bd/PPG_I2C_PHY/ip/PPG_I2C_PHY_system_ila_0_0/bd_0/ip/ip_5/sim/bd_d1f0_slot_0_ar_0.v" into library xil_defaultlib
INFO: [VRFC 10-311] analyzing module bd_d1f0_slot_0_ar_0
INFO: [VRFC 10-2263] Analyzing Verilog file "E:/final_prj/final_prj_pl/final_prj_pl.ip_user_files/bd/PPG_I2C_PHY/ip/PPG_I2C_PHY_system_ila_0_0/bd_0/ip/ip_6/sim/bd_d1f0_slot_0_r_0.v" into library xil_defaultlib
INFO: [VRFC 10-311] analyzing module bd_d1f0_slot_0_r_0
INFO: [VRFC 10-2263] Analyzing Verilog file "E:/final_prj/final_prj_pl/final_prj_pl.ip_user_files/bd/PPG_I2C_PHY/ip/PPG_I2C_PHY_system_ila_0_0/bd_0/sim/bd_d1f0.v" into library xil_defaultlib
INFO: [VRFC 10-311] analyzing module bd_d1f0
INFO: [VRFC 10-2263] Analyzing Verilog file "E:/final_prj/final_prj_pl/final_prj_pl.ip_user_files/bd/PPG_I2C_PHY/ip/PPG_I2C_PHY_system_ila_0_0/sim/PPG_I2C_PHY_system_ila_0_0.v" into library xil_defaultlib
INFO: [VRFC 10-311] analyzing module PPG_I2C_PHY_system_ila_0_0
INFO: [VRFC 10-2263] Analyzing Verilog file "E:/final_prj/final_prj_pl/final_prj_pl.gen/sources_1/ip/I2C_test_vio/sim/I2C_test_vio.v" into library xil_defaultlib
INFO: [VRFC 10-311] analyzing module I2C_test_vio
INFO: [VRFC 10-2263] Analyzing Verilog file "E:/final_prj/final_prj_pl/final_prj_pl.gen/sources_1/ip/udp_config_vio/sim/udp_config_vio.v" into library xil_defaultlib
INFO: [VRFC 10-311] analyzing module udp_config_vio
INFO: [VRFC 10-2263] Analyzing Verilog file "E:/final_prj/final_prj_pl/final_prj_pl.gen/sources_1/ip/axis_eth_head_convertor/sim/axis_eth_head_convertor.v" into library xil_defaultlib
INFO: [VRFC 10-311] analyzing module axis_eth_head_convertor
INFO: [VRFC 10-2263] Analyzing Verilog file "E:/final_prj/final_prj_pl/final_prj_pl.gen/sources_1/ip/slave_map/slave_map_sim_netlist.v" into library xil_defaultlib
INFO: [VRFC 10-311] analyzing module slave_map
INFO: [VRFC 10-311] analyzing module slave_map_blk_mem_gen_generic_cstr
INFO: [VRFC 10-311] analyzing module slave_map_blk_mem_gen_prim_width
INFO: [VRFC 10-311] analyzing module slave_map_blk_mem_gen_prim_wrapper
INFO: [VRFC 10-311] analyzing module slave_map_blk_mem_gen_top
INFO: [VRFC 10-311] analyzing module slave_map_blk_mem_gen_v8_4_4
INFO: [VRFC 10-311] analyzing module slave_map_blk_mem_gen_v8_4_4_synth
INFO: [VRFC 10-2263] Analyzing Verilog file "E:/final_prj/final_prj_pl/final_prj_pl.srcs/sources_1/new/ADC_CONFIG.v" into library xil_defaultlib
INFO: [VRFC 10-311] analyzing module ADC_CONFIG
INFO: [VRFC 10-2263] Analyzing Verilog file "E:/final_prj/final_prj_pl/final_prj_pl.srcs/sources_1/new/ADC_TOP.v" into library xil_defaultlib
INFO: [VRFC 10-311] analyzing module ADC_TOP
INFO: [VRFC 10-2263] Analyzing Verilog file "E:/final_prj/final_prj_pl/final_prj_pl.srcs/sources_1/new/I2C_APP.v" into library xil_defaultlib
INFO: [VRFC 10-311] analyzing module I2C_APP
INFO: [VRFC 10-2263] Analyzing Verilog file "E:/final_prj/final_prj_pl/final_prj_pl.srcs/sources_1/new/I2C_CONFIG.v" into library xil_defaultlib
INFO: [VRFC 10-311] analyzing module I2C_CONFIG
INFO: [VRFC 10-2263] Analyzing Verilog file "E:/final_prj/final_prj_pl/final_prj_pl.srcs/sources_1/new/I2C_LINK.v" into library xil_defaultlib
INFO: [VRFC 10-311] analyzing module I2C_LINK
INFO: [VRFC 10-2263] Analyzing Verilog file "E:/final_prj/final_prj_pl/final_prj_pl.srcs/sources_1/new/I2C_PHY.v" into library xil_defaultlib
INFO: [VRFC 10-311] analyzing module I2C_PHY
INFO: [VRFC 10-2263] Analyzing Verilog file "E:/final_prj/final_prj_pl/final_prj_pl.srcs/sources_1/new/PHY_LINK.v" into library xil_defaultlib
INFO: [VRFC 10-311] analyzing module PHY_LINK
INFO: [VRFC 10-2263] Analyzing Verilog file "E:/final_prj/final_prj_pl/final_prj_pl.srcs/sources_1/new/SPI_PHY.v" into library xil_defaultlib
INFO: [VRFC 10-311] analyzing module SPI_PHY
INFO: [VRFC 10-2263] Analyzing Verilog file "E:/final_prj/final_prj_pl/final_prj_pl.srcs/sources_1/new/ADC_TOP_test.v" into library xil_defaultlib
INFO: [VRFC 10-311] analyzing module ADC_TOP_test
INFO: [VRFC 10-2263] Analyzing Verilog file "E:/final_prj/final_prj_pl/final_prj_pl.srcs/sources_1/new/IMU_TOP_test.v" into library xil_defaultlib
INFO: [VRFC 10-311] analyzing module IMU_TOP_test
INFO: [VRFC 10-2263] Analyzing Verilog file "E:/final_prj/final_prj_pl/final_prj_pl.srcs/sources_1/new/ADC_SPI_PHY.v" into library xil_defaultlib
INFO: [VRFC 10-311] analyzing module ADC_SPI_PHY
INFO: [VRFC 10-2263] Analyzing Verilog file "E:/final_prj/final_prj_pl/final_prj_pl.srcs/sources_1/new/ADC_SPI_LINK.v" into library xil_defaultlib
INFO: [VRFC 10-311] analyzing module ADC_SPI_LINK
INFO: [VRFC 10-2263] Analyzing Verilog file "E:/final_prj/final_prj_pl/final_prj_pl.srcs/sources_1/new/ADC_READ.v" into library xil_defaultlib
INFO: [VRFC 10-311] analyzing module ADC_READ
INFO: [VRFC 10-2263] Analyzing Verilog file "E:/final_prj/final_prj_pl/final_prj_pl.srcs/sources_1/new/IMU_SPI_PHY.v" into library xil_defaultlib
INFO: [VRFC 10-311] analyzing module IMU_SPI_PHY
INFO: [VRFC 10-2263] Analyzing Verilog file "E:/final_prj/final_prj_pl/final_prj_pl.srcs/sources_1/new/IMU_SPI_LINK.v" into library xil_defaultlib
INFO: [VRFC 10-311] analyzing module IMU_SPI_LINK
INFO: [VRFC 10-2263] Analyzing Verilog file "E:/final_prj/final_prj_pl/final_prj_pl.srcs/sources_1/new/IMU_TOP.v" into library xil_defaultlib
INFO: [VRFC 10-311] analyzing module IMU_TOP
INFO: [VRFC 10-2263] Analyzing Verilog file "E:/final_prj/final_prj_pl/final_prj_pl.srcs/sources_1/new/IMU_CONFIG.v" into library xil_defaultlib
INFO: [VRFC 10-311] analyzing module IMU_CONFIG
INFO: [VRFC 10-2263] Analyzing Verilog file "E:/final_prj/final_prj_pl/final_prj_pl.srcs/sources_1/new/IMU_READ.v" into library xil_defaultlib
INFO: [VRFC 10-311] analyzing module IMU_READ
INFO: [VRFC 10-2263] Analyzing Verilog file "E:/final_prj/final_prj_pl/final_prj_pl.gen/sources_1/ip/IMU_TOP_VIO/sim/IMU_TOP_VIO.v" into library xil_defaultlib
INFO: [VRFC 10-311] analyzing module IMU_TOP_VIO
INFO: [VRFC 10-2263] Analyzing Verilog file "E:/final_prj/final_prj_pl/final_prj_pl.ip_user_files/bd/PPG_I2C_PHY/sim/PPG_I2C_PHY.v" into library xil_defaultlib
INFO: [VRFC 10-311] analyzing module PPG_I2C_PHY
INFO: [VRFC 10-2263] Analyzing Verilog file "E:/final_prj/final_prj_pl/final_prj_pl.gen/sources_1/bd/PPG_I2C_PHY/hdl/PPG_I2C_PHY_wrapper.v" into library xil_defaultlib
INFO: [VRFC 10-311] analyzing module PPG_I2C_PHY_wrapper
INFO: [VRFC 10-2263] Analyzing Verilog file "E:/final_prj/final_prj_pl/final_prj_pl.gen/sources_1/ip/ila_0/sim/ila_0.v" into library xil_defaultlib
INFO: [VRFC 10-311] analyzing module ila_0
INFO: [VRFC 10-2263] Analyzing Verilog file "E:/final_prj/final_prj_pl/final_prj_pl.srcs/sources_1/new/I2C_TOP.v" into library xil_defaultlib
INFO: [VRFC 10-311] analyzing module I2C_TOP
INFO: [VRFC 10-2263] Analyzing Verilog file "E:/final_prj/final_prj_pl/final_prj_pl.srcs/sources_1/new/I2C_RW_CTRL.v" into library xil_defaultlib
INFO: [VRFC 10-311] analyzing module I2C_RW_CTRL
INFO: [VRFC 10-2263] Analyzing Verilog file "E:/final_prj/final_prj_pl/final_prj_pl.srcs/sources_1/new/I2C_CONFIG_READ.v" into library xil_defaultlib
INFO: [VRFC 10-311] analyzing module I2C_CONFIG_READ
INFO: [VRFC 10-2263] Analyzing Verilog file "E:/final_prj/final_prj_pl/final_prj_pl.srcs/sources_1/new/SENSOR_TOP.v" into library xil_defaultlib
INFO: [VRFC 10-311] analyzing module SENSOR_TOP
INFO: [VRFC 10-2263] Analyzing Verilog file "E:/final_prj/final_prj_pl/final_prj_pl.srcs/sources_1/new/I2C_TOP_test.v" into library xil_defaultlib
INFO: [VRFC 10-311] analyzing module I2C_TOP_test
INFO: [VRFC 10-2263] Analyzing Verilog file "E:/final_prj/final_prj_pl/final_prj_pl.srcs/sources_1/new/TOP.v" into library xil_defaultlib
INFO: [VRFC 10-311] analyzing module TOP
INFO: [VRFC 10-2263] Analyzing Verilog file "E:/final_prj/final_prj_pl/final_prj_pl.ip_user_files/bd/RGMII/sim/RGMII.v" into library xil_defaultlib
INFO: [VRFC 10-311] analyzing module RGMII
INFO: [VRFC 10-2263] Analyzing Verilog file "E:/final_prj/final_prj_pl/final_prj_pl.ip_user_files/bd/RGMII/ip/RGMII_tri_mode_ethernet_mac_0_0/synth/common/RGMII_tri_mode_ethernet_mac_0_0_block_sync_block.v" into library xil_defaultlib
INFO: [VRFC 10-311] analyzing module RGMII_tri_mode_ethernet_mac_0_0_block_sync_block
INFO: [VRFC 10-2263] Analyzing Verilog file "E:/final_prj/final_prj_pl/final_prj_pl.ip_user_files/bd/RGMII/ip/RGMII_tri_mode_ethernet_mac_0_0/synth/RGMII_tri_mode_ethernet_mac_0_0_axi4_lite_ipif_wrapper.v" into library xil_defaultlib
INFO: [VRFC 10-311] analyzing module RGMII_tri_mode_ethernet_mac_0_0_axi4_lite_ipif_wrapper
INFO: [VRFC 10-2263] Analyzing Verilog file "E:/final_prj/final_prj_pl/final_prj_pl.ip_user_files/bd/RGMII/ip/RGMII_tri_mode_ethernet_mac_0_0/synth/RGMII_tri_mode_ethernet_mac_0_0_clk_en_gen.v" into library xil_defaultlib
INFO: [VRFC 10-311] analyzing module RGMII_tri_mode_ethernet_mac_0_0_clk_en_gen
INFO: [VRFC 10-2263] Analyzing Verilog file "E:/final_prj/final_prj_pl/final_prj_pl.ip_user_files/bd/RGMII/ip/RGMII_tri_mode_ethernet_mac_0_0/synth/physical/RGMII_tri_mode_ethernet_mac_0_0_rgmii_v2_0_if.v" into library xil_defaultlib
INFO: [VRFC 10-311] analyzing module RGMII_tri_mode_ethernet_mac_0_0_rgmii_v2_0_if
INFO: [VRFC 10-2263] Analyzing Verilog file "E:/final_prj/final_prj_pl/final_prj_pl.ip_user_files/bd/RGMII/ip/RGMII_tri_mode_ethernet_mac_0_0/synth/statistics/RGMII_tri_mode_ethernet_mac_0_0_vector_decode.v" into library xil_defaultlib
INFO: [VRFC 10-311] analyzing module RGMII_tri_mode_ethernet_mac_0_0_vector_decode
INFO: [VRFC 10-2263] Analyzing Verilog file "E:/final_prj/final_prj_pl/final_prj_pl.ip_user_files/bd/RGMII/ip/RGMII_tri_mode_ethernet_mac_0_0/synth/RGMII_tri_mode_ethernet_mac_0_0_block.v" into library xil_defaultlib
INFO: [VRFC 10-311] analyzing module RGMII_tri_mode_ethernet_mac_0_0_block
INFO: [VRFC 10-2263] Analyzing Verilog file "E:/final_prj/final_prj_pl/final_prj_pl.ip_user_files/bd/RGMII/ip/RGMII_tri_mode_ethernet_mac_0_0/synth/RGMII_tri_mode_ethernet_mac_0_0.v" into library xil_defaultlib
INFO: [VRFC 10-311] analyzing module RGMII_tri_mode_ethernet_mac_0_0
INFO: [VRFC 10-2263] Analyzing Verilog file "E:/final_prj/final_prj_pl/final_prj_pl.ip_user_files/bd/RGMII/ip/RGMII_axis_data_fifo_0_0/sim/RGMII_axis_data_fifo_0_0.v" into library xil_defaultlib
INFO: [VRFC 10-311] analyzing module RGMII_axis_data_fifo_0_0
INFO: [VRFC 10-2263] Analyzing Verilog file "E:/final_prj/final_prj_pl/final_prj_pl.ip_user_files/bd/RGMII/ip/RGMII_axis_TX_data_fifo_0/sim/RGMII_axis_TX_data_fifo_0.v" into library xil_defaultlib
INFO: [VRFC 10-311] analyzing module RGMII_axis_TX_data_fifo_0
INFO: [VRFC 10-2263] Analyzing Verilog file "E:/final_prj/final_prj_pl/final_prj_pl.ip_user_files/bd/RGMII/ip/RGMII_util_vector_logic_0_0/sim/RGMII_util_vector_logic_0_0.v" into library xil_defaultlib
INFO: [VRFC 10-311] analyzing module RGMII_util_vector_logic_0_0
INFO: [VRFC 10-2263] Analyzing Verilog file "E:/final_prj/final_prj_pl/final_prj_pl.ip_user_files/bd/RGMII/ip/RGMII_util_vector_logic_0_1/sim/RGMII_util_vector_logic_0_1.v" into library xil_defaultlib
INFO: [VRFC 10-311] analyzing module RGMII_util_vector_logic_0_1
INFO: [VRFC 10-2263] Analyzing Verilog file "E:/final_prj/final_prj_pl/final_prj_pl.ip_user_files/bd/RGMII/ip/RGMII_system_ila_0_0/bd_0/ip/ip_0/sim/bd_bb77_ila_lib_0.v" into library xil_defaultlib
INFO: [VRFC 10-311] analyzing module bd_bb77_ila_lib_0
INFO: [VRFC 10-2263] Analyzing Verilog file "E:/final_prj/final_prj_pl/final_prj_pl.ip_user_files/bd/RGMII/ip/RGMII_system_ila_0_0/bd_0/ip/ip_1/bd_bb77_g_inst_0_gigantic_mux.v" into library xil_defaultlib
INFO: [VRFC 10-311] analyzing module bd_bb77_g_inst_0_gigantic_mux
INFO: [VRFC 10-2263] Analyzing Verilog file "E:/final_prj/final_prj_pl/final_prj_pl.ip_user_files/bd/RGMII/ip/RGMII_system_ila_0_0/bd_0/ip/ip_1/sim/bd_bb77_g_inst_0.v" into library xil_defaultlib
INFO: [VRFC 10-311] analyzing module bd_bb77_g_inst_0
INFO: [VRFC 10-2263] Analyzing Verilog file "E:/final_prj/final_prj_pl/final_prj_pl.ip_user_files/bd/RGMII/ip/RGMII_system_ila_0_0/bd_0/sim/bd_bb77.v" into library xil_defaultlib
INFO: [VRFC 10-311] analyzing module bd_bb77
INFO: [VRFC 10-2263] Analyzing Verilog file "E:/final_prj/final_prj_pl/final_prj_pl.ip_user_files/bd/RGMII/ip/RGMII_system_ila_0_0/sim/RGMII_system_ila_0_0.v" into library xil_defaultlib
INFO: [VRFC 10-311] analyzing module RGMII_system_ila_0_0
INFO: [VRFC 10-2263] Analyzing Verilog file "E:/final_prj/final_prj_pl/final_prj_pl.ip_user_files/bd/RGMII/ip/RGMII_vio_0_0/sim/RGMII_vio_0_0.v" into library xil_defaultlib
INFO: [VRFC 10-311] analyzing module RGMII_vio_0_0
INFO: [VRFC 10-2263] Analyzing Verilog file "E:/final_prj/final_prj_pl/final_prj_pl.gen/sources_1/bd/RGMII/hdl/RGMII_wrapper.v" into library xil_defaultlib
INFO: [VRFC 10-311] analyzing module RGMII_wrapper
INFO: [VRFC 10-2263] Analyzing Verilog file "E:/final_prj/final_prj_pl/final_prj_pl.srcs/sources_1/new/UDP_PACKAGE.v" into library xil_defaultlib
INFO: [VRFC 10-311] analyzing module UDP_PACKAGE
INFO: [VRFC 10-2263] Analyzing Verilog file "E:/final_prj/final_prj_pl/final_prj_pl.srcs/sources_1/new/UDP_CONFIG.v" into library xil_defaultlib
INFO: [VRFC 10-311] analyzing module UDP_CONFIG
INFO: [VRFC 10-2263] Analyzing Verilog file "E:/final_prj/final_prj_pl/final_prj_pl.srcs/sources_1/new/axi4lite_process.v" into library xil_defaultlib
INFO: [VRFC 10-311] analyzing module axi4lite_process
INFO: [VRFC 10-2263] Analyzing Verilog file "E:/final_prj/final_prj_pl/final_prj_pl.srcs/sources_1/new/UDP_TOP.v" into library xil_defaultlib
INFO: [VRFC 10-311] analyzing module UDP_TOP
INFO: [VRFC 10-2263] Analyzing Verilog file "E:/final_prj/final_prj_pl/final_prj_pl.srcs/sim_1/new/UDP_PACKAGE_tb.v" into library xil_defaultlib
INFO: [VRFC 10-311] analyzing module UDP_PACKAGE_tb
INFO: [VRFC 10-2263] Analyzing Verilog file "E:/final_prj/final_prj_pl/final_prj_pl.sim/sim_1/behav/xsim/glbl.v" into library xil_defaultlib
INFO: [VRFC 10-311] analyzing module glbl
WARNING: [VRFC 10-3609] overwriting previous definition of module 'glbl' [E:/final_prj/final_prj_pl/final_prj_pl.sim/sim_1/behav/xsim/glbl.v:6]
