
*** Running vivado
    with args -log DDR4_axi_interconnect_0_imp_s01_data_fifo_0.vds -m64 -product Vivado -mode batch -messageDb vivado.pb -notrace -source DDR4_axi_interconnect_0_imp_s01_data_fifo_0.tcl



****** Vivado v2024.2.2 (64-bit)
  **** SW Build 6060944 on Thu Mar 06 19:10:01 MST 2025
  **** IP Build 6050500 on Thu Mar  6 23:33:39 MST 2025
  **** SharedData Build 6060542 on Thu Mar 06 10:31:07 MST 2025
  **** Start of session at: Tue Jul 29 14:50:39 2025
    ** Copyright 1986-2022 Xilinx, Inc. All Rights Reserved.
    ** Copyright 2022-2025 Advanced Micro Devices, Inc. All Rights Reserved.

Sourcing tcl script 'D:/Xilinx/Vivado/2024.2/scripts/Vivado_init.tcl'
source DDR4_axi_interconnect_0_imp_s01_data_fifo_0.tcl -notrace
create_project: Time (s): cpu = 00:00:07 ; elapsed = 00:00:07 . Memory (MB): peak = 643.371 ; gain = 203.023
INFO: [IP_Flow 19-234] Refreshing IP repositories
INFO: [IP_Flow 19-1700] Loaded user IP repository 'e:/final_prj/dpu_ip'.
INFO: [IP_Flow 19-2313] Loaded Vivado IP repository 'D:/Xilinx/Vivado/2024.2/data/ip'.
INFO: [IP_Flow 19-6924] IPCACHE: Running cache check for IP inst: DDR4_axi_interconnect_0_imp_s01_data_fifo_0
INFO: [IP_Flow 19-6922] IPCACHE: Exporting cached entry 11a941076fe9f60a to dir: E:/final_prj/final_prj_pl/final_prj_pl.runs/DDR4_axi_interconnect_0_imp_s01_data_fifo_0_synth_1
INFO: [IP_Flow 19-6928] IPCACHE: copied cached file e:/final_prj/final_prj_pl/final_prj_pl.cache/ip/2024.2.2/1/1/11a941076fe9f60a/DDR4_axi_interconnect_0_imp_s00_data_fifo_0.dcp to E:/final_prj/final_prj_pl/final_prj_pl.runs/DDR4_axi_interconnect_0_imp_s01_data_fifo_0_synth_1/DDR4_axi_interconnect_0_imp_s01_data_fifo_0.dcp.
INFO: [IP_Flow 19-6928] IPCACHE: copied cached file e:/final_prj/final_prj_pl/final_prj_pl.cache/ip/2024.2.2/1/1/11a941076fe9f60a/DDR4_axi_interconnect_0_imp_s00_data_fifo_0_sim_netlist.v to E:/final_prj/final_prj_pl/final_prj_pl.runs/DDR4_axi_interconnect_0_imp_s01_data_fifo_0_synth_1/DDR4_axi_interconnect_0_imp_s01_data_fifo_0_sim_netlist.v.
INFO: [IP_Flow 19-6928] IPCACHE: copied cached file e:/final_prj/final_prj_pl/final_prj_pl.cache/ip/2024.2.2/1/1/11a941076fe9f60a/DDR4_axi_interconnect_0_imp_s00_data_fifo_0_sim_netlist.vhdl to E:/final_prj/final_prj_pl/final_prj_pl.runs/DDR4_axi_interconnect_0_imp_s01_data_fifo_0_synth_1/DDR4_axi_interconnect_0_imp_s01_data_fifo_0_sim_netlist.vhdl.
INFO: [IP_Flow 19-6928] IPCACHE: copied cached file e:/final_prj/final_prj_pl/final_prj_pl.cache/ip/2024.2.2/1/1/11a941076fe9f60a/DDR4_axi_interconnect_0_imp_s00_data_fifo_0_stub.v to E:/final_prj/final_prj_pl/final_prj_pl.runs/DDR4_axi_interconnect_0_imp_s01_data_fifo_0_synth_1/DDR4_axi_interconnect_0_imp_s01_data_fifo_0_stub.v.
INFO: [IP_Flow 19-6928] IPCACHE: copied cached file e:/final_prj/final_prj_pl/final_prj_pl.cache/ip/2024.2.2/1/1/11a941076fe9f60a/DDR4_axi_interconnect_0_imp_s00_data_fifo_0_stub.vhdl to E:/final_prj/final_prj_pl/final_prj_pl.runs/DDR4_axi_interconnect_0_imp_s01_data_fifo_0_synth_1/DDR4_axi_interconnect_0_imp_s01_data_fifo_0_stub.vhdl.
INFO: [IP_Flow 19-4838] Using cached IP synthesis design for IP DDR4_axi_interconnect_0_imp_s01_data_fifo_0, cache-ID = 11a941076fe9f60a.
INFO: [Common 17-206] Exiting Vivado at Tue Jul 29 14:50:52 2025...
