Copyright 1986-2022 Xilinx, Inc. All Rights Reserved. Copyright 2022-2025 Advanced Micro Devices, Inc. All Rights Reserved.
---------------------------------------------------------------------------------------------------------------------------------------------
| Tool Version : Vivado v.2024.2.2 (win64) Build 6060944 Thu Mar 06 19:10:01 MST 2025
| Date         : Wed Jul 30 12:47:33 2025
| Host         : LAPTOP-VEGJAO5A running 64-bit major release  (build 9200)
| Command      : report_drc -file opt_report_drc_0.rpt -pb opt_report_drc_0.pb -rpx opt_report_drc_0.rpx
| Design       : TOP
| Device       : xczu9eg-ffvb1156-2-i
| Speed File   : -2
| Design State : Synthesized
---------------------------------------------------------------------------------------------------------------------------------------------

Report DRC

Table of Contents
-----------------
1. REPORT SUMMARY
2. REPORT DETAILS

1. REPORT SUMMARY
-----------------
            Netlist: netlist
          Floorplan: design_1
      Design limits: <entire design considered>
           Ruledeck: default
             Max checks: <unlimited>
             Checks found: 151
+-----------+----------+--------------------------------------------------+--------+
| Rule      | Severity | Description                                      | Checks |
+-----------+----------+--------------------------------------------------+--------+
| DPOP-3    | Warning  | PREG Output pipelining                           | 1      |
| DPOP-4    | Warning  | MREG Output pipelining                           | 1      |
| REQP-1731 | Warning  | DSP_Abus_preadd_amult_sel_A_sign_bit_restriction | 128    |
| REQP-1857 | Warning  | RAMB18E2_writefirst_collision_advisory           | 5      |
| REQP-1858 | Warning  | RAMB36E2_writefirst_collision_advisory           | 10     |
| REQP-1935 | Warning  | RAMB36E2_nochange_collision_advisory             | 6      |
+-----------+----------+--------------------------------------------------+--------+

2. REPORT DETAILS
-----------------
DPOP-3#1 Warning
PREG Output pipelining  
DSP DDR4_and_ZYNQ_TOP/DDR4_i/dpuczdx8g_0/inst/GenDpu0.u_dpu0/m_dpu_top/m_buf_writer/u_ddr_reader/u_mult_hp0/u_dsp/GenDsp48E2.u_dsp48e2 output DDR4_and_ZYNQ_TOP/DDR4_i/dpuczdx8g_0/inst/GenDpu0.u_dpu0/m_dpu_top/m_buf_writer/u_ddr_reader/u_mult_hp0/u_dsp/GenDsp48E2.u_dsp48e2/P[47:0] is not pipelined (PREG=0). Pipelining the DSP48 output will improve performance and often saves power so it is suggested whenever possible to fully pipeline this function.  If this DSP48 function was inferred, it is suggested to describe an additional register stage after this function.  If the DSP48 was instantiated in the design, it is suggested to set the PREG attribute to 1.
Related violations: <none>

DPOP-4#1 Warning
MREG Output pipelining  
DSP DDR4_and_ZYNQ_TOP/DDR4_i/dpuczdx8g_0/inst/GenDpu0.u_dpu0/m_dpu_top/m_save_top/u_save_fetch_param/mul_c_reg multiplier stage DDR4_and_ZYNQ_TOP/DDR4_i/dpuczdx8g_0/inst/GenDpu0.u_dpu0/m_dpu_top/m_save_top/u_save_fetch_param/mul_c_reg/P[47:0] is not pipelined (MREG=0). Pipelining the multiplier function will improve performance and will save significant power so it is suggested whenever possible to fully pipeline this function.  If this multiplier was inferred, it is suggested to describe an additional register stage after this function.  If there is no registered adder/accumulator following the multiply function, two pipeline stages are suggested to allow both the MREG and PREG registers to be used.  If the DSP48 was instantiated in the design, it is suggested to set both the MREG and PREG attributes to 1 when performing multiply functions.
Related violations: <none>

REQP-1731#1 Warning
DSP_Abus_preadd_amult_sel_A_sign_bit_restriction  
DDR4_and_ZYNQ_TOP/DDR4_i/dpuczdx8g_0/inst/GenDpu0.u_dpu0/m_dpu_top/m_conv_top/inst_pea/u_mults/GenAddGrp[0].GenAddCh[0].GenMultOcp[0].u_mult_dsp_tree/GenMultPair[0].Gen8x8.u_mult_dsp/u_dsp/GenDsp48E2.u_dsp48e2: When using the PreAdder and AMULTSEL is set to 'AD' and PREADDINSEL is set to 'A', the A operand should be restricted to 26 bit two's complement (and sign extended) to avoid over/underflow in the pre-add stage.
Related violations: <none>

REQP-1731#2 Warning
DSP_Abus_preadd_amult_sel_A_sign_bit_restriction  
DDR4_and_ZYNQ_TOP/DDR4_i/dpuczdx8g_0/inst/GenDpu0.u_dpu0/m_dpu_top/m_conv_top/inst_pea/u_mults/GenAddGrp[0].GenAddCh[0].GenMultOcp[0].u_mult_dsp_tree/GenMultPair[1].Gen8x8.u_mult_dsp/u_dsp/GenDsp48E2.u_dsp48e2: When using the PreAdder and AMULTSEL is set to 'AD' and PREADDINSEL is set to 'A', the A operand should be restricted to 26 bit two's complement (and sign extended) to avoid over/underflow in the pre-add stage.
Related violations: <none>

REQP-1731#3 Warning
DSP_Abus_preadd_amult_sel_A_sign_bit_restriction  
DDR4_and_ZYNQ_TOP/DDR4_i/dpuczdx8g_0/inst/GenDpu0.u_dpu0/m_dpu_top/m_conv_top/inst_pea/u_mults/GenAddGrp[0].GenAddCh[0].GenMultOcp[0].u_mult_dsp_tree/GenMultPair[2].Gen8x8.u_mult_dsp/u_dsp/GenDsp48E2.u_dsp48e2: When using the PreAdder and AMULTSEL is set to 'AD' and PREADDINSEL is set to 'A', the A operand should be restricted to 26 bit two's complement (and sign extended) to avoid over/underflow in the pre-add stage.
Related violations: <none>

REQP-1731#4 Warning
DSP_Abus_preadd_amult_sel_A_sign_bit_restriction  
DDR4_and_ZYNQ_TOP/DDR4_i/dpuczdx8g_0/inst/GenDpu0.u_dpu0/m_dpu_top/m_conv_top/inst_pea/u_mults/GenAddGrp[0].GenAddCh[0].GenMultOcp[0].u_mult_dsp_tree/GenMultPair[3].Gen8x8.u_mult_dsp/u_dsp/GenDsp48E2.u_dsp48e2: When using the PreAdder and AMULTSEL is set to 'AD' and PREADDINSEL is set to 'A', the A operand should be restricted to 26 bit two's complement (and sign extended) to avoid over/underflow in the pre-add stage.
Related violations: <none>

REQP-1731#5 Warning
DSP_Abus_preadd_amult_sel_A_sign_bit_restriction  
DDR4_and_ZYNQ_TOP/DDR4_i/dpuczdx8g_0/inst/GenDpu0.u_dpu0/m_dpu_top/m_conv_top/inst_pea/u_mults/GenAddGrp[0].GenAddCh[0].GenMultOcp[1].u_mult_dsp_tree/GenMultPair[0].Gen8x8.u_mult_dsp/u_dsp/GenDsp48E2.u_dsp48e2: When using the PreAdder and AMULTSEL is set to 'AD' and PREADDINSEL is set to 'A', the A operand should be restricted to 26 bit two's complement (and sign extended) to avoid over/underflow in the pre-add stage.
Related violations: <none>

REQP-1731#6 Warning
DSP_Abus_preadd_amult_sel_A_sign_bit_restriction  
DDR4_and_ZYNQ_TOP/DDR4_i/dpuczdx8g_0/inst/GenDpu0.u_dpu0/m_dpu_top/m_conv_top/inst_pea/u_mults/GenAddGrp[0].GenAddCh[0].GenMultOcp[1].u_mult_dsp_tree/GenMultPair[1].Gen8x8.u_mult_dsp/u_dsp/GenDsp48E2.u_dsp48e2: When using the PreAdder and AMULTSEL is set to 'AD' and PREADDINSEL is set to 'A', the A operand should be restricted to 26 bit two's complement (and sign extended) to avoid over/underflow in the pre-add stage.
Related violations: <none>

REQP-1731#7 Warning
DSP_Abus_preadd_amult_sel_A_sign_bit_restriction  
DDR4_and_ZYNQ_TOP/DDR4_i/dpuczdx8g_0/inst/GenDpu0.u_dpu0/m_dpu_top/m_conv_top/inst_pea/u_mults/GenAddGrp[0].GenAddCh[0].GenMultOcp[1].u_mult_dsp_tree/GenMultPair[2].Gen8x8.u_mult_dsp/u_dsp/GenDsp48E2.u_dsp48e2: When using the PreAdder and AMULTSEL is set to 'AD' and PREADDINSEL is set to 'A', the A operand should be restricted to 26 bit two's complement (and sign extended) to avoid over/underflow in the pre-add stage.
Related violations: <none>

REQP-1731#8 Warning
DSP_Abus_preadd_amult_sel_A_sign_bit_restriction  
DDR4_and_ZYNQ_TOP/DDR4_i/dpuczdx8g_0/inst/GenDpu0.u_dpu0/m_dpu_top/m_conv_top/inst_pea/u_mults/GenAddGrp[0].GenAddCh[0].GenMultOcp[1].u_mult_dsp_tree/GenMultPair[3].Gen8x8.u_mult_dsp/u_dsp/GenDsp48E2.u_dsp48e2: When using the PreAdder and AMULTSEL is set to 'AD' and PREADDINSEL is set to 'A', the A operand should be restricted to 26 bit two's complement (and sign extended) to avoid over/underflow in the pre-add stage.
Related violations: <none>

REQP-1731#9 Warning
DSP_Abus_preadd_amult_sel_A_sign_bit_restriction  
DDR4_and_ZYNQ_TOP/DDR4_i/dpuczdx8g_0/inst/GenDpu0.u_dpu0/m_dpu_top/m_conv_top/inst_pea/u_mults/GenAddGrp[0].GenAddCh[0].GenMultOcp[2].u_mult_dsp_tree/GenMultPair[0].Gen8x8.u_mult_dsp/u_dsp/GenDsp48E2.u_dsp48e2: When using the PreAdder and AMULTSEL is set to 'AD' and PREADDINSEL is set to 'A', the A operand should be restricted to 26 bit two's complement (and sign extended) to avoid over/underflow in the pre-add stage.
Related violations: <none>

REQP-1731#10 Warning
DSP_Abus_preadd_amult_sel_A_sign_bit_restriction  
DDR4_and_ZYNQ_TOP/DDR4_i/dpuczdx8g_0/inst/GenDpu0.u_dpu0/m_dpu_top/m_conv_top/inst_pea/u_mults/GenAddGrp[0].GenAddCh[0].GenMultOcp[2].u_mult_dsp_tree/GenMultPair[1].Gen8x8.u_mult_dsp/u_dsp/GenDsp48E2.u_dsp48e2: When using the PreAdder and AMULTSEL is set to 'AD' and PREADDINSEL is set to 'A', the A operand should be restricted to 26 bit two's complement (and sign extended) to avoid over/underflow in the pre-add stage.
Related violations: <none>

REQP-1731#11 Warning
DSP_Abus_preadd_amult_sel_A_sign_bit_restriction  
DDR4_and_ZYNQ_TOP/DDR4_i/dpuczdx8g_0/inst/GenDpu0.u_dpu0/m_dpu_top/m_conv_top/inst_pea/u_mults/GenAddGrp[0].GenAddCh[0].GenMultOcp[2].u_mult_dsp_tree/GenMultPair[2].Gen8x8.u_mult_dsp/u_dsp/GenDsp48E2.u_dsp48e2: When using the PreAdder and AMULTSEL is set to 'AD' and PREADDINSEL is set to 'A', the A operand should be restricted to 26 bit two's complement (and sign extended) to avoid over/underflow in the pre-add stage.
Related violations: <none>

REQP-1731#12 Warning
DSP_Abus_preadd_amult_sel_A_sign_bit_restriction  
DDR4_and_ZYNQ_TOP/DDR4_i/dpuczdx8g_0/inst/GenDpu0.u_dpu0/m_dpu_top/m_conv_top/inst_pea/u_mults/GenAddGrp[0].GenAddCh[0].GenMultOcp[2].u_mult_dsp_tree/GenMultPair[3].Gen8x8.u_mult_dsp/u_dsp/GenDsp48E2.u_dsp48e2: When using the PreAdder and AMULTSEL is set to 'AD' and PREADDINSEL is set to 'A', the A operand should be restricted to 26 bit two's complement (and sign extended) to avoid over/underflow in the pre-add stage.
Related violations: <none>

REQP-1731#13 Warning
DSP_Abus_preadd_amult_sel_A_sign_bit_restriction  
DDR4_and_ZYNQ_TOP/DDR4_i/dpuczdx8g_0/inst/GenDpu0.u_dpu0/m_dpu_top/m_conv_top/inst_pea/u_mults/GenAddGrp[0].GenAddCh[0].GenMultOcp[3].u_mult_dsp_tree/GenMultPair[0].Gen8x8.u_mult_dsp/u_dsp/GenDsp48E2.u_dsp48e2: When using the PreAdder and AMULTSEL is set to 'AD' and PREADDINSEL is set to 'A', the A operand should be restricted to 26 bit two's complement (and sign extended) to avoid over/underflow in the pre-add stage.
Related violations: <none>

REQP-1731#14 Warning
DSP_Abus_preadd_amult_sel_A_sign_bit_restriction  
DDR4_and_ZYNQ_TOP/DDR4_i/dpuczdx8g_0/inst/GenDpu0.u_dpu0/m_dpu_top/m_conv_top/inst_pea/u_mults/GenAddGrp[0].GenAddCh[0].GenMultOcp[3].u_mult_dsp_tree/GenMultPair[1].Gen8x8.u_mult_dsp/u_dsp/GenDsp48E2.u_dsp48e2: When using the PreAdder and AMULTSEL is set to 'AD' and PREADDINSEL is set to 'A', the A operand should be restricted to 26 bit two's complement (and sign extended) to avoid over/underflow in the pre-add stage.
Related violations: <none>

REQP-1731#15 Warning
DSP_Abus_preadd_amult_sel_A_sign_bit_restriction  
DDR4_and_ZYNQ_TOP/DDR4_i/dpuczdx8g_0/inst/GenDpu0.u_dpu0/m_dpu_top/m_conv_top/inst_pea/u_mults/GenAddGrp[0].GenAddCh[0].GenMultOcp[3].u_mult_dsp_tree/GenMultPair[2].Gen8x8.u_mult_dsp/u_dsp/GenDsp48E2.u_dsp48e2: When using the PreAdder and AMULTSEL is set to 'AD' and PREADDINSEL is set to 'A', the A operand should be restricted to 26 bit two's complement (and sign extended) to avoid over/underflow in the pre-add stage.
Related violations: <none>

REQP-1731#16 Warning
DSP_Abus_preadd_amult_sel_A_sign_bit_restriction  
DDR4_and_ZYNQ_TOP/DDR4_i/dpuczdx8g_0/inst/GenDpu0.u_dpu0/m_dpu_top/m_conv_top/inst_pea/u_mults/GenAddGrp[0].GenAddCh[0].GenMultOcp[3].u_mult_dsp_tree/GenMultPair[3].Gen8x8.u_mult_dsp/u_dsp/GenDsp48E2.u_dsp48e2: When using the PreAdder and AMULTSEL is set to 'AD' and PREADDINSEL is set to 'A', the A operand should be restricted to 26 bit two's complement (and sign extended) to avoid over/underflow in the pre-add stage.
Related violations: <none>

REQP-1731#17 Warning
DSP_Abus_preadd_amult_sel_A_sign_bit_restriction  
DDR4_and_ZYNQ_TOP/DDR4_i/dpuczdx8g_0/inst/GenDpu0.u_dpu0/m_dpu_top/m_conv_top/inst_pea/u_mults/GenAddGrp[0].GenAddCh[1].GenMultOcp[0].u_mult_dsp_tree/GenMultPair[0].Gen8x8.u_mult_dsp/u_dsp/GenDsp48E2.u_dsp48e2: When using the PreAdder and AMULTSEL is set to 'AD' and PREADDINSEL is set to 'A', the A operand should be restricted to 26 bit two's complement (and sign extended) to avoid over/underflow in the pre-add stage.
Related violations: <none>

REQP-1731#18 Warning
DSP_Abus_preadd_amult_sel_A_sign_bit_restriction  
DDR4_and_ZYNQ_TOP/DDR4_i/dpuczdx8g_0/inst/GenDpu0.u_dpu0/m_dpu_top/m_conv_top/inst_pea/u_mults/GenAddGrp[0].GenAddCh[1].GenMultOcp[0].u_mult_dsp_tree/GenMultPair[1].Gen8x8.u_mult_dsp/u_dsp/GenDsp48E2.u_dsp48e2: When using the PreAdder and AMULTSEL is set to 'AD' and PREADDINSEL is set to 'A', the A operand should be restricted to 26 bit two's complement (and sign extended) to avoid over/underflow in the pre-add stage.
Related violations: <none>

REQP-1731#19 Warning
DSP_Abus_preadd_amult_sel_A_sign_bit_restriction  
DDR4_and_ZYNQ_TOP/DDR4_i/dpuczdx8g_0/inst/GenDpu0.u_dpu0/m_dpu_top/m_conv_top/inst_pea/u_mults/GenAddGrp[0].GenAddCh[1].GenMultOcp[0].u_mult_dsp_tree/GenMultPair[2].Gen8x8.u_mult_dsp/u_dsp/GenDsp48E2.u_dsp48e2: When using the PreAdder and AMULTSEL is set to 'AD' and PREADDINSEL is set to 'A', the A operand should be restricted to 26 bit two's complement (and sign extended) to avoid over/underflow in the pre-add stage.
Related violations: <none>

REQP-1731#20 Warning
DSP_Abus_preadd_amult_sel_A_sign_bit_restriction  
DDR4_and_ZYNQ_TOP/DDR4_i/dpuczdx8g_0/inst/GenDpu0.u_dpu0/m_dpu_top/m_conv_top/inst_pea/u_mults/GenAddGrp[0].GenAddCh[1].GenMultOcp[0].u_mult_dsp_tree/GenMultPair[3].Gen8x8.u_mult_dsp/u_dsp/GenDsp48E2.u_dsp48e2: When using the PreAdder and AMULTSEL is set to 'AD' and PREADDINSEL is set to 'A', the A operand should be restricted to 26 bit two's complement (and sign extended) to avoid over/underflow in the pre-add stage.
Related violations: <none>

REQP-1731#21 Warning
DSP_Abus_preadd_amult_sel_A_sign_bit_restriction  
DDR4_and_ZYNQ_TOP/DDR4_i/dpuczdx8g_0/inst/GenDpu0.u_dpu0/m_dpu_top/m_conv_top/inst_pea/u_mults/GenAddGrp[0].GenAddCh[1].GenMultOcp[1].u_mult_dsp_tree/GenMultPair[0].Gen8x8.u_mult_dsp/u_dsp/GenDsp48E2.u_dsp48e2: When using the PreAdder and AMULTSEL is set to 'AD' and PREADDINSEL is set to 'A', the A operand should be restricted to 26 bit two's complement (and sign extended) to avoid over/underflow in the pre-add stage.
Related violations: <none>

REQP-1731#22 Warning
DSP_Abus_preadd_amult_sel_A_sign_bit_restriction  
DDR4_and_ZYNQ_TOP/DDR4_i/dpuczdx8g_0/inst/GenDpu0.u_dpu0/m_dpu_top/m_conv_top/inst_pea/u_mults/GenAddGrp[0].GenAddCh[1].GenMultOcp[1].u_mult_dsp_tree/GenMultPair[1].Gen8x8.u_mult_dsp/u_dsp/GenDsp48E2.u_dsp48e2: When using the PreAdder and AMULTSEL is set to 'AD' and PREADDINSEL is set to 'A', the A operand should be restricted to 26 bit two's complement (and sign extended) to avoid over/underflow in the pre-add stage.
Related violations: <none>

REQP-1731#23 Warning
DSP_Abus_preadd_amult_sel_A_sign_bit_restriction  
DDR4_and_ZYNQ_TOP/DDR4_i/dpuczdx8g_0/inst/GenDpu0.u_dpu0/m_dpu_top/m_conv_top/inst_pea/u_mults/GenAddGrp[0].GenAddCh[1].GenMultOcp[1].u_mult_dsp_tree/GenMultPair[2].Gen8x8.u_mult_dsp/u_dsp/GenDsp48E2.u_dsp48e2: When using the PreAdder and AMULTSEL is set to 'AD' and PREADDINSEL is set to 'A', the A operand should be restricted to 26 bit two's complement (and sign extended) to avoid over/underflow in the pre-add stage.
Related violations: <none>

REQP-1731#24 Warning
DSP_Abus_preadd_amult_sel_A_sign_bit_restriction  
DDR4_and_ZYNQ_TOP/DDR4_i/dpuczdx8g_0/inst/GenDpu0.u_dpu0/m_dpu_top/m_conv_top/inst_pea/u_mults/GenAddGrp[0].GenAddCh[1].GenMultOcp[1].u_mult_dsp_tree/GenMultPair[3].Gen8x8.u_mult_dsp/u_dsp/GenDsp48E2.u_dsp48e2: When using the PreAdder and AMULTSEL is set to 'AD' and PREADDINSEL is set to 'A', the A operand should be restricted to 26 bit two's complement (and sign extended) to avoid over/underflow in the pre-add stage.
Related violations: <none>

REQP-1731#25 Warning
DSP_Abus_preadd_amult_sel_A_sign_bit_restriction  
DDR4_and_ZYNQ_TOP/DDR4_i/dpuczdx8g_0/inst/GenDpu0.u_dpu0/m_dpu_top/m_conv_top/inst_pea/u_mults/GenAddGrp[0].GenAddCh[1].GenMultOcp[2].u_mult_dsp_tree/GenMultPair[0].Gen8x8.u_mult_dsp/u_dsp/GenDsp48E2.u_dsp48e2: When using the PreAdder and AMULTSEL is set to 'AD' and PREADDINSEL is set to 'A', the A operand should be restricted to 26 bit two's complement (and sign extended) to avoid over/underflow in the pre-add stage.
Related violations: <none>

REQP-1731#26 Warning
DSP_Abus_preadd_amult_sel_A_sign_bit_restriction  
DDR4_and_ZYNQ_TOP/DDR4_i/dpuczdx8g_0/inst/GenDpu0.u_dpu0/m_dpu_top/m_conv_top/inst_pea/u_mults/GenAddGrp[0].GenAddCh[1].GenMultOcp[2].u_mult_dsp_tree/GenMultPair[1].Gen8x8.u_mult_dsp/u_dsp/GenDsp48E2.u_dsp48e2: When using the PreAdder and AMULTSEL is set to 'AD' and PREADDINSEL is set to 'A', the A operand should be restricted to 26 bit two's complement (and sign extended) to avoid over/underflow in the pre-add stage.
Related violations: <none>

REQP-1731#27 Warning
DSP_Abus_preadd_amult_sel_A_sign_bit_restriction  
DDR4_and_ZYNQ_TOP/DDR4_i/dpuczdx8g_0/inst/GenDpu0.u_dpu0/m_dpu_top/m_conv_top/inst_pea/u_mults/GenAddGrp[0].GenAddCh[1].GenMultOcp[2].u_mult_dsp_tree/GenMultPair[2].Gen8x8.u_mult_dsp/u_dsp/GenDsp48E2.u_dsp48e2: When using the PreAdder and AMULTSEL is set to 'AD' and PREADDINSEL is set to 'A', the A operand should be restricted to 26 bit two's complement (and sign extended) to avoid over/underflow in the pre-add stage.
Related violations: <none>

REQP-1731#28 Warning
DSP_Abus_preadd_amult_sel_A_sign_bit_restriction  
DDR4_and_ZYNQ_TOP/DDR4_i/dpuczdx8g_0/inst/GenDpu0.u_dpu0/m_dpu_top/m_conv_top/inst_pea/u_mults/GenAddGrp[0].GenAddCh[1].GenMultOcp[2].u_mult_dsp_tree/GenMultPair[3].Gen8x8.u_mult_dsp/u_dsp/GenDsp48E2.u_dsp48e2: When using the PreAdder and AMULTSEL is set to 'AD' and PREADDINSEL is set to 'A', the A operand should be restricted to 26 bit two's complement (and sign extended) to avoid over/underflow in the pre-add stage.
Related violations: <none>

REQP-1731#29 Warning
DSP_Abus_preadd_amult_sel_A_sign_bit_restriction  
DDR4_and_ZYNQ_TOP/DDR4_i/dpuczdx8g_0/inst/GenDpu0.u_dpu0/m_dpu_top/m_conv_top/inst_pea/u_mults/GenAddGrp[0].GenAddCh[1].GenMultOcp[3].u_mult_dsp_tree/GenMultPair[0].Gen8x8.u_mult_dsp/u_dsp/GenDsp48E2.u_dsp48e2: When using the PreAdder and AMULTSEL is set to 'AD' and PREADDINSEL is set to 'A', the A operand should be restricted to 26 bit two's complement (and sign extended) to avoid over/underflow in the pre-add stage.
Related violations: <none>

REQP-1731#30 Warning
DSP_Abus_preadd_amult_sel_A_sign_bit_restriction  
DDR4_and_ZYNQ_TOP/DDR4_i/dpuczdx8g_0/inst/GenDpu0.u_dpu0/m_dpu_top/m_conv_top/inst_pea/u_mults/GenAddGrp[0].GenAddCh[1].GenMultOcp[3].u_mult_dsp_tree/GenMultPair[1].Gen8x8.u_mult_dsp/u_dsp/GenDsp48E2.u_dsp48e2: When using the PreAdder and AMULTSEL is set to 'AD' and PREADDINSEL is set to 'A', the A operand should be restricted to 26 bit two's complement (and sign extended) to avoid over/underflow in the pre-add stage.
Related violations: <none>

REQP-1731#31 Warning
DSP_Abus_preadd_amult_sel_A_sign_bit_restriction  
DDR4_and_ZYNQ_TOP/DDR4_i/dpuczdx8g_0/inst/GenDpu0.u_dpu0/m_dpu_top/m_conv_top/inst_pea/u_mults/GenAddGrp[0].GenAddCh[1].GenMultOcp[3].u_mult_dsp_tree/GenMultPair[2].Gen8x8.u_mult_dsp/u_dsp/GenDsp48E2.u_dsp48e2: When using the PreAdder and AMULTSEL is set to 'AD' and PREADDINSEL is set to 'A', the A operand should be restricted to 26 bit two's complement (and sign extended) to avoid over/underflow in the pre-add stage.
Related violations: <none>

REQP-1731#32 Warning
DSP_Abus_preadd_amult_sel_A_sign_bit_restriction  
DDR4_and_ZYNQ_TOP/DDR4_i/dpuczdx8g_0/inst/GenDpu0.u_dpu0/m_dpu_top/m_conv_top/inst_pea/u_mults/GenAddGrp[0].GenAddCh[1].GenMultOcp[3].u_mult_dsp_tree/GenMultPair[3].Gen8x8.u_mult_dsp/u_dsp/GenDsp48E2.u_dsp48e2: When using the PreAdder and AMULTSEL is set to 'AD' and PREADDINSEL is set to 'A', the A operand should be restricted to 26 bit two's complement (and sign extended) to avoid over/underflow in the pre-add stage.
Related violations: <none>

REQP-1731#33 Warning
DSP_Abus_preadd_amult_sel_A_sign_bit_restriction  
DDR4_and_ZYNQ_TOP/DDR4_i/dpuczdx8g_0/inst/GenDpu0.u_dpu0/m_dpu_top/m_conv_top/inst_pea/u_mults/GenAddGrp[0].GenAddCh[2].GenMultOcp[0].u_mult_dsp_tree/GenMultPair[0].Gen8x8.u_mult_dsp/u_dsp/GenDsp48E2.u_dsp48e2: When using the PreAdder and AMULTSEL is set to 'AD' and PREADDINSEL is set to 'A', the A operand should be restricted to 26 bit two's complement (and sign extended) to avoid over/underflow in the pre-add stage.
Related violations: <none>

REQP-1731#34 Warning
DSP_Abus_preadd_amult_sel_A_sign_bit_restriction  
DDR4_and_ZYNQ_TOP/DDR4_i/dpuczdx8g_0/inst/GenDpu0.u_dpu0/m_dpu_top/m_conv_top/inst_pea/u_mults/GenAddGrp[0].GenAddCh[2].GenMultOcp[0].u_mult_dsp_tree/GenMultPair[1].Gen8x8.u_mult_dsp/u_dsp/GenDsp48E2.u_dsp48e2: When using the PreAdder and AMULTSEL is set to 'AD' and PREADDINSEL is set to 'A', the A operand should be restricted to 26 bit two's complement (and sign extended) to avoid over/underflow in the pre-add stage.
Related violations: <none>

REQP-1731#35 Warning
DSP_Abus_preadd_amult_sel_A_sign_bit_restriction  
DDR4_and_ZYNQ_TOP/DDR4_i/dpuczdx8g_0/inst/GenDpu0.u_dpu0/m_dpu_top/m_conv_top/inst_pea/u_mults/GenAddGrp[0].GenAddCh[2].GenMultOcp[0].u_mult_dsp_tree/GenMultPair[2].Gen8x8.u_mult_dsp/u_dsp/GenDsp48E2.u_dsp48e2: When using the PreAdder and AMULTSEL is set to 'AD' and PREADDINSEL is set to 'A', the A operand should be restricted to 26 bit two's complement (and sign extended) to avoid over/underflow in the pre-add stage.
Related violations: <none>

REQP-1731#36 Warning
DSP_Abus_preadd_amult_sel_A_sign_bit_restriction  
DDR4_and_ZYNQ_TOP/DDR4_i/dpuczdx8g_0/inst/GenDpu0.u_dpu0/m_dpu_top/m_conv_top/inst_pea/u_mults/GenAddGrp[0].GenAddCh[2].GenMultOcp[0].u_mult_dsp_tree/GenMultPair[3].Gen8x8.u_mult_dsp/u_dsp/GenDsp48E2.u_dsp48e2: When using the PreAdder and AMULTSEL is set to 'AD' and PREADDINSEL is set to 'A', the A operand should be restricted to 26 bit two's complement (and sign extended) to avoid over/underflow in the pre-add stage.
Related violations: <none>

REQP-1731#37 Warning
DSP_Abus_preadd_amult_sel_A_sign_bit_restriction  
DDR4_and_ZYNQ_TOP/DDR4_i/dpuczdx8g_0/inst/GenDpu0.u_dpu0/m_dpu_top/m_conv_top/inst_pea/u_mults/GenAddGrp[0].GenAddCh[2].GenMultOcp[1].u_mult_dsp_tree/GenMultPair[0].Gen8x8.u_mult_dsp/u_dsp/GenDsp48E2.u_dsp48e2: When using the PreAdder and AMULTSEL is set to 'AD' and PREADDINSEL is set to 'A', the A operand should be restricted to 26 bit two's complement (and sign extended) to avoid over/underflow in the pre-add stage.
Related violations: <none>

REQP-1731#38 Warning
DSP_Abus_preadd_amult_sel_A_sign_bit_restriction  
DDR4_and_ZYNQ_TOP/DDR4_i/dpuczdx8g_0/inst/GenDpu0.u_dpu0/m_dpu_top/m_conv_top/inst_pea/u_mults/GenAddGrp[0].GenAddCh[2].GenMultOcp[1].u_mult_dsp_tree/GenMultPair[1].Gen8x8.u_mult_dsp/u_dsp/GenDsp48E2.u_dsp48e2: When using the PreAdder and AMULTSEL is set to 'AD' and PREADDINSEL is set to 'A', the A operand should be restricted to 26 bit two's complement (and sign extended) to avoid over/underflow in the pre-add stage.
Related violations: <none>

REQP-1731#39 Warning
DSP_Abus_preadd_amult_sel_A_sign_bit_restriction  
DDR4_and_ZYNQ_TOP/DDR4_i/dpuczdx8g_0/inst/GenDpu0.u_dpu0/m_dpu_top/m_conv_top/inst_pea/u_mults/GenAddGrp[0].GenAddCh[2].GenMultOcp[1].u_mult_dsp_tree/GenMultPair[2].Gen8x8.u_mult_dsp/u_dsp/GenDsp48E2.u_dsp48e2: When using the PreAdder and AMULTSEL is set to 'AD' and PREADDINSEL is set to 'A', the A operand should be restricted to 26 bit two's complement (and sign extended) to avoid over/underflow in the pre-add stage.
Related violations: <none>

REQP-1731#40 Warning
DSP_Abus_preadd_amult_sel_A_sign_bit_restriction  
DDR4_and_ZYNQ_TOP/DDR4_i/dpuczdx8g_0/inst/GenDpu0.u_dpu0/m_dpu_top/m_conv_top/inst_pea/u_mults/GenAddGrp[0].GenAddCh[2].GenMultOcp[1].u_mult_dsp_tree/GenMultPair[3].Gen8x8.u_mult_dsp/u_dsp/GenDsp48E2.u_dsp48e2: When using the PreAdder and AMULTSEL is set to 'AD' and PREADDINSEL is set to 'A', the A operand should be restricted to 26 bit two's complement (and sign extended) to avoid over/underflow in the pre-add stage.
Related violations: <none>

REQP-1731#41 Warning
DSP_Abus_preadd_amult_sel_A_sign_bit_restriction  
DDR4_and_ZYNQ_TOP/DDR4_i/dpuczdx8g_0/inst/GenDpu0.u_dpu0/m_dpu_top/m_conv_top/inst_pea/u_mults/GenAddGrp[0].GenAddCh[2].GenMultOcp[2].u_mult_dsp_tree/GenMultPair[0].Gen8x8.u_mult_dsp/u_dsp/GenDsp48E2.u_dsp48e2: When using the PreAdder and AMULTSEL is set to 'AD' and PREADDINSEL is set to 'A', the A operand should be restricted to 26 bit two's complement (and sign extended) to avoid over/underflow in the pre-add stage.
Related violations: <none>

REQP-1731#42 Warning
DSP_Abus_preadd_amult_sel_A_sign_bit_restriction  
DDR4_and_ZYNQ_TOP/DDR4_i/dpuczdx8g_0/inst/GenDpu0.u_dpu0/m_dpu_top/m_conv_top/inst_pea/u_mults/GenAddGrp[0].GenAddCh[2].GenMultOcp[2].u_mult_dsp_tree/GenMultPair[1].Gen8x8.u_mult_dsp/u_dsp/GenDsp48E2.u_dsp48e2: When using the PreAdder and AMULTSEL is set to 'AD' and PREADDINSEL is set to 'A', the A operand should be restricted to 26 bit two's complement (and sign extended) to avoid over/underflow in the pre-add stage.
Related violations: <none>

REQP-1731#43 Warning
DSP_Abus_preadd_amult_sel_A_sign_bit_restriction  
DDR4_and_ZYNQ_TOP/DDR4_i/dpuczdx8g_0/inst/GenDpu0.u_dpu0/m_dpu_top/m_conv_top/inst_pea/u_mults/GenAddGrp[0].GenAddCh[2].GenMultOcp[2].u_mult_dsp_tree/GenMultPair[2].Gen8x8.u_mult_dsp/u_dsp/GenDsp48E2.u_dsp48e2: When using the PreAdder and AMULTSEL is set to 'AD' and PREADDINSEL is set to 'A', the A operand should be restricted to 26 bit two's complement (and sign extended) to avoid over/underflow in the pre-add stage.
Related violations: <none>

REQP-1731#44 Warning
DSP_Abus_preadd_amult_sel_A_sign_bit_restriction  
DDR4_and_ZYNQ_TOP/DDR4_i/dpuczdx8g_0/inst/GenDpu0.u_dpu0/m_dpu_top/m_conv_top/inst_pea/u_mults/GenAddGrp[0].GenAddCh[2].GenMultOcp[2].u_mult_dsp_tree/GenMultPair[3].Gen8x8.u_mult_dsp/u_dsp/GenDsp48E2.u_dsp48e2: When using the PreAdder and AMULTSEL is set to 'AD' and PREADDINSEL is set to 'A', the A operand should be restricted to 26 bit two's complement (and sign extended) to avoid over/underflow in the pre-add stage.
Related violations: <none>

REQP-1731#45 Warning
DSP_Abus_preadd_amult_sel_A_sign_bit_restriction  
DDR4_and_ZYNQ_TOP/DDR4_i/dpuczdx8g_0/inst/GenDpu0.u_dpu0/m_dpu_top/m_conv_top/inst_pea/u_mults/GenAddGrp[0].GenAddCh[2].GenMultOcp[3].u_mult_dsp_tree/GenMultPair[0].Gen8x8.u_mult_dsp/u_dsp/GenDsp48E2.u_dsp48e2: When using the PreAdder and AMULTSEL is set to 'AD' and PREADDINSEL is set to 'A', the A operand should be restricted to 26 bit two's complement (and sign extended) to avoid over/underflow in the pre-add stage.
Related violations: <none>

REQP-1731#46 Warning
DSP_Abus_preadd_amult_sel_A_sign_bit_restriction  
DDR4_and_ZYNQ_TOP/DDR4_i/dpuczdx8g_0/inst/GenDpu0.u_dpu0/m_dpu_top/m_conv_top/inst_pea/u_mults/GenAddGrp[0].GenAddCh[2].GenMultOcp[3].u_mult_dsp_tree/GenMultPair[1].Gen8x8.u_mult_dsp/u_dsp/GenDsp48E2.u_dsp48e2: When using the PreAdder and AMULTSEL is set to 'AD' and PREADDINSEL is set to 'A', the A operand should be restricted to 26 bit two's complement (and sign extended) to avoid over/underflow in the pre-add stage.
Related violations: <none>

REQP-1731#47 Warning
DSP_Abus_preadd_amult_sel_A_sign_bit_restriction  
DDR4_and_ZYNQ_TOP/DDR4_i/dpuczdx8g_0/inst/GenDpu0.u_dpu0/m_dpu_top/m_conv_top/inst_pea/u_mults/GenAddGrp[0].GenAddCh[2].GenMultOcp[3].u_mult_dsp_tree/GenMultPair[2].Gen8x8.u_mult_dsp/u_dsp/GenDsp48E2.u_dsp48e2: When using the PreAdder and AMULTSEL is set to 'AD' and PREADDINSEL is set to 'A', the A operand should be restricted to 26 bit two's complement (and sign extended) to avoid over/underflow in the pre-add stage.
Related violations: <none>

REQP-1731#48 Warning
DSP_Abus_preadd_amult_sel_A_sign_bit_restriction  
DDR4_and_ZYNQ_TOP/DDR4_i/dpuczdx8g_0/inst/GenDpu0.u_dpu0/m_dpu_top/m_conv_top/inst_pea/u_mults/GenAddGrp[0].GenAddCh[2].GenMultOcp[3].u_mult_dsp_tree/GenMultPair[3].Gen8x8.u_mult_dsp/u_dsp/GenDsp48E2.u_dsp48e2: When using the PreAdder and AMULTSEL is set to 'AD' and PREADDINSEL is set to 'A', the A operand should be restricted to 26 bit two's complement (and sign extended) to avoid over/underflow in the pre-add stage.
Related violations: <none>

REQP-1731#49 Warning
DSP_Abus_preadd_amult_sel_A_sign_bit_restriction  
DDR4_and_ZYNQ_TOP/DDR4_i/dpuczdx8g_0/inst/GenDpu0.u_dpu0/m_dpu_top/m_conv_top/inst_pea/u_mults/GenAddGrp[0].GenAddCh[3].GenMultOcp[0].u_mult_dsp_tree/GenMultPair[0].Gen8x8.u_mult_dsp/u_dsp/GenDsp48E2.u_dsp48e2: When using the PreAdder and AMULTSEL is set to 'AD' and PREADDINSEL is set to 'A', the A operand should be restricted to 26 bit two's complement (and sign extended) to avoid over/underflow in the pre-add stage.
Related violations: <none>

REQP-1731#50 Warning
DSP_Abus_preadd_amult_sel_A_sign_bit_restriction  
DDR4_and_ZYNQ_TOP/DDR4_i/dpuczdx8g_0/inst/GenDpu0.u_dpu0/m_dpu_top/m_conv_top/inst_pea/u_mults/GenAddGrp[0].GenAddCh[3].GenMultOcp[0].u_mult_dsp_tree/GenMultPair[1].Gen8x8.u_mult_dsp/u_dsp/GenDsp48E2.u_dsp48e2: When using the PreAdder and AMULTSEL is set to 'AD' and PREADDINSEL is set to 'A', the A operand should be restricted to 26 bit two's complement (and sign extended) to avoid over/underflow in the pre-add stage.
Related violations: <none>

REQP-1731#51 Warning
DSP_Abus_preadd_amult_sel_A_sign_bit_restriction  
DDR4_and_ZYNQ_TOP/DDR4_i/dpuczdx8g_0/inst/GenDpu0.u_dpu0/m_dpu_top/m_conv_top/inst_pea/u_mults/GenAddGrp[0].GenAddCh[3].GenMultOcp[0].u_mult_dsp_tree/GenMultPair[2].Gen8x8.u_mult_dsp/u_dsp/GenDsp48E2.u_dsp48e2: When using the PreAdder and AMULTSEL is set to 'AD' and PREADDINSEL is set to 'A', the A operand should be restricted to 26 bit two's complement (and sign extended) to avoid over/underflow in the pre-add stage.
Related violations: <none>

REQP-1731#52 Warning
DSP_Abus_preadd_amult_sel_A_sign_bit_restriction  
DDR4_and_ZYNQ_TOP/DDR4_i/dpuczdx8g_0/inst/GenDpu0.u_dpu0/m_dpu_top/m_conv_top/inst_pea/u_mults/GenAddGrp[0].GenAddCh[3].GenMultOcp[0].u_mult_dsp_tree/GenMultPair[3].Gen8x8.u_mult_dsp/u_dsp/GenDsp48E2.u_dsp48e2: When using the PreAdder and AMULTSEL is set to 'AD' and PREADDINSEL is set to 'A', the A operand should be restricted to 26 bit two's complement (and sign extended) to avoid over/underflow in the pre-add stage.
Related violations: <none>

REQP-1731#53 Warning
DSP_Abus_preadd_amult_sel_A_sign_bit_restriction  
DDR4_and_ZYNQ_TOP/DDR4_i/dpuczdx8g_0/inst/GenDpu0.u_dpu0/m_dpu_top/m_conv_top/inst_pea/u_mults/GenAddGrp[0].GenAddCh[3].GenMultOcp[1].u_mult_dsp_tree/GenMultPair[0].Gen8x8.u_mult_dsp/u_dsp/GenDsp48E2.u_dsp48e2: When using the PreAdder and AMULTSEL is set to 'AD' and PREADDINSEL is set to 'A', the A operand should be restricted to 26 bit two's complement (and sign extended) to avoid over/underflow in the pre-add stage.
Related violations: <none>

REQP-1731#54 Warning
DSP_Abus_preadd_amult_sel_A_sign_bit_restriction  
DDR4_and_ZYNQ_TOP/DDR4_i/dpuczdx8g_0/inst/GenDpu0.u_dpu0/m_dpu_top/m_conv_top/inst_pea/u_mults/GenAddGrp[0].GenAddCh[3].GenMultOcp[1].u_mult_dsp_tree/GenMultPair[1].Gen8x8.u_mult_dsp/u_dsp/GenDsp48E2.u_dsp48e2: When using the PreAdder and AMULTSEL is set to 'AD' and PREADDINSEL is set to 'A', the A operand should be restricted to 26 bit two's complement (and sign extended) to avoid over/underflow in the pre-add stage.
Related violations: <none>

REQP-1731#55 Warning
DSP_Abus_preadd_amult_sel_A_sign_bit_restriction  
DDR4_and_ZYNQ_TOP/DDR4_i/dpuczdx8g_0/inst/GenDpu0.u_dpu0/m_dpu_top/m_conv_top/inst_pea/u_mults/GenAddGrp[0].GenAddCh[3].GenMultOcp[1].u_mult_dsp_tree/GenMultPair[2].Gen8x8.u_mult_dsp/u_dsp/GenDsp48E2.u_dsp48e2: When using the PreAdder and AMULTSEL is set to 'AD' and PREADDINSEL is set to 'A', the A operand should be restricted to 26 bit two's complement (and sign extended) to avoid over/underflow in the pre-add stage.
Related violations: <none>

REQP-1731#56 Warning
DSP_Abus_preadd_amult_sel_A_sign_bit_restriction  
DDR4_and_ZYNQ_TOP/DDR4_i/dpuczdx8g_0/inst/GenDpu0.u_dpu0/m_dpu_top/m_conv_top/inst_pea/u_mults/GenAddGrp[0].GenAddCh[3].GenMultOcp[1].u_mult_dsp_tree/GenMultPair[3].Gen8x8.u_mult_dsp/u_dsp/GenDsp48E2.u_dsp48e2: When using the PreAdder and AMULTSEL is set to 'AD' and PREADDINSEL is set to 'A', the A operand should be restricted to 26 bit two's complement (and sign extended) to avoid over/underflow in the pre-add stage.
Related violations: <none>

REQP-1731#57 Warning
DSP_Abus_preadd_amult_sel_A_sign_bit_restriction  
DDR4_and_ZYNQ_TOP/DDR4_i/dpuczdx8g_0/inst/GenDpu0.u_dpu0/m_dpu_top/m_conv_top/inst_pea/u_mults/GenAddGrp[0].GenAddCh[3].GenMultOcp[2].u_mult_dsp_tree/GenMultPair[0].Gen8x8.u_mult_dsp/u_dsp/GenDsp48E2.u_dsp48e2: When using the PreAdder and AMULTSEL is set to 'AD' and PREADDINSEL is set to 'A', the A operand should be restricted to 26 bit two's complement (and sign extended) to avoid over/underflow in the pre-add stage.
Related violations: <none>

REQP-1731#58 Warning
DSP_Abus_preadd_amult_sel_A_sign_bit_restriction  
DDR4_and_ZYNQ_TOP/DDR4_i/dpuczdx8g_0/inst/GenDpu0.u_dpu0/m_dpu_top/m_conv_top/inst_pea/u_mults/GenAddGrp[0].GenAddCh[3].GenMultOcp[2].u_mult_dsp_tree/GenMultPair[1].Gen8x8.u_mult_dsp/u_dsp/GenDsp48E2.u_dsp48e2: When using the PreAdder and AMULTSEL is set to 'AD' and PREADDINSEL is set to 'A', the A operand should be restricted to 26 bit two's complement (and sign extended) to avoid over/underflow in the pre-add stage.
Related violations: <none>

REQP-1731#59 Warning
DSP_Abus_preadd_amult_sel_A_sign_bit_restriction  
DDR4_and_ZYNQ_TOP/DDR4_i/dpuczdx8g_0/inst/GenDpu0.u_dpu0/m_dpu_top/m_conv_top/inst_pea/u_mults/GenAddGrp[0].GenAddCh[3].GenMultOcp[2].u_mult_dsp_tree/GenMultPair[2].Gen8x8.u_mult_dsp/u_dsp/GenDsp48E2.u_dsp48e2: When using the PreAdder and AMULTSEL is set to 'AD' and PREADDINSEL is set to 'A', the A operand should be restricted to 26 bit two's complement (and sign extended) to avoid over/underflow in the pre-add stage.
Related violations: <none>

REQP-1731#60 Warning
DSP_Abus_preadd_amult_sel_A_sign_bit_restriction  
DDR4_and_ZYNQ_TOP/DDR4_i/dpuczdx8g_0/inst/GenDpu0.u_dpu0/m_dpu_top/m_conv_top/inst_pea/u_mults/GenAddGrp[0].GenAddCh[3].GenMultOcp[2].u_mult_dsp_tree/GenMultPair[3].Gen8x8.u_mult_dsp/u_dsp/GenDsp48E2.u_dsp48e2: When using the PreAdder and AMULTSEL is set to 'AD' and PREADDINSEL is set to 'A', the A operand should be restricted to 26 bit two's complement (and sign extended) to avoid over/underflow in the pre-add stage.
Related violations: <none>

REQP-1731#61 Warning
DSP_Abus_preadd_amult_sel_A_sign_bit_restriction  
DDR4_and_ZYNQ_TOP/DDR4_i/dpuczdx8g_0/inst/GenDpu0.u_dpu0/m_dpu_top/m_conv_top/inst_pea/u_mults/GenAddGrp[0].GenAddCh[3].GenMultOcp[3].u_mult_dsp_tree/GenMultPair[0].Gen8x8.u_mult_dsp/u_dsp/GenDsp48E2.u_dsp48e2: When using the PreAdder and AMULTSEL is set to 'AD' and PREADDINSEL is set to 'A', the A operand should be restricted to 26 bit two's complement (and sign extended) to avoid over/underflow in the pre-add stage.
Related violations: <none>

REQP-1731#62 Warning
DSP_Abus_preadd_amult_sel_A_sign_bit_restriction  
DDR4_and_ZYNQ_TOP/DDR4_i/dpuczdx8g_0/inst/GenDpu0.u_dpu0/m_dpu_top/m_conv_top/inst_pea/u_mults/GenAddGrp[0].GenAddCh[3].GenMultOcp[3].u_mult_dsp_tree/GenMultPair[1].Gen8x8.u_mult_dsp/u_dsp/GenDsp48E2.u_dsp48e2: When using the PreAdder and AMULTSEL is set to 'AD' and PREADDINSEL is set to 'A', the A operand should be restricted to 26 bit two's complement (and sign extended) to avoid over/underflow in the pre-add stage.
Related violations: <none>

REQP-1731#63 Warning
DSP_Abus_preadd_amult_sel_A_sign_bit_restriction  
DDR4_and_ZYNQ_TOP/DDR4_i/dpuczdx8g_0/inst/GenDpu0.u_dpu0/m_dpu_top/m_conv_top/inst_pea/u_mults/GenAddGrp[0].GenAddCh[3].GenMultOcp[3].u_mult_dsp_tree/GenMultPair[2].Gen8x8.u_mult_dsp/u_dsp/GenDsp48E2.u_dsp48e2: When using the PreAdder and AMULTSEL is set to 'AD' and PREADDINSEL is set to 'A', the A operand should be restricted to 26 bit two's complement (and sign extended) to avoid over/underflow in the pre-add stage.
Related violations: <none>

REQP-1731#64 Warning
DSP_Abus_preadd_amult_sel_A_sign_bit_restriction  
DDR4_and_ZYNQ_TOP/DDR4_i/dpuczdx8g_0/inst/GenDpu0.u_dpu0/m_dpu_top/m_conv_top/inst_pea/u_mults/GenAddGrp[0].GenAddCh[3].GenMultOcp[3].u_mult_dsp_tree/GenMultPair[3].Gen8x8.u_mult_dsp/u_dsp/GenDsp48E2.u_dsp48e2: When using the PreAdder and AMULTSEL is set to 'AD' and PREADDINSEL is set to 'A', the A operand should be restricted to 26 bit two's complement (and sign extended) to avoid over/underflow in the pre-add stage.
Related violations: <none>

REQP-1731#65 Warning
DSP_Abus_preadd_amult_sel_A_sign_bit_restriction  
DDR4_and_ZYNQ_TOP/DDR4_i/dpuczdx8g_0/inst/GenDpu0.u_dpu0/m_dpu_top/m_conv_top/inst_pea/u_mults/GenAddGrp[1].GenAddCh[0].GenMultOcp[0].u_mult_dsp_tree/GenMultPair[0].Gen8x8.u_mult_dsp/u_dsp/GenDsp48E2.u_dsp48e2: When using the PreAdder and AMULTSEL is set to 'AD' and PREADDINSEL is set to 'A', the A operand should be restricted to 26 bit two's complement (and sign extended) to avoid over/underflow in the pre-add stage.
Related violations: <none>

REQP-1731#66 Warning
DSP_Abus_preadd_amult_sel_A_sign_bit_restriction  
DDR4_and_ZYNQ_TOP/DDR4_i/dpuczdx8g_0/inst/GenDpu0.u_dpu0/m_dpu_top/m_conv_top/inst_pea/u_mults/GenAddGrp[1].GenAddCh[0].GenMultOcp[0].u_mult_dsp_tree/GenMultPair[1].Gen8x8.u_mult_dsp/u_dsp/GenDsp48E2.u_dsp48e2: When using the PreAdder and AMULTSEL is set to 'AD' and PREADDINSEL is set to 'A', the A operand should be restricted to 26 bit two's complement (and sign extended) to avoid over/underflow in the pre-add stage.
Related violations: <none>

REQP-1731#67 Warning
DSP_Abus_preadd_amult_sel_A_sign_bit_restriction  
DDR4_and_ZYNQ_TOP/DDR4_i/dpuczdx8g_0/inst/GenDpu0.u_dpu0/m_dpu_top/m_conv_top/inst_pea/u_mults/GenAddGrp[1].GenAddCh[0].GenMultOcp[0].u_mult_dsp_tree/GenMultPair[2].Gen8x8.u_mult_dsp/u_dsp/GenDsp48E2.u_dsp48e2: When using the PreAdder and AMULTSEL is set to 'AD' and PREADDINSEL is set to 'A', the A operand should be restricted to 26 bit two's complement (and sign extended) to avoid over/underflow in the pre-add stage.
Related violations: <none>

REQP-1731#68 Warning
DSP_Abus_preadd_amult_sel_A_sign_bit_restriction  
DDR4_and_ZYNQ_TOP/DDR4_i/dpuczdx8g_0/inst/GenDpu0.u_dpu0/m_dpu_top/m_conv_top/inst_pea/u_mults/GenAddGrp[1].GenAddCh[0].GenMultOcp[0].u_mult_dsp_tree/GenMultPair[3].Gen8x8.u_mult_dsp/u_dsp/GenDsp48E2.u_dsp48e2: When using the PreAdder and AMULTSEL is set to 'AD' and PREADDINSEL is set to 'A', the A operand should be restricted to 26 bit two's complement (and sign extended) to avoid over/underflow in the pre-add stage.
Related violations: <none>

REQP-1731#69 Warning
DSP_Abus_preadd_amult_sel_A_sign_bit_restriction  
DDR4_and_ZYNQ_TOP/DDR4_i/dpuczdx8g_0/inst/GenDpu0.u_dpu0/m_dpu_top/m_conv_top/inst_pea/u_mults/GenAddGrp[1].GenAddCh[0].GenMultOcp[1].u_mult_dsp_tree/GenMultPair[0].Gen8x8.u_mult_dsp/u_dsp/GenDsp48E2.u_dsp48e2: When using the PreAdder and AMULTSEL is set to 'AD' and PREADDINSEL is set to 'A', the A operand should be restricted to 26 bit two's complement (and sign extended) to avoid over/underflow in the pre-add stage.
Related violations: <none>

REQP-1731#70 Warning
DSP_Abus_preadd_amult_sel_A_sign_bit_restriction  
DDR4_and_ZYNQ_TOP/DDR4_i/dpuczdx8g_0/inst/GenDpu0.u_dpu0/m_dpu_top/m_conv_top/inst_pea/u_mults/GenAddGrp[1].GenAddCh[0].GenMultOcp[1].u_mult_dsp_tree/GenMultPair[1].Gen8x8.u_mult_dsp/u_dsp/GenDsp48E2.u_dsp48e2: When using the PreAdder and AMULTSEL is set to 'AD' and PREADDINSEL is set to 'A', the A operand should be restricted to 26 bit two's complement (and sign extended) to avoid over/underflow in the pre-add stage.
Related violations: <none>

REQP-1731#71 Warning
DSP_Abus_preadd_amult_sel_A_sign_bit_restriction  
DDR4_and_ZYNQ_TOP/DDR4_i/dpuczdx8g_0/inst/GenDpu0.u_dpu0/m_dpu_top/m_conv_top/inst_pea/u_mults/GenAddGrp[1].GenAddCh[0].GenMultOcp[1].u_mult_dsp_tree/GenMultPair[2].Gen8x8.u_mult_dsp/u_dsp/GenDsp48E2.u_dsp48e2: When using the PreAdder and AMULTSEL is set to 'AD' and PREADDINSEL is set to 'A', the A operand should be restricted to 26 bit two's complement (and sign extended) to avoid over/underflow in the pre-add stage.
Related violations: <none>

REQP-1731#72 Warning
DSP_Abus_preadd_amult_sel_A_sign_bit_restriction  
DDR4_and_ZYNQ_TOP/DDR4_i/dpuczdx8g_0/inst/GenDpu0.u_dpu0/m_dpu_top/m_conv_top/inst_pea/u_mults/GenAddGrp[1].GenAddCh[0].GenMultOcp[1].u_mult_dsp_tree/GenMultPair[3].Gen8x8.u_mult_dsp/u_dsp/GenDsp48E2.u_dsp48e2: When using the PreAdder and AMULTSEL is set to 'AD' and PREADDINSEL is set to 'A', the A operand should be restricted to 26 bit two's complement (and sign extended) to avoid over/underflow in the pre-add stage.
Related violations: <none>

REQP-1731#73 Warning
DSP_Abus_preadd_amult_sel_A_sign_bit_restriction  
DDR4_and_ZYNQ_TOP/DDR4_i/dpuczdx8g_0/inst/GenDpu0.u_dpu0/m_dpu_top/m_conv_top/inst_pea/u_mults/GenAddGrp[1].GenAddCh[0].GenMultOcp[2].u_mult_dsp_tree/GenMultPair[0].Gen8x8.u_mult_dsp/u_dsp/GenDsp48E2.u_dsp48e2: When using the PreAdder and AMULTSEL is set to 'AD' and PREADDINSEL is set to 'A', the A operand should be restricted to 26 bit two's complement (and sign extended) to avoid over/underflow in the pre-add stage.
Related violations: <none>

REQP-1731#74 Warning
DSP_Abus_preadd_amult_sel_A_sign_bit_restriction  
DDR4_and_ZYNQ_TOP/DDR4_i/dpuczdx8g_0/inst/GenDpu0.u_dpu0/m_dpu_top/m_conv_top/inst_pea/u_mults/GenAddGrp[1].GenAddCh[0].GenMultOcp[2].u_mult_dsp_tree/GenMultPair[1].Gen8x8.u_mult_dsp/u_dsp/GenDsp48E2.u_dsp48e2: When using the PreAdder and AMULTSEL is set to 'AD' and PREADDINSEL is set to 'A', the A operand should be restricted to 26 bit two's complement (and sign extended) to avoid over/underflow in the pre-add stage.
Related violations: <none>

REQP-1731#75 Warning
DSP_Abus_preadd_amult_sel_A_sign_bit_restriction  
DDR4_and_ZYNQ_TOP/DDR4_i/dpuczdx8g_0/inst/GenDpu0.u_dpu0/m_dpu_top/m_conv_top/inst_pea/u_mults/GenAddGrp[1].GenAddCh[0].GenMultOcp[2].u_mult_dsp_tree/GenMultPair[2].Gen8x8.u_mult_dsp/u_dsp/GenDsp48E2.u_dsp48e2: When using the PreAdder and AMULTSEL is set to 'AD' and PREADDINSEL is set to 'A', the A operand should be restricted to 26 bit two's complement (and sign extended) to avoid over/underflow in the pre-add stage.
Related violations: <none>

REQP-1731#76 Warning
DSP_Abus_preadd_amult_sel_A_sign_bit_restriction  
DDR4_and_ZYNQ_TOP/DDR4_i/dpuczdx8g_0/inst/GenDpu0.u_dpu0/m_dpu_top/m_conv_top/inst_pea/u_mults/GenAddGrp[1].GenAddCh[0].GenMultOcp[2].u_mult_dsp_tree/GenMultPair[3].Gen8x8.u_mult_dsp/u_dsp/GenDsp48E2.u_dsp48e2: When using the PreAdder and AMULTSEL is set to 'AD' and PREADDINSEL is set to 'A', the A operand should be restricted to 26 bit two's complement (and sign extended) to avoid over/underflow in the pre-add stage.
Related violations: <none>

REQP-1731#77 Warning
DSP_Abus_preadd_amult_sel_A_sign_bit_restriction  
DDR4_and_ZYNQ_TOP/DDR4_i/dpuczdx8g_0/inst/GenDpu0.u_dpu0/m_dpu_top/m_conv_top/inst_pea/u_mults/GenAddGrp[1].GenAddCh[0].GenMultOcp[3].u_mult_dsp_tree/GenMultPair[0].Gen8x8.u_mult_dsp/u_dsp/GenDsp48E2.u_dsp48e2: When using the PreAdder and AMULTSEL is set to 'AD' and PREADDINSEL is set to 'A', the A operand should be restricted to 26 bit two's complement (and sign extended) to avoid over/underflow in the pre-add stage.
Related violations: <none>

REQP-1731#78 Warning
DSP_Abus_preadd_amult_sel_A_sign_bit_restriction  
DDR4_and_ZYNQ_TOP/DDR4_i/dpuczdx8g_0/inst/GenDpu0.u_dpu0/m_dpu_top/m_conv_top/inst_pea/u_mults/GenAddGrp[1].GenAddCh[0].GenMultOcp[3].u_mult_dsp_tree/GenMultPair[1].Gen8x8.u_mult_dsp/u_dsp/GenDsp48E2.u_dsp48e2: When using the PreAdder and AMULTSEL is set to 'AD' and PREADDINSEL is set to 'A', the A operand should be restricted to 26 bit two's complement (and sign extended) to avoid over/underflow in the pre-add stage.
Related violations: <none>

REQP-1731#79 Warning
DSP_Abus_preadd_amult_sel_A_sign_bit_restriction  
DDR4_and_ZYNQ_TOP/DDR4_i/dpuczdx8g_0/inst/GenDpu0.u_dpu0/m_dpu_top/m_conv_top/inst_pea/u_mults/GenAddGrp[1].GenAddCh[0].GenMultOcp[3].u_mult_dsp_tree/GenMultPair[2].Gen8x8.u_mult_dsp/u_dsp/GenDsp48E2.u_dsp48e2: When using the PreAdder and AMULTSEL is set to 'AD' and PREADDINSEL is set to 'A', the A operand should be restricted to 26 bit two's complement (and sign extended) to avoid over/underflow in the pre-add stage.
Related violations: <none>

REQP-1731#80 Warning
DSP_Abus_preadd_amult_sel_A_sign_bit_restriction  
DDR4_and_ZYNQ_TOP/DDR4_i/dpuczdx8g_0/inst/GenDpu0.u_dpu0/m_dpu_top/m_conv_top/inst_pea/u_mults/GenAddGrp[1].GenAddCh[0].GenMultOcp[3].u_mult_dsp_tree/GenMultPair[3].Gen8x8.u_mult_dsp/u_dsp/GenDsp48E2.u_dsp48e2: When using the PreAdder and AMULTSEL is set to 'AD' and PREADDINSEL is set to 'A', the A operand should be restricted to 26 bit two's complement (and sign extended) to avoid over/underflow in the pre-add stage.
Related violations: <none>

REQP-1731#81 Warning
DSP_Abus_preadd_amult_sel_A_sign_bit_restriction  
DDR4_and_ZYNQ_TOP/DDR4_i/dpuczdx8g_0/inst/GenDpu0.u_dpu0/m_dpu_top/m_conv_top/inst_pea/u_mults/GenAddGrp[1].GenAddCh[1].GenMultOcp[0].u_mult_dsp_tree/GenMultPair[0].Gen8x8.u_mult_dsp/u_dsp/GenDsp48E2.u_dsp48e2: When using the PreAdder and AMULTSEL is set to 'AD' and PREADDINSEL is set to 'A', the A operand should be restricted to 26 bit two's complement (and sign extended) to avoid over/underflow in the pre-add stage.
Related violations: <none>

REQP-1731#82 Warning
DSP_Abus_preadd_amult_sel_A_sign_bit_restriction  
DDR4_and_ZYNQ_TOP/DDR4_i/dpuczdx8g_0/inst/GenDpu0.u_dpu0/m_dpu_top/m_conv_top/inst_pea/u_mults/GenAddGrp[1].GenAddCh[1].GenMultOcp[0].u_mult_dsp_tree/GenMultPair[1].Gen8x8.u_mult_dsp/u_dsp/GenDsp48E2.u_dsp48e2: When using the PreAdder and AMULTSEL is set to 'AD' and PREADDINSEL is set to 'A', the A operand should be restricted to 26 bit two's complement (and sign extended) to avoid over/underflow in the pre-add stage.
Related violations: <none>

REQP-1731#83 Warning
DSP_Abus_preadd_amult_sel_A_sign_bit_restriction  
DDR4_and_ZYNQ_TOP/DDR4_i/dpuczdx8g_0/inst/GenDpu0.u_dpu0/m_dpu_top/m_conv_top/inst_pea/u_mults/GenAddGrp[1].GenAddCh[1].GenMultOcp[0].u_mult_dsp_tree/GenMultPair[2].Gen8x8.u_mult_dsp/u_dsp/GenDsp48E2.u_dsp48e2: When using the PreAdder and AMULTSEL is set to 'AD' and PREADDINSEL is set to 'A', the A operand should be restricted to 26 bit two's complement (and sign extended) to avoid over/underflow in the pre-add stage.
Related violations: <none>

REQP-1731#84 Warning
DSP_Abus_preadd_amult_sel_A_sign_bit_restriction  
DDR4_and_ZYNQ_TOP/DDR4_i/dpuczdx8g_0/inst/GenDpu0.u_dpu0/m_dpu_top/m_conv_top/inst_pea/u_mults/GenAddGrp[1].GenAddCh[1].GenMultOcp[0].u_mult_dsp_tree/GenMultPair[3].Gen8x8.u_mult_dsp/u_dsp/GenDsp48E2.u_dsp48e2: When using the PreAdder and AMULTSEL is set to 'AD' and PREADDINSEL is set to 'A', the A operand should be restricted to 26 bit two's complement (and sign extended) to avoid over/underflow in the pre-add stage.
Related violations: <none>

REQP-1731#85 Warning
DSP_Abus_preadd_amult_sel_A_sign_bit_restriction  
DDR4_and_ZYNQ_TOP/DDR4_i/dpuczdx8g_0/inst/GenDpu0.u_dpu0/m_dpu_top/m_conv_top/inst_pea/u_mults/GenAddGrp[1].GenAddCh[1].GenMultOcp[1].u_mult_dsp_tree/GenMultPair[0].Gen8x8.u_mult_dsp/u_dsp/GenDsp48E2.u_dsp48e2: When using the PreAdder and AMULTSEL is set to 'AD' and PREADDINSEL is set to 'A', the A operand should be restricted to 26 bit two's complement (and sign extended) to avoid over/underflow in the pre-add stage.
Related violations: <none>

REQP-1731#86 Warning
DSP_Abus_preadd_amult_sel_A_sign_bit_restriction  
DDR4_and_ZYNQ_TOP/DDR4_i/dpuczdx8g_0/inst/GenDpu0.u_dpu0/m_dpu_top/m_conv_top/inst_pea/u_mults/GenAddGrp[1].GenAddCh[1].GenMultOcp[1].u_mult_dsp_tree/GenMultPair[1].Gen8x8.u_mult_dsp/u_dsp/GenDsp48E2.u_dsp48e2: When using the PreAdder and AMULTSEL is set to 'AD' and PREADDINSEL is set to 'A', the A operand should be restricted to 26 bit two's complement (and sign extended) to avoid over/underflow in the pre-add stage.
Related violations: <none>

REQP-1731#87 Warning
DSP_Abus_preadd_amult_sel_A_sign_bit_restriction  
DDR4_and_ZYNQ_TOP/DDR4_i/dpuczdx8g_0/inst/GenDpu0.u_dpu0/m_dpu_top/m_conv_top/inst_pea/u_mults/GenAddGrp[1].GenAddCh[1].GenMultOcp[1].u_mult_dsp_tree/GenMultPair[2].Gen8x8.u_mult_dsp/u_dsp/GenDsp48E2.u_dsp48e2: When using the PreAdder and AMULTSEL is set to 'AD' and PREADDINSEL is set to 'A', the A operand should be restricted to 26 bit two's complement (and sign extended) to avoid over/underflow in the pre-add stage.
Related violations: <none>

REQP-1731#88 Warning
DSP_Abus_preadd_amult_sel_A_sign_bit_restriction  
DDR4_and_ZYNQ_TOP/DDR4_i/dpuczdx8g_0/inst/GenDpu0.u_dpu0/m_dpu_top/m_conv_top/inst_pea/u_mults/GenAddGrp[1].GenAddCh[1].GenMultOcp[1].u_mult_dsp_tree/GenMultPair[3].Gen8x8.u_mult_dsp/u_dsp/GenDsp48E2.u_dsp48e2: When using the PreAdder and AMULTSEL is set to 'AD' and PREADDINSEL is set to 'A', the A operand should be restricted to 26 bit two's complement (and sign extended) to avoid over/underflow in the pre-add stage.
Related violations: <none>

REQP-1731#89 Warning
DSP_Abus_preadd_amult_sel_A_sign_bit_restriction  
DDR4_and_ZYNQ_TOP/DDR4_i/dpuczdx8g_0/inst/GenDpu0.u_dpu0/m_dpu_top/m_conv_top/inst_pea/u_mults/GenAddGrp[1].GenAddCh[1].GenMultOcp[2].u_mult_dsp_tree/GenMultPair[0].Gen8x8.u_mult_dsp/u_dsp/GenDsp48E2.u_dsp48e2: When using the PreAdder and AMULTSEL is set to 'AD' and PREADDINSEL is set to 'A', the A operand should be restricted to 26 bit two's complement (and sign extended) to avoid over/underflow in the pre-add stage.
Related violations: <none>

REQP-1731#90 Warning
DSP_Abus_preadd_amult_sel_A_sign_bit_restriction  
DDR4_and_ZYNQ_TOP/DDR4_i/dpuczdx8g_0/inst/GenDpu0.u_dpu0/m_dpu_top/m_conv_top/inst_pea/u_mults/GenAddGrp[1].GenAddCh[1].GenMultOcp[2].u_mult_dsp_tree/GenMultPair[1].Gen8x8.u_mult_dsp/u_dsp/GenDsp48E2.u_dsp48e2: When using the PreAdder and AMULTSEL is set to 'AD' and PREADDINSEL is set to 'A', the A operand should be restricted to 26 bit two's complement (and sign extended) to avoid over/underflow in the pre-add stage.
Related violations: <none>

REQP-1731#91 Warning
DSP_Abus_preadd_amult_sel_A_sign_bit_restriction  
DDR4_and_ZYNQ_TOP/DDR4_i/dpuczdx8g_0/inst/GenDpu0.u_dpu0/m_dpu_top/m_conv_top/inst_pea/u_mults/GenAddGrp[1].GenAddCh[1].GenMultOcp[2].u_mult_dsp_tree/GenMultPair[2].Gen8x8.u_mult_dsp/u_dsp/GenDsp48E2.u_dsp48e2: When using the PreAdder and AMULTSEL is set to 'AD' and PREADDINSEL is set to 'A', the A operand should be restricted to 26 bit two's complement (and sign extended) to avoid over/underflow in the pre-add stage.
Related violations: <none>

REQP-1731#92 Warning
DSP_Abus_preadd_amult_sel_A_sign_bit_restriction  
DDR4_and_ZYNQ_TOP/DDR4_i/dpuczdx8g_0/inst/GenDpu0.u_dpu0/m_dpu_top/m_conv_top/inst_pea/u_mults/GenAddGrp[1].GenAddCh[1].GenMultOcp[2].u_mult_dsp_tree/GenMultPair[3].Gen8x8.u_mult_dsp/u_dsp/GenDsp48E2.u_dsp48e2: When using the PreAdder and AMULTSEL is set to 'AD' and PREADDINSEL is set to 'A', the A operand should be restricted to 26 bit two's complement (and sign extended) to avoid over/underflow in the pre-add stage.
Related violations: <none>

REQP-1731#93 Warning
DSP_Abus_preadd_amult_sel_A_sign_bit_restriction  
DDR4_and_ZYNQ_TOP/DDR4_i/dpuczdx8g_0/inst/GenDpu0.u_dpu0/m_dpu_top/m_conv_top/inst_pea/u_mults/GenAddGrp[1].GenAddCh[1].GenMultOcp[3].u_mult_dsp_tree/GenMultPair[0].Gen8x8.u_mult_dsp/u_dsp/GenDsp48E2.u_dsp48e2: When using the PreAdder and AMULTSEL is set to 'AD' and PREADDINSEL is set to 'A', the A operand should be restricted to 26 bit two's complement (and sign extended) to avoid over/underflow in the pre-add stage.
Related violations: <none>

REQP-1731#94 Warning
DSP_Abus_preadd_amult_sel_A_sign_bit_restriction  
DDR4_and_ZYNQ_TOP/DDR4_i/dpuczdx8g_0/inst/GenDpu0.u_dpu0/m_dpu_top/m_conv_top/inst_pea/u_mults/GenAddGrp[1].GenAddCh[1].GenMultOcp[3].u_mult_dsp_tree/GenMultPair[1].Gen8x8.u_mult_dsp/u_dsp/GenDsp48E2.u_dsp48e2: When using the PreAdder and AMULTSEL is set to 'AD' and PREADDINSEL is set to 'A', the A operand should be restricted to 26 bit two's complement (and sign extended) to avoid over/underflow in the pre-add stage.
Related violations: <none>

REQP-1731#95 Warning
DSP_Abus_preadd_amult_sel_A_sign_bit_restriction  
DDR4_and_ZYNQ_TOP/DDR4_i/dpuczdx8g_0/inst/GenDpu0.u_dpu0/m_dpu_top/m_conv_top/inst_pea/u_mults/GenAddGrp[1].GenAddCh[1].GenMultOcp[3].u_mult_dsp_tree/GenMultPair[2].Gen8x8.u_mult_dsp/u_dsp/GenDsp48E2.u_dsp48e2: When using the PreAdder and AMULTSEL is set to 'AD' and PREADDINSEL is set to 'A', the A operand should be restricted to 26 bit two's complement (and sign extended) to avoid over/underflow in the pre-add stage.
Related violations: <none>

REQP-1731#96 Warning
DSP_Abus_preadd_amult_sel_A_sign_bit_restriction  
DDR4_and_ZYNQ_TOP/DDR4_i/dpuczdx8g_0/inst/GenDpu0.u_dpu0/m_dpu_top/m_conv_top/inst_pea/u_mults/GenAddGrp[1].GenAddCh[1].GenMultOcp[3].u_mult_dsp_tree/GenMultPair[3].Gen8x8.u_mult_dsp/u_dsp/GenDsp48E2.u_dsp48e2: When using the PreAdder and AMULTSEL is set to 'AD' and PREADDINSEL is set to 'A', the A operand should be restricted to 26 bit two's complement (and sign extended) to avoid over/underflow in the pre-add stage.
Related violations: <none>

REQP-1731#97 Warning
DSP_Abus_preadd_amult_sel_A_sign_bit_restriction  
DDR4_and_ZYNQ_TOP/DDR4_i/dpuczdx8g_0/inst/GenDpu0.u_dpu0/m_dpu_top/m_conv_top/inst_pea/u_mults/GenAddGrp[1].GenAddCh[2].GenMultOcp[0].u_mult_dsp_tree/GenMultPair[0].Gen8x8.u_mult_dsp/u_dsp/GenDsp48E2.u_dsp48e2: When using the PreAdder and AMULTSEL is set to 'AD' and PREADDINSEL is set to 'A', the A operand should be restricted to 26 bit two's complement (and sign extended) to avoid over/underflow in the pre-add stage.
Related violations: <none>

REQP-1731#98 Warning
DSP_Abus_preadd_amult_sel_A_sign_bit_restriction  
DDR4_and_ZYNQ_TOP/DDR4_i/dpuczdx8g_0/inst/GenDpu0.u_dpu0/m_dpu_top/m_conv_top/inst_pea/u_mults/GenAddGrp[1].GenAddCh[2].GenMultOcp[0].u_mult_dsp_tree/GenMultPair[1].Gen8x8.u_mult_dsp/u_dsp/GenDsp48E2.u_dsp48e2: When using the PreAdder and AMULTSEL is set to 'AD' and PREADDINSEL is set to 'A', the A operand should be restricted to 26 bit two's complement (and sign extended) to avoid over/underflow in the pre-add stage.
Related violations: <none>

REQP-1731#99 Warning
DSP_Abus_preadd_amult_sel_A_sign_bit_restriction  
DDR4_and_ZYNQ_TOP/DDR4_i/dpuczdx8g_0/inst/GenDpu0.u_dpu0/m_dpu_top/m_conv_top/inst_pea/u_mults/GenAddGrp[1].GenAddCh[2].GenMultOcp[0].u_mult_dsp_tree/GenMultPair[2].Gen8x8.u_mult_dsp/u_dsp/GenDsp48E2.u_dsp48e2: When using the PreAdder and AMULTSEL is set to 'AD' and PREADDINSEL is set to 'A', the A operand should be restricted to 26 bit two's complement (and sign extended) to avoid over/underflow in the pre-add stage.
Related violations: <none>

REQP-1731#100 Warning
DSP_Abus_preadd_amult_sel_A_sign_bit_restriction  
DDR4_and_ZYNQ_TOP/DDR4_i/dpuczdx8g_0/inst/GenDpu0.u_dpu0/m_dpu_top/m_conv_top/inst_pea/u_mults/GenAddGrp[1].GenAddCh[2].GenMultOcp[0].u_mult_dsp_tree/GenMultPair[3].Gen8x8.u_mult_dsp/u_dsp/GenDsp48E2.u_dsp48e2: When using the PreAdder and AMULTSEL is set to 'AD' and PREADDINSEL is set to 'A', the A operand should be restricted to 26 bit two's complement (and sign extended) to avoid over/underflow in the pre-add stage.
Related violations: <none>

REQP-1731#101 Warning
DSP_Abus_preadd_amult_sel_A_sign_bit_restriction  
DDR4_and_ZYNQ_TOP/DDR4_i/dpuczdx8g_0/inst/GenDpu0.u_dpu0/m_dpu_top/m_conv_top/inst_pea/u_mults/GenAddGrp[1].GenAddCh[2].GenMultOcp[1].u_mult_dsp_tree/GenMultPair[0].Gen8x8.u_mult_dsp/u_dsp/GenDsp48E2.u_dsp48e2: When using the PreAdder and AMULTSEL is set to 'AD' and PREADDINSEL is set to 'A', the A operand should be restricted to 26 bit two's complement (and sign extended) to avoid over/underflow in the pre-add stage.
Related violations: <none>

REQP-1731#102 Warning
DSP_Abus_preadd_amult_sel_A_sign_bit_restriction  
DDR4_and_ZYNQ_TOP/DDR4_i/dpuczdx8g_0/inst/GenDpu0.u_dpu0/m_dpu_top/m_conv_top/inst_pea/u_mults/GenAddGrp[1].GenAddCh[2].GenMultOcp[1].u_mult_dsp_tree/GenMultPair[1].Gen8x8.u_mult_dsp/u_dsp/GenDsp48E2.u_dsp48e2: When using the PreAdder and AMULTSEL is set to 'AD' and PREADDINSEL is set to 'A', the A operand should be restricted to 26 bit two's complement (and sign extended) to avoid over/underflow in the pre-add stage.
Related violations: <none>

REQP-1731#103 Warning
DSP_Abus_preadd_amult_sel_A_sign_bit_restriction  
DDR4_and_ZYNQ_TOP/DDR4_i/dpuczdx8g_0/inst/GenDpu0.u_dpu0/m_dpu_top/m_conv_top/inst_pea/u_mults/GenAddGrp[1].GenAddCh[2].GenMultOcp[1].u_mult_dsp_tree/GenMultPair[2].Gen8x8.u_mult_dsp/u_dsp/GenDsp48E2.u_dsp48e2: When using the PreAdder and AMULTSEL is set to 'AD' and PREADDINSEL is set to 'A', the A operand should be restricted to 26 bit two's complement (and sign extended) to avoid over/underflow in the pre-add stage.
Related violations: <none>

REQP-1731#104 Warning
DSP_Abus_preadd_amult_sel_A_sign_bit_restriction  
DDR4_and_ZYNQ_TOP/DDR4_i/dpuczdx8g_0/inst/GenDpu0.u_dpu0/m_dpu_top/m_conv_top/inst_pea/u_mults/GenAddGrp[1].GenAddCh[2].GenMultOcp[1].u_mult_dsp_tree/GenMultPair[3].Gen8x8.u_mult_dsp/u_dsp/GenDsp48E2.u_dsp48e2: When using the PreAdder and AMULTSEL is set to 'AD' and PREADDINSEL is set to 'A', the A operand should be restricted to 26 bit two's complement (and sign extended) to avoid over/underflow in the pre-add stage.
Related violations: <none>

REQP-1731#105 Warning
DSP_Abus_preadd_amult_sel_A_sign_bit_restriction  
DDR4_and_ZYNQ_TOP/DDR4_i/dpuczdx8g_0/inst/GenDpu0.u_dpu0/m_dpu_top/m_conv_top/inst_pea/u_mults/GenAddGrp[1].GenAddCh[2].GenMultOcp[2].u_mult_dsp_tree/GenMultPair[0].Gen8x8.u_mult_dsp/u_dsp/GenDsp48E2.u_dsp48e2: When using the PreAdder and AMULTSEL is set to 'AD' and PREADDINSEL is set to 'A', the A operand should be restricted to 26 bit two's complement (and sign extended) to avoid over/underflow in the pre-add stage.
Related violations: <none>

REQP-1731#106 Warning
DSP_Abus_preadd_amult_sel_A_sign_bit_restriction  
DDR4_and_ZYNQ_TOP/DDR4_i/dpuczdx8g_0/inst/GenDpu0.u_dpu0/m_dpu_top/m_conv_top/inst_pea/u_mults/GenAddGrp[1].GenAddCh[2].GenMultOcp[2].u_mult_dsp_tree/GenMultPair[1].Gen8x8.u_mult_dsp/u_dsp/GenDsp48E2.u_dsp48e2: When using the PreAdder and AMULTSEL is set to 'AD' and PREADDINSEL is set to 'A', the A operand should be restricted to 26 bit two's complement (and sign extended) to avoid over/underflow in the pre-add stage.
Related violations: <none>

REQP-1731#107 Warning
DSP_Abus_preadd_amult_sel_A_sign_bit_restriction  
DDR4_and_ZYNQ_TOP/DDR4_i/dpuczdx8g_0/inst/GenDpu0.u_dpu0/m_dpu_top/m_conv_top/inst_pea/u_mults/GenAddGrp[1].GenAddCh[2].GenMultOcp[2].u_mult_dsp_tree/GenMultPair[2].Gen8x8.u_mult_dsp/u_dsp/GenDsp48E2.u_dsp48e2: When using the PreAdder and AMULTSEL is set to 'AD' and PREADDINSEL is set to 'A', the A operand should be restricted to 26 bit two's complement (and sign extended) to avoid over/underflow in the pre-add stage.
Related violations: <none>

REQP-1731#108 Warning
DSP_Abus_preadd_amult_sel_A_sign_bit_restriction  
DDR4_and_ZYNQ_TOP/DDR4_i/dpuczdx8g_0/inst/GenDpu0.u_dpu0/m_dpu_top/m_conv_top/inst_pea/u_mults/GenAddGrp[1].GenAddCh[2].GenMultOcp[2].u_mult_dsp_tree/GenMultPair[3].Gen8x8.u_mult_dsp/u_dsp/GenDsp48E2.u_dsp48e2: When using the PreAdder and AMULTSEL is set to 'AD' and PREADDINSEL is set to 'A', the A operand should be restricted to 26 bit two's complement (and sign extended) to avoid over/underflow in the pre-add stage.
Related violations: <none>

REQP-1731#109 Warning
DSP_Abus_preadd_amult_sel_A_sign_bit_restriction  
DDR4_and_ZYNQ_TOP/DDR4_i/dpuczdx8g_0/inst/GenDpu0.u_dpu0/m_dpu_top/m_conv_top/inst_pea/u_mults/GenAddGrp[1].GenAddCh[2].GenMultOcp[3].u_mult_dsp_tree/GenMultPair[0].Gen8x8.u_mult_dsp/u_dsp/GenDsp48E2.u_dsp48e2: When using the PreAdder and AMULTSEL is set to 'AD' and PREADDINSEL is set to 'A', the A operand should be restricted to 26 bit two's complement (and sign extended) to avoid over/underflow in the pre-add stage.
Related violations: <none>

REQP-1731#110 Warning
DSP_Abus_preadd_amult_sel_A_sign_bit_restriction  
DDR4_and_ZYNQ_TOP/DDR4_i/dpuczdx8g_0/inst/GenDpu0.u_dpu0/m_dpu_top/m_conv_top/inst_pea/u_mults/GenAddGrp[1].GenAddCh[2].GenMultOcp[3].u_mult_dsp_tree/GenMultPair[1].Gen8x8.u_mult_dsp/u_dsp/GenDsp48E2.u_dsp48e2: When using the PreAdder and AMULTSEL is set to 'AD' and PREADDINSEL is set to 'A', the A operand should be restricted to 26 bit two's complement (and sign extended) to avoid over/underflow in the pre-add stage.
Related violations: <none>

REQP-1731#111 Warning
DSP_Abus_preadd_amult_sel_A_sign_bit_restriction  
DDR4_and_ZYNQ_TOP/DDR4_i/dpuczdx8g_0/inst/GenDpu0.u_dpu0/m_dpu_top/m_conv_top/inst_pea/u_mults/GenAddGrp[1].GenAddCh[2].GenMultOcp[3].u_mult_dsp_tree/GenMultPair[2].Gen8x8.u_mult_dsp/u_dsp/GenDsp48E2.u_dsp48e2: When using the PreAdder and AMULTSEL is set to 'AD' and PREADDINSEL is set to 'A', the A operand should be restricted to 26 bit two's complement (and sign extended) to avoid over/underflow in the pre-add stage.
Related violations: <none>

REQP-1731#112 Warning
DSP_Abus_preadd_amult_sel_A_sign_bit_restriction  
DDR4_and_ZYNQ_TOP/DDR4_i/dpuczdx8g_0/inst/GenDpu0.u_dpu0/m_dpu_top/m_conv_top/inst_pea/u_mults/GenAddGrp[1].GenAddCh[2].GenMultOcp[3].u_mult_dsp_tree/GenMultPair[3].Gen8x8.u_mult_dsp/u_dsp/GenDsp48E2.u_dsp48e2: When using the PreAdder and AMULTSEL is set to 'AD' and PREADDINSEL is set to 'A', the A operand should be restricted to 26 bit two's complement (and sign extended) to avoid over/underflow in the pre-add stage.
Related violations: <none>

REQP-1731#113 Warning
DSP_Abus_preadd_amult_sel_A_sign_bit_restriction  
DDR4_and_ZYNQ_TOP/DDR4_i/dpuczdx8g_0/inst/GenDpu0.u_dpu0/m_dpu_top/m_conv_top/inst_pea/u_mults/GenAddGrp[1].GenAddCh[3].GenMultOcp[0].u_mult_dsp_tree/GenMultPair[0].Gen8x8.u_mult_dsp/u_dsp/GenDsp48E2.u_dsp48e2: When using the PreAdder and AMULTSEL is set to 'AD' and PREADDINSEL is set to 'A', the A operand should be restricted to 26 bit two's complement (and sign extended) to avoid over/underflow in the pre-add stage.
Related violations: <none>

REQP-1731#114 Warning
DSP_Abus_preadd_amult_sel_A_sign_bit_restriction  
DDR4_and_ZYNQ_TOP/DDR4_i/dpuczdx8g_0/inst/GenDpu0.u_dpu0/m_dpu_top/m_conv_top/inst_pea/u_mults/GenAddGrp[1].GenAddCh[3].GenMultOcp[0].u_mult_dsp_tree/GenMultPair[1].Gen8x8.u_mult_dsp/u_dsp/GenDsp48E2.u_dsp48e2: When using the PreAdder and AMULTSEL is set to 'AD' and PREADDINSEL is set to 'A', the A operand should be restricted to 26 bit two's complement (and sign extended) to avoid over/underflow in the pre-add stage.
Related violations: <none>

REQP-1731#115 Warning
DSP_Abus_preadd_amult_sel_A_sign_bit_restriction  
DDR4_and_ZYNQ_TOP/DDR4_i/dpuczdx8g_0/inst/GenDpu0.u_dpu0/m_dpu_top/m_conv_top/inst_pea/u_mults/GenAddGrp[1].GenAddCh[3].GenMultOcp[0].u_mult_dsp_tree/GenMultPair[2].Gen8x8.u_mult_dsp/u_dsp/GenDsp48E2.u_dsp48e2: When using the PreAdder and AMULTSEL is set to 'AD' and PREADDINSEL is set to 'A', the A operand should be restricted to 26 bit two's complement (and sign extended) to avoid over/underflow in the pre-add stage.
Related violations: <none>

REQP-1731#116 Warning
DSP_Abus_preadd_amult_sel_A_sign_bit_restriction  
DDR4_and_ZYNQ_TOP/DDR4_i/dpuczdx8g_0/inst/GenDpu0.u_dpu0/m_dpu_top/m_conv_top/inst_pea/u_mults/GenAddGrp[1].GenAddCh[3].GenMultOcp[0].u_mult_dsp_tree/GenMultPair[3].Gen8x8.u_mult_dsp/u_dsp/GenDsp48E2.u_dsp48e2: When using the PreAdder and AMULTSEL is set to 'AD' and PREADDINSEL is set to 'A', the A operand should be restricted to 26 bit two's complement (and sign extended) to avoid over/underflow in the pre-add stage.
Related violations: <none>

REQP-1731#117 Warning
DSP_Abus_preadd_amult_sel_A_sign_bit_restriction  
DDR4_and_ZYNQ_TOP/DDR4_i/dpuczdx8g_0/inst/GenDpu0.u_dpu0/m_dpu_top/m_conv_top/inst_pea/u_mults/GenAddGrp[1].GenAddCh[3].GenMultOcp[1].u_mult_dsp_tree/GenMultPair[0].Gen8x8.u_mult_dsp/u_dsp/GenDsp48E2.u_dsp48e2: When using the PreAdder and AMULTSEL is set to 'AD' and PREADDINSEL is set to 'A', the A operand should be restricted to 26 bit two's complement (and sign extended) to avoid over/underflow in the pre-add stage.
Related violations: <none>

REQP-1731#118 Warning
DSP_Abus_preadd_amult_sel_A_sign_bit_restriction  
DDR4_and_ZYNQ_TOP/DDR4_i/dpuczdx8g_0/inst/GenDpu0.u_dpu0/m_dpu_top/m_conv_top/inst_pea/u_mults/GenAddGrp[1].GenAddCh[3].GenMultOcp[1].u_mult_dsp_tree/GenMultPair[1].Gen8x8.u_mult_dsp/u_dsp/GenDsp48E2.u_dsp48e2: When using the PreAdder and AMULTSEL is set to 'AD' and PREADDINSEL is set to 'A', the A operand should be restricted to 26 bit two's complement (and sign extended) to avoid over/underflow in the pre-add stage.
Related violations: <none>

REQP-1731#119 Warning
DSP_Abus_preadd_amult_sel_A_sign_bit_restriction  
DDR4_and_ZYNQ_TOP/DDR4_i/dpuczdx8g_0/inst/GenDpu0.u_dpu0/m_dpu_top/m_conv_top/inst_pea/u_mults/GenAddGrp[1].GenAddCh[3].GenMultOcp[1].u_mult_dsp_tree/GenMultPair[2].Gen8x8.u_mult_dsp/u_dsp/GenDsp48E2.u_dsp48e2: When using the PreAdder and AMULTSEL is set to 'AD' and PREADDINSEL is set to 'A', the A operand should be restricted to 26 bit two's complement (and sign extended) to avoid over/underflow in the pre-add stage.
Related violations: <none>

REQP-1731#120 Warning
DSP_Abus_preadd_amult_sel_A_sign_bit_restriction  
DDR4_and_ZYNQ_TOP/DDR4_i/dpuczdx8g_0/inst/GenDpu0.u_dpu0/m_dpu_top/m_conv_top/inst_pea/u_mults/GenAddGrp[1].GenAddCh[3].GenMultOcp[1].u_mult_dsp_tree/GenMultPair[3].Gen8x8.u_mult_dsp/u_dsp/GenDsp48E2.u_dsp48e2: When using the PreAdder and AMULTSEL is set to 'AD' and PREADDINSEL is set to 'A', the A operand should be restricted to 26 bit two's complement (and sign extended) to avoid over/underflow in the pre-add stage.
Related violations: <none>

REQP-1731#121 Warning
DSP_Abus_preadd_amult_sel_A_sign_bit_restriction  
DDR4_and_ZYNQ_TOP/DDR4_i/dpuczdx8g_0/inst/GenDpu0.u_dpu0/m_dpu_top/m_conv_top/inst_pea/u_mults/GenAddGrp[1].GenAddCh[3].GenMultOcp[2].u_mult_dsp_tree/GenMultPair[0].Gen8x8.u_mult_dsp/u_dsp/GenDsp48E2.u_dsp48e2: When using the PreAdder and AMULTSEL is set to 'AD' and PREADDINSEL is set to 'A', the A operand should be restricted to 26 bit two's complement (and sign extended) to avoid over/underflow in the pre-add stage.
Related violations: <none>

REQP-1731#122 Warning
DSP_Abus_preadd_amult_sel_A_sign_bit_restriction  
DDR4_and_ZYNQ_TOP/DDR4_i/dpuczdx8g_0/inst/GenDpu0.u_dpu0/m_dpu_top/m_conv_top/inst_pea/u_mults/GenAddGrp[1].GenAddCh[3].GenMultOcp[2].u_mult_dsp_tree/GenMultPair[1].Gen8x8.u_mult_dsp/u_dsp/GenDsp48E2.u_dsp48e2: When using the PreAdder and AMULTSEL is set to 'AD' and PREADDINSEL is set to 'A', the A operand should be restricted to 26 bit two's complement (and sign extended) to avoid over/underflow in the pre-add stage.
Related violations: <none>

REQP-1731#123 Warning
DSP_Abus_preadd_amult_sel_A_sign_bit_restriction  
DDR4_and_ZYNQ_TOP/DDR4_i/dpuczdx8g_0/inst/GenDpu0.u_dpu0/m_dpu_top/m_conv_top/inst_pea/u_mults/GenAddGrp[1].GenAddCh[3].GenMultOcp[2].u_mult_dsp_tree/GenMultPair[2].Gen8x8.u_mult_dsp/u_dsp/GenDsp48E2.u_dsp48e2: When using the PreAdder and AMULTSEL is set to 'AD' and PREADDINSEL is set to 'A', the A operand should be restricted to 26 bit two's complement (and sign extended) to avoid over/underflow in the pre-add stage.
Related violations: <none>

REQP-1731#124 Warning
DSP_Abus_preadd_amult_sel_A_sign_bit_restriction  
DDR4_and_ZYNQ_TOP/DDR4_i/dpuczdx8g_0/inst/GenDpu0.u_dpu0/m_dpu_top/m_conv_top/inst_pea/u_mults/GenAddGrp[1].GenAddCh[3].GenMultOcp[2].u_mult_dsp_tree/GenMultPair[3].Gen8x8.u_mult_dsp/u_dsp/GenDsp48E2.u_dsp48e2: When using the PreAdder and AMULTSEL is set to 'AD' and PREADDINSEL is set to 'A', the A operand should be restricted to 26 bit two's complement (and sign extended) to avoid over/underflow in the pre-add stage.
Related violations: <none>

REQP-1731#125 Warning
DSP_Abus_preadd_amult_sel_A_sign_bit_restriction  
DDR4_and_ZYNQ_TOP/DDR4_i/dpuczdx8g_0/inst/GenDpu0.u_dpu0/m_dpu_top/m_conv_top/inst_pea/u_mults/GenAddGrp[1].GenAddCh[3].GenMultOcp[3].u_mult_dsp_tree/GenMultPair[0].Gen8x8.u_mult_dsp/u_dsp/GenDsp48E2.u_dsp48e2: When using the PreAdder and AMULTSEL is set to 'AD' and PREADDINSEL is set to 'A', the A operand should be restricted to 26 bit two's complement (and sign extended) to avoid over/underflow in the pre-add stage.
Related violations: <none>

REQP-1731#126 Warning
DSP_Abus_preadd_amult_sel_A_sign_bit_restriction  
DDR4_and_ZYNQ_TOP/DDR4_i/dpuczdx8g_0/inst/GenDpu0.u_dpu0/m_dpu_top/m_conv_top/inst_pea/u_mults/GenAddGrp[1].GenAddCh[3].GenMultOcp[3].u_mult_dsp_tree/GenMultPair[1].Gen8x8.u_mult_dsp/u_dsp/GenDsp48E2.u_dsp48e2: When using the PreAdder and AMULTSEL is set to 'AD' and PREADDINSEL is set to 'A', the A operand should be restricted to 26 bit two's complement (and sign extended) to avoid over/underflow in the pre-add stage.
Related violations: <none>

REQP-1731#127 Warning
DSP_Abus_preadd_amult_sel_A_sign_bit_restriction  
DDR4_and_ZYNQ_TOP/DDR4_i/dpuczdx8g_0/inst/GenDpu0.u_dpu0/m_dpu_top/m_conv_top/inst_pea/u_mults/GenAddGrp[1].GenAddCh[3].GenMultOcp[3].u_mult_dsp_tree/GenMultPair[2].Gen8x8.u_mult_dsp/u_dsp/GenDsp48E2.u_dsp48e2: When using the PreAdder and AMULTSEL is set to 'AD' and PREADDINSEL is set to 'A', the A operand should be restricted to 26 bit two's complement (and sign extended) to avoid over/underflow in the pre-add stage.
Related violations: <none>

REQP-1731#128 Warning
DSP_Abus_preadd_amult_sel_A_sign_bit_restriction  
DDR4_and_ZYNQ_TOP/DDR4_i/dpuczdx8g_0/inst/GenDpu0.u_dpu0/m_dpu_top/m_conv_top/inst_pea/u_mults/GenAddGrp[1].GenAddCh[3].GenMultOcp[3].u_mult_dsp_tree/GenMultPair[3].Gen8x8.u_mult_dsp/u_dsp/GenDsp48E2.u_dsp48e2: When using the PreAdder and AMULTSEL is set to 'AD' and PREADDINSEL is set to 'A', the A operand should be restricted to 26 bit two's complement (and sign extended) to avoid over/underflow in the pre-add stage.
Related violations: <none>

REQP-1857#1 Warning
RAMB18E2_writefirst_collision_advisory  
Synchronous clocking is detected for BRAM (DDR4_and_ZYNQ_TOP/DDR4_i/axi_interconnect_0/s00_couplers/s00_data_fifo/inst/gen_fifo.fifo_gen_inst/inst_fifo_gen/gaxi_full_lite.gwrite_ch.gwdch2.axi_wdch/grf.rf/gntv_or_sync_fifo.mem/gbm.gbmg.gbmga.ngecc.bmg/inst_blk_mem_gen/gnbram.gnativebmg.native_blk_mem_gen/valid.cstr/ramloop[0].ram.r/prim_noinit.ram/DEVICE_8SERIES.NO_BMM_INFO.SDP.WIDE_PRIM18.ram) in SDP mode with WRITE_FIRST write-mode. It is strongly suggested to change this mode to NO_CHANGE for best power characteristics. However, both WRITE_FIRST and NO_CHANGE may exhibit address collisions if the same address appears on both read and write ports resulting in unknown or corrupted read data. It is suggested to confirm via simulation that an address collision never occurs and if so it is suggested to try and avoid this situation. If address collisions cannot be avoided, the write-mode may be set to READ_FIRST which guarantees that the read data is the prior contents of the memory at the cost of additional power in the design. See the FPGA Memory Resources User Guide for additional information.
Related violations: <none>

REQP-1857#2 Warning
RAMB18E2_writefirst_collision_advisory  
Synchronous clocking is detected for BRAM (DDR4_and_ZYNQ_TOP/DDR4_i/axi_interconnect_0/s01_couplers/s01_data_fifo/inst/gen_fifo.fifo_gen_inst/inst_fifo_gen/gaxi_full_lite.gwrite_ch.gwdch2.axi_wdch/grf.rf/gntv_or_sync_fifo.mem/gbm.gbmg.gbmga.ngecc.bmg/inst_blk_mem_gen/gnbram.gnativebmg.native_blk_mem_gen/valid.cstr/ramloop[0].ram.r/prim_noinit.ram/DEVICE_8SERIES.NO_BMM_INFO.SDP.WIDE_PRIM18.ram) in SDP mode with WRITE_FIRST write-mode. It is strongly suggested to change this mode to NO_CHANGE for best power characteristics. However, both WRITE_FIRST and NO_CHANGE may exhibit address collisions if the same address appears on both read and write ports resulting in unknown or corrupted read data. It is suggested to confirm via simulation that an address collision never occurs and if so it is suggested to try and avoid this situation. If address collisions cannot be avoided, the write-mode may be set to READ_FIRST which guarantees that the read data is the prior contents of the memory at the cost of additional power in the design. See the FPGA Memory Resources User Guide for additional information.
Related violations: <none>

REQP-1857#3 Warning
RAMB18E2_writefirst_collision_advisory  
Synchronous clocking is detected for BRAM (DDR4_and_ZYNQ_TOP/DDR4_i/axi_interconnect_0/s02_couplers/s02_data_fifo/inst/gen_fifo.fifo_gen_inst/inst_fifo_gen/gaxi_full_lite.gwrite_ch.gwdch2.axi_wdch/grf.rf/gntv_or_sync_fifo.mem/gbm.gbmg.gbmga.ngecc.bmg/inst_blk_mem_gen/gnbram.gnativebmg.native_blk_mem_gen/valid.cstr/ramloop[0].ram.r/prim_noinit.ram/DEVICE_8SERIES.NO_BMM_INFO.SDP.WIDE_PRIM18.ram) in SDP mode with WRITE_FIRST write-mode. It is strongly suggested to change this mode to NO_CHANGE for best power characteristics. However, both WRITE_FIRST and NO_CHANGE may exhibit address collisions if the same address appears on both read and write ports resulting in unknown or corrupted read data. It is suggested to confirm via simulation that an address collision never occurs and if so it is suggested to try and avoid this situation. If address collisions cannot be avoided, the write-mode may be set to READ_FIRST which guarantees that the read data is the prior contents of the memory at the cost of additional power in the design. See the FPGA Memory Resources User Guide for additional information.
Related violations: <none>

REQP-1857#4 Warning
RAMB18E2_writefirst_collision_advisory  
Synchronous clocking is detected for BRAM (DDR4_and_ZYNQ_TOP/DDR4_i/axi_interconnect_0/s03_couplers/s03_data_fifo/inst/gen_fifo.fifo_gen_inst/inst_fifo_gen/gaxi_full_lite.gread_ch.grdch2.axi_rdch/grf.rf/gntv_or_sync_fifo.mem/gbm.gbmg.gbmga.ngecc.bmg/inst_blk_mem_gen/gnbram.gnativebmg.native_blk_mem_gen/valid.cstr/ramloop[0].ram.r/prim_noinit.ram/DEVICE_8SERIES.NO_BMM_INFO.SDP.WIDE_PRIM18.ram) in SDP mode with WRITE_FIRST write-mode. It is strongly suggested to change this mode to NO_CHANGE for best power characteristics. However, both WRITE_FIRST and NO_CHANGE may exhibit address collisions if the same address appears on both read and write ports resulting in unknown or corrupted read data. It is suggested to confirm via simulation that an address collision never occurs and if so it is suggested to try and avoid this situation. If address collisions cannot be avoided, the write-mode may be set to READ_FIRST which guarantees that the read data is the prior contents of the memory at the cost of additional power in the design. See the FPGA Memory Resources User Guide for additional information.
Related violations: <none>

REQP-1857#5 Warning
RAMB18E2_writefirst_collision_advisory  
Synchronous clocking is detected for BRAM (DDR4_and_ZYNQ_TOP/DDR4_i/axi_interconnect_0/s03_couplers/s03_data_fifo/inst/gen_fifo.fifo_gen_inst/inst_fifo_gen/gaxi_full_lite.gwrite_ch.gwdch2.axi_wdch/grf.rf/gntv_or_sync_fifo.mem/gbm.gbmg.gbmga.ngecc.bmg/inst_blk_mem_gen/gnbram.gnativebmg.native_blk_mem_gen/valid.cstr/ramloop[0].ram.r/prim_noinit.ram/DEVICE_8SERIES.NO_BMM_INFO.SDP.WIDE_PRIM18.ram) in SDP mode with WRITE_FIRST write-mode. It is strongly suggested to change this mode to NO_CHANGE for best power characteristics. However, both WRITE_FIRST and NO_CHANGE may exhibit address collisions if the same address appears on both read and write ports resulting in unknown or corrupted read data. It is suggested to confirm via simulation that an address collision never occurs and if so it is suggested to try and avoid this situation. If address collisions cannot be avoided, the write-mode may be set to READ_FIRST which guarantees that the read data is the prior contents of the memory at the cost of additional power in the design. See the FPGA Memory Resources User Guide for additional information.
Related violations: <none>

REQP-1858#1 Warning
RAMB36E2_writefirst_collision_advisory  
Synchronous clocking is detected for BRAM (DDR4_and_ZYNQ_TOP/DDR4_i/axi_interconnect_0/s00_couplers/s00_data_fifo/inst/gen_fifo.fifo_gen_inst/inst_fifo_gen/gaxi_full_lite.gwrite_ch.gwdch2.axi_wdch/grf.rf/gntv_or_sync_fifo.mem/gbm.gbmg.gbmga.ngecc.bmg/inst_blk_mem_gen/gnbram.gnativebmg.native_blk_mem_gen/valid.cstr/ramloop[1].ram.r/prim_noinit.ram/DEVICE_8SERIES.NO_BMM_INFO.SDP.WIDE_PRIM36_NO_ECC.ram) in SDP mode with WRITE_FIRST write-mode. It is strongly suggested to change this mode to NO_CHANGE for best power characteristics. However, both WRITE_FIRST and NO_CHANGE may exhibit address collisions if the same address appears on both read and write ports resulting in unknown or corrupted read data. It is suggested to confirm via simulation that an address collision never occurs and if so it is suggested to try and avoid this situation. If address collisions cannot be avoided, the write-mode may be set to READ_FIRST which guarantees that the read data is the prior contents of the memory at the cost of additional power in the design. See the FPGA Memory Resources User Guide for additional information.
Related violations: <none>

REQP-1858#2 Warning
RAMB36E2_writefirst_collision_advisory  
Synchronous clocking is detected for BRAM (DDR4_and_ZYNQ_TOP/DDR4_i/axi_interconnect_0/s00_couplers/s00_data_fifo/inst/gen_fifo.fifo_gen_inst/inst_fifo_gen/gaxi_full_lite.gwrite_ch.gwdch2.axi_wdch/grf.rf/gntv_or_sync_fifo.mem/gbm.gbmg.gbmga.ngecc.bmg/inst_blk_mem_gen/gnbram.gnativebmg.native_blk_mem_gen/valid.cstr/ramloop[2].ram.r/prim_noinit.ram/DEVICE_8SERIES.NO_BMM_INFO.SDP.WIDE_PRIM36_NO_ECC.ram) in SDP mode with WRITE_FIRST write-mode. It is strongly suggested to change this mode to NO_CHANGE for best power characteristics. However, both WRITE_FIRST and NO_CHANGE may exhibit address collisions if the same address appears on both read and write ports resulting in unknown or corrupted read data. It is suggested to confirm via simulation that an address collision never occurs and if so it is suggested to try and avoid this situation. If address collisions cannot be avoided, the write-mode may be set to READ_FIRST which guarantees that the read data is the prior contents of the memory at the cost of additional power in the design. See the FPGA Memory Resources User Guide for additional information.
Related violations: <none>

REQP-1858#3 Warning
RAMB36E2_writefirst_collision_advisory  
Synchronous clocking is detected for BRAM (DDR4_and_ZYNQ_TOP/DDR4_i/axi_interconnect_0/s01_couplers/s01_data_fifo/inst/gen_fifo.fifo_gen_inst/inst_fifo_gen/gaxi_full_lite.gwrite_ch.gwdch2.axi_wdch/grf.rf/gntv_or_sync_fifo.mem/gbm.gbmg.gbmga.ngecc.bmg/inst_blk_mem_gen/gnbram.gnativebmg.native_blk_mem_gen/valid.cstr/ramloop[1].ram.r/prim_noinit.ram/DEVICE_8SERIES.NO_BMM_INFO.SDP.WIDE_PRIM36_NO_ECC.ram) in SDP mode with WRITE_FIRST write-mode. It is strongly suggested to change this mode to NO_CHANGE for best power characteristics. However, both WRITE_FIRST and NO_CHANGE may exhibit address collisions if the same address appears on both read and write ports resulting in unknown or corrupted read data. It is suggested to confirm via simulation that an address collision never occurs and if so it is suggested to try and avoid this situation. If address collisions cannot be avoided, the write-mode may be set to READ_FIRST which guarantees that the read data is the prior contents of the memory at the cost of additional power in the design. See the FPGA Memory Resources User Guide for additional information.
Related violations: <none>

REQP-1858#4 Warning
RAMB36E2_writefirst_collision_advisory  
Synchronous clocking is detected for BRAM (DDR4_and_ZYNQ_TOP/DDR4_i/axi_interconnect_0/s01_couplers/s01_data_fifo/inst/gen_fifo.fifo_gen_inst/inst_fifo_gen/gaxi_full_lite.gwrite_ch.gwdch2.axi_wdch/grf.rf/gntv_or_sync_fifo.mem/gbm.gbmg.gbmga.ngecc.bmg/inst_blk_mem_gen/gnbram.gnativebmg.native_blk_mem_gen/valid.cstr/ramloop[2].ram.r/prim_noinit.ram/DEVICE_8SERIES.NO_BMM_INFO.SDP.WIDE_PRIM36_NO_ECC.ram) in SDP mode with WRITE_FIRST write-mode. It is strongly suggested to change this mode to NO_CHANGE for best power characteristics. However, both WRITE_FIRST and NO_CHANGE may exhibit address collisions if the same address appears on both read and write ports resulting in unknown or corrupted read data. It is suggested to confirm via simulation that an address collision never occurs and if so it is suggested to try and avoid this situation. If address collisions cannot be avoided, the write-mode may be set to READ_FIRST which guarantees that the read data is the prior contents of the memory at the cost of additional power in the design. See the FPGA Memory Resources User Guide for additional information.
Related violations: <none>

REQP-1858#5 Warning
RAMB36E2_writefirst_collision_advisory  
Synchronous clocking is detected for BRAM (DDR4_and_ZYNQ_TOP/DDR4_i/axi_interconnect_0/s02_couplers/s02_data_fifo/inst/gen_fifo.fifo_gen_inst/inst_fifo_gen/gaxi_full_lite.gwrite_ch.gwdch2.axi_wdch/grf.rf/gntv_or_sync_fifo.mem/gbm.gbmg.gbmga.ngecc.bmg/inst_blk_mem_gen/gnbram.gnativebmg.native_blk_mem_gen/valid.cstr/ramloop[1].ram.r/prim_noinit.ram/DEVICE_8SERIES.NO_BMM_INFO.SDP.WIDE_PRIM36_NO_ECC.ram) in SDP mode with WRITE_FIRST write-mode. It is strongly suggested to change this mode to NO_CHANGE for best power characteristics. However, both WRITE_FIRST and NO_CHANGE may exhibit address collisions if the same address appears on both read and write ports resulting in unknown or corrupted read data. It is suggested to confirm via simulation that an address collision never occurs and if so it is suggested to try and avoid this situation. If address collisions cannot be avoided, the write-mode may be set to READ_FIRST which guarantees that the read data is the prior contents of the memory at the cost of additional power in the design. See the FPGA Memory Resources User Guide for additional information.
Related violations: <none>

REQP-1858#6 Warning
RAMB36E2_writefirst_collision_advisory  
Synchronous clocking is detected for BRAM (DDR4_and_ZYNQ_TOP/DDR4_i/axi_interconnect_0/s02_couplers/s02_data_fifo/inst/gen_fifo.fifo_gen_inst/inst_fifo_gen/gaxi_full_lite.gwrite_ch.gwdch2.axi_wdch/grf.rf/gntv_or_sync_fifo.mem/gbm.gbmg.gbmga.ngecc.bmg/inst_blk_mem_gen/gnbram.gnativebmg.native_blk_mem_gen/valid.cstr/ramloop[2].ram.r/prim_noinit.ram/DEVICE_8SERIES.NO_BMM_INFO.SDP.WIDE_PRIM36_NO_ECC.ram) in SDP mode with WRITE_FIRST write-mode. It is strongly suggested to change this mode to NO_CHANGE for best power characteristics. However, both WRITE_FIRST and NO_CHANGE may exhibit address collisions if the same address appears on both read and write ports resulting in unknown or corrupted read data. It is suggested to confirm via simulation that an address collision never occurs and if so it is suggested to try and avoid this situation. If address collisions cannot be avoided, the write-mode may be set to READ_FIRST which guarantees that the read data is the prior contents of the memory at the cost of additional power in the design. See the FPGA Memory Resources User Guide for additional information.
Related violations: <none>

REQP-1858#7 Warning
RAMB36E2_writefirst_collision_advisory  
Synchronous clocking is detected for BRAM (DDR4_and_ZYNQ_TOP/DDR4_i/axi_interconnect_0/s03_couplers/s03_data_fifo/inst/gen_fifo.fifo_gen_inst/inst_fifo_gen/gaxi_full_lite.gread_ch.grdch2.axi_rdch/grf.rf/gntv_or_sync_fifo.mem/gbm.gbmg.gbmga.ngecc.bmg/inst_blk_mem_gen/gnbram.gnativebmg.native_blk_mem_gen/valid.cstr/ramloop[1].ram.r/prim_noinit.ram/DEVICE_8SERIES.NO_BMM_INFO.SDP.WIDE_PRIM36_NO_ECC.ram) in SDP mode with WRITE_FIRST write-mode. It is strongly suggested to change this mode to NO_CHANGE for best power characteristics. However, both WRITE_FIRST and NO_CHANGE may exhibit address collisions if the same address appears on both read and write ports resulting in unknown or corrupted read data. It is suggested to confirm via simulation that an address collision never occurs and if so it is suggested to try and avoid this situation. If address collisions cannot be avoided, the write-mode may be set to READ_FIRST which guarantees that the read data is the prior contents of the memory at the cost of additional power in the design. See the FPGA Memory Resources User Guide for additional information.
Related violations: <none>

REQP-1858#8 Warning
RAMB36E2_writefirst_collision_advisory  
Synchronous clocking is detected for BRAM (DDR4_and_ZYNQ_TOP/DDR4_i/axi_interconnect_0/s03_couplers/s03_data_fifo/inst/gen_fifo.fifo_gen_inst/inst_fifo_gen/gaxi_full_lite.gread_ch.grdch2.axi_rdch/grf.rf/gntv_or_sync_fifo.mem/gbm.gbmg.gbmga.ngecc.bmg/inst_blk_mem_gen/gnbram.gnativebmg.native_blk_mem_gen/valid.cstr/ramloop[2].ram.r/prim_noinit.ram/DEVICE_8SERIES.NO_BMM_INFO.SDP.WIDE_PRIM36_NO_ECC.ram) in SDP mode with WRITE_FIRST write-mode. It is strongly suggested to change this mode to NO_CHANGE for best power characteristics. However, both WRITE_FIRST and NO_CHANGE may exhibit address collisions if the same address appears on both read and write ports resulting in unknown or corrupted read data. It is suggested to confirm via simulation that an address collision never occurs and if so it is suggested to try and avoid this situation. If address collisions cannot be avoided, the write-mode may be set to READ_FIRST which guarantees that the read data is the prior contents of the memory at the cost of additional power in the design. See the FPGA Memory Resources User Guide for additional information.
Related violations: <none>

REQP-1858#9 Warning
RAMB36E2_writefirst_collision_advisory  
Synchronous clocking is detected for BRAM (DDR4_and_ZYNQ_TOP/DDR4_i/axi_interconnect_0/s03_couplers/s03_data_fifo/inst/gen_fifo.fifo_gen_inst/inst_fifo_gen/gaxi_full_lite.gwrite_ch.gwdch2.axi_wdch/grf.rf/gntv_or_sync_fifo.mem/gbm.gbmg.gbmga.ngecc.bmg/inst_blk_mem_gen/gnbram.gnativebmg.native_blk_mem_gen/valid.cstr/ramloop[1].ram.r/prim_noinit.ram/DEVICE_8SERIES.NO_BMM_INFO.SDP.WIDE_PRIM36_NO_ECC.ram) in SDP mode with WRITE_FIRST write-mode. It is strongly suggested to change this mode to NO_CHANGE for best power characteristics. However, both WRITE_FIRST and NO_CHANGE may exhibit address collisions if the same address appears on both read and write ports resulting in unknown or corrupted read data. It is suggested to confirm via simulation that an address collision never occurs and if so it is suggested to try and avoid this situation. If address collisions cannot be avoided, the write-mode may be set to READ_FIRST which guarantees that the read data is the prior contents of the memory at the cost of additional power in the design. See the FPGA Memory Resources User Guide for additional information.
Related violations: <none>

REQP-1858#10 Warning
RAMB36E2_writefirst_collision_advisory  
Synchronous clocking is detected for BRAM (DDR4_and_ZYNQ_TOP/DDR4_i/axi_interconnect_0/s03_couplers/s03_data_fifo/inst/gen_fifo.fifo_gen_inst/inst_fifo_gen/gaxi_full_lite.gwrite_ch.gwdch2.axi_wdch/grf.rf/gntv_or_sync_fifo.mem/gbm.gbmg.gbmga.ngecc.bmg/inst_blk_mem_gen/gnbram.gnativebmg.native_blk_mem_gen/valid.cstr/ramloop[2].ram.r/prim_noinit.ram/DEVICE_8SERIES.NO_BMM_INFO.SDP.WIDE_PRIM36_NO_ECC.ram) in SDP mode with WRITE_FIRST write-mode. It is strongly suggested to change this mode to NO_CHANGE for best power characteristics. However, both WRITE_FIRST and NO_CHANGE may exhibit address collisions if the same address appears on both read and write ports resulting in unknown or corrupted read data. It is suggested to confirm via simulation that an address collision never occurs and if so it is suggested to try and avoid this situation. If address collisions cannot be avoided, the write-mode may be set to READ_FIRST which guarantees that the read data is the prior contents of the memory at the cost of additional power in the design. See the FPGA Memory Resources User Guide for additional information.
Related violations: <none>

REQP-1935#1 Warning
RAMB36E2_nochange_collision_advisory  
Synchronous clocking is detected for BRAM (DATA_PROCESS_TOP/DATA_TO_UDP/data_to_udp_fifo/inst/gen_fifo.xpm_fifo_axis_inst/xpm_fifo_base_inst/gen_sdpram.xpm_memory_base_inst/gen_wr_a.gen_word_narrow.mem_reg_0) in SDP mode with NO_CHANGE write-mode. This is the preferred mode for best power characteristics. However, NO_CHANGE may exhibit address collisions if the same address appears on both read and write ports resulting in unknown or corrupted read data. It is suggested to confirm via simulation that an address collision never occurs and if so it is suggested to try and avoid this situation. If address collisions cannot be avoided, the write-mode may be set to READ_FIRST which guarantees that the read data is the prior contents of the memory at the cost of additional power in the design. See the FPGA Memory Resources User Guide for additional information.
Related violations: <none>

REQP-1935#2 Warning
RAMB36E2_nochange_collision_advisory  
Synchronous clocking is detected for BRAM (DATA_PROCESS_TOP/DATA_TO_UDP/data_to_udp_fifo/inst/gen_fifo.xpm_fifo_axis_inst/xpm_fifo_base_inst/gen_sdpram.xpm_memory_base_inst/gen_wr_a.gen_word_narrow.mem_reg_1) in SDP mode with NO_CHANGE write-mode. This is the preferred mode for best power characteristics. However, NO_CHANGE may exhibit address collisions if the same address appears on both read and write ports resulting in unknown or corrupted read data. It is suggested to confirm via simulation that an address collision never occurs and if so it is suggested to try and avoid this situation. If address collisions cannot be avoided, the write-mode may be set to READ_FIRST which guarantees that the read data is the prior contents of the memory at the cost of additional power in the design. See the FPGA Memory Resources User Guide for additional information.
Related violations: <none>

REQP-1935#3 Warning
RAMB36E2_nochange_collision_advisory  
Synchronous clocking is detected for BRAM (DATA_PROCESS_TOP/DATA_TO_UDP/data_to_udp_fifo/inst/gen_fifo.xpm_fifo_axis_inst/xpm_fifo_base_inst/gen_sdpram.xpm_memory_base_inst/gen_wr_a.gen_word_narrow.mem_reg_2) in SDP mode with NO_CHANGE write-mode. This is the preferred mode for best power characteristics. However, NO_CHANGE may exhibit address collisions if the same address appears on both read and write ports resulting in unknown or corrupted read data. It is suggested to confirm via simulation that an address collision never occurs and if so it is suggested to try and avoid this situation. If address collisions cannot be avoided, the write-mode may be set to READ_FIRST which guarantees that the read data is the prior contents of the memory at the cost of additional power in the design. See the FPGA Memory Resources User Guide for additional information.
Related violations: <none>

REQP-1935#4 Warning
RAMB36E2_nochange_collision_advisory  
Synchronous clocking is detected for BRAM (DATA_PROCESS_TOP/DATA_TO_UDP/data_to_udp_fifo/inst/gen_fifo.xpm_fifo_axis_inst/xpm_fifo_base_inst/gen_sdpram.xpm_memory_base_inst/gen_wr_a.gen_word_narrow.mem_reg_3) in SDP mode with NO_CHANGE write-mode. This is the preferred mode for best power characteristics. However, NO_CHANGE may exhibit address collisions if the same address appears on both read and write ports resulting in unknown or corrupted read data. It is suggested to confirm via simulation that an address collision never occurs and if so it is suggested to try and avoid this situation. If address collisions cannot be avoided, the write-mode may be set to READ_FIRST which guarantees that the read data is the prior contents of the memory at the cost of additional power in the design. See the FPGA Memory Resources User Guide for additional information.
Related violations: <none>

REQP-1935#5 Warning
RAMB36E2_nochange_collision_advisory  
Synchronous clocking is detected for BRAM (DATA_PROCESS_TOP/DATA_TO_UDP/data_to_udp_fifo/inst/gen_fifo.xpm_fifo_axis_inst/xpm_fifo_base_inst/gen_sdpram.xpm_memory_base_inst/gen_wr_a.gen_word_narrow.mem_reg_4) in SDP mode with NO_CHANGE write-mode. This is the preferred mode for best power characteristics. However, NO_CHANGE may exhibit address collisions if the same address appears on both read and write ports resulting in unknown or corrupted read data. It is suggested to confirm via simulation that an address collision never occurs and if so it is suggested to try and avoid this situation. If address collisions cannot be avoided, the write-mode may be set to READ_FIRST which guarantees that the read data is the prior contents of the memory at the cost of additional power in the design. See the FPGA Memory Resources User Guide for additional information.
Related violations: <none>

REQP-1935#6 Warning
RAMB36E2_nochange_collision_advisory  
Synchronous clocking is detected for BRAM (DATA_PROCESS_TOP/DATA_TO_UDP/data_to_udp_fifo/inst/gen_fifo.xpm_fifo_axis_inst/xpm_fifo_base_inst/gen_sdpram.xpm_memory_base_inst/gen_wr_a.gen_word_narrow.mem_reg_5) in SDP mode with NO_CHANGE write-mode. This is the preferred mode for best power characteristics. However, NO_CHANGE may exhibit address collisions if the same address appears on both read and write ports resulting in unknown or corrupted read data. It is suggested to confirm via simulation that an address collision never occurs and if so it is suggested to try and avoid this situation. If address collisions cannot be avoided, the write-mode may be set to READ_FIRST which guarantees that the read data is the prior contents of the memory at the cost of additional power in the design. See the FPGA Memory Resources User Guide for additional information.
Related violations: <none>


