Copyright 1986-2022 Xilinx, Inc. All Rights Reserved. Copyright 2022-2025 Advanced Micro Devices, Inc. All Rights Reserved.
---------------------------------------------------------------------------------------------------------------------------------------------
| Tool Version : Vivado v.2024.2.2 (win64) Build 6060944 Thu Mar 06 19:10:01 MST 2025
| Date         : Mon Jul 21 13:51:55 2025
| Host         : LAPTOP-VEGJAO5A running 64-bit major release  (build 9200)
| Command      : report_utilization -file TOP_utilization_placed.rpt -pb TOP_utilization_placed.pb
| Design       : TOP
| Device       : xczu9eg-ffvb1156-2-i
| Speed File   : -2
| Design State : Fully Placed
---------------------------------------------------------------------------------------------------------------------------------------------

Utilization Design Information

Table of Contents
-----------------
1. CLB Logic
1.1 Summary of Registers by Type
2. CLB Logic Distribution
3. BLOCKRAM
4. ARITHMETIC
5. I/O
6. CLOCK
7. ADVANCED
8. CONFIGURATION
9. Primitives
10. Black Boxes
11. Instantiated Netlists

1. CLB Logic
------------

+----------------------------+-------+-------+------------+-----------+-------+
|          Site Type         |  Used | Fixed | Prohibited | Available | Util% |
+----------------------------+-------+-------+------------+-----------+-------+
| CLB LUTs                   | 19470 |     0 |          0 |    274080 |  7.10 |
|   LUT as Logic             | 16622 |     0 |          0 |    274080 |  6.06 |
|   LUT as Memory            |  2848 |     0 |          0 |    144000 |  1.98 |
|     LUT as Distributed RAM |   528 |     0 |            |           |       |
|     LUT as Shift Register  |  2320 |     0 |            |           |       |
| CLB Registers              | 30692 |     0 |          0 |    548160 |  5.60 |
|   Register as Flip Flop    | 30692 |     0 |          0 |    548160 |  5.60 |
|   Register as Latch        |     0 |     0 |          0 |    548160 |  0.00 |
| CARRY8                     |   387 |     0 |          0 |     34260 |  1.13 |
| F7 Muxes                   |   435 |     0 |          0 |    137040 |  0.32 |
| F8 Muxes                   |    46 |     0 |          0 |     68520 |  0.07 |
| F9 Muxes                   |     0 |     0 |          0 |     34260 |  0.00 |
+----------------------------+-------+-------+------------+-----------+-------+
* Warning! LUT value is adjusted to account for LUT combining.


1.1 Summary of Registers by Type
--------------------------------

+-------+--------------+-------------+--------------+
| Total | Clock Enable | Synchronous | Asynchronous |
+-------+--------------+-------------+--------------+
| 0     |            _ |           - |            - |
| 0     |            _ |           - |          Set |
| 0     |            _ |           - |        Reset |
| 0     |            _ |         Set |            - |
| 0     |            _ |       Reset |            - |
| 0     |          Yes |           - |            - |
| 134   |          Yes |           - |          Set |
| 851   |          Yes |           - |        Reset |
| 324   |          Yes |         Set |            - |
| 29383 |          Yes |       Reset |            - |
+-------+--------------+-------------+--------------+


2. CLB Logic Distribution
-------------------------

+--------------------------------------------+-------+-------+------------+-----------+-------+
|                  Site Type                 |  Used | Fixed | Prohibited | Available | Util% |
+--------------------------------------------+-------+-------+------------+-----------+-------+
| CLB                                        |  4447 |     0 |          0 |     34260 | 12.98 |
|   CLBL                                     |  2216 |     0 |            |           |       |
|   CLBM                                     |  2231 |     0 |            |           |       |
| LUT as Logic                               | 16622 |     0 |          0 |    274080 |  6.06 |
|   using O5 output only                     |   393 |       |            |           |       |
|   using O6 output only                     | 12758 |       |            |           |       |
|   using O5 and O6                          |  3471 |       |            |           |       |
| LUT as Memory                              |  2848 |     0 |          0 |    144000 |  1.98 |
|   LUT as Distributed RAM                   |   528 |     0 |            |           |       |
|     using O5 output only                   |     0 |       |            |           |       |
|     using O6 output only                   |   508 |       |            |           |       |
|     using O5 and O6                        |    20 |       |            |           |       |
|   LUT as Shift Register                    |  2320 |     0 |            |           |       |
|     using O5 output only                   |     0 |       |            |           |       |
|     using O6 output only                   |   511 |       |            |           |       |
|     using O5 and O6                        |  1809 |       |            |           |       |
| CLB Registers                              | 30692 |     0 |          0 |    548160 |  5.60 |
|   Register driven from within the CLB      | 14961 |       |            |           |       |
|   Register driven from outside the CLB     | 15731 |       |            |           |       |
|     LUT in front of the register is unused | 10539 |       |            |           |       |
|     LUT in front of the register is used   |  5192 |       |            |           |       |
| Unique Control Sets                        |  1197 |       |          0 |     68520 |  1.75 |
+--------------------------------------------+-------+-------+------------+-----------+-------+
* * Note: Available Control Sets calculated as Slices * 2, Review the Control Sets Report for more information regarding control sets.


3. BLOCKRAM
-----------

+-------------------+------+-------+------------+-----------+-------+
|     Site Type     | Used | Fixed | Prohibited | Available | Util% |
+-------------------+------+-------+------------+-----------+-------+
| Block RAM Tile    |   48 |     0 |          0 |       912 |  5.26 |
|   RAMB36/FIFO*    |   43 |     0 |          0 |       912 |  4.71 |
|     RAMB36E2 only |   43 |       |            |           |       |
|   RAMB18          |   10 |     0 |          0 |      1824 |  0.55 |
|     FIFO18E2 only |    1 |       |            |           |       |
|     RAMB18E2 only |    9 |       |            |           |       |
+-------------------+------+-------+------------+-----------+-------+
* Note: Each Block RAM Tile only has one FIFO logic available and therefore can accommodate only one FIFO36E2 or one FIFO18E2. However, if a FIFO18E2 occupies a Block RAM Tile, that tile can still accommodate a RAMB18E2


4. ARITHMETIC
-------------

+-----------+------+-------+------------+-----------+-------+
| Site Type | Used | Fixed | Prohibited | Available | Util% |
+-----------+------+-------+------------+-----------+-------+
| DSPs      |    0 |     0 |          0 |      2520 |  0.00 |
+-----------+------+-------+------------+-----------+-------+


5. I/O
------

+------------------+------+-------+------------+-----------+-------+
|     Site Type    | Used | Fixed | Prohibited | Available | Util% |
+------------------+------+-------+------------+-----------+-------+
| Bonded IOB       |   37 |    37 |          0 |       328 | 11.28 |
| HPIOB_M          |    8 |     8 |          0 |        96 |  8.33 |
|   INPUT          |    4 |       |            |           |       |
|   OUTPUT         |    4 |       |            |           |       |
|   BIDIR          |    0 |       |            |           |       |
| HPIOB_S          |    9 |     9 |          0 |        96 |  9.38 |
|   INPUT          |    4 |       |            |           |       |
|   OUTPUT         |    4 |       |            |           |       |
|   BIDIR          |    1 |       |            |           |       |
| HDIOB_M          |    7 |     7 |          0 |        60 | 11.67 |
|   INPUT          |    2 |       |            |           |       |
|   OUTPUT         |    3 |       |            |           |       |
|   BIDIR          |    2 |       |            |           |       |
| HDIOB_S          |   13 |    13 |          0 |        60 | 21.67 |
|   INPUT          |    8 |       |            |           |       |
|   OUTPUT         |    1 |       |            |           |       |
|   BIDIR          |    4 |       |            |           |       |
| HPIOB_SNGL       |    0 |     0 |          0 |        16 |  0.00 |
| HPIOBDIFFINBUF   |    1 |     1 |          0 |        96 |  1.04 |
|   DIFFINBUF      |    1 |     1 |            |           |       |
| HPIOBDIFFOUTBUF  |    0 |     0 |          0 |        96 |  0.00 |
| HDIOBDIFFINBUF   |    0 |     0 |          0 |        60 |  0.00 |
| BITSLICE_CONTROL |    3 |     0 |          0 |        32 |  9.38 |
| BITSLICE_RX_TX   |   23 |    23 |          0 |      1248 |  1.84 |
|   IDELAY         |    6 |     6 |            |           |       |
|   ODELAY         |    6 |     6 |            |           |       |
|   OSERDES        |    6 |     6 |            |           |       |
|   IDDR           |    5 |     5 |            |           |       |
| BITSLICE_TX      |    0 |     0 |          0 |        32 |  0.00 |
| RIU_OR           |    0 |     0 |          0 |        16 |  0.00 |
+------------------+------+-------+------------+-----------+-------+


6. CLOCK
--------

+------------+------+-------+------------+-----------+-------+
|  Site Type | Used | Fixed | Prohibited | Available | Util% |
+------------+------+-------+------------+-----------+-------+
| BUFGCE     |    9 |     0 |          0 |       116 |  7.76 |
| BUFGCE_DIV |    0 |     0 |          0 |        16 |  0.00 |
| BUFG_GT    |    0 |     0 |          0 |       168 |  0.00 |
| BUFG_PS    |    0 |     0 |          0 |        72 |  0.00 |
| BUFGCTRL*  |    0 |     0 |          0 |        32 |  0.00 |
| PLL        |    0 |     0 |          0 |         8 |  0.00 |
| MMCM       |    1 |     0 |          0 |         4 | 25.00 |
+------------+------+-------+------------+-----------+-------+
* Note: Each used BUFGCTRL counts as two GLOBAL CLOCK BUFFERs. This table does not include global clocking resources, only buffer cell usage. See the Clock Utilization Report (report_clock_utilization) for detailed accounting of global clocking resource availability.


7. ADVANCED
-----------

+-----------------+------+-------+------------+-----------+-------+
|    Site Type    | Used | Fixed | Prohibited | Available | Util% |
+-----------------+------+-------+------------+-----------+-------+
| GTHE4_CHANNEL   |    0 |     0 |          0 |        24 |  0.00 |
| GTHE4_COMMON    |    0 |     0 |          0 |         6 |  0.00 |
| OBUFDS_GTE4     |    0 |     0 |          0 |        12 |  0.00 |
| OBUFDS_GTE4_ADV |    0 |     0 |          0 |        12 |  0.00 |
| PS8             |    0 |     0 |          0 |         1 |  0.00 |
| SYSMONE4        |    0 |     0 |          0 |         1 |  0.00 |
+-----------------+------+-------+------------+-----------+-------+


8. CONFIGURATION
----------------

+-------------+------+-------+------------+-----------+-------+
|  Site Type  | Used | Fixed | Prohibited | Available | Util% |
+-------------+------+-------+------------+-----------+-------+
| BSCANE2     |    1 |     0 |          0 |         4 | 25.00 |
| DNA_PORTE2  |    0 |     0 |          0 |         1 |  0.00 |
| EFUSE_USR   |    0 |     0 |          0 |         1 |  0.00 |
| FRAME_ECCE4 |    0 |     0 |          0 |         1 |  0.00 |
| ICAPE3      |    0 |     0 |          0 |         2 |  0.00 |
| MASTER_JTAG |    0 |     0 |          0 |         1 |  0.00 |
| STARTUPE3   |    0 |     0 |          0 |         1 |  0.00 |
+-------------+------+-------+------------+-----------+-------+


9. Primitives
-------------

+------------+-------+---------------------+
|  Ref Name  |  Used | Functional Category |
+------------+-------+---------------------+
| FDRE       | 29383 |            Register |
| LUT6       |  9028 |                 CLB |
| LUT4       |  3172 |                 CLB |
| LUT2       |  2663 |                 CLB |
| SRL16E     |  2456 |                 CLB |
| LUT5       |  2395 |                 CLB |
| LUT3       |  2244 |                 CLB |
| SRLC32E    |  1651 |                 CLB |
| FDCE       |   851 |            Register |
| LUT1       |   591 |                 CLB |
| RAMD64E    |   508 |                 CLB |
| MUXF7      |   435 |                 CLB |
| CARRY8     |   387 |                 CLB |
| FDSE       |   324 |            Register |
| FDPE       |   134 |            Register |
| MUXF8      |    46 |                 CLB |
| RAMB36E2   |    43 |            BLOCKRAM |
| RAMD32     |    36 |                 CLB |
| IBUFCTRL   |    24 |              Others |
| INBUF      |    23 |                 I/O |
| SRLC16E    |    22 |                 CLB |
| OBUF       |    12 |                 I/O |
| RAMB18E2   |     9 |            BLOCKRAM |
| BUFGCE     |     9 |               Clock |
| OBUFT      |     7 |                 I/O |
| OSERDESE3  |     6 |                 I/O |
| ODELAYE3   |     6 |                 I/O |
| IDELAYE3   |     6 |                 I/O |
| IDDRE1     |     5 |            Register |
| RAMS32     |     4 |                 CLB |
| IDELAYCTRL |     3 |                 I/O |
| MMCME4_ADV |     1 |               Clock |
| FIFO18E2   |     1 |            BLOCKRAM |
| DIFFINBUF  |     1 |                 I/O |
| BSCANE2    |     1 |       Configuration |
+------------+-------+---------------------+


10. Black Boxes
---------------

+-----------------------------+------+
|           Ref Name          | Used |
+-----------------------------+------+
| RGMII_util_vector_logic_0_1 |    1 |
| RGMII_rst_TEMAC_125M_0      |    1 |
| RGMII_axis_TX_data_fifo_0   |    1 |
+-----------------------------+------+


11. Instantiated Netlists
-------------------------

+---------------------------------+------+
|             Ref Name            | Used |
+---------------------------------+------+
| spi_tx_fifo                     |    2 |
| udp_config_vio                  |    1 |
| top_vio                         |    1 |
| system_clock                    |    1 |
| spi_rx_fifo_16bit               |    1 |
| spi_rx_fifo                     |    1 |
| imu_read_ila                    |    1 |
| ila_2                           |    1 |
| ila_0                           |    1 |
| dbg_hub                         |    1 |
| data_to_udp_fifo_widcov         |    1 |
| data_to_udp_fifo                |    1 |
| axis_eth_head_convertor         |    1 |
| RGMII_vio_0_0                   |    1 |
| RGMII_util_vector_logic_0_0     |    1 |
| RGMII_tri_mode_ethernet_mac_0_0 |    1 |
| RGMII_system_ila_1_0            |    1 |
| RGMII_system_ila_0_1            |    1 |
| RGMII_system_ila_0_0            |    1 |
| RGMII_axis_data_fifo_0_0        |    1 |
| PPG_I2C_PHY_util_ds_buf_0_1     |    1 |
| PPG_I2C_PHY_util_ds_buf_0_0     |    1 |
| PPG_I2C_PHY_system_ila_0_0      |    1 |
| PPG_I2C_PHY_ila_0_0             |    1 |
| PPG_I2C_PHY_axi_iic_0_0         |    1 |
| IMU_TOP_VIO                     |    1 |
| IMU_CONFIG_ILA                  |    1 |
| ADC_TOP_VIO                     |    1 |
| ADC_READ_ILA                    |    1 |
| ADC_CONFIG_ILA                  |    1 |
+---------------------------------+------+


