Copyright 1986-2022 Xilinx, Inc. All Rights Reserved. Copyright 2022-2025 Advanced Micro Devices, Inc. All Rights Reserved.
-------------------------------------------------------------------------------------------------------------------------------------------------
| Tool Version     : Vivado v.2024.2.2 (win64) Build 6060944 Thu Mar 06 19:10:01 MST 2025
| Date             : Mon Jul 21 13:53:41 2025
| Host             : LAPTOP-VEGJAO5A running 64-bit major release  (build 9200)
| Command          : report_power -file TOP_power_routed.rpt -pb TOP_power_summary_routed.pb -rpx TOP_power_routed.rpx
| Design           : TOP
| Device           : xczu9eg-ffvb1156-2-i
| Design State     : routed
| Grade            : industrial
| Process          : typical
| Characterization : Production
-------------------------------------------------------------------------------------------------------------------------------------------------

Power Report

Table of Contents
-----------------
1. Summary
1.1 On-Chip Components
1.2 Power Supply Summary
1.3 Confidence Level
2. Settings
2.1 Environment
2.2 Clock Constraints
3. Detailed Reports
3.1 By Hierarchy

1. Summary
----------

+--------------------------+--------------+
| Total On-Chip Power (W)  | 1.082        |
| Design Power Budget (W)  | Unspecified* |
| Power Budget Margin (W)  | NA           |
| Dynamic (W)              | 0.430        |
| Device Static (W)        | 0.651        |
| Effective TJA (C/W)      | 1.0          |
| Max Ambient (C)          | 98.9         |
| Junction Temperature (C) | 26.1         |
| Confidence Level         | Low          |
| Setting File             | ---          |
| Simulation Activity File | ---          |
| Design Nets Matched      | NA           |
+--------------------------+--------------+
* Specify Design Power Budget using, set_operating_conditions -design_power_budget <value in Watts>


1.1 On-Chip Components
----------------------

+--------------------------+-----------+----------+-----------+-----------------+
| On-Chip                  | Power (W) | Used     | Available | Utilization (%) |
+--------------------------+-----------+----------+-----------+-----------------+
| Clocks                   |     0.172 |       11 |       --- |             --- |
| CLB Logic                |     0.045 |    59612 |       --- |             --- |
|   LUT as Logic           |     0.023 |    16622 |    274080 |            6.06 |
|   LUT as Shift Register  |     0.013 |     2320 |    144000 |            1.61 |
|   LUT as Distributed RAM |     0.005 |      528 |    144000 |            0.37 |
|   Register               |     0.003 |    30692 |    548160 |            5.60 |
|   CARRY8                 |    <0.001 |      387 |     34260 |            1.13 |
|   Others                 |     0.000 |     3282 |       --- |             --- |
|   F7/F8 Muxes            |     0.000 |      481 |    274080 |            0.18 |
| Signals                  |     0.038 |    43914 |       --- |             --- |
| Block RAM                |     0.067 |       48 |       912 |            5.26 |
| MMCM                     |     0.089 |        0 |       --- |             --- |
| I/O                      |     0.019 |       37 |       328 |           11.28 |
| Static Power             |     0.651 |          |           |                 |
| Total                    |     1.082 |          |           |                 |
+--------------------------+-----------+----------+-----------+-----------------+


1.2 Power Supply Summary
------------------------

+-----------------+-------------+-----------+-------------+------------+-------------+-------------+------------+
| Source          | Voltage (V) | Total (A) | Dynamic (A) | Static (A) | Powerup (A) | Budget (A)  | Margin (A) |
+-----------------+-------------+-----------+-------------+------------+-------------+-------------+------------+
| Vccint          |       0.850 |     0.552 |       0.370 |      0.182 |       NA    | Unspecified | NA         |
| Vccint_io       |       0.850 |     0.040 |       0.005 |      0.035 |       NA    | Unspecified | NA         |
| Vccbram         |       0.850 |     0.012 |       0.009 |      0.003 |       NA    | Unspecified | NA         |
| Vccaux          |       1.800 |     0.244 |       0.049 |      0.194 |       NA    | Unspecified | NA         |
| Vccaux_io       |       1.800 |     0.037 |       0.004 |      0.033 |       NA    | Unspecified | NA         |
| Vcco33          |       3.300 |     0.010 |       0.001 |      0.009 |       NA    | Unspecified | NA         |
| Vcco25          |       2.500 |     0.000 |       0.000 |      0.000 |       NA    | Unspecified | NA         |
| Vcco18          |       1.800 |     0.002 |       0.002 |      0.000 |       NA    | Unspecified | NA         |
| Vcco15          |       1.500 |     0.000 |       0.000 |      0.000 |       NA    | Unspecified | NA         |
| Vcco135         |       1.350 |     0.000 |       0.000 |      0.000 |       NA    | Unspecified | NA         |
| Vcco12          |       1.200 |     0.000 |       0.000 |      0.000 |       NA    | Unspecified | NA         |
| Vcco10          |       1.000 |     0.000 |       0.000 |      0.000 |       NA    | Unspecified | NA         |
| Vccadc          |       1.800 |     0.008 |       0.000 |      0.008 |       NA    | Unspecified | NA         |
| VCC_PSINTFP     |       0.850 |     0.000 |       0.000 |      0.000 |       NA    | Unspecified | NA         |
| VCC_PSINTLP     |       0.850 |     0.005 |       0.000 |      0.005 |       NA    | Unspecified | NA         |
| VPS_MGTRAVCC    |       0.850 |     0.000 |       0.000 |      0.000 |       NA    | Unspecified | NA         |
| VCC_PSINTFP_DDR |       0.850 |     0.000 |       0.000 |      0.000 |       NA    | Unspecified | NA         |
| VCC_PSPLL       |       1.200 |     0.002 |       0.000 |      0.002 |       NA    | Unspecified | NA         |
| VPS_MGTRAVTT    |       1.800 |     0.000 |       0.000 |      0.000 |       NA    | Unspecified | NA         |
| VCCO_PSDDR_504  |       1.200 |     0.000 |       0.000 |      0.000 |       NA    | Unspecified | NA         |
| VCC_PSAUX       |       1.800 |     0.002 |       0.000 |      0.002 |       NA    | Unspecified | NA         |
| VCC_PSBATT      |       1.200 |     0.000 |       0.000 |      0.000 |       NA    | Unspecified | NA         |
| VCC_PSDDR_PLL   |       1.800 |     0.000 |       0.000 |      0.000 |       NA    | Unspecified | NA         |
| VCCO_PSIO0_500  |       3.300 |     0.000 |       0.000 |      0.000 |       NA    | Unspecified | NA         |
| VCCO_PSIO1_501  |       3.300 |     0.000 |       0.000 |      0.000 |       NA    | Unspecified | NA         |
| VCCO_PSIO2_502  |       3.300 |     0.000 |       0.000 |      0.000 |       NA    | Unspecified | NA         |
| VCCO_PSIO3_503  |       3.300 |     0.000 |       0.000 |      0.000 |       NA    | Unspecified | NA         |
| VCC_PSADC       |       1.800 |     0.002 |       0.000 |      0.002 |       NA    | Unspecified | NA         |
| MGTAVcc         |       0.900 |     0.000 |       0.000 |      0.000 |       NA    | Unspecified | NA         |
| MGTAVtt         |       1.200 |     0.000 |       0.000 |      0.000 |       NA    | Unspecified | NA         |
| MGTVccaux       |       1.800 |     0.000 |       0.000 |      0.000 |       NA    | Unspecified | NA         |
+-----------------+-------------+-----------+-------------+------------+-------------+-------------+------------+


1.3 Confidence Level
--------------------

+-----------------------------+------------+--------------------------------------------------------+------------------------------------------------------------------------------------------------------------+
| User Input Data             | Confidence | Details                                                | Action                                                                                                     |
+-----------------------------+------------+--------------------------------------------------------+------------------------------------------------------------------------------------------------------------+
| Design implementation state | High       | Design is routed                                       |                                                                                                            |
| Clock nodes activity        | High       | User specified more than 95% of clocks                 |                                                                                                            |
| I/O nodes activity          | Low        | More than 75% of inputs are missing user specification | Provide missing input activity with simulation results or by editing the "By Resource Type -> I/Os" view   |
| Internal nodes activity     | Medium     | User specified less than 25% of internal nodes         | Provide missing internal nodes activity with simulation results or by editing the "By Resource Type" views |
| Device models               | High       | Device models are Production                           |                                                                                                            |
|                             |            |                                                        |                                                                                                            |
| Overall confidence level    | Low        |                                                        |                                                                                                            |
+-----------------------------+------------+--------------------------------------------------------+------------------------------------------------------------------------------------------------------------+


2. Settings
-----------

2.1 Environment
---------------

+-----------------------+--------------------------+
| Ambient Temp (C)      | 25.0                     |
| ThetaJA (C/W)         | 1.0                      |
| Airflow (LFM)         | 250                      |
| Heat Sink             | medium (Medium Profile)  |
| ThetaSA (C/W)         | 1.5                      |
| Board Selection       | medium (10"x10")         |
| # of Board Layers     | 12to15 (12 to 15 Layers) |
| Board Temperature (C) | 25.0                     |
+-----------------------+--------------------------+


2.2 Clock Constraints
---------------------

+-----------------------------------------------------------------------------------------------------+--------------------------------------------------------------------------------------------------------------------------------------+-----------------+
| Clock                                                                                               | Domain                                                                                                                               | Constraint (ns) |
+-----------------------------------------------------------------------------------------------------+--------------------------------------------------------------------------------------------------------------------------------------+-----------------+
| UDP_TOP/RGMII_wrapper/RGMII_i/TEMAC/inst_mdc                                                        | UDP_TOP/RGMII_wrapper/RGMII_i/TEMAC/inst/tri_mode_ethernet_mac_i/RGMII_tri_mode_ethernet_mac_0_0_core/man_block.managen/miim_clk_int |           400.0 |
| dbg_hub/inst/BSCANID.u_xsdbm_id/SWITCH_N_EXT_BSCAN.bscan_inst/SERIES7_BSCAN.bscan_inst/INTERNAL_TCK | dbg_hub/inst/BSCANID.u_xsdbm_id/SWITCH_N_EXT_BSCAN.bscan_inst/DRCK                                                                   |            50.0 |
| eth_125M_system_clock                                                                               | system_clock_inst/inst/eth_125M_system_clock                                                                                         |             8.0 |
| refclk_100M_system_clock                                                                            | system_clock_inst/inst/refclk_100M_system_clock                                                                                      |            10.0 |
| rgmii_rxc                                                                                           | rgmii_rxc                                                                                                                            |             8.0 |
| sysclk_200M_system_clock                                                                            | system_clock_inst/inst/sysclk_200M_system_clock                                                                                      |             5.0 |
| sysclk_200m_p                                                                                       | sysclk_200m_p                                                                                                                        |             5.0 |
+-----------------------------------------------------------------------------------------------------+--------------------------------------------------------------------------------------------------------------------------------------+-----------------+


3. Detailed Reports
-------------------

3.1 By Hierarchy
----------------

+-------------------------------+-----------+
| Name                          | Power (W) |
+-------------------------------+-----------+
| TOP                           |     0.430 |
|   DATA_PROCESS_TOP            |     0.014 |
|     DATA_TO_UDP               |     0.014 |
|       data_to_udp_fifo        |     0.008 |
|       data_to_udp_fifo_widcov |     0.004 |
|   SENSOR_TOP                  |     0.204 |
|     ADC_TOP                   |     0.088 |
|       ADC_CONFIG              |     0.015 |
|       ADC_READ                |     0.023 |
|       ADC_SPI_LINK            |     0.048 |
|       ADC_TOP_VIO             |     0.002 |
|     I2C_TOP                   |     0.030 |
|       PPG_I2C_PHY             |     0.030 |
|     IMU_TOP                   |     0.085 |
|       IMU_CONFIG              |     0.019 |
|       IMU_READ                |     0.033 |
|       IMU_SPI_LINK            |     0.032 |
|       IMU_TOP_VIO             |     0.002 |
|   UDP_TOP                     |     0.105 |
|     RGMII_wrapper             |     0.097 |
|       RGMII_i                 |     0.097 |
|     UDP_CONFIG                |     0.004 |
|       udp_config_vio          |     0.003 |
|     UDP_PACKAGE               |     0.004 |
|       axis_eth_head_convertor |     0.003 |
|   dbg_hub                     |     0.005 |
|     inst                      |     0.005 |
|       BSCANID.u_xsdbm_id      |     0.005 |
|   nolabel_line182             |     0.002 |
|     inst                      |     0.002 |
|       U_XSDB_SLAVE            |     0.001 |
|   system_clock_inst           |     0.096 |
|     inst                      |     0.096 |
|       clkin1_ibufds           |     0.003 |
+-------------------------------+-----------+


