
*** Running vivado
    with args -log axis_eth_head_convertor.vds -m64 -product Vivado -mode batch -messageDb vivado.pb -notrace -source axis_eth_head_convertor.tcl



****** Vivado v2024.2.2 (64-bit)
  **** SW Build 6060944 on Thu Mar 06 19:10:01 MST 2025
  **** IP Build 6050500 on Thu Mar  6 23:33:39 MST 2025
  **** SharedData Build 6060542 on Thu Mar 06 10:31:07 MST 2025
  **** Start of session at: Tue Jul  1 15:50:52 2025
    ** Copyright 1986-2022 Xilinx, Inc. All Rights Reserved.
    ** Copyright 2022-2025 Advanced Micro Devices, Inc. All Rights Reserved.

Sourcing tcl script 'D:/Xilinx/Vivado/2024.2/scripts/Vivado_init.tcl'
source axis_eth_head_convertor.tcl -notrace
INFO: [IP_Flow 19-6924] IPCACHE: Running cache check for IP inst: axis_eth_head_convertor
Command: synth_design -top axis_eth_head_convertor -part xczu9eg-ffvb1156-2-i -incremental_mode off -mode out_of_context
Starting synth_design
Attempting to get a license for feature 'Synthesis' and/or device 'xczu9eg'
INFO: [Common 17-349] Got license for feature 'Synthesis' and/or device 'xczu9eg'
INFO: [Device 21-403] Loading part xczu9eg-ffvb1156-2-i
INFO: [Synth 8-7079] Multithreading enabled for synth_design using a maximum of 4 processes.
INFO: [Synth 8-7078] Launching helper process for spawning children vivado processes
INFO: [Synth 8-7075] Helper process launched with PID 820
---------------------------------------------------------------------------------
Starting RTL Elaboration : Time (s): cpu = 00:00:03 ; elapsed = 00:00:04 . Memory (MB): peak = 1868.500 ; gain = 186.641
---------------------------------------------------------------------------------
INFO: [Synth 8-6157] synthesizing module 'axis_eth_head_convertor' [e:/final_prj/final_prj_pl/final_prj_pl.gen/sources_1/ip/axis_eth_head_convertor/synth/axis_eth_head_convertor.v:53]
INFO: [Synth 8-6157] synthesizing module 'axis_dwidth_converter_v1_1_33_axis_dwidth_converter' [e:/final_prj/final_prj_pl/final_prj_pl.gen/sources_1/ip/axis_eth_head_convertor/hdl/axis_dwidth_converter_v1_1_vl_rfs.v:814]
INFO: [Synth 8-6157] synthesizing module 'axis_dwidth_converter_v1_1_33_axisc_downsizer' [e:/final_prj/final_prj_pl/final_prj_pl.gen/sources_1/ip/axis_eth_head_convertor/hdl/axis_dwidth_converter_v1_1_vl_rfs.v:60]
INFO: [Synth 8-6155] done synthesizing module 'axis_dwidth_converter_v1_1_33_axisc_downsizer' (0#1) [e:/final_prj/final_prj_pl/final_prj_pl.gen/sources_1/ip/axis_eth_head_convertor/hdl/axis_dwidth_converter_v1_1_vl_rfs.v:60]
INFO: [Synth 8-6157] synthesizing module 'axis_register_slice_v1_1_34_axis_register_slice' [e:/final_prj/final_prj_pl/final_prj_pl.gen/sources_1/ip/axis_eth_head_convertor/hdl/axis_register_slice_v1_1_vl_rfs.v:2830]
INFO: [Synth 8-6157] synthesizing module 'axis_infrastructure_v1_1_1_util_axis2vector' [e:/final_prj/final_prj_pl/final_prj_pl.gen/sources_1/ip/axis_eth_head_convertor/hdl/axis_infrastructure_v1_1_vl_rfs.v:805]
INFO: [Synth 8-6155] done synthesizing module 'axis_infrastructure_v1_1_1_util_axis2vector' (0#1) [e:/final_prj/final_prj_pl/final_prj_pl.gen/sources_1/ip/axis_eth_head_convertor/hdl/axis_infrastructure_v1_1_vl_rfs.v:805]
INFO: [Synth 8-6157] synthesizing module 'axis_register_slice_v1_1_34_axisc_register_slice' [e:/final_prj/final_prj_pl/final_prj_pl.gen/sources_1/ip/axis_eth_head_convertor/hdl/axis_register_slice_v1_1_vl_rfs.v:1929]
INFO: [Synth 8-6155] done synthesizing module 'axis_register_slice_v1_1_34_axisc_register_slice' (0#1) [e:/final_prj/final_prj_pl/final_prj_pl.gen/sources_1/ip/axis_eth_head_convertor/hdl/axis_register_slice_v1_1_vl_rfs.v:1929]
INFO: [Synth 8-6157] synthesizing module 'axis_infrastructure_v1_1_1_util_vector2axis' [e:/final_prj/final_prj_pl/final_prj_pl.gen/sources_1/ip/axis_eth_head_convertor/hdl/axis_infrastructure_v1_1_vl_rfs.v:986]
INFO: [Synth 8-6155] done synthesizing module 'axis_infrastructure_v1_1_1_util_vector2axis' (0#1) [e:/final_prj/final_prj_pl/final_prj_pl.gen/sources_1/ip/axis_eth_head_convertor/hdl/axis_infrastructure_v1_1_vl_rfs.v:986]
INFO: [Synth 8-6155] done synthesizing module 'axis_register_slice_v1_1_34_axis_register_slice' (0#1) [e:/final_prj/final_prj_pl/final_prj_pl.gen/sources_1/ip/axis_eth_head_convertor/hdl/axis_register_slice_v1_1_vl_rfs.v:2830]
INFO: [Synth 8-6157] synthesizing module 'axis_register_slice_v1_1_34_axis_register_slice__parameterized0' [e:/final_prj/final_prj_pl/final_prj_pl.gen/sources_1/ip/axis_eth_head_convertor/hdl/axis_register_slice_v1_1_vl_rfs.v:2830]
INFO: [Synth 8-6157] synthesizing module 'axis_infrastructure_v1_1_1_util_axis2vector__parameterized0' [e:/final_prj/final_prj_pl/final_prj_pl.gen/sources_1/ip/axis_eth_head_convertor/hdl/axis_infrastructure_v1_1_vl_rfs.v:805]
INFO: [Synth 8-6155] done synthesizing module 'axis_infrastructure_v1_1_1_util_axis2vector__parameterized0' (0#1) [e:/final_prj/final_prj_pl/final_prj_pl.gen/sources_1/ip/axis_eth_head_convertor/hdl/axis_infrastructure_v1_1_vl_rfs.v:805]
INFO: [Synth 8-6157] synthesizing module 'axis_register_slice_v1_1_34_axisc_register_slice__parameterized0' [e:/final_prj/final_prj_pl/final_prj_pl.gen/sources_1/ip/axis_eth_head_convertor/hdl/axis_register_slice_v1_1_vl_rfs.v:1929]
INFO: [Synth 8-6155] done synthesizing module 'axis_register_slice_v1_1_34_axisc_register_slice__parameterized0' (0#1) [e:/final_prj/final_prj_pl/final_prj_pl.gen/sources_1/ip/axis_eth_head_convertor/hdl/axis_register_slice_v1_1_vl_rfs.v:1929]
INFO: [Synth 8-6157] synthesizing module 'axis_infrastructure_v1_1_1_util_vector2axis__parameterized0' [e:/final_prj/final_prj_pl/final_prj_pl.gen/sources_1/ip/axis_eth_head_convertor/hdl/axis_infrastructure_v1_1_vl_rfs.v:986]
INFO: [Synth 8-6155] done synthesizing module 'axis_infrastructure_v1_1_1_util_vector2axis__parameterized0' (0#1) [e:/final_prj/final_prj_pl/final_prj_pl.gen/sources_1/ip/axis_eth_head_convertor/hdl/axis_infrastructure_v1_1_vl_rfs.v:986]
INFO: [Synth 8-6155] done synthesizing module 'axis_register_slice_v1_1_34_axis_register_slice__parameterized0' (0#1) [e:/final_prj/final_prj_pl/final_prj_pl.gen/sources_1/ip/axis_eth_head_convertor/hdl/axis_register_slice_v1_1_vl_rfs.v:2830]
INFO: [Synth 8-6155] done synthesizing module 'axis_dwidth_converter_v1_1_33_axis_dwidth_converter' (0#1) [e:/final_prj/final_prj_pl/final_prj_pl.gen/sources_1/ip/axis_eth_head_convertor/hdl/axis_dwidth_converter_v1_1_vl_rfs.v:814]
INFO: [Synth 8-6155] done synthesizing module 'axis_eth_head_convertor' (0#1) [e:/final_prj/final_prj_pl/final_prj_pl.gen/sources_1/ip/axis_eth_head_convertor/synth/axis_eth_head_convertor.v:53]
INFO: [Synth 8-4490] FSM extraction disabled for register 'state_reg' through user attribute
WARNING: [Synth 8-7129] Port ACLK in module axis_register_slice_v1_1_34_axisc_register_slice__parameterized0 is either unconnected or has no load
WARNING: [Synth 8-7129] Port ACLK2X in module axis_register_slice_v1_1_34_axisc_register_slice__parameterized0 is either unconnected or has no load
WARNING: [Synth 8-7129] Port ARESET in module axis_register_slice_v1_1_34_axisc_register_slice__parameterized0 is either unconnected or has no load
WARNING: [Synth 8-7129] Port ACLKEN in module axis_register_slice_v1_1_34_axisc_register_slice__parameterized0 is either unconnected or has no load
WARNING: [Synth 8-7129] Port TID[0] in module axis_infrastructure_v1_1_1_util_axis2vector__parameterized0 is either unconnected or has no load
WARNING: [Synth 8-7129] Port TDEST[0] in module axis_infrastructure_v1_1_1_util_axis2vector__parameterized0 is either unconnected or has no load
WARNING: [Synth 8-7129] Port ACLK in module axis_register_slice_v1_1_34_axisc_register_slice is either unconnected or has no load
WARNING: [Synth 8-7129] Port ACLK2X in module axis_register_slice_v1_1_34_axisc_register_slice is either unconnected or has no load
WARNING: [Synth 8-7129] Port ARESET in module axis_register_slice_v1_1_34_axisc_register_slice is either unconnected or has no load
WARNING: [Synth 8-7129] Port ACLKEN in module axis_register_slice_v1_1_34_axisc_register_slice is either unconnected or has no load
WARNING: [Synth 8-7129] Port TID[0] in module axis_infrastructure_v1_1_1_util_axis2vector is either unconnected or has no load
WARNING: [Synth 8-7129] Port TDEST[0] in module axis_infrastructure_v1_1_1_util_axis2vector is either unconnected or has no load
---------------------------------------------------------------------------------
Finished RTL Elaboration : Time (s): cpu = 00:00:05 ; elapsed = 00:00:05 . Memory (MB): peak = 1986.180 ; gain = 304.320
---------------------------------------------------------------------------------
---------------------------------------------------------------------------------
Start Handling Custom Attributes
---------------------------------------------------------------------------------
---------------------------------------------------------------------------------
Finished Handling Custom Attributes : Time (s): cpu = 00:00:05 ; elapsed = 00:00:05 . Memory (MB): peak = 1986.180 ; gain = 304.320
---------------------------------------------------------------------------------
---------------------------------------------------------------------------------
Finished RTL Optimization Phase 1 : Time (s): cpu = 00:00:05 ; elapsed = 00:00:05 . Memory (MB): peak = 1986.180 ; gain = 304.320
---------------------------------------------------------------------------------
Netlist sorting complete. Time (s): cpu = 00:00:00 ; elapsed = 00:00:00.019 . Memory (MB): peak = 1986.180 ; gain = 0.000
INFO: [Project 1-570] Preparing netlist for logic optimization

Processing XDC Constraints
Initializing timing engine
Parsing XDC File [e:/final_prj/final_prj_pl/final_prj_pl.gen/sources_1/ip/axis_eth_head_convertor/axis_eth_head_convertor_ooc.xdc] for cell 'inst'
Finished Parsing XDC File [e:/final_prj/final_prj_pl/final_prj_pl.gen/sources_1/ip/axis_eth_head_convertor/axis_eth_head_convertor_ooc.xdc] for cell 'inst'
Parsing XDC File [E:/final_prj/final_prj_pl/final_prj_pl.runs/axis_eth_head_convertor_synth_1/dont_touch.xdc]
Finished Parsing XDC File [E:/final_prj/final_prj_pl/final_prj_pl.runs/axis_eth_head_convertor_synth_1/dont_touch.xdc]
Completed Processing XDC Constraints

Netlist sorting complete. Time (s): cpu = 00:00:00 ; elapsed = 00:00:00 . Memory (MB): peak = 2082.934 ; gain = 0.000
INFO: [Project 1-111] Unisim Transformation Summary:
No Unisim elements were transformed.

Constraint Validation Runtime : Time (s): cpu = 00:00:00 ; elapsed = 00:00:00.048 . Memory (MB): peak = 2087.176 ; gain = 4.242
INFO: [Designutils 20-5008] Incremental synthesis strategy off
---------------------------------------------------------------------------------
Finished Constraint Validation : Time (s): cpu = 00:00:13 ; elapsed = 00:00:14 . Memory (MB): peak = 2087.176 ; gain = 405.316
---------------------------------------------------------------------------------
---------------------------------------------------------------------------------
Start Loading Part and Timing Information
---------------------------------------------------------------------------------
Loading part: xczu9eg-ffvb1156-2-i
INFO: [Synth 8-6742] Reading net delay rules and data
---------------------------------------------------------------------------------
Finished Loading Part and Timing Information : Time (s): cpu = 00:00:13 ; elapsed = 00:00:14 . Memory (MB): peak = 2087.176 ; gain = 405.316
---------------------------------------------------------------------------------
---------------------------------------------------------------------------------
Start Applying 'set_property' XDC Constraints
---------------------------------------------------------------------------------
Applied set_property KEEP_HIERARCHY = SOFT for inst. (constraint file  E:/final_prj/final_prj_pl/final_prj_pl.runs/axis_eth_head_convertor_synth_1/dont_touch.xdc, line 9).
---------------------------------------------------------------------------------
Finished applying 'set_property' XDC Constraints : Time (s): cpu = 00:00:13 ; elapsed = 00:00:14 . Memory (MB): peak = 2087.176 ; gain = 405.316
---------------------------------------------------------------------------------
INFO: [Synth 8-4490] FSM extraction disabled for register 'state_reg' through user attribute
INFO: [Synth 8-4490] FSM extraction disabled for register 'state_reg' through user attribute
---------------------------------------------------------------------------------
Finished RTL Optimization Phase 2 : Time (s): cpu = 00:00:13 ; elapsed = 00:00:15 . Memory (MB): peak = 2087.176 ; gain = 405.316
---------------------------------------------------------------------------------
---------------------------------------------------------------------------------
Start RTL Component Statistics 
---------------------------------------------------------------------------------
Detailed RTL Component Info : 
+---Adders : 
	   2 Input    6 Bit       Adders := 1     
+---Registers : 
	              336 Bit    Registers := 1     
	               42 Bit    Registers := 4     
	                8 Bit    Registers := 1     
	                6 Bit    Registers := 2     
	                3 Bit    Registers := 1     
	                1 Bit    Registers := 12    
+---Muxes : 
	   3 Input    6 Bit        Muxes := 1     
	   2 Input    6 Bit        Muxes := 3     
	   2 Input    5 Bit        Muxes := 1     
	   4 Input    3 Bit        Muxes := 1     
	   2 Input    3 Bit        Muxes := 1     
	   2 Input    2 Bit        Muxes := 1     
	   3 Input    2 Bit        Muxes := 1     
	   2 Input    1 Bit        Muxes := 4     
---------------------------------------------------------------------------------
Finished RTL Component Statistics 
---------------------------------------------------------------------------------
---------------------------------------------------------------------------------
Start Part Resource Summary
---------------------------------------------------------------------------------
Part Resources:
DSPs: 2520 (col length:168)
BRAMs: 1824 (col length: RAMB18 168 RAMB36 84)
---------------------------------------------------------------------------------
Finished Part Resource Summary
---------------------------------------------------------------------------------
---------------------------------------------------------------------------------
Start Cross Boundary and Area Optimization
---------------------------------------------------------------------------------
WARNING: [Synth 8-7080] Parallel synthesis criteria is not met
WARNING: [Synth 8-7129] Port s_axis_tid[0] in module axis_dwidth_converter_v1_1_33_axis_dwidth_converter is either unconnected or has no load
WARNING: [Synth 8-7129] Port s_axis_tdest[0] in module axis_dwidth_converter_v1_1_33_axis_dwidth_converter is either unconnected or has no load
---------------------------------------------------------------------------------
Finished Cross Boundary and Area Optimization : Time (s): cpu = 00:00:16 ; elapsed = 00:00:17 . Memory (MB): peak = 2087.176 ; gain = 405.316
---------------------------------------------------------------------------------
---------------------------------------------------------------------------------
Start Applying XDC Timing Constraints
---------------------------------------------------------------------------------
---------------------------------------------------------------------------------
Finished Applying XDC Timing Constraints : Time (s): cpu = 00:00:24 ; elapsed = 00:00:26 . Memory (MB): peak = 2718.445 ; gain = 1036.586
---------------------------------------------------------------------------------
---------------------------------------------------------------------------------
Start Timing Optimization
---------------------------------------------------------------------------------
---------------------------------------------------------------------------------
Finished Timing Optimization : Time (s): cpu = 00:00:25 ; elapsed = 00:00:28 . Memory (MB): peak = 2786.332 ; gain = 1104.473
---------------------------------------------------------------------------------
---------------------------------------------------------------------------------
Start Technology Mapping
---------------------------------------------------------------------------------
---------------------------------------------------------------------------------
Finished Technology Mapping : Time (s): cpu = 00:00:25 ; elapsed = 00:00:28 . Memory (MB): peak = 2786.383 ; gain = 1104.523
---------------------------------------------------------------------------------
---------------------------------------------------------------------------------
Start IO Insertion
---------------------------------------------------------------------------------
---------------------------------------------------------------------------------
Start Flattening Before IO Insertion
---------------------------------------------------------------------------------
---------------------------------------------------------------------------------
Finished Flattening Before IO Insertion
---------------------------------------------------------------------------------
---------------------------------------------------------------------------------
Start Final Netlist Cleanup
---------------------------------------------------------------------------------
---------------------------------------------------------------------------------
Finished Final Netlist Cleanup
---------------------------------------------------------------------------------
---------------------------------------------------------------------------------
Finished IO Insertion : Time (s): cpu = 00:00:28 ; elapsed = 00:00:30 . Memory (MB): peak = 2957.113 ; gain = 1275.254
---------------------------------------------------------------------------------
---------------------------------------------------------------------------------
Start Renaming Generated Instances
---------------------------------------------------------------------------------
---------------------------------------------------------------------------------
Finished Renaming Generated Instances : Time (s): cpu = 00:00:28 ; elapsed = 00:00:30 . Memory (MB): peak = 2957.113 ; gain = 1275.254
---------------------------------------------------------------------------------
---------------------------------------------------------------------------------
Start Rebuilding User Hierarchy
---------------------------------------------------------------------------------
---------------------------------------------------------------------------------
Finished Rebuilding User Hierarchy : Time (s): cpu = 00:00:28 ; elapsed = 00:00:30 . Memory (MB): peak = 2957.113 ; gain = 1275.254
---------------------------------------------------------------------------------
---------------------------------------------------------------------------------
Start Renaming Generated Ports
---------------------------------------------------------------------------------
---------------------------------------------------------------------------------
Finished Renaming Generated Ports : Time (s): cpu = 00:00:28 ; elapsed = 00:00:30 . Memory (MB): peak = 2957.113 ; gain = 1275.254
---------------------------------------------------------------------------------
---------------------------------------------------------------------------------
Start Handling Custom Attributes
---------------------------------------------------------------------------------
---------------------------------------------------------------------------------
Finished Handling Custom Attributes : Time (s): cpu = 00:00:28 ; elapsed = 00:00:30 . Memory (MB): peak = 2957.113 ; gain = 1275.254
---------------------------------------------------------------------------------
---------------------------------------------------------------------------------
Start Renaming Generated Nets
---------------------------------------------------------------------------------
---------------------------------------------------------------------------------
Finished Renaming Generated Nets : Time (s): cpu = 00:00:28 ; elapsed = 00:00:30 . Memory (MB): peak = 2957.113 ; gain = 1275.254
---------------------------------------------------------------------------------
---------------------------------------------------------------------------------
Start Writing Synthesis Report
---------------------------------------------------------------------------------

Report BlackBoxes: 
+-+--------------+----------+
| |BlackBox name |Instances |
+-+--------------+----------+
+-+--------------+----------+

Report Cell Usage: 
+------+------+------+
|      |Cell  |Count |
+------+------+------+
|1     |LUT1  |    43|
|2     |LUT2  |    20|
|3     |LUT3  |    27|
|4     |LUT4  |    14|
|5     |LUT5  |   190|
|6     |LUT6  |   263|
|7     |MUXF7 |    67|
|8     |FDRE  |   531|
|9     |FDSE  |     1|
+------+------+------+
---------------------------------------------------------------------------------
Finished Writing Synthesis Report : Time (s): cpu = 00:00:28 ; elapsed = 00:00:30 . Memory (MB): peak = 2957.113 ; gain = 1275.254
---------------------------------------------------------------------------------
Synthesis finished with 0 errors, 0 critical warnings and 3 warnings.
Synthesis Optimization Runtime : Time (s): cpu = 00:00:19 ; elapsed = 00:00:26 . Memory (MB): peak = 2957.113 ; gain = 1174.258
Synthesis Optimization Complete : Time (s): cpu = 00:00:28 ; elapsed = 00:00:31 . Memory (MB): peak = 2957.113 ; gain = 1275.254
INFO: [Project 1-571] Translating synthesized netlist
Netlist sorting complete. Time (s): cpu = 00:00:00 ; elapsed = 00:00:00.010 . Memory (MB): peak = 2957.113 ; gain = 0.000
INFO: [Netlist 29-17] Analyzing 67 Unisim elements for replacement
INFO: [Netlist 29-28] Unisim Transformation completed in 0 CPU seconds
WARNING: [Netlist 29-101] Netlist 'axis_eth_head_convertor' is not ideal for floorplanning, since the cellview 'axis_dwidth_converter_v1_1_33_axisc_downsizer' contains a large number of primitives.  Please consider enabling hierarchy in synthesis if you want to do floorplanning.
INFO: [Project 1-570] Preparing netlist for logic optimization
INFO: [Opt 31-138] Pushed 0 inverter(s) to 0 load pin(s).
Netlist sorting complete. Time (s): cpu = 00:00:00 ; elapsed = 00:00:00 . Memory (MB): peak = 2957.113 ; gain = 0.000
INFO: [Project 1-111] Unisim Transformation Summary:
No Unisim elements were transformed.

Synth Design complete | Checksum: 3dd90746
INFO: [Common 17-83] Releasing license: Synthesis
42 Infos, 16 Warnings, 0 Critical Warnings and 0 Errors encountered.
synth_design completed successfully
synth_design: Time (s): cpu = 00:00:35 ; elapsed = 00:00:37 . Memory (MB): peak = 2957.113 ; gain = 2262.172
Write ShapeDB Complete: Time (s): cpu = 00:00:00 ; elapsed = 00:00:00.003 . Memory (MB): peak = 2957.113 ; gain = 0.000
INFO: [Common 17-1381] The checkpoint 'E:/final_prj/final_prj_pl/final_prj_pl.runs/axis_eth_head_convertor_synth_1/axis_eth_head_convertor.dcp' has been generated.
INFO: [Coretcl 2-1648] Added synthesis output to IP cache for IP axis_eth_head_convertor, cache-ID = 30a49dd67b29606e
INFO: [Coretcl 2-1174] Renamed 2 cell refs.
Write ShapeDB Complete: Time (s): cpu = 00:00:00 ; elapsed = 00:00:00.001 . Memory (MB): peak = 2957.113 ; gain = 0.000
INFO: [Common 17-1381] The checkpoint 'E:/final_prj/final_prj_pl/final_prj_pl.runs/axis_eth_head_convertor_synth_1/axis_eth_head_convertor.dcp' has been generated.
INFO: [Vivado 12-24828] Executing command : report_utilization -file axis_eth_head_convertor_utilization_synth.rpt -pb axis_eth_head_convertor_utilization_synth.pb
INFO: [Common 17-206] Exiting Vivado at Tue Jul  1 15:51:38 2025...
