
*** Running vivado
    with args -log AXI2BRAM.vds -m64 -product Vivado -mode batch -messageDb vivado.pb -notrace -source AXI2BRAM.tcl



****** Vivado v2024.2.2 (64-bit)
  **** SW Build 6060944 on Thu Mar 06 19:10:01 MST 2025
  **** IP Build 6050500 on Thu Mar  6 23:33:39 MST 2025
  **** SharedData Build 6060542 on Thu Mar 06 10:31:07 MST 2025
  **** Start of session at: Thu Jun 19 14:25:05 2025
    ** Copyright 1986-2022 Xilinx, Inc. All Rights Reserved.
    ** Copyright 2022-2025 Advanced Micro Devices, Inc. All Rights Reserved.

Sourcing tcl script 'D:/Xilinx/Vivado/2024.2/scripts/Vivado_init.tcl'
source AXI2BRAM.tcl -notrace
create_project: Time (s): cpu = 00:00:05 ; elapsed = 00:00:06 . Memory (MB): peak = 643.840 ; gain = 202.637
INFO: [IP_Flow 19-6924] IPCACHE: Running cache check for IP inst: AXI2BRAM
Command: synth_design -top AXI2BRAM -part xczu9eg-ffvb1156-2-i -incremental_mode off -mode out_of_context
Starting synth_design
Attempting to get a license for feature 'Synthesis' and/or device 'xczu9eg'
INFO: [Common 17-349] Got license for feature 'Synthesis' and/or device 'xczu9eg'
INFO: [Device 21-403] Loading part xczu9eg-ffvb1156-2-i
INFO: [Synth 8-7079] Multithreading enabled for synth_design using a maximum of 4 processes.
INFO: [Synth 8-7078] Launching helper process for spawning children vivado processes
INFO: [Synth 8-7075] Helper process launched with PID 57900
---------------------------------------------------------------------------------
Starting RTL Elaboration : Time (s): cpu = 00:00:04 ; elapsed = 00:00:04 . Memory (MB): peak = 1870.527 ; gain = 187.734
---------------------------------------------------------------------------------
INFO: [Synth 8-638] synthesizing module 'AXI2BRAM' [e:/final_prj/final_prj_pl/final_prj_pl.gen/sources_1/ip/AXI2BRAM/synth/AXI2BRAM.vhd:92]
	Parameter C_BRAM_INST_MODE bound to: EXTERNAL - type: string 
	Parameter C_MEMORY_DEPTH bound to: 1024 - type: integer 
	Parameter C_BRAM_ADDR_WIDTH bound to: 10 - type: integer 
	Parameter C_S_AXI_ADDR_WIDTH bound to: 12 - type: integer 
	Parameter C_S_AXI_DATA_WIDTH bound to: 32 - type: integer 
	Parameter C_S_AXI_ID_WIDTH bound to: 1 - type: integer 
	Parameter C_S_AXI_PROTOCOL bound to: AXI4LITE - type: string 
	Parameter C_S_AXI_SUPPORTS_NARROW_BURST bound to: 0 - type: integer 
	Parameter C_SINGLE_PORT_BRAM bound to: 1 - type: integer 
	Parameter C_FAMILY bound to: zynquplus - type: string 
	Parameter C_READ_LATENCY bound to: 1 - type: integer 
	Parameter C_RD_CMD_OPTIMIZATION bound to: 0 - type: integer 
	Parameter C_S_AXI_CTRL_ADDR_WIDTH bound to: 32 - type: integer 
	Parameter C_S_AXI_CTRL_DATA_WIDTH bound to: 32 - type: integer 
	Parameter C_ECC bound to: 0 - type: integer 
	Parameter C_ECC_TYPE bound to: 0 - type: integer 
	Parameter C_FAULT_INJECT bound to: 0 - type: integer 
	Parameter C_ECC_ONOFF_RESET_VALUE bound to: 0 - type: integer 
INFO: [Synth 8-3491] module 'axi_bram_ctrl' declared at 'e:/final_prj/final_prj_pl/final_prj_pl.gen/sources_1/ip/AXI2BRAM/hdl/axi_bram_ctrl_v4_1_rfs.vhd:31263' bound to instance 'U0' of component 'axi_bram_ctrl' [e:/final_prj/final_prj_pl/final_prj_pl.gen/sources_1/ip/AXI2BRAM/synth/AXI2BRAM.vhd:236]
INFO: [Synth 8-638] synthesizing module 'axi_bram_ctrl' [e:/final_prj/final_prj_pl/final_prj_pl.gen/sources_1/ip/AXI2BRAM/hdl/axi_bram_ctrl_v4_1_rfs.vhd:31434]
INFO: [Synth 8-638] synthesizing module 'axi_bram_ctrl_top' [e:/final_prj/final_prj_pl/final_prj_pl.gen/sources_1/ip/AXI2BRAM/hdl/axi_bram_ctrl_v4_1_rfs.vhd:30438]
INFO: [Synth 8-638] synthesizing module 'axi_lite' [e:/final_prj/final_prj_pl/final_prj_pl.gen/sources_1/ip/AXI2BRAM/hdl/axi_bram_ctrl_v4_1_rfs.vhd:6787]
INFO: [Synth 8-256] done synthesizing module 'axi_lite' (0#1) [e:/final_prj/final_prj_pl/final_prj_pl.gen/sources_1/ip/AXI2BRAM/hdl/axi_bram_ctrl_v4_1_rfs.vhd:6787]
INFO: [Synth 8-256] done synthesizing module 'axi_bram_ctrl_top' (0#1) [e:/final_prj/final_prj_pl/final_prj_pl.gen/sources_1/ip/AXI2BRAM/hdl/axi_bram_ctrl_v4_1_rfs.vhd:30438]
INFO: [Synth 8-256] done synthesizing module 'axi_bram_ctrl' (0#1) [e:/final_prj/final_prj_pl/final_prj_pl.gen/sources_1/ip/AXI2BRAM/hdl/axi_bram_ctrl_v4_1_rfs.vhd:31434]
INFO: [Synth 8-256] done synthesizing module 'AXI2BRAM' (0#1) [e:/final_prj/final_prj_pl/final_prj_pl.gen/sources_1/ip/AXI2BRAM/synth/AXI2BRAM.vhd:92]
WARNING: [Synth 8-6014] Unused sequential element GEN_NO_RD_CMD_OPT.axi_arready_reg_reg was removed.  [e:/final_prj/final_prj_pl/final_prj_pl.gen/sources_1/ip/AXI2BRAM/hdl/axi_bram_ctrl_v4_1_rfs.vhd:8375]
WARNING: [Synth 8-6014] Unused sequential element GEN_NO_RD_CMD_OPT.axi_rvalid_set_r_reg was removed.  [e:/final_prj/final_prj_pl/final_prj_pl.gen/sources_1/ip/AXI2BRAM/hdl/axi_bram_ctrl_v4_1_rfs.vhd:8376]
WARNING: [Synth 8-6014] Unused sequential element GEN_NO_RD_CMD_OPT.axi_rlast_set_r_reg was removed.  [e:/final_prj/final_prj_pl/final_prj_pl.gen/sources_1/ip/AXI2BRAM/hdl/axi_bram_ctrl_v4_1_rfs.vhd:8377]
WARNING: [Synth 8-7129] Port AXI_AWADDR[1] in module axi_lite is either unconnected or has no load
WARNING: [Synth 8-7129] Port AXI_AWADDR[0] in module axi_lite is either unconnected or has no load
WARNING: [Synth 8-7129] Port AXI_ARADDR[1] in module axi_lite is either unconnected or has no load
WARNING: [Synth 8-7129] Port AXI_ARADDR[0] in module axi_lite is either unconnected or has no load
WARNING: [Synth 8-7129] Port AXI_CTRL_AWVALID in module axi_lite is either unconnected or has no load
WARNING: [Synth 8-7129] Port AXI_CTRL_AWADDR[31] in module axi_lite is either unconnected or has no load
WARNING: [Synth 8-7129] Port AXI_CTRL_AWADDR[30] in module axi_lite is either unconnected or has no load
WARNING: [Synth 8-7129] Port AXI_CTRL_AWADDR[29] in module axi_lite is either unconnected or has no load
WARNING: [Synth 8-7129] Port AXI_CTRL_AWADDR[28] in module axi_lite is either unconnected or has no load
WARNING: [Synth 8-7129] Port AXI_CTRL_AWADDR[27] in module axi_lite is either unconnected or has no load
WARNING: [Synth 8-7129] Port AXI_CTRL_AWADDR[26] in module axi_lite is either unconnected or has no load
WARNING: [Synth 8-7129] Port AXI_CTRL_AWADDR[25] in module axi_lite is either unconnected or has no load
WARNING: [Synth 8-7129] Port AXI_CTRL_AWADDR[24] in module axi_lite is either unconnected or has no load
WARNING: [Synth 8-7129] Port AXI_CTRL_AWADDR[23] in module axi_lite is either unconnected or has no load
WARNING: [Synth 8-7129] Port AXI_CTRL_AWADDR[22] in module axi_lite is either unconnected or has no load
WARNING: [Synth 8-7129] Port AXI_CTRL_AWADDR[21] in module axi_lite is either unconnected or has no load
WARNING: [Synth 8-7129] Port AXI_CTRL_AWADDR[20] in module axi_lite is either unconnected or has no load
WARNING: [Synth 8-7129] Port AXI_CTRL_AWADDR[19] in module axi_lite is either unconnected or has no load
WARNING: [Synth 8-7129] Port AXI_CTRL_AWADDR[18] in module axi_lite is either unconnected or has no load
WARNING: [Synth 8-7129] Port AXI_CTRL_AWADDR[17] in module axi_lite is either unconnected or has no load
WARNING: [Synth 8-7129] Port AXI_CTRL_AWADDR[16] in module axi_lite is either unconnected or has no load
WARNING: [Synth 8-7129] Port AXI_CTRL_AWADDR[15] in module axi_lite is either unconnected or has no load
WARNING: [Synth 8-7129] Port AXI_CTRL_AWADDR[14] in module axi_lite is either unconnected or has no load
WARNING: [Synth 8-7129] Port AXI_CTRL_AWADDR[13] in module axi_lite is either unconnected or has no load
WARNING: [Synth 8-7129] Port AXI_CTRL_AWADDR[12] in module axi_lite is either unconnected or has no load
WARNING: [Synth 8-7129] Port AXI_CTRL_AWADDR[11] in module axi_lite is either unconnected or has no load
WARNING: [Synth 8-7129] Port AXI_CTRL_AWADDR[10] in module axi_lite is either unconnected or has no load
WARNING: [Synth 8-7129] Port AXI_CTRL_AWADDR[9] in module axi_lite is either unconnected or has no load
WARNING: [Synth 8-7129] Port AXI_CTRL_AWADDR[8] in module axi_lite is either unconnected or has no load
WARNING: [Synth 8-7129] Port AXI_CTRL_AWADDR[7] in module axi_lite is either unconnected or has no load
WARNING: [Synth 8-7129] Port AXI_CTRL_AWADDR[6] in module axi_lite is either unconnected or has no load
WARNING: [Synth 8-7129] Port AXI_CTRL_AWADDR[5] in module axi_lite is either unconnected or has no load
WARNING: [Synth 8-7129] Port AXI_CTRL_AWADDR[4] in module axi_lite is either unconnected or has no load
WARNING: [Synth 8-7129] Port AXI_CTRL_AWADDR[3] in module axi_lite is either unconnected or has no load
WARNING: [Synth 8-7129] Port AXI_CTRL_AWADDR[2] in module axi_lite is either unconnected or has no load
WARNING: [Synth 8-7129] Port AXI_CTRL_AWADDR[1] in module axi_lite is either unconnected or has no load
WARNING: [Synth 8-7129] Port AXI_CTRL_AWADDR[0] in module axi_lite is either unconnected or has no load
WARNING: [Synth 8-7129] Port AXI_CTRL_WDATA[31] in module axi_lite is either unconnected or has no load
WARNING: [Synth 8-7129] Port AXI_CTRL_WDATA[30] in module axi_lite is either unconnected or has no load
WARNING: [Synth 8-7129] Port AXI_CTRL_WDATA[29] in module axi_lite is either unconnected or has no load
WARNING: [Synth 8-7129] Port AXI_CTRL_WDATA[28] in module axi_lite is either unconnected or has no load
WARNING: [Synth 8-7129] Port AXI_CTRL_WDATA[27] in module axi_lite is either unconnected or has no load
WARNING: [Synth 8-7129] Port AXI_CTRL_WDATA[26] in module axi_lite is either unconnected or has no load
WARNING: [Synth 8-7129] Port AXI_CTRL_WDATA[25] in module axi_lite is either unconnected or has no load
WARNING: [Synth 8-7129] Port AXI_CTRL_WDATA[24] in module axi_lite is either unconnected or has no load
WARNING: [Synth 8-7129] Port AXI_CTRL_WDATA[23] in module axi_lite is either unconnected or has no load
WARNING: [Synth 8-7129] Port AXI_CTRL_WDATA[22] in module axi_lite is either unconnected or has no load
WARNING: [Synth 8-7129] Port AXI_CTRL_WDATA[21] in module axi_lite is either unconnected or has no load
WARNING: [Synth 8-7129] Port AXI_CTRL_WDATA[20] in module axi_lite is either unconnected or has no load
WARNING: [Synth 8-7129] Port AXI_CTRL_WDATA[19] in module axi_lite is either unconnected or has no load
WARNING: [Synth 8-7129] Port AXI_CTRL_WDATA[18] in module axi_lite is either unconnected or has no load
WARNING: [Synth 8-7129] Port AXI_CTRL_WDATA[17] in module axi_lite is either unconnected or has no load
WARNING: [Synth 8-7129] Port AXI_CTRL_WDATA[16] in module axi_lite is either unconnected or has no load
WARNING: [Synth 8-7129] Port AXI_CTRL_WDATA[15] in module axi_lite is either unconnected or has no load
WARNING: [Synth 8-7129] Port AXI_CTRL_WDATA[14] in module axi_lite is either unconnected or has no load
WARNING: [Synth 8-7129] Port AXI_CTRL_WDATA[13] in module axi_lite is either unconnected or has no load
WARNING: [Synth 8-7129] Port AXI_CTRL_WDATA[12] in module axi_lite is either unconnected or has no load
WARNING: [Synth 8-7129] Port AXI_CTRL_WDATA[11] in module axi_lite is either unconnected or has no load
WARNING: [Synth 8-7129] Port AXI_CTRL_WDATA[10] in module axi_lite is either unconnected or has no load
WARNING: [Synth 8-7129] Port AXI_CTRL_WDATA[9] in module axi_lite is either unconnected or has no load
WARNING: [Synth 8-7129] Port AXI_CTRL_WDATA[8] in module axi_lite is either unconnected or has no load
WARNING: [Synth 8-7129] Port AXI_CTRL_WDATA[7] in module axi_lite is either unconnected or has no load
WARNING: [Synth 8-7129] Port AXI_CTRL_WDATA[6] in module axi_lite is either unconnected or has no load
WARNING: [Synth 8-7129] Port AXI_CTRL_WDATA[5] in module axi_lite is either unconnected or has no load
WARNING: [Synth 8-7129] Port AXI_CTRL_WDATA[4] in module axi_lite is either unconnected or has no load
WARNING: [Synth 8-7129] Port AXI_CTRL_WDATA[3] in module axi_lite is either unconnected or has no load
WARNING: [Synth 8-7129] Port AXI_CTRL_WDATA[2] in module axi_lite is either unconnected or has no load
WARNING: [Synth 8-7129] Port AXI_CTRL_WDATA[1] in module axi_lite is either unconnected or has no load
WARNING: [Synth 8-7129] Port AXI_CTRL_WDATA[0] in module axi_lite is either unconnected or has no load
WARNING: [Synth 8-7129] Port AXI_CTRL_WVALID in module axi_lite is either unconnected or has no load
WARNING: [Synth 8-7129] Port AXI_CTRL_BREADY in module axi_lite is either unconnected or has no load
WARNING: [Synth 8-7129] Port AXI_CTRL_ARADDR[31] in module axi_lite is either unconnected or has no load
WARNING: [Synth 8-7129] Port AXI_CTRL_ARADDR[30] in module axi_lite is either unconnected or has no load
WARNING: [Synth 8-7129] Port AXI_CTRL_ARADDR[29] in module axi_lite is either unconnected or has no load
WARNING: [Synth 8-7129] Port AXI_CTRL_ARADDR[28] in module axi_lite is either unconnected or has no load
WARNING: [Synth 8-7129] Port AXI_CTRL_ARADDR[27] in module axi_lite is either unconnected or has no load
WARNING: [Synth 8-7129] Port AXI_CTRL_ARADDR[26] in module axi_lite is either unconnected or has no load
WARNING: [Synth 8-7129] Port AXI_CTRL_ARADDR[25] in module axi_lite is either unconnected or has no load
WARNING: [Synth 8-7129] Port AXI_CTRL_ARADDR[24] in module axi_lite is either unconnected or has no load
WARNING: [Synth 8-7129] Port AXI_CTRL_ARADDR[23] in module axi_lite is either unconnected or has no load
WARNING: [Synth 8-7129] Port AXI_CTRL_ARADDR[22] in module axi_lite is either unconnected or has no load
WARNING: [Synth 8-7129] Port AXI_CTRL_ARADDR[21] in module axi_lite is either unconnected or has no load
WARNING: [Synth 8-7129] Port AXI_CTRL_ARADDR[20] in module axi_lite is either unconnected or has no load
WARNING: [Synth 8-7129] Port AXI_CTRL_ARADDR[19] in module axi_lite is either unconnected or has no load
WARNING: [Synth 8-7129] Port AXI_CTRL_ARADDR[18] in module axi_lite is either unconnected or has no load
WARNING: [Synth 8-7129] Port AXI_CTRL_ARADDR[17] in module axi_lite is either unconnected or has no load
WARNING: [Synth 8-7129] Port AXI_CTRL_ARADDR[16] in module axi_lite is either unconnected or has no load
WARNING: [Synth 8-7129] Port AXI_CTRL_ARADDR[15] in module axi_lite is either unconnected or has no load
WARNING: [Synth 8-7129] Port AXI_CTRL_ARADDR[14] in module axi_lite is either unconnected or has no load
WARNING: [Synth 8-7129] Port AXI_CTRL_ARADDR[13] in module axi_lite is either unconnected or has no load
WARNING: [Synth 8-7129] Port AXI_CTRL_ARADDR[12] in module axi_lite is either unconnected or has no load
WARNING: [Synth 8-7129] Port AXI_CTRL_ARADDR[11] in module axi_lite is either unconnected or has no load
WARNING: [Synth 8-7129] Port AXI_CTRL_ARADDR[10] in module axi_lite is either unconnected or has no load
WARNING: [Synth 8-7129] Port AXI_CTRL_ARADDR[9] in module axi_lite is either unconnected or has no load
WARNING: [Synth 8-7129] Port AXI_CTRL_ARADDR[8] in module axi_lite is either unconnected or has no load
WARNING: [Synth 8-7129] Port AXI_CTRL_ARADDR[7] in module axi_lite is either unconnected or has no load
WARNING: [Synth 8-7129] Port AXI_CTRL_ARADDR[6] in module axi_lite is either unconnected or has no load
WARNING: [Synth 8-7129] Port AXI_CTRL_ARADDR[5] in module axi_lite is either unconnected or has no load
WARNING: [Synth 8-7129] Port AXI_CTRL_ARADDR[4] in module axi_lite is either unconnected or has no load
WARNING: [Synth 8-7129] Port AXI_CTRL_ARADDR[3] in module axi_lite is either unconnected or has no load
INFO: [Common 17-14] Message 'Synth 8-7129' appears 100 times and further instances of the messages will be disabled. Use the Tcl command set_msg_config to change the current settings.
---------------------------------------------------------------------------------
Finished RTL Elaboration : Time (s): cpu = 00:00:05 ; elapsed = 00:00:06 . Memory (MB): peak = 1988.031 ; gain = 305.238
---------------------------------------------------------------------------------
---------------------------------------------------------------------------------
Start Handling Custom Attributes
---------------------------------------------------------------------------------
---------------------------------------------------------------------------------
Finished Handling Custom Attributes : Time (s): cpu = 00:00:05 ; elapsed = 00:00:06 . Memory (MB): peak = 1988.031 ; gain = 305.238
---------------------------------------------------------------------------------
---------------------------------------------------------------------------------
Finished RTL Optimization Phase 1 : Time (s): cpu = 00:00:05 ; elapsed = 00:00:06 . Memory (MB): peak = 1988.031 ; gain = 305.238
---------------------------------------------------------------------------------
Netlist sorting complete. Time (s): cpu = 00:00:00 ; elapsed = 00:00:00.005 . Memory (MB): peak = 1988.031 ; gain = 0.000
INFO: [Project 1-570] Preparing netlist for logic optimization

Processing XDC Constraints
Initializing timing engine
Parsing XDC File [e:/final_prj/final_prj_pl/final_prj_pl.gen/sources_1/ip/AXI2BRAM/AXI2BRAM_ooc.xdc] for cell 'U0'
Finished Parsing XDC File [e:/final_prj/final_prj_pl/final_prj_pl.gen/sources_1/ip/AXI2BRAM/AXI2BRAM_ooc.xdc] for cell 'U0'
Parsing XDC File [E:/final_prj/final_prj_pl/final_prj_pl.runs/AXI2BRAM_synth_1/dont_touch.xdc]
Finished Parsing XDC File [E:/final_prj/final_prj_pl/final_prj_pl.runs/AXI2BRAM_synth_1/dont_touch.xdc]
Completed Processing XDC Constraints

Netlist sorting complete. Time (s): cpu = 00:00:00 ; elapsed = 00:00:00 . Memory (MB): peak = 2079.527 ; gain = 0.000
INFO: [Project 1-111] Unisim Transformation Summary:
No Unisim elements were transformed.

Constraint Validation Runtime : Time (s): cpu = 00:00:00 ; elapsed = 00:00:00.017 . Memory (MB): peak = 2083.699 ; gain = 4.172
INFO: [Designutils 20-5008] Incremental synthesis strategy off
---------------------------------------------------------------------------------
Finished Constraint Validation : Time (s): cpu = 00:00:14 ; elapsed = 00:00:15 . Memory (MB): peak = 2083.699 ; gain = 400.906
---------------------------------------------------------------------------------
---------------------------------------------------------------------------------
Start Loading Part and Timing Information
---------------------------------------------------------------------------------
Loading part: xczu9eg-ffvb1156-2-i
INFO: [Synth 8-6742] Reading net delay rules and data
---------------------------------------------------------------------------------
Finished Loading Part and Timing Information : Time (s): cpu = 00:00:14 ; elapsed = 00:00:15 . Memory (MB): peak = 2083.699 ; gain = 400.906
---------------------------------------------------------------------------------
---------------------------------------------------------------------------------
Start Applying 'set_property' XDC Constraints
---------------------------------------------------------------------------------
Applied set_property KEEP_HIERARCHY = SOFT for U0. (constraint file  E:/final_prj/final_prj_pl/final_prj_pl.runs/AXI2BRAM_synth_1/dont_touch.xdc, line 9).
---------------------------------------------------------------------------------
Finished applying 'set_property' XDC Constraints : Time (s): cpu = 00:00:14 ; elapsed = 00:00:15 . Memory (MB): peak = 2083.699 ; gain = 400.906
---------------------------------------------------------------------------------
INFO: [Synth 8-802] inferred FSM for state register 'GEN_NO_RD_CMD_OPT.lite_sm_cs_reg' in module 'axi_lite'
---------------------------------------------------------------------------------------------------
                   State |                     New Encoding |                Previous Encoding 
---------------------------------------------------------------------------------------------------
                    idle |                           000001 |                              000
             sng_wr_data |                           100000 |                              011
                 rd_data |                           010000 |                              100
---------------------------------------------------------------------------------------------------
INFO: [Synth 8-3354] encoded FSM with state register 'GEN_NO_RD_CMD_OPT.lite_sm_cs_reg' using encoding 'one-hot' in module 'axi_lite'
---------------------------------------------------------------------------------
Finished RTL Optimization Phase 2 : Time (s): cpu = 00:00:14 ; elapsed = 00:00:15 . Memory (MB): peak = 2083.699 ; gain = 400.906
---------------------------------------------------------------------------------
---------------------------------------------------------------------------------
Start RTL Component Statistics 
---------------------------------------------------------------------------------
Detailed RTL Component Info : 
+---Adders : 
	   2 Input    3 Bit       Adders := 1     
+---Registers : 
	                3 Bit    Registers := 1     
	                1 Bit    Registers := 8     
+---Muxes : 
	   3 Input    6 Bit        Muxes := 1     
	   2 Input    6 Bit        Muxes := 2     
	   2 Input    4 Bit        Muxes := 2     
	   3 Input    4 Bit        Muxes := 1     
	   2 Input    2 Bit        Muxes := 1     
	   2 Input    1 Bit        Muxes := 13    
	   3 Input    1 Bit        Muxes := 4     
---------------------------------------------------------------------------------
Finished RTL Component Statistics 
---------------------------------------------------------------------------------
---------------------------------------------------------------------------------
Start Part Resource Summary
---------------------------------------------------------------------------------
Part Resources:
DSPs: 2520 (col length:168)
BRAMs: 1824 (col length: RAMB18 168 RAMB36 84)
---------------------------------------------------------------------------------
Finished Part Resource Summary
---------------------------------------------------------------------------------
---------------------------------------------------------------------------------
Start Cross Boundary and Area Optimization
---------------------------------------------------------------------------------
WARNING: [Synth 8-7080] Parallel synthesis criteria is not met
INFO: [Synth 8-3332] Sequential element (gext_inst.abcv4_0_ext_inst/GEN_AXI4LITE.I_AXI_LITE/FSM_onehot_GEN_NO_RD_CMD_OPT.lite_sm_cs_reg[3]) is unused and will be removed from module axi_bram_ctrl.
INFO: [Synth 8-3332] Sequential element (gext_inst.abcv4_0_ext_inst/GEN_AXI4LITE.I_AXI_LITE/FSM_onehot_GEN_NO_RD_CMD_OPT.lite_sm_cs_reg[2]) is unused and will be removed from module axi_bram_ctrl.
INFO: [Synth 8-3332] Sequential element (gext_inst.abcv4_0_ext_inst/GEN_AXI4LITE.I_AXI_LITE/FSM_onehot_GEN_NO_RD_CMD_OPT.lite_sm_cs_reg[1]) is unused and will be removed from module axi_bram_ctrl.
---------------------------------------------------------------------------------
Finished Cross Boundary and Area Optimization : Time (s): cpu = 00:00:16 ; elapsed = 00:00:17 . Memory (MB): peak = 2083.699 ; gain = 400.906
---------------------------------------------------------------------------------
---------------------------------------------------------------------------------
Start Applying XDC Timing Constraints
---------------------------------------------------------------------------------
---------------------------------------------------------------------------------
Finished Applying XDC Timing Constraints : Time (s): cpu = 00:00:24 ; elapsed = 00:00:25 . Memory (MB): peak = 2713.422 ; gain = 1030.629
---------------------------------------------------------------------------------
---------------------------------------------------------------------------------
Start Timing Optimization
---------------------------------------------------------------------------------
---------------------------------------------------------------------------------
Finished Timing Optimization : Time (s): cpu = 00:00:24 ; elapsed = 00:00:25 . Memory (MB): peak = 2733.660 ; gain = 1050.867
---------------------------------------------------------------------------------
---------------------------------------------------------------------------------
Start Technology Mapping
---------------------------------------------------------------------------------
---------------------------------------------------------------------------------
Finished Technology Mapping : Time (s): cpu = 00:00:24 ; elapsed = 00:00:25 . Memory (MB): peak = 2734.234 ; gain = 1051.441
---------------------------------------------------------------------------------
---------------------------------------------------------------------------------
Start IO Insertion
---------------------------------------------------------------------------------
---------------------------------------------------------------------------------
Start Flattening Before IO Insertion
---------------------------------------------------------------------------------
---------------------------------------------------------------------------------
Finished Flattening Before IO Insertion
---------------------------------------------------------------------------------
---------------------------------------------------------------------------------
Start Final Netlist Cleanup
---------------------------------------------------------------------------------
---------------------------------------------------------------------------------
Finished Final Netlist Cleanup
---------------------------------------------------------------------------------
---------------------------------------------------------------------------------
Finished IO Insertion : Time (s): cpu = 00:00:26 ; elapsed = 00:00:28 . Memory (MB): peak = 2940.207 ; gain = 1257.414
---------------------------------------------------------------------------------
---------------------------------------------------------------------------------
Start Renaming Generated Instances
---------------------------------------------------------------------------------
---------------------------------------------------------------------------------
Finished Renaming Generated Instances : Time (s): cpu = 00:00:26 ; elapsed = 00:00:28 . Memory (MB): peak = 2940.207 ; gain = 1257.414
---------------------------------------------------------------------------------
---------------------------------------------------------------------------------
Start Rebuilding User Hierarchy
---------------------------------------------------------------------------------
---------------------------------------------------------------------------------
Finished Rebuilding User Hierarchy : Time (s): cpu = 00:00:26 ; elapsed = 00:00:28 . Memory (MB): peak = 2940.207 ; gain = 1257.414
---------------------------------------------------------------------------------
---------------------------------------------------------------------------------
Start Renaming Generated Ports
---------------------------------------------------------------------------------
---------------------------------------------------------------------------------
Finished Renaming Generated Ports : Time (s): cpu = 00:00:26 ; elapsed = 00:00:28 . Memory (MB): peak = 2940.207 ; gain = 1257.414
---------------------------------------------------------------------------------
---------------------------------------------------------------------------------
Start Handling Custom Attributes
---------------------------------------------------------------------------------
---------------------------------------------------------------------------------
Finished Handling Custom Attributes : Time (s): cpu = 00:00:26 ; elapsed = 00:00:28 . Memory (MB): peak = 2940.207 ; gain = 1257.414
---------------------------------------------------------------------------------
---------------------------------------------------------------------------------
Start Renaming Generated Nets
---------------------------------------------------------------------------------
---------------------------------------------------------------------------------
Finished Renaming Generated Nets : Time (s): cpu = 00:00:26 ; elapsed = 00:00:28 . Memory (MB): peak = 2940.207 ; gain = 1257.414
---------------------------------------------------------------------------------
---------------------------------------------------------------------------------
Start Writing Synthesis Report
---------------------------------------------------------------------------------

Report BlackBoxes: 
+-+--------------+----------+
| |BlackBox name |Instances |
+-+--------------+----------+
+-+--------------+----------+

Report Cell Usage: 
+------+-----+------+
|      |Cell |Count |
+------+-----+------+
|1     |LUT1 |     2|
|2     |LUT2 |     2|
|3     |LUT3 |     8|
|4     |LUT5 |     3|
|5     |LUT6 |    16|
|6     |FDRE |    11|
|7     |FDSE |     1|
+------+-----+------+
---------------------------------------------------------------------------------
Finished Writing Synthesis Report : Time (s): cpu = 00:00:26 ; elapsed = 00:00:28 . Memory (MB): peak = 2940.207 ; gain = 1257.414
---------------------------------------------------------------------------------
Synthesis finished with 0 errors, 0 critical warnings and 181 warnings.
Synthesis Optimization Runtime : Time (s): cpu = 00:00:16 ; elapsed = 00:00:23 . Memory (MB): peak = 2940.207 ; gain = 1161.746
Synthesis Optimization Complete : Time (s): cpu = 00:00:26 ; elapsed = 00:00:28 . Memory (MB): peak = 2940.207 ; gain = 1257.414
INFO: [Project 1-571] Translating synthesized netlist
Netlist sorting complete. Time (s): cpu = 00:00:00 ; elapsed = 00:00:00.002 . Memory (MB): peak = 2940.207 ; gain = 0.000
INFO: [Project 1-570] Preparing netlist for logic optimization
INFO: [Opt 31-138] Pushed 0 inverter(s) to 0 load pin(s).
Netlist sorting complete. Time (s): cpu = 00:00:00 ; elapsed = 00:00:00 . Memory (MB): peak = 2940.207 ; gain = 0.000
INFO: [Project 1-111] Unisim Transformation Summary:
No Unisim elements were transformed.

Synth Design complete | Checksum: 8df9497f
INFO: [Common 17-83] Releasing license: Synthesis
30 Infos, 104 Warnings, 0 Critical Warnings and 0 Errors encountered.
synth_design completed successfully
synth_design: Time (s): cpu = 00:00:33 ; elapsed = 00:00:34 . Memory (MB): peak = 2940.207 ; gain = 2243.812
Write ShapeDB Complete: Time (s): cpu = 00:00:00 ; elapsed = 00:00:00 . Memory (MB): peak = 2940.207 ; gain = 0.000
INFO: [Common 17-1381] The checkpoint 'E:/final_prj/final_prj_pl/final_prj_pl.runs/AXI2BRAM_synth_1/AXI2BRAM.dcp' has been generated.
INFO: [Coretcl 2-1648] Added synthesis output to IP cache for IP AXI2BRAM, cache-ID = 7486fc4a1c7ce8e5
INFO: [Coretcl 2-1174] Renamed 3 cell refs.
Write ShapeDB Complete: Time (s): cpu = 00:00:00 ; elapsed = 00:00:00 . Memory (MB): peak = 2940.207 ; gain = 0.000
INFO: [Common 17-1381] The checkpoint 'E:/final_prj/final_prj_pl/final_prj_pl.runs/AXI2BRAM_synth_1/AXI2BRAM.dcp' has been generated.
INFO: [Vivado 12-24828] Executing command : report_utilization -file AXI2BRAM_utilization_synth.rpt -pb AXI2BRAM_utilization_synth.pb
INFO: [Common 17-206] Exiting Vivado at Thu Jun 19 14:25:49 2025...
