
*** Running vivado
    with args -log DDR4_axi_interconnect_0_imp_s02_mmu_0.vds -m64 -product Vivado -mode batch -messageDb vivado.pb -notrace -source DDR4_axi_interconnect_0_imp_s02_mmu_0.tcl



****** Vivado v2024.2.2 (64-bit)
  **** SW Build 6060944 on Thu Mar 06 19:10:01 MST 2025
  **** IP Build 6050500 on Thu Mar  6 23:33:39 MST 2025
  **** SharedData Build 6060542 on Thu Mar 06 10:31:07 MST 2025
  **** Start of session at: Tue Jul 29 14:49:24 2025
    ** Copyright 1986-2022 Xilinx, Inc. All Rights Reserved.
    ** Copyright 2022-2025 Advanced Micro Devices, Inc. All Rights Reserved.

Sourcing tcl script 'D:/Xilinx/Vivado/2024.2/scripts/Vivado_init.tcl'
source DDR4_axi_interconnect_0_imp_s02_mmu_0.tcl -notrace
create_project: Time (s): cpu = 00:00:07 ; elapsed = 00:00:07 . Memory (MB): peak = 643.434 ; gain = 203.035
INFO: [IP_Flow 19-234] Refreshing IP repositories
INFO: [IP_Flow 19-1700] Loaded user IP repository 'e:/final_prj/dpu_ip'.
INFO: [IP_Flow 19-2313] Loaded Vivado IP repository 'D:/Xilinx/Vivado/2024.2/data/ip'.
INFO: [IP_Flow 19-6924] IPCACHE: Running cache check for IP inst: DDR4_axi_interconnect_0_imp_s02_mmu_0
Command: synth_design -top DDR4_axi_interconnect_0_imp_s02_mmu_0 -part xczu9eg-ffvb1156-2-i -incremental_mode off -mode out_of_context
Starting synth_design
Attempting to get a license for feature 'Synthesis' and/or device 'xczu9eg'
INFO: [Common 17-349] Got license for feature 'Synthesis' and/or device 'xczu9eg'
INFO: [Device 21-403] Loading part xczu9eg-ffvb1156-2-i
INFO: [Synth 8-7079] Multithreading enabled for synth_design using a maximum of 4 processes.
INFO: [Synth 8-7078] Launching helper process for spawning children vivado processes
INFO: [Synth 8-7075] Helper process launched with PID 21768
---------------------------------------------------------------------------------
Starting RTL Elaboration : Time (s): cpu = 00:00:05 ; elapsed = 00:00:05 . Memory (MB): peak = 1874.547 ; gain = 186.230
---------------------------------------------------------------------------------
INFO: [Synth 8-6157] synthesizing module 'DDR4_axi_interconnect_0_imp_s02_mmu_0' [e:/final_prj/final_prj_pl/final_prj_pl.gen/sources_1/bd/DDR4/ip/DDR4_axi_interconnect_0_imp_s02_mmu_0/synth/DDR4_axi_interconnect_0_imp_s02_mmu_0.v:53]
INFO: [Synth 8-6157] synthesizing module 'axi_mmu_v2_1_32_top' [e:/final_prj/final_prj_pl/final_prj_pl.gen/sources_1/bd/DDR4/ipshared/1da7/hdl/axi_mmu_v2_1_vl_rfs.v:553]
INFO: [Synth 8-6157] synthesizing module 'axi_mmu_v2_1_32_addr_decoder' [e:/final_prj/final_prj_pl/final_prj_pl.gen/sources_1/bd/DDR4/ipshared/1da7/hdl/axi_mmu_v2_1_vl_rfs.v:61]
INFO: [Synth 8-6155] done synthesizing module 'axi_mmu_v2_1_32_addr_decoder' (0#1) [e:/final_prj/final_prj_pl/final_prj_pl.gen/sources_1/bd/DDR4/ipshared/1da7/hdl/axi_mmu_v2_1_vl_rfs.v:61]
INFO: [Synth 8-6157] synthesizing module 'axi_mmu_v2_1_32_decerr_slave' [e:/final_prj/final_prj_pl/final_prj_pl.gen/sources_1/bd/DDR4/ipshared/1da7/hdl/axi_mmu_v2_1_vl_rfs.v:198]
INFO: [Synth 8-155] case statement is not full and has no default [e:/final_prj/final_prj_pl/final_prj_pl.gen/sources_1/bd/DDR4/ipshared/1da7/hdl/axi_mmu_v2_1_vl_rfs.v:360]
INFO: [Synth 8-6155] done synthesizing module 'axi_mmu_v2_1_32_decerr_slave' (0#1) [e:/final_prj/final_prj_pl/final_prj_pl.gen/sources_1/bd/DDR4/ipshared/1da7/hdl/axi_mmu_v2_1_vl_rfs.v:198]
INFO: [Synth 8-6157] synthesizing module 'axi_register_slice_v2_1_34_axi_register_slice' [e:/final_prj/final_prj_pl/final_prj_pl.gen/sources_1/bd/DDR4/ipshared/48f8/hdl/axi_register_slice_v2_1_vl_rfs.v:3721]
INFO: [Synth 8-6157] synthesizing module 'axi_infrastructure_v1_1_0_axi2vector' [e:/final_prj/final_prj_pl/final_prj_pl.gen/sources_1/bd/DDR4/ipshared/ec67/hdl/axi_infrastructure_v1_1_vl_rfs.v:59]
INFO: [Synth 8-6155] done synthesizing module 'axi_infrastructure_v1_1_0_axi2vector' (0#1) [e:/final_prj/final_prj_pl/final_prj_pl.gen/sources_1/bd/DDR4/ipshared/ec67/hdl/axi_infrastructure_v1_1_vl_rfs.v:59]
INFO: [Synth 8-6157] synthesizing module 'axi_infrastructure_v1_1_0_vector2axi' [e:/final_prj/final_prj_pl/final_prj_pl.gen/sources_1/bd/DDR4/ipshared/ec67/hdl/axi_infrastructure_v1_1_vl_rfs.v:473]
INFO: [Synth 8-6155] done synthesizing module 'axi_infrastructure_v1_1_0_vector2axi' (0#1) [e:/final_prj/final_prj_pl/final_prj_pl.gen/sources_1/bd/DDR4/ipshared/ec67/hdl/axi_infrastructure_v1_1_vl_rfs.v:473]
INFO: [Synth 8-6157] synthesizing module 'axi_register_slice_v2_1_34_axic_register_slice' [e:/final_prj/final_prj_pl/final_prj_pl.gen/sources_1/bd/DDR4/ipshared/48f8/hdl/axi_register_slice_v2_1_vl_rfs.v:1492]
INFO: [Synth 8-6155] done synthesizing module 'axi_register_slice_v2_1_34_axic_register_slice' (0#1) [e:/final_prj/final_prj_pl/final_prj_pl.gen/sources_1/bd/DDR4/ipshared/48f8/hdl/axi_register_slice_v2_1_vl_rfs.v:1492]
INFO: [Synth 8-6157] synthesizing module 'axi_register_slice_v2_1_34_axic_register_slice__parameterized0' [e:/final_prj/final_prj_pl/final_prj_pl.gen/sources_1/bd/DDR4/ipshared/48f8/hdl/axi_register_slice_v2_1_vl_rfs.v:1492]
INFO: [Synth 8-6155] done synthesizing module 'axi_register_slice_v2_1_34_axic_register_slice__parameterized0' (0#1) [e:/final_prj/final_prj_pl/final_prj_pl.gen/sources_1/bd/DDR4/ipshared/48f8/hdl/axi_register_slice_v2_1_vl_rfs.v:1492]
INFO: [Synth 8-6157] synthesizing module 'axi_register_slice_v2_1_34_axic_register_slice__parameterized1' [e:/final_prj/final_prj_pl/final_prj_pl.gen/sources_1/bd/DDR4/ipshared/48f8/hdl/axi_register_slice_v2_1_vl_rfs.v:1492]
INFO: [Synth 8-6155] done synthesizing module 'axi_register_slice_v2_1_34_axic_register_slice__parameterized1' (0#1) [e:/final_prj/final_prj_pl/final_prj_pl.gen/sources_1/bd/DDR4/ipshared/48f8/hdl/axi_register_slice_v2_1_vl_rfs.v:1492]
INFO: [Synth 8-6157] synthesizing module 'axi_register_slice_v2_1_34_axic_register_slice__parameterized2' [e:/final_prj/final_prj_pl/final_prj_pl.gen/sources_1/bd/DDR4/ipshared/48f8/hdl/axi_register_slice_v2_1_vl_rfs.v:1492]
INFO: [Synth 8-6155] done synthesizing module 'axi_register_slice_v2_1_34_axic_register_slice__parameterized2' (0#1) [e:/final_prj/final_prj_pl/final_prj_pl.gen/sources_1/bd/DDR4/ipshared/48f8/hdl/axi_register_slice_v2_1_vl_rfs.v:1492]
INFO: [Synth 8-6157] synthesizing module 'axi_register_slice_v2_1_34_axic_register_slice__parameterized3' [e:/final_prj/final_prj_pl/final_prj_pl.gen/sources_1/bd/DDR4/ipshared/48f8/hdl/axi_register_slice_v2_1_vl_rfs.v:1492]
INFO: [Synth 8-6155] done synthesizing module 'axi_register_slice_v2_1_34_axic_register_slice__parameterized3' (0#1) [e:/final_prj/final_prj_pl/final_prj_pl.gen/sources_1/bd/DDR4/ipshared/48f8/hdl/axi_register_slice_v2_1_vl_rfs.v:1492]
INFO: [Synth 8-6155] done synthesizing module 'axi_register_slice_v2_1_34_axi_register_slice' (0#1) [e:/final_prj/final_prj_pl/final_prj_pl.gen/sources_1/bd/DDR4/ipshared/48f8/hdl/axi_register_slice_v2_1_vl_rfs.v:3721]
WARNING: [Synth 8-7071] port 'aclk2x' of module 'axi_register_slice_v2_1_34_axi_register_slice' is unconnected for instance 'register_slice_inst' [e:/final_prj/final_prj_pl/final_prj_pl.gen/sources_1/bd/DDR4/ipshared/1da7/hdl/axi_mmu_v2_1_vl_rfs.v:1169]
WARNING: [Synth 8-7023] instance 'register_slice_inst' of module 'axi_register_slice_v2_1_34_axi_register_slice' has 93 connections declared, but only 92 given [e:/final_prj/final_prj_pl/final_prj_pl.gen/sources_1/bd/DDR4/ipshared/1da7/hdl/axi_mmu_v2_1_vl_rfs.v:1169]
INFO: [Synth 8-6155] done synthesizing module 'axi_mmu_v2_1_32_top' (0#1) [e:/final_prj/final_prj_pl/final_prj_pl.gen/sources_1/bd/DDR4/ipshared/1da7/hdl/axi_mmu_v2_1_vl_rfs.v:553]
INFO: [Synth 8-6155] done synthesizing module 'DDR4_axi_interconnect_0_imp_s02_mmu_0' (0#1) [e:/final_prj/final_prj_pl/final_prj_pl.gen/sources_1/bd/DDR4/ip/DDR4_axi_interconnect_0_imp_s02_mmu_0/synth/DDR4_axi_interconnect_0_imp_s02_mmu_0.v:53]
WARNING: [Synth 8-7129] Port ACLK in module axi_register_slice_v2_1_34_axic_register_slice__parameterized3 is either unconnected or has no load
WARNING: [Synth 8-7129] Port ARESET in module axi_register_slice_v2_1_34_axic_register_slice__parameterized3 is either unconnected or has no load
WARNING: [Synth 8-7129] Port ACLK in module axi_register_slice_v2_1_34_axic_register_slice__parameterized2 is either unconnected or has no load
WARNING: [Synth 8-7129] Port ARESET in module axi_register_slice_v2_1_34_axic_register_slice__parameterized2 is either unconnected or has no load
WARNING: [Synth 8-7129] Port ACLK in module axi_register_slice_v2_1_34_axic_register_slice__parameterized1 is either unconnected or has no load
WARNING: [Synth 8-7129] Port ARESET in module axi_register_slice_v2_1_34_axic_register_slice__parameterized1 is either unconnected or has no load
WARNING: [Synth 8-7129] Port ACLK in module axi_register_slice_v2_1_34_axic_register_slice__parameterized0 is either unconnected or has no load
WARNING: [Synth 8-7129] Port ARESET in module axi_register_slice_v2_1_34_axic_register_slice__parameterized0 is either unconnected or has no load
WARNING: [Synth 8-7129] Port m_axi_buser[0] in module axi_infrastructure_v1_1_0_vector2axi is either unconnected or has no load
WARNING: [Synth 8-7129] Port m_axi_ruser[0] in module axi_infrastructure_v1_1_0_vector2axi is either unconnected or has no load
WARNING: [Synth 8-7129] Port s_axi_awuser[0] in module axi_infrastructure_v1_1_0_axi2vector is either unconnected or has no load
WARNING: [Synth 8-7129] Port s_axi_wid[0] in module axi_infrastructure_v1_1_0_axi2vector is either unconnected or has no load
WARNING: [Synth 8-7129] Port s_axi_wuser[0] in module axi_infrastructure_v1_1_0_axi2vector is either unconnected or has no load
WARNING: [Synth 8-7129] Port s_axi_aruser[0] in module axi_infrastructure_v1_1_0_axi2vector is either unconnected or has no load
WARNING: [Synth 8-7129] Port aclk2x in module axi_register_slice_v2_1_34_axi_register_slice is either unconnected or has no load
WARNING: [Synth 8-7129] Port s_axi_arid[0] in module axi_mmu_v2_1_32_decerr_slave is either unconnected or has no load
WARNING: [Synth 8-7129] Port s_axi_arlen[7] in module axi_mmu_v2_1_32_decerr_slave is either unconnected or has no load
WARNING: [Synth 8-7129] Port s_axi_arlen[6] in module axi_mmu_v2_1_32_decerr_slave is either unconnected or has no load
WARNING: [Synth 8-7129] Port s_axi_arlen[5] in module axi_mmu_v2_1_32_decerr_slave is either unconnected or has no load
WARNING: [Synth 8-7129] Port s_axi_arlen[4] in module axi_mmu_v2_1_32_decerr_slave is either unconnected or has no load
WARNING: [Synth 8-7129] Port s_axi_arlen[3] in module axi_mmu_v2_1_32_decerr_slave is either unconnected or has no load
WARNING: [Synth 8-7129] Port s_axi_arlen[2] in module axi_mmu_v2_1_32_decerr_slave is either unconnected or has no load
WARNING: [Synth 8-7129] Port s_axi_arlen[1] in module axi_mmu_v2_1_32_decerr_slave is either unconnected or has no load
WARNING: [Synth 8-7129] Port s_axi_arlen[0] in module axi_mmu_v2_1_32_decerr_slave is either unconnected or has no load
WARNING: [Synth 8-7129] Port s_axi_arvalid in module axi_mmu_v2_1_32_decerr_slave is either unconnected or has no load
WARNING: [Synth 8-7129] Port s_axi_rready in module axi_mmu_v2_1_32_decerr_slave is either unconnected or has no load
WARNING: [Synth 8-7129] Port addr[19] in module axi_mmu_v2_1_32_addr_decoder is either unconnected or has no load
WARNING: [Synth 8-7129] Port addr[18] in module axi_mmu_v2_1_32_addr_decoder is either unconnected or has no load
WARNING: [Synth 8-7129] Port addr[17] in module axi_mmu_v2_1_32_addr_decoder is either unconnected or has no load
WARNING: [Synth 8-7129] Port addr[16] in module axi_mmu_v2_1_32_addr_decoder is either unconnected or has no load
WARNING: [Synth 8-7129] Port addr[15] in module axi_mmu_v2_1_32_addr_decoder is either unconnected or has no load
WARNING: [Synth 8-7129] Port addr[14] in module axi_mmu_v2_1_32_addr_decoder is either unconnected or has no load
WARNING: [Synth 8-7129] Port addr[13] in module axi_mmu_v2_1_32_addr_decoder is either unconnected or has no load
WARNING: [Synth 8-7129] Port addr[12] in module axi_mmu_v2_1_32_addr_decoder is either unconnected or has no load
WARNING: [Synth 8-7129] Port addr[11] in module axi_mmu_v2_1_32_addr_decoder is either unconnected or has no load
WARNING: [Synth 8-7129] Port addr[10] in module axi_mmu_v2_1_32_addr_decoder is either unconnected or has no load
WARNING: [Synth 8-7129] Port addr[9] in module axi_mmu_v2_1_32_addr_decoder is either unconnected or has no load
WARNING: [Synth 8-7129] Port addr[8] in module axi_mmu_v2_1_32_addr_decoder is either unconnected or has no load
WARNING: [Synth 8-7129] Port addr[7] in module axi_mmu_v2_1_32_addr_decoder is either unconnected or has no load
WARNING: [Synth 8-7129] Port addr[6] in module axi_mmu_v2_1_32_addr_decoder is either unconnected or has no load
WARNING: [Synth 8-7129] Port addr[5] in module axi_mmu_v2_1_32_addr_decoder is either unconnected or has no load
WARNING: [Synth 8-7129] Port addr[4] in module axi_mmu_v2_1_32_addr_decoder is either unconnected or has no load
WARNING: [Synth 8-7129] Port addr[3] in module axi_mmu_v2_1_32_addr_decoder is either unconnected or has no load
WARNING: [Synth 8-7129] Port addr[2] in module axi_mmu_v2_1_32_addr_decoder is either unconnected or has no load
WARNING: [Synth 8-7129] Port addr[1] in module axi_mmu_v2_1_32_addr_decoder is either unconnected or has no load
WARNING: [Synth 8-7129] Port addr[0] in module axi_mmu_v2_1_32_addr_decoder is either unconnected or has no load
WARNING: [Synth 8-7129] Port s_axi_arid[0] in module axi_mmu_v2_1_32_top is either unconnected or has no load
WARNING: [Synth 8-7129] Port s_axi_araddr[31] in module axi_mmu_v2_1_32_top is either unconnected or has no load
WARNING: [Synth 8-7129] Port s_axi_araddr[30] in module axi_mmu_v2_1_32_top is either unconnected or has no load
WARNING: [Synth 8-7129] Port s_axi_araddr[29] in module axi_mmu_v2_1_32_top is either unconnected or has no load
WARNING: [Synth 8-7129] Port s_axi_araddr[28] in module axi_mmu_v2_1_32_top is either unconnected or has no load
WARNING: [Synth 8-7129] Port s_axi_araddr[27] in module axi_mmu_v2_1_32_top is either unconnected or has no load
WARNING: [Synth 8-7129] Port s_axi_araddr[26] in module axi_mmu_v2_1_32_top is either unconnected or has no load
WARNING: [Synth 8-7129] Port s_axi_araddr[25] in module axi_mmu_v2_1_32_top is either unconnected or has no load
WARNING: [Synth 8-7129] Port s_axi_araddr[24] in module axi_mmu_v2_1_32_top is either unconnected or has no load
WARNING: [Synth 8-7129] Port s_axi_araddr[23] in module axi_mmu_v2_1_32_top is either unconnected or has no load
WARNING: [Synth 8-7129] Port s_axi_araddr[22] in module axi_mmu_v2_1_32_top is either unconnected or has no load
WARNING: [Synth 8-7129] Port s_axi_araddr[21] in module axi_mmu_v2_1_32_top is either unconnected or has no load
WARNING: [Synth 8-7129] Port s_axi_araddr[20] in module axi_mmu_v2_1_32_top is either unconnected or has no load
WARNING: [Synth 8-7129] Port s_axi_araddr[19] in module axi_mmu_v2_1_32_top is either unconnected or has no load
WARNING: [Synth 8-7129] Port s_axi_araddr[18] in module axi_mmu_v2_1_32_top is either unconnected or has no load
WARNING: [Synth 8-7129] Port s_axi_araddr[17] in module axi_mmu_v2_1_32_top is either unconnected or has no load
WARNING: [Synth 8-7129] Port s_axi_araddr[16] in module axi_mmu_v2_1_32_top is either unconnected or has no load
WARNING: [Synth 8-7129] Port s_axi_araddr[15] in module axi_mmu_v2_1_32_top is either unconnected or has no load
WARNING: [Synth 8-7129] Port s_axi_araddr[14] in module axi_mmu_v2_1_32_top is either unconnected or has no load
WARNING: [Synth 8-7129] Port s_axi_araddr[13] in module axi_mmu_v2_1_32_top is either unconnected or has no load
WARNING: [Synth 8-7129] Port s_axi_araddr[12] in module axi_mmu_v2_1_32_top is either unconnected or has no load
WARNING: [Synth 8-7129] Port s_axi_araddr[11] in module axi_mmu_v2_1_32_top is either unconnected or has no load
WARNING: [Synth 8-7129] Port s_axi_araddr[10] in module axi_mmu_v2_1_32_top is either unconnected or has no load
WARNING: [Synth 8-7129] Port s_axi_araddr[9] in module axi_mmu_v2_1_32_top is either unconnected or has no load
WARNING: [Synth 8-7129] Port s_axi_araddr[8] in module axi_mmu_v2_1_32_top is either unconnected or has no load
WARNING: [Synth 8-7129] Port s_axi_araddr[7] in module axi_mmu_v2_1_32_top is either unconnected or has no load
WARNING: [Synth 8-7129] Port s_axi_araddr[6] in module axi_mmu_v2_1_32_top is either unconnected or has no load
WARNING: [Synth 8-7129] Port s_axi_araddr[5] in module axi_mmu_v2_1_32_top is either unconnected or has no load
WARNING: [Synth 8-7129] Port s_axi_araddr[4] in module axi_mmu_v2_1_32_top is either unconnected or has no load
WARNING: [Synth 8-7129] Port s_axi_araddr[3] in module axi_mmu_v2_1_32_top is either unconnected or has no load
WARNING: [Synth 8-7129] Port s_axi_araddr[2] in module axi_mmu_v2_1_32_top is either unconnected or has no load
WARNING: [Synth 8-7129] Port s_axi_araddr[1] in module axi_mmu_v2_1_32_top is either unconnected or has no load
WARNING: [Synth 8-7129] Port s_axi_araddr[0] in module axi_mmu_v2_1_32_top is either unconnected or has no load
WARNING: [Synth 8-7129] Port s_axi_arlen[7] in module axi_mmu_v2_1_32_top is either unconnected or has no load
WARNING: [Synth 8-7129] Port s_axi_arlen[6] in module axi_mmu_v2_1_32_top is either unconnected or has no load
WARNING: [Synth 8-7129] Port s_axi_arlen[5] in module axi_mmu_v2_1_32_top is either unconnected or has no load
WARNING: [Synth 8-7129] Port s_axi_arlen[4] in module axi_mmu_v2_1_32_top is either unconnected or has no load
WARNING: [Synth 8-7129] Port s_axi_arlen[3] in module axi_mmu_v2_1_32_top is either unconnected or has no load
WARNING: [Synth 8-7129] Port s_axi_arlen[2] in module axi_mmu_v2_1_32_top is either unconnected or has no load
WARNING: [Synth 8-7129] Port s_axi_arlen[1] in module axi_mmu_v2_1_32_top is either unconnected or has no load
WARNING: [Synth 8-7129] Port s_axi_arlen[0] in module axi_mmu_v2_1_32_top is either unconnected or has no load
WARNING: [Synth 8-7129] Port s_axi_arsize[2] in module axi_mmu_v2_1_32_top is either unconnected or has no load
WARNING: [Synth 8-7129] Port s_axi_arsize[1] in module axi_mmu_v2_1_32_top is either unconnected or has no load
WARNING: [Synth 8-7129] Port s_axi_arsize[0] in module axi_mmu_v2_1_32_top is either unconnected or has no load
WARNING: [Synth 8-7129] Port s_axi_arburst[1] in module axi_mmu_v2_1_32_top is either unconnected or has no load
WARNING: [Synth 8-7129] Port s_axi_arburst[0] in module axi_mmu_v2_1_32_top is either unconnected or has no load
WARNING: [Synth 8-7129] Port s_axi_arlock[0] in module axi_mmu_v2_1_32_top is either unconnected or has no load
WARNING: [Synth 8-7129] Port s_axi_arcache[3] in module axi_mmu_v2_1_32_top is either unconnected or has no load
WARNING: [Synth 8-7129] Port s_axi_arcache[2] in module axi_mmu_v2_1_32_top is either unconnected or has no load
WARNING: [Synth 8-7129] Port s_axi_arcache[1] in module axi_mmu_v2_1_32_top is either unconnected or has no load
WARNING: [Synth 8-7129] Port s_axi_arcache[0] in module axi_mmu_v2_1_32_top is either unconnected or has no load
WARNING: [Synth 8-7129] Port s_axi_arprot[2] in module axi_mmu_v2_1_32_top is either unconnected or has no load
WARNING: [Synth 8-7129] Port s_axi_arprot[1] in module axi_mmu_v2_1_32_top is either unconnected or has no load
WARNING: [Synth 8-7129] Port s_axi_arprot[0] in module axi_mmu_v2_1_32_top is either unconnected or has no load
INFO: [Common 17-14] Message 'Synth 8-7129' appears 100 times and further instances of the messages will be disabled. Use the Tcl command set_msg_config to change the current settings.
---------------------------------------------------------------------------------
Finished RTL Elaboration : Time (s): cpu = 00:00:06 ; elapsed = 00:00:06 . Memory (MB): peak = 1990.930 ; gain = 302.613
---------------------------------------------------------------------------------
---------------------------------------------------------------------------------
Start Handling Custom Attributes
---------------------------------------------------------------------------------
---------------------------------------------------------------------------------
Finished Handling Custom Attributes : Time (s): cpu = 00:00:06 ; elapsed = 00:00:06 . Memory (MB): peak = 1990.930 ; gain = 302.613
---------------------------------------------------------------------------------
---------------------------------------------------------------------------------
Finished RTL Optimization Phase 1 : Time (s): cpu = 00:00:06 ; elapsed = 00:00:06 . Memory (MB): peak = 1990.930 ; gain = 302.613
---------------------------------------------------------------------------------
Netlist sorting complete. Time (s): cpu = 00:00:00 ; elapsed = 00:00:00.020 . Memory (MB): peak = 1990.930 ; gain = 0.000
INFO: [Project 1-570] Preparing netlist for logic optimization

Processing XDC Constraints
Initializing timing engine
Parsing XDC File [e:/final_prj/final_prj_pl/final_prj_pl.gen/sources_1/bd/DDR4/ip/DDR4_axi_interconnect_0_imp_s02_mmu_0/DDR4_axi_interconnect_0_imp_s02_mmu_0_ooc.xdc] for cell 'inst'
Finished Parsing XDC File [e:/final_prj/final_prj_pl/final_prj_pl.gen/sources_1/bd/DDR4/ip/DDR4_axi_interconnect_0_imp_s02_mmu_0/DDR4_axi_interconnect_0_imp_s02_mmu_0_ooc.xdc] for cell 'inst'
Parsing XDC File [E:/final_prj/final_prj_pl/final_prj_pl.runs/DDR4_axi_interconnect_0_imp_s02_mmu_0_synth_1/dont_touch.xdc]
Finished Parsing XDC File [E:/final_prj/final_prj_pl/final_prj_pl.runs/DDR4_axi_interconnect_0_imp_s02_mmu_0_synth_1/dont_touch.xdc]
Completed Processing XDC Constraints

Netlist sorting complete. Time (s): cpu = 00:00:00 ; elapsed = 00:00:00 . Memory (MB): peak = 2075.531 ; gain = 0.000
INFO: [Project 1-111] Unisim Transformation Summary:
No Unisim elements were transformed.

Constraint Validation Runtime : Time (s): cpu = 00:00:00 ; elapsed = 00:00:00.024 . Memory (MB): peak = 2083.219 ; gain = 7.688
INFO: [Designutils 20-5008] Incremental synthesis strategy off
---------------------------------------------------------------------------------
Finished Constraint Validation : Time (s): cpu = 00:00:16 ; elapsed = 00:00:17 . Memory (MB): peak = 2083.219 ; gain = 394.902
---------------------------------------------------------------------------------
---------------------------------------------------------------------------------
Start Loading Part and Timing Information
---------------------------------------------------------------------------------
Loading part: xczu9eg-ffvb1156-2-i
INFO: [Synth 8-6742] Reading net delay rules and data
---------------------------------------------------------------------------------
Finished Loading Part and Timing Information : Time (s): cpu = 00:00:17 ; elapsed = 00:00:17 . Memory (MB): peak = 2083.219 ; gain = 394.902
---------------------------------------------------------------------------------
---------------------------------------------------------------------------------
Start Applying 'set_property' XDC Constraints
---------------------------------------------------------------------------------
Applied set_property KEEP_HIERARCHY = SOFT for inst. (constraint file  E:/final_prj/final_prj_pl/final_prj_pl.runs/DDR4_axi_interconnect_0_imp_s02_mmu_0_synth_1/dont_touch.xdc, line 9).
---------------------------------------------------------------------------------
Finished applying 'set_property' XDC Constraints : Time (s): cpu = 00:00:17 ; elapsed = 00:00:17 . Memory (MB): peak = 2083.219 ; gain = 394.902
---------------------------------------------------------------------------------
INFO: [Synth 8-802] inferred FSM for state register 'gen_axi.gen_write.write_cs_reg' in module 'axi_mmu_v2_1_32_decerr_slave'
INFO: [Synth 8-802] inferred FSM for state register 'gen_write.w_state_reg' in module 'axi_mmu_v2_1_32_top'
---------------------------------------------------------------------------------------------------
                   State |                     New Encoding |                Previous Encoding 
---------------------------------------------------------------------------------------------------
            P_WRITE_IDLE |                              001 |                               00
            P_WRITE_DATA |                              010 |                               01
            P_WRITE_RESP |                              100 |                               10
---------------------------------------------------------------------------------------------------
INFO: [Synth 8-3354] encoded FSM with state register 'gen_axi.gen_write.write_cs_reg' using encoding 'one-hot' in module 'axi_mmu_v2_1_32_decerr_slave'
---------------------------------------------------------------------------------------------------
                   State |                     New Encoding |                Previous Encoding 
---------------------------------------------------------------------------------------------------
                  iSTATE |                              001 |                              000
*
               W_PENDING |                              010 |                              001
                W_DECERR |                              100 |                              011
---------------------------------------------------------------------------------------------------
INFO: [Synth 8-3354] encoded FSM with state register 'gen_write.w_state_reg' using encoding 'one-hot' in module 'axi_mmu_v2_1_32_top'
---------------------------------------------------------------------------------
Finished RTL Optimization Phase 2 : Time (s): cpu = 00:00:17 ; elapsed = 00:00:17 . Memory (MB): peak = 2083.219 ; gain = 394.902
---------------------------------------------------------------------------------
---------------------------------------------------------------------------------
Start RTL Component Statistics 
---------------------------------------------------------------------------------
Detailed RTL Component Info : 
+---Adders : 
	   2 Input    6 Bit       Adders := 2     
+---XORs : 
	   2 Input      1 Bit         XORs := 3     
+---Registers : 
	               63 Bit    Registers := 1     
	                6 Bit    Registers := 2     
	                2 Bit    Registers := 2     
	                1 Bit    Registers := 7     
+---Muxes : 
	   3 Input    3 Bit        Muxes := 1     
	   2 Input    3 Bit        Muxes := 1     
	   2 Input    2 Bit        Muxes := 3     
	   3 Input    1 Bit        Muxes := 10    
	   2 Input    1 Bit        Muxes := 11    
---------------------------------------------------------------------------------
Finished RTL Component Statistics 
---------------------------------------------------------------------------------
---------------------------------------------------------------------------------
Start Part Resource Summary
---------------------------------------------------------------------------------
Part Resources:
DSPs: 2520 (col length:168)
BRAMs: 1824 (col length: RAMB18 168 RAMB36 84)
---------------------------------------------------------------------------------
Finished Part Resource Summary
---------------------------------------------------------------------------------
---------------------------------------------------------------------------------
Start Cross Boundary and Area Optimization
---------------------------------------------------------------------------------
WARNING: [Synth 8-7080] Parallel synthesis criteria is not met
INFO: [Synth 8-3936] Found unconnected internal register 'register_slice_inst/aw.aw_pipe/m_payload_i_reg' and it is trimmed from '63' to '59' bits. [e:/final_prj/final_prj_pl/final_prj_pl.gen/sources_1/bd/DDR4/ipshared/48f8/hdl/axi_register_slice_v2_1_vl_rfs.v:2095]
INFO: [Synth 8-3332] Sequential element (FSM_onehot_gen_write.w_state_reg[0]) is unused and will be removed from module axi_mmu_v2_1_32_top.
---------------------------------------------------------------------------------
Finished Cross Boundary and Area Optimization : Time (s): cpu = 00:00:18 ; elapsed = 00:00:19 . Memory (MB): peak = 2083.219 ; gain = 394.902
---------------------------------------------------------------------------------
---------------------------------------------------------------------------------
Start Applying XDC Timing Constraints
---------------------------------------------------------------------------------
---------------------------------------------------------------------------------
Finished Applying XDC Timing Constraints : Time (s): cpu = 00:00:27 ; elapsed = 00:00:29 . Memory (MB): peak = 2718.566 ; gain = 1030.250
---------------------------------------------------------------------------------
---------------------------------------------------------------------------------
Start Timing Optimization
---------------------------------------------------------------------------------
---------------------------------------------------------------------------------
Finished Timing Optimization : Time (s): cpu = 00:00:28 ; elapsed = 00:00:29 . Memory (MB): peak = 2756.547 ; gain = 1068.230
---------------------------------------------------------------------------------
---------------------------------------------------------------------------------
Start Technology Mapping
---------------------------------------------------------------------------------
---------------------------------------------------------------------------------
Finished Technology Mapping : Time (s): cpu = 00:00:28 ; elapsed = 00:00:29 . Memory (MB): peak = 2756.547 ; gain = 1068.230
---------------------------------------------------------------------------------
---------------------------------------------------------------------------------
Start IO Insertion
---------------------------------------------------------------------------------
---------------------------------------------------------------------------------
Start Flattening Before IO Insertion
---------------------------------------------------------------------------------
---------------------------------------------------------------------------------
Finished Flattening Before IO Insertion
---------------------------------------------------------------------------------
---------------------------------------------------------------------------------
Start Final Netlist Cleanup
---------------------------------------------------------------------------------
---------------------------------------------------------------------------------
Finished Final Netlist Cleanup
---------------------------------------------------------------------------------
---------------------------------------------------------------------------------
Finished IO Insertion : Time (s): cpu = 00:00:30 ; elapsed = 00:00:32 . Memory (MB): peak = 2947.469 ; gain = 1259.152
---------------------------------------------------------------------------------
---------------------------------------------------------------------------------
Start Renaming Generated Instances
---------------------------------------------------------------------------------
---------------------------------------------------------------------------------
Finished Renaming Generated Instances : Time (s): cpu = 00:00:30 ; elapsed = 00:00:32 . Memory (MB): peak = 2947.469 ; gain = 1259.152
---------------------------------------------------------------------------------
---------------------------------------------------------------------------------
Start Rebuilding User Hierarchy
---------------------------------------------------------------------------------
---------------------------------------------------------------------------------
Finished Rebuilding User Hierarchy : Time (s): cpu = 00:00:30 ; elapsed = 00:00:32 . Memory (MB): peak = 2947.469 ; gain = 1259.152
---------------------------------------------------------------------------------
---------------------------------------------------------------------------------
Start Renaming Generated Ports
---------------------------------------------------------------------------------
---------------------------------------------------------------------------------
Finished Renaming Generated Ports : Time (s): cpu = 00:00:30 ; elapsed = 00:00:32 . Memory (MB): peak = 2947.469 ; gain = 1259.152
---------------------------------------------------------------------------------
---------------------------------------------------------------------------------
Start Handling Custom Attributes
---------------------------------------------------------------------------------
---------------------------------------------------------------------------------
Finished Handling Custom Attributes : Time (s): cpu = 00:00:30 ; elapsed = 00:00:32 . Memory (MB): peak = 2947.469 ; gain = 1259.152
---------------------------------------------------------------------------------
---------------------------------------------------------------------------------
Start Renaming Generated Nets
---------------------------------------------------------------------------------
---------------------------------------------------------------------------------
Finished Renaming Generated Nets : Time (s): cpu = 00:00:30 ; elapsed = 00:00:32 . Memory (MB): peak = 2947.469 ; gain = 1259.152
---------------------------------------------------------------------------------
---------------------------------------------------------------------------------
Start Writing Synthesis Report
---------------------------------------------------------------------------------

Report BlackBoxes: 
+-+--------------+----------+
| |BlackBox name |Instances |
+-+--------------+----------+
+-+--------------+----------+

Report Cell Usage: 
+------+-----+------+
|      |Cell |Count |
+------+-----+------+
|1     |LUT1 |     4|
|2     |LUT2 |     5|
|3     |LUT3 |     9|
|4     |LUT4 |    12|
|5     |LUT5 |     6|
|6     |LUT6 |    19|
|7     |FDRE |    83|
|8     |FDSE |     2|
+------+-----+------+
---------------------------------------------------------------------------------
Finished Writing Synthesis Report : Time (s): cpu = 00:00:30 ; elapsed = 00:00:32 . Memory (MB): peak = 2947.469 ; gain = 1259.152
---------------------------------------------------------------------------------
Synthesis finished with 0 errors, 0 critical warnings and 200 warnings.
Synthesis Optimization Runtime : Time (s): cpu = 00:00:19 ; elapsed = 00:00:26 . Memory (MB): peak = 2947.469 ; gain = 1166.863
Synthesis Optimization Complete : Time (s): cpu = 00:00:31 ; elapsed = 00:00:32 . Memory (MB): peak = 2947.469 ; gain = 1259.152
INFO: [Project 1-571] Translating synthesized netlist
Netlist sorting complete. Time (s): cpu = 00:00:00 ; elapsed = 00:00:00.005 . Memory (MB): peak = 2947.469 ; gain = 0.000
INFO: [Project 1-570] Preparing netlist for logic optimization
INFO: [Opt 31-138] Pushed 0 inverter(s) to 0 load pin(s).
Netlist sorting complete. Time (s): cpu = 00:00:00 ; elapsed = 00:00:00 . Memory (MB): peak = 2947.469 ; gain = 0.000
INFO: [Project 1-111] Unisim Transformation Summary:
No Unisim elements were transformed.

Synth Design complete | Checksum: 2a9ed759
INFO: [Common 17-83] Releasing license: Synthesis
50 Infos, 103 Warnings, 0 Critical Warnings and 0 Errors encountered.
synth_design completed successfully
synth_design: Time (s): cpu = 00:00:37 ; elapsed = 00:00:39 . Memory (MB): peak = 2947.469 ; gain = 2243.555
Write ShapeDB Complete: Time (s): cpu = 00:00:00 ; elapsed = 00:00:00 . Memory (MB): peak = 2947.469 ; gain = 0.000
INFO: [Common 17-1381] The checkpoint 'E:/final_prj/final_prj_pl/final_prj_pl.runs/DDR4_axi_interconnect_0_imp_s02_mmu_0_synth_1/DDR4_axi_interconnect_0_imp_s02_mmu_0.dcp' has been generated.
INFO: [Coretcl 2-1648] Added synthesis output to IP cache for IP DDR4_axi_interconnect_0_imp_s02_mmu_0, cache-ID = b6864a3000c38f3e
INFO: [Coretcl 2-1174] Renamed 4 cell refs.
Write ShapeDB Complete: Time (s): cpu = 00:00:00 ; elapsed = 00:00:00 . Memory (MB): peak = 2947.469 ; gain = 0.000
INFO: [Common 17-1381] The checkpoint 'E:/final_prj/final_prj_pl/final_prj_pl.runs/DDR4_axi_interconnect_0_imp_s02_mmu_0_synth_1/DDR4_axi_interconnect_0_imp_s02_mmu_0.dcp' has been generated.
INFO: [Vivado 12-24828] Executing command : report_utilization -file DDR4_axi_interconnect_0_imp_s02_mmu_0_utilization_synth.rpt -pb DDR4_axi_interconnect_0_imp_s02_mmu_0_utilization_synth.pb
INFO: [Common 17-206] Exiting Vivado at Tue Jul 29 14:50:16 2025...
