
*** Running vivado
    with args -log PPG_I2C_PHY_util_ds_buf_0_0.vds -m64 -product Vivado -mode batch -messageDb vivado.pb -notrace -source PPG_I2C_PHY_util_ds_buf_0_0.tcl



****** Vivado v2024.2.2 (64-bit)
  **** SW Build 6060944 on Thu Mar 06 19:10:01 MST 2025
  **** IP Build 6050500 on Thu Mar  6 23:33:39 MST 2025
  **** SharedData Build 6060542 on Thu Mar 06 10:31:07 MST 2025
  **** Start of session at: Tue Jul 22 21:35:36 2025
    ** Copyright 1986-2022 Xilinx, Inc. All Rights Reserved.
    ** Copyright 2022-2025 Advanced Micro Devices, Inc. All Rights Reserved.

Sourcing tcl script 'D:/Xilinx/Vivado/2024.2/scripts/Vivado_init.tcl'
source PPG_I2C_PHY_util_ds_buf_0_0.tcl -notrace
create_project: Time (s): cpu = 00:00:09 ; elapsed = 00:00:09 . Memory (MB): peak = 645.496 ; gain = 204.785
INFO: [IP_Flow 19-6924] IPCACHE: Running cache check for IP inst: PPG_I2C_PHY_util_ds_buf_0_0
INFO: [IP_Flow 19-6922] IPCACHE: Exporting cached entry 4934e20b9fdad355 to dir: E:/final_prj/final_prj_pl/final_prj_pl.runs/PPG_I2C_PHY_util_ds_buf_0_0_synth_1
INFO: [IP_Flow 19-6928] IPCACHE: copied cached file e:/final_prj/final_prj_pl/final_prj_pl.cache/ip/2024.2.2/4/9/4934e20b9fdad355/PPG_I2C_PHY_util_ds_buf_0_1.dcp to E:/final_prj/final_prj_pl/final_prj_pl.runs/PPG_I2C_PHY_util_ds_buf_0_0_synth_1/PPG_I2C_PHY_util_ds_buf_0_0.dcp.
INFO: [IP_Flow 19-6928] IPCACHE: copied cached file e:/final_prj/final_prj_pl/final_prj_pl.cache/ip/2024.2.2/4/9/4934e20b9fdad355/PPG_I2C_PHY_util_ds_buf_0_1_sim_netlist.v to E:/final_prj/final_prj_pl/final_prj_pl.runs/PPG_I2C_PHY_util_ds_buf_0_0_synth_1/PPG_I2C_PHY_util_ds_buf_0_0_sim_netlist.v.
INFO: [IP_Flow 19-6928] IPCACHE: copied cached file e:/final_prj/final_prj_pl/final_prj_pl.cache/ip/2024.2.2/4/9/4934e20b9fdad355/PPG_I2C_PHY_util_ds_buf_0_1_sim_netlist.vhdl to E:/final_prj/final_prj_pl/final_prj_pl.runs/PPG_I2C_PHY_util_ds_buf_0_0_synth_1/PPG_I2C_PHY_util_ds_buf_0_0_sim_netlist.vhdl.
INFO: [IP_Flow 19-6928] IPCACHE: copied cached file e:/final_prj/final_prj_pl/final_prj_pl.cache/ip/2024.2.2/4/9/4934e20b9fdad355/PPG_I2C_PHY_util_ds_buf_0_1_stub.v to E:/final_prj/final_prj_pl/final_prj_pl.runs/PPG_I2C_PHY_util_ds_buf_0_0_synth_1/PPG_I2C_PHY_util_ds_buf_0_0_stub.v.
INFO: [IP_Flow 19-6928] IPCACHE: copied cached file e:/final_prj/final_prj_pl/final_prj_pl.cache/ip/2024.2.2/4/9/4934e20b9fdad355/PPG_I2C_PHY_util_ds_buf_0_1_stub.vhdl to E:/final_prj/final_prj_pl/final_prj_pl.runs/PPG_I2C_PHY_util_ds_buf_0_0_synth_1/PPG_I2C_PHY_util_ds_buf_0_0_stub.vhdl.
INFO: [IP_Flow 19-4838] Using cached IP synthesis design for IP PPG_I2C_PHY_util_ds_buf_0_0, cache-ID = 4934e20b9fdad355.
INFO: [Common 17-206] Exiting Vivado at Tue Jul 22 21:35:52 2025...
