
*** Running vivado
    with args -log RGMII_system_ila_0_1.vds -m64 -product Vivado -mode batch -messageDb vivado.pb -notrace -source RGMII_system_ila_0_1.tcl



****** Vivado v2024.2.2 (64-bit)
  **** SW Build 6060944 on Thu Mar 06 19:10:01 MST 2025
  **** IP Build 6050500 on Thu Mar  6 23:33:39 MST 2025
  **** SharedData Build 6060542 on Thu Mar 06 10:31:07 MST 2025
  **** Start of session at: Wed Jul  2 17:45:38 2025
    ** Copyright 1986-2022 Xilinx, Inc. All Rights Reserved.
    ** Copyright 2022-2025 Advanced Micro Devices, Inc. All Rights Reserved.

Sourcing tcl script 'D:/Xilinx/Vivado/2024.2/scripts/Vivado_init.tcl'
source RGMII_system_ila_0_1.tcl -notrace
create_project: Time (s): cpu = 00:00:05 ; elapsed = 00:00:05 . Memory (MB): peak = 644.629 ; gain = 205.008
INFO: [IP_Flow 19-6924] IPCACHE: Running cache check for IP inst: RGMII_system_ila_0_1
Command: synth_design -top RGMII_system_ila_0_1 -part xczu9eg-ffvb1156-2-i -incremental_mode off -mode out_of_context
Starting synth_design
Attempting to get a license for feature 'Synthesis' and/or device 'xczu9eg'
INFO: [Common 17-349] Got license for feature 'Synthesis' and/or device 'xczu9eg'
INFO: [Device 21-403] Loading part xczu9eg-ffvb1156-2-i
INFO: [Synth 8-7079] Multithreading enabled for synth_design using a maximum of 4 processes.
INFO: [Synth 8-7078] Launching helper process for spawning children vivado processes
INFO: [Synth 8-7075] Helper process launched with PID 76272
---------------------------------------------------------------------------------
Starting RTL Elaboration : Time (s): cpu = 00:00:08 ; elapsed = 00:00:09 . Memory (MB): peak = 1925.180 ; gain = 186.004
---------------------------------------------------------------------------------
INFO: [Synth 8-11241] undeclared symbol 'tms_int', assumed default net type 'wire' [e:/final_prj/final_prj_pl/final_prj_pl.gen/sources_1/bd/RGMII/ipshared/52c0/hdl/verilog/xsdbm_v3_0_3_bs_core_ext.vh:30]
INFO: [Synth 8-11241] undeclared symbol 'runtest_int', assumed default net type 'wire' [e:/final_prj/final_prj_pl/final_prj_pl.gen/sources_1/bd/RGMII/ipshared/52c0/hdl/verilog/xsdbm_v3_0_3_bs_core_ext.vh:32]
INFO: [Synth 8-11241] undeclared symbol 'tms_int', assumed default net type 'wire' [e:/final_prj/final_prj_pl/final_prj_pl.gen/sources_1/bd/RGMII/ipshared/52c0/hdl/verilog/xsdbm_v3_0_3_bs_core_ext.vh:69]
INFO: [Synth 8-11241] undeclared symbol 'runtest_int', assumed default net type 'wire' [e:/final_prj/final_prj_pl/final_prj_pl.gen/sources_1/bd/RGMII/ipshared/52c0/hdl/verilog/xsdbm_v3_0_3_bs_core_ext.vh:71]
INFO: [Synth 8-11241] undeclared symbol 'tms_int', assumed default net type 'wire' [e:/final_prj/final_prj_pl/final_prj_pl.gen/sources_1/bd/RGMII/ipshared/52c0/hdl/verilog/xsdbm_v3_0_3_bs_core_ext.vh:109]
INFO: [Synth 8-11241] undeclared symbol 'runtest_int', assumed default net type 'wire' [e:/final_prj/final_prj_pl/final_prj_pl.gen/sources_1/bd/RGMII/ipshared/52c0/hdl/verilog/xsdbm_v3_0_3_bs_core_ext.vh:111]
INFO: [Synth 8-11241] undeclared symbol 'tms_int', assumed default net type 'wire' [e:/final_prj/final_prj_pl/final_prj_pl.gen/sources_1/bd/RGMII/ipshared/52c0/hdl/verilog/xsdbm_v3_0_3_bs_core_ext.vh:150]
INFO: [Synth 8-11241] undeclared symbol 'runtest_int', assumed default net type 'wire' [e:/final_prj/final_prj_pl/final_prj_pl.gen/sources_1/bd/RGMII/ipshared/52c0/hdl/verilog/xsdbm_v3_0_3_bs_core_ext.vh:152]
INFO: [Synth 8-11241] undeclared symbol 'tms_int', assumed default net type 'wire' [e:/final_prj/final_prj_pl/final_prj_pl.gen/sources_1/bd/RGMII/ipshared/52c0/hdl/verilog/xsdbm_v3_0_3_bs_core_ext.vh:192]
INFO: [Synth 8-11241] undeclared symbol 'runtest_int', assumed default net type 'wire' [e:/final_prj/final_prj_pl/final_prj_pl.gen/sources_1/bd/RGMII/ipshared/52c0/hdl/verilog/xsdbm_v3_0_3_bs_core_ext.vh:194]
INFO: [Synth 8-11241] undeclared symbol 'tms_int', assumed default net type 'wire' [e:/final_prj/final_prj_pl/final_prj_pl.gen/sources_1/bd/RGMII/ipshared/52c0/hdl/verilog/xsdbm_v3_0_3_bs_core_ext.vh:235]
INFO: [Synth 8-11241] undeclared symbol 'runtest_int', assumed default net type 'wire' [e:/final_prj/final_prj_pl/final_prj_pl.gen/sources_1/bd/RGMII/ipshared/52c0/hdl/verilog/xsdbm_v3_0_3_bs_core_ext.vh:237]
INFO: [Synth 8-11241] undeclared symbol 'tms_int', assumed default net type 'wire' [e:/final_prj/final_prj_pl/final_prj_pl.gen/sources_1/bd/RGMII/ipshared/52c0/hdl/verilog/xsdbm_v3_0_3_bs_core_ext.vh:279]
INFO: [Synth 8-11241] undeclared symbol 'runtest_int', assumed default net type 'wire' [e:/final_prj/final_prj_pl/final_prj_pl.gen/sources_1/bd/RGMII/ipshared/52c0/hdl/verilog/xsdbm_v3_0_3_bs_core_ext.vh:281]
INFO: [Synth 8-11241] undeclared symbol 'tms_int', assumed default net type 'wire' [e:/final_prj/final_prj_pl/final_prj_pl.gen/sources_1/bd/RGMII/ipshared/52c0/hdl/verilog/xsdbm_v3_0_3_bs_core_ext.vh:324]
INFO: [Synth 8-11241] undeclared symbol 'runtest_int', assumed default net type 'wire' [e:/final_prj/final_prj_pl/final_prj_pl.gen/sources_1/bd/RGMII/ipshared/52c0/hdl/verilog/xsdbm_v3_0_3_bs_core_ext.vh:326]
INFO: [Synth 8-11241] undeclared symbol 'tms_int', assumed default net type 'wire' [e:/final_prj/final_prj_pl/final_prj_pl.gen/sources_1/bd/RGMII/ipshared/52c0/hdl/verilog/xsdbm_v3_0_3_bs_core_ext.vh:370]
INFO: [Synth 8-11241] undeclared symbol 'runtest_int', assumed default net type 'wire' [e:/final_prj/final_prj_pl/final_prj_pl.gen/sources_1/bd/RGMII/ipshared/52c0/hdl/verilog/xsdbm_v3_0_3_bs_core_ext.vh:372]
INFO: [Synth 8-11241] undeclared symbol 'tms_int', assumed default net type 'wire' [e:/final_prj/final_prj_pl/final_prj_pl.gen/sources_1/bd/RGMII/ipshared/52c0/hdl/verilog/xsdbm_v3_0_3_bs_core_ext.vh:417]
INFO: [Synth 8-11241] undeclared symbol 'runtest_int', assumed default net type 'wire' [e:/final_prj/final_prj_pl/final_prj_pl.gen/sources_1/bd/RGMII/ipshared/52c0/hdl/verilog/xsdbm_v3_0_3_bs_core_ext.vh:419]
INFO: [Synth 8-11241] undeclared symbol 'tms_int', assumed default net type 'wire' [e:/final_prj/final_prj_pl/final_prj_pl.gen/sources_1/bd/RGMII/ipshared/52c0/hdl/verilog/xsdbm_v3_0_3_bs_core_ext.vh:465]
INFO: [Synth 8-11241] undeclared symbol 'runtest_int', assumed default net type 'wire' [e:/final_prj/final_prj_pl/final_prj_pl.gen/sources_1/bd/RGMII/ipshared/52c0/hdl/verilog/xsdbm_v3_0_3_bs_core_ext.vh:467]
INFO: [Synth 8-11241] undeclared symbol 'tms_int', assumed default net type 'wire' [e:/final_prj/final_prj_pl/final_prj_pl.gen/sources_1/bd/RGMII/ipshared/52c0/hdl/verilog/xsdbm_v3_0_3_bs_core_ext.vh:514]
INFO: [Synth 8-11241] undeclared symbol 'runtest_int', assumed default net type 'wire' [e:/final_prj/final_prj_pl/final_prj_pl.gen/sources_1/bd/RGMII/ipshared/52c0/hdl/verilog/xsdbm_v3_0_3_bs_core_ext.vh:516]
INFO: [Synth 8-11241] undeclared symbol 'tms_int', assumed default net type 'wire' [e:/final_prj/final_prj_pl/final_prj_pl.gen/sources_1/bd/RGMII/ipshared/52c0/hdl/verilog/xsdbm_v3_0_3_bs_core_ext.vh:564]
INFO: [Synth 8-11241] undeclared symbol 'runtest_int', assumed default net type 'wire' [e:/final_prj/final_prj_pl/final_prj_pl.gen/sources_1/bd/RGMII/ipshared/52c0/hdl/verilog/xsdbm_v3_0_3_bs_core_ext.vh:566]
INFO: [Synth 8-11241] undeclared symbol 'tms_int', assumed default net type 'wire' [e:/final_prj/final_prj_pl/final_prj_pl.gen/sources_1/bd/RGMII/ipshared/52c0/hdl/verilog/xsdbm_v3_0_3_bs_core_ext.vh:615]
INFO: [Synth 8-11241] undeclared symbol 'runtest_int', assumed default net type 'wire' [e:/final_prj/final_prj_pl/final_prj_pl.gen/sources_1/bd/RGMII/ipshared/52c0/hdl/verilog/xsdbm_v3_0_3_bs_core_ext.vh:617]
INFO: [Synth 8-11241] undeclared symbol 'tms_int', assumed default net type 'wire' [e:/final_prj/final_prj_pl/final_prj_pl.gen/sources_1/bd/RGMII/ipshared/52c0/hdl/verilog/xsdbm_v3_0_3_bs_core.vh:30]
INFO: [Synth 8-11241] undeclared symbol 'runtest_int', assumed default net type 'wire' [e:/final_prj/final_prj_pl/final_prj_pl.gen/sources_1/bd/RGMII/ipshared/52c0/hdl/verilog/xsdbm_v3_0_3_bs_core.vh:32]
INFO: [Synth 8-11241] undeclared symbol 'tms_int', assumed default net type 'wire' [e:/final_prj/final_prj_pl/final_prj_pl.gen/sources_1/bd/RGMII/ipshared/52c0/hdl/verilog/xsdbm_v3_0_3_bs_core.vh:69]
INFO: [Synth 8-11241] undeclared symbol 'runtest_int', assumed default net type 'wire' [e:/final_prj/final_prj_pl/final_prj_pl.gen/sources_1/bd/RGMII/ipshared/52c0/hdl/verilog/xsdbm_v3_0_3_bs_core.vh:71]
INFO: [Synth 8-11241] undeclared symbol 'tms_int', assumed default net type 'wire' [e:/final_prj/final_prj_pl/final_prj_pl.gen/sources_1/bd/RGMII/ipshared/52c0/hdl/verilog/xsdbm_v3_0_3_bs_core.vh:109]
INFO: [Synth 8-11241] undeclared symbol 'runtest_int', assumed default net type 'wire' [e:/final_prj/final_prj_pl/final_prj_pl.gen/sources_1/bd/RGMII/ipshared/52c0/hdl/verilog/xsdbm_v3_0_3_bs_core.vh:111]
INFO: [Synth 8-11241] undeclared symbol 'tms_int', assumed default net type 'wire' [e:/final_prj/final_prj_pl/final_prj_pl.gen/sources_1/bd/RGMII/ipshared/52c0/hdl/verilog/xsdbm_v3_0_3_bs_core.vh:150]
INFO: [Synth 8-11241] undeclared symbol 'runtest_int', assumed default net type 'wire' [e:/final_prj/final_prj_pl/final_prj_pl.gen/sources_1/bd/RGMII/ipshared/52c0/hdl/verilog/xsdbm_v3_0_3_bs_core.vh:152]
INFO: [Synth 8-11241] undeclared symbol 'tms_int', assumed default net type 'wire' [e:/final_prj/final_prj_pl/final_prj_pl.gen/sources_1/bd/RGMII/ipshared/52c0/hdl/verilog/xsdbm_v3_0_3_bs_core.vh:192]
INFO: [Synth 8-11241] undeclared symbol 'runtest_int', assumed default net type 'wire' [e:/final_prj/final_prj_pl/final_prj_pl.gen/sources_1/bd/RGMII/ipshared/52c0/hdl/verilog/xsdbm_v3_0_3_bs_core.vh:194]
INFO: [Synth 8-11241] undeclared symbol 'tms_int', assumed default net type 'wire' [e:/final_prj/final_prj_pl/final_prj_pl.gen/sources_1/bd/RGMII/ipshared/52c0/hdl/verilog/xsdbm_v3_0_3_bs_core.vh:235]
INFO: [Synth 8-11241] undeclared symbol 'runtest_int', assumed default net type 'wire' [e:/final_prj/final_prj_pl/final_prj_pl.gen/sources_1/bd/RGMII/ipshared/52c0/hdl/verilog/xsdbm_v3_0_3_bs_core.vh:237]
INFO: [Synth 8-11241] undeclared symbol 'tms_int', assumed default net type 'wire' [e:/final_prj/final_prj_pl/final_prj_pl.gen/sources_1/bd/RGMII/ipshared/52c0/hdl/verilog/xsdbm_v3_0_3_bs_core.vh:279]
INFO: [Synth 8-11241] undeclared symbol 'runtest_int', assumed default net type 'wire' [e:/final_prj/final_prj_pl/final_prj_pl.gen/sources_1/bd/RGMII/ipshared/52c0/hdl/verilog/xsdbm_v3_0_3_bs_core.vh:281]
INFO: [Synth 8-11241] undeclared symbol 'tms_int', assumed default net type 'wire' [e:/final_prj/final_prj_pl/final_prj_pl.gen/sources_1/bd/RGMII/ipshared/52c0/hdl/verilog/xsdbm_v3_0_3_bs_core.vh:324]
INFO: [Synth 8-11241] undeclared symbol 'runtest_int', assumed default net type 'wire' [e:/final_prj/final_prj_pl/final_prj_pl.gen/sources_1/bd/RGMII/ipshared/52c0/hdl/verilog/xsdbm_v3_0_3_bs_core.vh:326]
INFO: [Synth 8-11241] undeclared symbol 'tms_int', assumed default net type 'wire' [e:/final_prj/final_prj_pl/final_prj_pl.gen/sources_1/bd/RGMII/ipshared/52c0/hdl/verilog/xsdbm_v3_0_3_bs_core.vh:370]
INFO: [Synth 8-11241] undeclared symbol 'runtest_int', assumed default net type 'wire' [e:/final_prj/final_prj_pl/final_prj_pl.gen/sources_1/bd/RGMII/ipshared/52c0/hdl/verilog/xsdbm_v3_0_3_bs_core.vh:372]
INFO: [Synth 8-11241] undeclared symbol 'tms_int', assumed default net type 'wire' [e:/final_prj/final_prj_pl/final_prj_pl.gen/sources_1/bd/RGMII/ipshared/52c0/hdl/verilog/xsdbm_v3_0_3_bs_core.vh:417]
INFO: [Synth 8-11241] undeclared symbol 'runtest_int', assumed default net type 'wire' [e:/final_prj/final_prj_pl/final_prj_pl.gen/sources_1/bd/RGMII/ipshared/52c0/hdl/verilog/xsdbm_v3_0_3_bs_core.vh:419]
INFO: [Synth 8-11241] undeclared symbol 'tms_int', assumed default net type 'wire' [e:/final_prj/final_prj_pl/final_prj_pl.gen/sources_1/bd/RGMII/ipshared/52c0/hdl/verilog/xsdbm_v3_0_3_bs_core.vh:465]
INFO: [Synth 8-11241] undeclared symbol 'runtest_int', assumed default net type 'wire' [e:/final_prj/final_prj_pl/final_prj_pl.gen/sources_1/bd/RGMII/ipshared/52c0/hdl/verilog/xsdbm_v3_0_3_bs_core.vh:467]
INFO: [Synth 8-11241] undeclared symbol 'tms_int', assumed default net type 'wire' [e:/final_prj/final_prj_pl/final_prj_pl.gen/sources_1/bd/RGMII/ipshared/52c0/hdl/verilog/xsdbm_v3_0_3_bs_core.vh:514]
INFO: [Synth 8-11241] undeclared symbol 'runtest_int', assumed default net type 'wire' [e:/final_prj/final_prj_pl/final_prj_pl.gen/sources_1/bd/RGMII/ipshared/52c0/hdl/verilog/xsdbm_v3_0_3_bs_core.vh:516]
INFO: [Synth 8-11241] undeclared symbol 'tms_int', assumed default net type 'wire' [e:/final_prj/final_prj_pl/final_prj_pl.gen/sources_1/bd/RGMII/ipshared/52c0/hdl/verilog/xsdbm_v3_0_3_bs_core.vh:564]
INFO: [Synth 8-11241] undeclared symbol 'runtest_int', assumed default net type 'wire' [e:/final_prj/final_prj_pl/final_prj_pl.gen/sources_1/bd/RGMII/ipshared/52c0/hdl/verilog/xsdbm_v3_0_3_bs_core.vh:566]
INFO: [Synth 8-11241] undeclared symbol 'tms_int', assumed default net type 'wire' [e:/final_prj/final_prj_pl/final_prj_pl.gen/sources_1/bd/RGMII/ipshared/52c0/hdl/verilog/xsdbm_v3_0_3_bs_core.vh:615]
INFO: [Synth 8-11241] undeclared symbol 'runtest_int', assumed default net type 'wire' [e:/final_prj/final_prj_pl/final_prj_pl.gen/sources_1/bd/RGMII/ipshared/52c0/hdl/verilog/xsdbm_v3_0_3_bs_core.vh:617]
INFO: [Synth 8-11241] undeclared symbol 'tms_int', assumed default net type 'wire' [e:/final_prj/final_prj_pl/final_prj_pl.gen/sources_1/bd/RGMII/ipshared/52c0/hdl/verilog/xsdbm_v3_0_3_bs_core_vec.vh:30]
INFO: [Synth 8-11241] undeclared symbol 'runtest_int', assumed default net type 'wire' [e:/final_prj/final_prj_pl/final_prj_pl.gen/sources_1/bd/RGMII/ipshared/52c0/hdl/verilog/xsdbm_v3_0_3_bs_core_vec.vh:32]
INFO: [Synth 8-11241] undeclared symbol 'tms_int', assumed default net type 'wire' [e:/final_prj/final_prj_pl/final_prj_pl.gen/sources_1/bd/RGMII/ipshared/52c0/hdl/verilog/xsdbm_v3_0_3_bs_core_vec.vh:65]
INFO: [Synth 8-11241] undeclared symbol 'runtest_int', assumed default net type 'wire' [e:/final_prj/final_prj_pl/final_prj_pl.gen/sources_1/bd/RGMII/ipshared/52c0/hdl/verilog/xsdbm_v3_0_3_bs_core_vec.vh:67]
INFO: [Synth 8-11241] undeclared symbol 'tms_int', assumed default net type 'wire' [e:/final_prj/final_prj_pl/final_prj_pl.gen/sources_1/bd/RGMII/ipshared/52c0/hdl/verilog/xsdbm_v3_0_3_bs_core_vec.vh:100]
INFO: [Synth 8-11241] undeclared symbol 'runtest_int', assumed default net type 'wire' [e:/final_prj/final_prj_pl/final_prj_pl.gen/sources_1/bd/RGMII/ipshared/52c0/hdl/verilog/xsdbm_v3_0_3_bs_core_vec.vh:102]
INFO: [Synth 8-11241] undeclared symbol 'tms_int', assumed default net type 'wire' [e:/final_prj/final_prj_pl/final_prj_pl.gen/sources_1/bd/RGMII/ipshared/52c0/hdl/verilog/xsdbm_v3_0_3_bs_core_vec.vh:135]
INFO: [Synth 8-11241] undeclared symbol 'runtest_int', assumed default net type 'wire' [e:/final_prj/final_prj_pl/final_prj_pl.gen/sources_1/bd/RGMII/ipshared/52c0/hdl/verilog/xsdbm_v3_0_3_bs_core_vec.vh:137]
INFO: [Synth 8-11241] undeclared symbol 'tms_int', assumed default net type 'wire' [e:/final_prj/final_prj_pl/final_prj_pl.gen/sources_1/bd/RGMII/ipshared/52c0/hdl/verilog/xsdbm_v3_0_3_bs_core_vec.vh:170]
INFO: [Synth 8-11241] undeclared symbol 'runtest_int', assumed default net type 'wire' [e:/final_prj/final_prj_pl/final_prj_pl.gen/sources_1/bd/RGMII/ipshared/52c0/hdl/verilog/xsdbm_v3_0_3_bs_core_vec.vh:172]
INFO: [Synth 8-11241] undeclared symbol 'tms_int', assumed default net type 'wire' [e:/final_prj/final_prj_pl/final_prj_pl.gen/sources_1/bd/RGMII/ipshared/52c0/hdl/verilog/xsdbm_v3_0_3_bs_core_vec.vh:205]
INFO: [Synth 8-11241] undeclared symbol 'runtest_int', assumed default net type 'wire' [e:/final_prj/final_prj_pl/final_prj_pl.gen/sources_1/bd/RGMII/ipshared/52c0/hdl/verilog/xsdbm_v3_0_3_bs_core_vec.vh:207]
INFO: [Synth 8-11241] undeclared symbol 'tms_int', assumed default net type 'wire' [e:/final_prj/final_prj_pl/final_prj_pl.gen/sources_1/bd/RGMII/ipshared/52c0/hdl/verilog/xsdbm_v3_0_3_bs_core_vec.vh:240]
INFO: [Synth 8-11241] undeclared symbol 'runtest_int', assumed default net type 'wire' [e:/final_prj/final_prj_pl/final_prj_pl.gen/sources_1/bd/RGMII/ipshared/52c0/hdl/verilog/xsdbm_v3_0_3_bs_core_vec.vh:242]
INFO: [Synth 8-11241] undeclared symbol 'tms_int', assumed default net type 'wire' [e:/final_prj/final_prj_pl/final_prj_pl.gen/sources_1/bd/RGMII/ipshared/52c0/hdl/verilog/xsdbm_v3_0_3_bs_core_vec.vh:275]
INFO: [Synth 8-11241] undeclared symbol 'runtest_int', assumed default net type 'wire' [e:/final_prj/final_prj_pl/final_prj_pl.gen/sources_1/bd/RGMII/ipshared/52c0/hdl/verilog/xsdbm_v3_0_3_bs_core_vec.vh:277]
INFO: [Synth 8-11241] undeclared symbol 'tms_int', assumed default net type 'wire' [e:/final_prj/final_prj_pl/final_prj_pl.gen/sources_1/bd/RGMII/ipshared/52c0/hdl/verilog/xsdbm_v3_0_3_bs_core_vec.vh:310]
INFO: [Synth 8-11241] undeclared symbol 'runtest_int', assumed default net type 'wire' [e:/final_prj/final_prj_pl/final_prj_pl.gen/sources_1/bd/RGMII/ipshared/52c0/hdl/verilog/xsdbm_v3_0_3_bs_core_vec.vh:312]
INFO: [Synth 8-11241] undeclared symbol 'tms_int', assumed default net type 'wire' [e:/final_prj/final_prj_pl/final_prj_pl.gen/sources_1/bd/RGMII/ipshared/52c0/hdl/verilog/xsdbm_v3_0_3_bs_core_vec.vh:345]
INFO: [Synth 8-11241] undeclared symbol 'runtest_int', assumed default net type 'wire' [e:/final_prj/final_prj_pl/final_prj_pl.gen/sources_1/bd/RGMII/ipshared/52c0/hdl/verilog/xsdbm_v3_0_3_bs_core_vec.vh:347]
INFO: [Synth 8-11241] undeclared symbol 'tms_int', assumed default net type 'wire' [e:/final_prj/final_prj_pl/final_prj_pl.gen/sources_1/bd/RGMII/ipshared/52c0/hdl/verilog/xsdbm_v3_0_3_bs_core_vec.vh:380]
INFO: [Synth 8-11241] undeclared symbol 'runtest_int', assumed default net type 'wire' [e:/final_prj/final_prj_pl/final_prj_pl.gen/sources_1/bd/RGMII/ipshared/52c0/hdl/verilog/xsdbm_v3_0_3_bs_core_vec.vh:382]
INFO: [Synth 8-11241] undeclared symbol 'tms_int', assumed default net type 'wire' [e:/final_prj/final_prj_pl/final_prj_pl.gen/sources_1/bd/RGMII/ipshared/52c0/hdl/verilog/xsdbm_v3_0_3_bs_core_vec.vh:415]
INFO: [Synth 8-11241] undeclared symbol 'runtest_int', assumed default net type 'wire' [e:/final_prj/final_prj_pl/final_prj_pl.gen/sources_1/bd/RGMII/ipshared/52c0/hdl/verilog/xsdbm_v3_0_3_bs_core_vec.vh:417]
INFO: [Synth 8-11241] undeclared symbol 'tms_int', assumed default net type 'wire' [e:/final_prj/final_prj_pl/final_prj_pl.gen/sources_1/bd/RGMII/ipshared/52c0/hdl/verilog/xsdbm_v3_0_3_bs_core_vec.vh:450]
INFO: [Synth 8-11241] undeclared symbol 'runtest_int', assumed default net type 'wire' [e:/final_prj/final_prj_pl/final_prj_pl.gen/sources_1/bd/RGMII/ipshared/52c0/hdl/verilog/xsdbm_v3_0_3_bs_core_vec.vh:452]
INFO: [Synth 8-11241] undeclared symbol 'tms_int', assumed default net type 'wire' [e:/final_prj/final_prj_pl/final_prj_pl.gen/sources_1/bd/RGMII/ipshared/52c0/hdl/verilog/xsdbm_v3_0_3_bs_core_vec.vh:485]
INFO: [Synth 8-11241] undeclared symbol 'runtest_int', assumed default net type 'wire' [e:/final_prj/final_prj_pl/final_prj_pl.gen/sources_1/bd/RGMII/ipshared/52c0/hdl/verilog/xsdbm_v3_0_3_bs_core_vec.vh:487]
INFO: [Synth 8-11241] undeclared symbol 'tms_int', assumed default net type 'wire' [e:/final_prj/final_prj_pl/final_prj_pl.gen/sources_1/bd/RGMII/ipshared/52c0/hdl/verilog/xsdbm_v3_0_3_bs_core_vec.vh:30]
INFO: [Synth 8-11241] undeclared symbol 'runtest_int', assumed default net type 'wire' [e:/final_prj/final_prj_pl/final_prj_pl.gen/sources_1/bd/RGMII/ipshared/52c0/hdl/verilog/xsdbm_v3_0_3_bs_core_vec.vh:32]
INFO: [Synth 8-11241] undeclared symbol 'tms_int', assumed default net type 'wire' [e:/final_prj/final_prj_pl/final_prj_pl.gen/sources_1/bd/RGMII/ipshared/52c0/hdl/verilog/xsdbm_v3_0_3_bs_core_vec.vh:65]
INFO: [Synth 8-11241] undeclared symbol 'runtest_int', assumed default net type 'wire' [e:/final_prj/final_prj_pl/final_prj_pl.gen/sources_1/bd/RGMII/ipshared/52c0/hdl/verilog/xsdbm_v3_0_3_bs_core_vec.vh:67]
INFO: [Synth 8-11241] undeclared symbol 'tms_int', assumed default net type 'wire' [e:/final_prj/final_prj_pl/final_prj_pl.gen/sources_1/bd/RGMII/ipshared/52c0/hdl/verilog/xsdbm_v3_0_3_bs_core_vec.vh:100]
INFO: [Synth 8-11241] undeclared symbol 'runtest_int', assumed default net type 'wire' [e:/final_prj/final_prj_pl/final_prj_pl.gen/sources_1/bd/RGMII/ipshared/52c0/hdl/verilog/xsdbm_v3_0_3_bs_core_vec.vh:102]
INFO: [Synth 8-11241] undeclared symbol 'tms_int', assumed default net type 'wire' [e:/final_prj/final_prj_pl/final_prj_pl.gen/sources_1/bd/RGMII/ipshared/52c0/hdl/verilog/xsdbm_v3_0_3_bs_core_vec.vh:135]
INFO: [Synth 8-11241] undeclared symbol 'runtest_int', assumed default net type 'wire' [e:/final_prj/final_prj_pl/final_prj_pl.gen/sources_1/bd/RGMII/ipshared/52c0/hdl/verilog/xsdbm_v3_0_3_bs_core_vec.vh:137]
INFO: [Synth 8-11241] undeclared symbol 'tms_int', assumed default net type 'wire' [e:/final_prj/final_prj_pl/final_prj_pl.gen/sources_1/bd/RGMII/ipshared/52c0/hdl/verilog/xsdbm_v3_0_3_bs_core_vec.vh:170]
INFO: [Synth 8-11241] undeclared symbol 'runtest_int', assumed default net type 'wire' [e:/final_prj/final_prj_pl/final_prj_pl.gen/sources_1/bd/RGMII/ipshared/52c0/hdl/verilog/xsdbm_v3_0_3_bs_core_vec.vh:172]
INFO: [Synth 8-11241] undeclared symbol 'tms_int', assumed default net type 'wire' [e:/final_prj/final_prj_pl/final_prj_pl.gen/sources_1/bd/RGMII/ipshared/52c0/hdl/verilog/xsdbm_v3_0_3_bs_core_vec.vh:205]
INFO: [Synth 8-11241] undeclared symbol 'runtest_int', assumed default net type 'wire' [e:/final_prj/final_prj_pl/final_prj_pl.gen/sources_1/bd/RGMII/ipshared/52c0/hdl/verilog/xsdbm_v3_0_3_bs_core_vec.vh:207]
INFO: [Synth 8-11241] undeclared symbol 'tms_int', assumed default net type 'wire' [e:/final_prj/final_prj_pl/final_prj_pl.gen/sources_1/bd/RGMII/ipshared/52c0/hdl/verilog/xsdbm_v3_0_3_bs_core_vec.vh:240]
INFO: [Synth 8-11241] undeclared symbol 'runtest_int', assumed default net type 'wire' [e:/final_prj/final_prj_pl/final_prj_pl.gen/sources_1/bd/RGMII/ipshared/52c0/hdl/verilog/xsdbm_v3_0_3_bs_core_vec.vh:242]
INFO: [Synth 8-11241] undeclared symbol 'tms_int', assumed default net type 'wire' [e:/final_prj/final_prj_pl/final_prj_pl.gen/sources_1/bd/RGMII/ipshared/52c0/hdl/verilog/xsdbm_v3_0_3_bs_core_vec.vh:275]
INFO: [Synth 8-11241] undeclared symbol 'runtest_int', assumed default net type 'wire' [e:/final_prj/final_prj_pl/final_prj_pl.gen/sources_1/bd/RGMII/ipshared/52c0/hdl/verilog/xsdbm_v3_0_3_bs_core_vec.vh:277]
INFO: [Common 17-14] Message 'Synth 8-11241' appears 100 times and further instances of the messages will be disabled. Use the Tcl command set_msg_config to change the current settings.
INFO: [Synth 8-6157] synthesizing module 'RGMII_system_ila_0_1' [e:/final_prj/final_prj_pl/final_prj_pl.gen/sources_1/bd/RGMII/ip/RGMII_system_ila_0_1/synth/RGMII_system_ila_0_1.v:53]
WARNING: [Synth 8-4446] all outputs are unconnected for this instance and logic may be removed [e:/final_prj/final_prj_pl/final_prj_pl.gen/sources_1/bd/RGMII/ip/RGMII_system_ila_0_1/synth/RGMII_system_ila_0_1.v:252]
INFO: [Synth 8-6157] synthesizing module 'bd_7bb6' [e:/final_prj/final_prj_pl/final_prj_pl.gen/sources_1/bd/RGMII/ip/RGMII_system_ila_0_1/bd_0/synth/bd_7bb6.v:10]
INFO: [Synth 8-6157] synthesizing module 'bd_7bb6_g_inst_0' [e:/final_prj/final_prj_pl/final_prj_pl.gen/sources_1/bd/RGMII/ip/RGMII_system_ila_0_1/bd_0/ip/ip_1/synth/bd_7bb6_g_inst_0.v:53]
INFO: [Synth 8-6157] synthesizing module 'bd_7bb6_g_inst_0_gigantic_mux' [e:/final_prj/final_prj_pl/final_prj_pl.gen/sources_1/bd/RGMII/ip/RGMII_system_ila_0_1/bd_0/ip/ip_1/bd_7bb6_g_inst_0_gigantic_mux.v:63]
INFO: [Synth 8-6155] done synthesizing module 'bd_7bb6_g_inst_0_gigantic_mux' (0#1) [e:/final_prj/final_prj_pl/final_prj_pl.gen/sources_1/bd/RGMII/ip/RGMII_system_ila_0_1/bd_0/ip/ip_1/bd_7bb6_g_inst_0_gigantic_mux.v:63]
INFO: [Synth 8-6155] done synthesizing module 'bd_7bb6_g_inst_0' (0#1) [e:/final_prj/final_prj_pl/final_prj_pl.gen/sources_1/bd/RGMII/ip/RGMII_system_ila_0_1/bd_0/ip/ip_1/synth/bd_7bb6_g_inst_0.v:53]
WARNING: [Synth 8-4446] all outputs are unconnected for this instance and logic may be removed [e:/final_prj/final_prj_pl/final_prj_pl.gen/sources_1/bd/RGMII/ip/RGMII_system_ila_0_1/bd_0/synth/bd_7bb6.v:47]
INFO: [Synth 8-6157] synthesizing module 'bd_7bb6_ila_lib_0' [e:/final_prj/final_prj_pl/final_prj_pl.gen/sources_1/bd/RGMII/ip/RGMII_system_ila_0_1/bd_0/ip/ip_0/synth/bd_7bb6_ila_lib_0.v:48]
INFO: [Synth 8-6157] synthesizing module 'CFGLUT5' [D:/Xilinx/Vivado/2024.2/scripts/rt/data/unisim_comp.v:3129]
INFO: [Synth 8-6155] done synthesizing module 'CFGLUT5' (0#1) [D:/Xilinx/Vivado/2024.2/scripts/rt/data/unisim_comp.v:3129]
INFO: [Synth 8-6157] synthesizing module 'CARRY4' [D:/Xilinx/Vivado/2024.2/scripts/rt/data/unisim_comp.v:3092]
INFO: [Synth 8-6155] done synthesizing module 'CARRY4' (0#1) [D:/Xilinx/Vivado/2024.2/scripts/rt/data/unisim_comp.v:3092]
INFO: [Synth 8-6157] synthesizing module 'SRLC32E' [D:/Xilinx/Vivado/2024.2/scripts/rt/data/unisim_comp.v:149195]
INFO: [Synth 8-6155] done synthesizing module 'SRLC32E' (0#1) [D:/Xilinx/Vivado/2024.2/scripts/rt/data/unisim_comp.v:149195]
INFO: [Synth 8-6157] synthesizing module 'SRL16E' [D:/Xilinx/Vivado/2024.2/scripts/rt/data/unisim_comp.v:149045]
INFO: [Synth 8-6155] done synthesizing module 'SRL16E' (0#1) [D:/Xilinx/Vivado/2024.2/scripts/rt/data/unisim_comp.v:149045]
INFO: [Synth 8-6157] synthesizing module 'SRLC16E' [D:/Xilinx/Vivado/2024.2/scripts/rt/data/unisim_comp.v:149134]
INFO: [Synth 8-6155] done synthesizing module 'SRLC16E' (0#1) [D:/Xilinx/Vivado/2024.2/scripts/rt/data/unisim_comp.v:149134]
INFO: [Synth 8-6157] synthesizing module 'FDRE' [D:/Xilinx/Vivado/2024.2/scripts/rt/data/unisim_comp.v:43188]
INFO: [Synth 8-6155] done synthesizing module 'FDRE' (0#1) [D:/Xilinx/Vivado/2024.2/scripts/rt/data/unisim_comp.v:43188]
WARNING: [Synth 8-7071] port 'clk_nobuf' of module 'ila_v6_2_17_ila' is unconnected for instance 'inst' [e:/final_prj/final_prj_pl/final_prj_pl.gen/sources_1/bd/RGMII/ip/RGMII_system_ila_0_1/bd_0/ip/ip_0/synth/bd_7bb6_ila_lib_0.v:3215]
WARNING: [Synth 8-7071] port 'clkdiv_out' of module 'ila_v6_2_17_ila' is unconnected for instance 'inst' [e:/final_prj/final_prj_pl/final_prj_pl.gen/sources_1/bd/RGMII/ip/RGMII_system_ila_0_1/bd_0/ip/ip_0/synth/bd_7bb6_ila_lib_0.v:3215]
WARNING: [Synth 8-7071] port 'trig_in' of module 'ila_v6_2_17_ila' is unconnected for instance 'inst' [e:/final_prj/final_prj_pl/final_prj_pl.gen/sources_1/bd/RGMII/ip/RGMII_system_ila_0_1/bd_0/ip/ip_0/synth/bd_7bb6_ila_lib_0.v:3215]
WARNING: [Synth 8-7071] port 'trig_in_ack' of module 'ila_v6_2_17_ila' is unconnected for instance 'inst' [e:/final_prj/final_prj_pl/final_prj_pl.gen/sources_1/bd/RGMII/ip/RGMII_system_ila_0_1/bd_0/ip/ip_0/synth/bd_7bb6_ila_lib_0.v:3215]
WARNING: [Synth 8-7071] port 'trig_out' of module 'ila_v6_2_17_ila' is unconnected for instance 'inst' [e:/final_prj/final_prj_pl/final_prj_pl.gen/sources_1/bd/RGMII/ip/RGMII_system_ila_0_1/bd_0/ip/ip_0/synth/bd_7bb6_ila_lib_0.v:3215]
WARNING: [Synth 8-7071] port 'trig_out_ack' of module 'ila_v6_2_17_ila' is unconnected for instance 'inst' [e:/final_prj/final_prj_pl/final_prj_pl.gen/sources_1/bd/RGMII/ip/RGMII_system_ila_0_1/bd_0/ip/ip_0/synth/bd_7bb6_ila_lib_0.v:3215]
WARNING: [Synth 8-7023] instance 'inst' of module 'ila_v6_2_17_ila' has 1033 connections declared, but only 1027 given [e:/final_prj/final_prj_pl/final_prj_pl.gen/sources_1/bd/RGMII/ip/RGMII_system_ila_0_1/bd_0/ip/ip_0/synth/bd_7bb6_ila_lib_0.v:3215]
INFO: [Synth 8-6155] done synthesizing module 'bd_7bb6_ila_lib_0' (0#1) [e:/final_prj/final_prj_pl/final_prj_pl.gen/sources_1/bd/RGMII/ip/RGMII_system_ila_0_1/bd_0/ip/ip_0/synth/bd_7bb6_ila_lib_0.v:48]
INFO: [Synth 8-6155] done synthesizing module 'bd_7bb6' (0#1) [e:/final_prj/final_prj_pl/final_prj_pl.gen/sources_1/bd/RGMII/ip/RGMII_system_ila_0_1/bd_0/synth/bd_7bb6.v:10]
INFO: [Synth 8-6155] done synthesizing module 'RGMII_system_ila_0_1' (0#1) [e:/final_prj/final_prj_pl/final_prj_pl.gen/sources_1/bd/RGMII/ip/RGMII_system_ila_0_1/synth/RGMII_system_ila_0_1.v:53]
WARNING: [Synth 8-3848] Net probe_out0 in module/entity bd_7bb6_g_inst_0_gigantic_mux does not have driver. [e:/final_prj/final_prj_pl/final_prj_pl.gen/sources_1/bd/RGMII/ip/RGMII_system_ila_0_1/bd_0/ip/ip_1/bd_7bb6_g_inst_0_gigantic_mux.v:1985]
WARNING: [Synth 8-3848] Net probe_out1 in module/entity bd_7bb6_g_inst_0_gigantic_mux does not have driver. [e:/final_prj/final_prj_pl/final_prj_pl.gen/sources_1/bd/RGMII/ip/RGMII_system_ila_0_1/bd_0/ip/ip_1/bd_7bb6_g_inst_0_gigantic_mux.v:1986]
WARNING: [Synth 8-3848] Net probe_out2 in module/entity bd_7bb6_g_inst_0_gigantic_mux does not have driver. [e:/final_prj/final_prj_pl/final_prj_pl.gen/sources_1/bd/RGMII/ip/RGMII_system_ila_0_1/bd_0/ip/ip_1/bd_7bb6_g_inst_0_gigantic_mux.v:1987]
WARNING: [Synth 8-3848] Net probe_out3 in module/entity bd_7bb6_g_inst_0_gigantic_mux does not have driver. [e:/final_prj/final_prj_pl/final_prj_pl.gen/sources_1/bd/RGMII/ip/RGMII_system_ila_0_1/bd_0/ip/ip_1/bd_7bb6_g_inst_0_gigantic_mux.v:1988]
WARNING: [Synth 8-3848] Net probe_out4 in module/entity bd_7bb6_g_inst_0_gigantic_mux does not have driver. [e:/final_prj/final_prj_pl/final_prj_pl.gen/sources_1/bd/RGMII/ip/RGMII_system_ila_0_1/bd_0/ip/ip_1/bd_7bb6_g_inst_0_gigantic_mux.v:1989]
WARNING: [Synth 8-3848] Net probe_out5 in module/entity bd_7bb6_g_inst_0_gigantic_mux does not have driver. [e:/final_prj/final_prj_pl/final_prj_pl.gen/sources_1/bd/RGMII/ip/RGMII_system_ila_0_1/bd_0/ip/ip_1/bd_7bb6_g_inst_0_gigantic_mux.v:1990]
WARNING: [Synth 8-3848] Net probe_out6 in module/entity bd_7bb6_g_inst_0_gigantic_mux does not have driver. [e:/final_prj/final_prj_pl/final_prj_pl.gen/sources_1/bd/RGMII/ip/RGMII_system_ila_0_1/bd_0/ip/ip_1/bd_7bb6_g_inst_0_gigantic_mux.v:1991]
WARNING: [Synth 8-3848] Net probe_out7 in module/entity bd_7bb6_g_inst_0_gigantic_mux does not have driver. [e:/final_prj/final_prj_pl/final_prj_pl.gen/sources_1/bd/RGMII/ip/RGMII_system_ila_0_1/bd_0/ip/ip_1/bd_7bb6_g_inst_0_gigantic_mux.v:1992]
WARNING: [Synth 8-3848] Net probe_out8 in module/entity bd_7bb6_g_inst_0_gigantic_mux does not have driver. [e:/final_prj/final_prj_pl/final_prj_pl.gen/sources_1/bd/RGMII/ip/RGMII_system_ila_0_1/bd_0/ip/ip_1/bd_7bb6_g_inst_0_gigantic_mux.v:1993]
WARNING: [Synth 8-3848] Net probe_out9 in module/entity bd_7bb6_g_inst_0_gigantic_mux does not have driver. [e:/final_prj/final_prj_pl/final_prj_pl.gen/sources_1/bd/RGMII/ip/RGMII_system_ila_0_1/bd_0/ip/ip_1/bd_7bb6_g_inst_0_gigantic_mux.v:1994]
WARNING: [Synth 8-3848] Net probe_out10 in module/entity bd_7bb6_g_inst_0_gigantic_mux does not have driver. [e:/final_prj/final_prj_pl/final_prj_pl.gen/sources_1/bd/RGMII/ip/RGMII_system_ila_0_1/bd_0/ip/ip_1/bd_7bb6_g_inst_0_gigantic_mux.v:1995]
WARNING: [Synth 8-3848] Net probe_out11 in module/entity bd_7bb6_g_inst_0_gigantic_mux does not have driver. [e:/final_prj/final_prj_pl/final_prj_pl.gen/sources_1/bd/RGMII/ip/RGMII_system_ila_0_1/bd_0/ip/ip_1/bd_7bb6_g_inst_0_gigantic_mux.v:1996]
WARNING: [Synth 8-3848] Net probe_out12 in module/entity bd_7bb6_g_inst_0_gigantic_mux does not have driver. [e:/final_prj/final_prj_pl/final_prj_pl.gen/sources_1/bd/RGMII/ip/RGMII_system_ila_0_1/bd_0/ip/ip_1/bd_7bb6_g_inst_0_gigantic_mux.v:1997]
WARNING: [Synth 8-3848] Net probe_out13 in module/entity bd_7bb6_g_inst_0_gigantic_mux does not have driver. [e:/final_prj/final_prj_pl/final_prj_pl.gen/sources_1/bd/RGMII/ip/RGMII_system_ila_0_1/bd_0/ip/ip_1/bd_7bb6_g_inst_0_gigantic_mux.v:1998]
WARNING: [Synth 8-3848] Net probe_out14 in module/entity bd_7bb6_g_inst_0_gigantic_mux does not have driver. [e:/final_prj/final_prj_pl/final_prj_pl.gen/sources_1/bd/RGMII/ip/RGMII_system_ila_0_1/bd_0/ip/ip_1/bd_7bb6_g_inst_0_gigantic_mux.v:1999]
WARNING: [Synth 8-3848] Net probe_out15 in module/entity bd_7bb6_g_inst_0_gigantic_mux does not have driver. [e:/final_prj/final_prj_pl/final_prj_pl.gen/sources_1/bd/RGMII/ip/RGMII_system_ila_0_1/bd_0/ip/ip_1/bd_7bb6_g_inst_0_gigantic_mux.v:2000]
WARNING: [Synth 8-3848] Net probe_out16 in module/entity bd_7bb6_g_inst_0_gigantic_mux does not have driver. [e:/final_prj/final_prj_pl/final_prj_pl.gen/sources_1/bd/RGMII/ip/RGMII_system_ila_0_1/bd_0/ip/ip_1/bd_7bb6_g_inst_0_gigantic_mux.v:2001]
WARNING: [Synth 8-3848] Net probe_out17 in module/entity bd_7bb6_g_inst_0_gigantic_mux does not have driver. [e:/final_prj/final_prj_pl/final_prj_pl.gen/sources_1/bd/RGMII/ip/RGMII_system_ila_0_1/bd_0/ip/ip_1/bd_7bb6_g_inst_0_gigantic_mux.v:2002]
WARNING: [Synth 8-3848] Net probe_out18 in module/entity bd_7bb6_g_inst_0_gigantic_mux does not have driver. [e:/final_prj/final_prj_pl/final_prj_pl.gen/sources_1/bd/RGMII/ip/RGMII_system_ila_0_1/bd_0/ip/ip_1/bd_7bb6_g_inst_0_gigantic_mux.v:2003]
WARNING: [Synth 8-3848] Net probe_out19 in module/entity bd_7bb6_g_inst_0_gigantic_mux does not have driver. [e:/final_prj/final_prj_pl/final_prj_pl.gen/sources_1/bd/RGMII/ip/RGMII_system_ila_0_1/bd_0/ip/ip_1/bd_7bb6_g_inst_0_gigantic_mux.v:2004]
WARNING: [Synth 8-3848] Net probe_out20 in module/entity bd_7bb6_g_inst_0_gigantic_mux does not have driver. [e:/final_prj/final_prj_pl/final_prj_pl.gen/sources_1/bd/RGMII/ip/RGMII_system_ila_0_1/bd_0/ip/ip_1/bd_7bb6_g_inst_0_gigantic_mux.v:2005]
WARNING: [Synth 8-3848] Net probe_out21 in module/entity bd_7bb6_g_inst_0_gigantic_mux does not have driver. [e:/final_prj/final_prj_pl/final_prj_pl.gen/sources_1/bd/RGMII/ip/RGMII_system_ila_0_1/bd_0/ip/ip_1/bd_7bb6_g_inst_0_gigantic_mux.v:2006]
WARNING: [Synth 8-3848] Net probe_out22 in module/entity bd_7bb6_g_inst_0_gigantic_mux does not have driver. [e:/final_prj/final_prj_pl/final_prj_pl.gen/sources_1/bd/RGMII/ip/RGMII_system_ila_0_1/bd_0/ip/ip_1/bd_7bb6_g_inst_0_gigantic_mux.v:2007]
WARNING: [Synth 8-3848] Net probe_out23 in module/entity bd_7bb6_g_inst_0_gigantic_mux does not have driver. [e:/final_prj/final_prj_pl/final_prj_pl.gen/sources_1/bd/RGMII/ip/RGMII_system_ila_0_1/bd_0/ip/ip_1/bd_7bb6_g_inst_0_gigantic_mux.v:2008]
WARNING: [Synth 8-3848] Net probe_out24 in module/entity bd_7bb6_g_inst_0_gigantic_mux does not have driver. [e:/final_prj/final_prj_pl/final_prj_pl.gen/sources_1/bd/RGMII/ip/RGMII_system_ila_0_1/bd_0/ip/ip_1/bd_7bb6_g_inst_0_gigantic_mux.v:2009]
WARNING: [Synth 8-3848] Net probe_out25 in module/entity bd_7bb6_g_inst_0_gigantic_mux does not have driver. [e:/final_prj/final_prj_pl/final_prj_pl.gen/sources_1/bd/RGMII/ip/RGMII_system_ila_0_1/bd_0/ip/ip_1/bd_7bb6_g_inst_0_gigantic_mux.v:2010]
WARNING: [Synth 8-3848] Net probe_out26 in module/entity bd_7bb6_g_inst_0_gigantic_mux does not have driver. [e:/final_prj/final_prj_pl/final_prj_pl.gen/sources_1/bd/RGMII/ip/RGMII_system_ila_0_1/bd_0/ip/ip_1/bd_7bb6_g_inst_0_gigantic_mux.v:2011]
WARNING: [Synth 8-3848] Net probe_out27 in module/entity bd_7bb6_g_inst_0_gigantic_mux does not have driver. [e:/final_prj/final_prj_pl/final_prj_pl.gen/sources_1/bd/RGMII/ip/RGMII_system_ila_0_1/bd_0/ip/ip_1/bd_7bb6_g_inst_0_gigantic_mux.v:2012]
WARNING: [Synth 8-3848] Net probe_out28 in module/entity bd_7bb6_g_inst_0_gigantic_mux does not have driver. [e:/final_prj/final_prj_pl/final_prj_pl.gen/sources_1/bd/RGMII/ip/RGMII_system_ila_0_1/bd_0/ip/ip_1/bd_7bb6_g_inst_0_gigantic_mux.v:2013]
WARNING: [Synth 8-3848] Net probe_out29 in module/entity bd_7bb6_g_inst_0_gigantic_mux does not have driver. [e:/final_prj/final_prj_pl/final_prj_pl.gen/sources_1/bd/RGMII/ip/RGMII_system_ila_0_1/bd_0/ip/ip_1/bd_7bb6_g_inst_0_gigantic_mux.v:2014]
WARNING: [Synth 8-3848] Net probe_out30 in module/entity bd_7bb6_g_inst_0_gigantic_mux does not have driver. [e:/final_prj/final_prj_pl/final_prj_pl.gen/sources_1/bd/RGMII/ip/RGMII_system_ila_0_1/bd_0/ip/ip_1/bd_7bb6_g_inst_0_gigantic_mux.v:2015]
WARNING: [Synth 8-3848] Net probe_out31 in module/entity bd_7bb6_g_inst_0_gigantic_mux does not have driver. [e:/final_prj/final_prj_pl/final_prj_pl.gen/sources_1/bd/RGMII/ip/RGMII_system_ila_0_1/bd_0/ip/ip_1/bd_7bb6_g_inst_0_gigantic_mux.v:2016]
WARNING: [Synth 8-3848] Net probe_out32 in module/entity bd_7bb6_g_inst_0_gigantic_mux does not have driver. [e:/final_prj/final_prj_pl/final_prj_pl.gen/sources_1/bd/RGMII/ip/RGMII_system_ila_0_1/bd_0/ip/ip_1/bd_7bb6_g_inst_0_gigantic_mux.v:2017]
WARNING: [Synth 8-3848] Net probe_out33 in module/entity bd_7bb6_g_inst_0_gigantic_mux does not have driver. [e:/final_prj/final_prj_pl/final_prj_pl.gen/sources_1/bd/RGMII/ip/RGMII_system_ila_0_1/bd_0/ip/ip_1/bd_7bb6_g_inst_0_gigantic_mux.v:2018]
WARNING: [Synth 8-3848] Net probe_out34 in module/entity bd_7bb6_g_inst_0_gigantic_mux does not have driver. [e:/final_prj/final_prj_pl/final_prj_pl.gen/sources_1/bd/RGMII/ip/RGMII_system_ila_0_1/bd_0/ip/ip_1/bd_7bb6_g_inst_0_gigantic_mux.v:2019]
WARNING: [Synth 8-3848] Net probe_out35 in module/entity bd_7bb6_g_inst_0_gigantic_mux does not have driver. [e:/final_prj/final_prj_pl/final_prj_pl.gen/sources_1/bd/RGMII/ip/RGMII_system_ila_0_1/bd_0/ip/ip_1/bd_7bb6_g_inst_0_gigantic_mux.v:2020]
WARNING: [Synth 8-3848] Net probe_out36 in module/entity bd_7bb6_g_inst_0_gigantic_mux does not have driver. [e:/final_prj/final_prj_pl/final_prj_pl.gen/sources_1/bd/RGMII/ip/RGMII_system_ila_0_1/bd_0/ip/ip_1/bd_7bb6_g_inst_0_gigantic_mux.v:2021]
WARNING: [Synth 8-3848] Net probe_out37 in module/entity bd_7bb6_g_inst_0_gigantic_mux does not have driver. [e:/final_prj/final_prj_pl/final_prj_pl.gen/sources_1/bd/RGMII/ip/RGMII_system_ila_0_1/bd_0/ip/ip_1/bd_7bb6_g_inst_0_gigantic_mux.v:2022]
WARNING: [Synth 8-3848] Net probe_out38 in module/entity bd_7bb6_g_inst_0_gigantic_mux does not have driver. [e:/final_prj/final_prj_pl/final_prj_pl.gen/sources_1/bd/RGMII/ip/RGMII_system_ila_0_1/bd_0/ip/ip_1/bd_7bb6_g_inst_0_gigantic_mux.v:2023]
WARNING: [Synth 8-3848] Net probe_out39 in module/entity bd_7bb6_g_inst_0_gigantic_mux does not have driver. [e:/final_prj/final_prj_pl/final_prj_pl.gen/sources_1/bd/RGMII/ip/RGMII_system_ila_0_1/bd_0/ip/ip_1/bd_7bb6_g_inst_0_gigantic_mux.v:2024]
WARNING: [Synth 8-3848] Net probe_out40 in module/entity bd_7bb6_g_inst_0_gigantic_mux does not have driver. [e:/final_prj/final_prj_pl/final_prj_pl.gen/sources_1/bd/RGMII/ip/RGMII_system_ila_0_1/bd_0/ip/ip_1/bd_7bb6_g_inst_0_gigantic_mux.v:2025]
WARNING: [Synth 8-3848] Net probe_out41 in module/entity bd_7bb6_g_inst_0_gigantic_mux does not have driver. [e:/final_prj/final_prj_pl/final_prj_pl.gen/sources_1/bd/RGMII/ip/RGMII_system_ila_0_1/bd_0/ip/ip_1/bd_7bb6_g_inst_0_gigantic_mux.v:2026]
WARNING: [Synth 8-3848] Net probe_out42 in module/entity bd_7bb6_g_inst_0_gigantic_mux does not have driver. [e:/final_prj/final_prj_pl/final_prj_pl.gen/sources_1/bd/RGMII/ip/RGMII_system_ila_0_1/bd_0/ip/ip_1/bd_7bb6_g_inst_0_gigantic_mux.v:2027]
WARNING: [Synth 8-3848] Net probe_out43 in module/entity bd_7bb6_g_inst_0_gigantic_mux does not have driver. [e:/final_prj/final_prj_pl/final_prj_pl.gen/sources_1/bd/RGMII/ip/RGMII_system_ila_0_1/bd_0/ip/ip_1/bd_7bb6_g_inst_0_gigantic_mux.v:2028]
WARNING: [Synth 8-3848] Net probe_out44 in module/entity bd_7bb6_g_inst_0_gigantic_mux does not have driver. [e:/final_prj/final_prj_pl/final_prj_pl.gen/sources_1/bd/RGMII/ip/RGMII_system_ila_0_1/bd_0/ip/ip_1/bd_7bb6_g_inst_0_gigantic_mux.v:2029]
WARNING: [Synth 8-3848] Net probe_out45 in module/entity bd_7bb6_g_inst_0_gigantic_mux does not have driver. [e:/final_prj/final_prj_pl/final_prj_pl.gen/sources_1/bd/RGMII/ip/RGMII_system_ila_0_1/bd_0/ip/ip_1/bd_7bb6_g_inst_0_gigantic_mux.v:2030]
WARNING: [Synth 8-3848] Net probe_out46 in module/entity bd_7bb6_g_inst_0_gigantic_mux does not have driver. [e:/final_prj/final_prj_pl/final_prj_pl.gen/sources_1/bd/RGMII/ip/RGMII_system_ila_0_1/bd_0/ip/ip_1/bd_7bb6_g_inst_0_gigantic_mux.v:2031]
WARNING: [Synth 8-3848] Net probe_out47 in module/entity bd_7bb6_g_inst_0_gigantic_mux does not have driver. [e:/final_prj/final_prj_pl/final_prj_pl.gen/sources_1/bd/RGMII/ip/RGMII_system_ila_0_1/bd_0/ip/ip_1/bd_7bb6_g_inst_0_gigantic_mux.v:2032]
WARNING: [Synth 8-3848] Net probe_out48 in module/entity bd_7bb6_g_inst_0_gigantic_mux does not have driver. [e:/final_prj/final_prj_pl/final_prj_pl.gen/sources_1/bd/RGMII/ip/RGMII_system_ila_0_1/bd_0/ip/ip_1/bd_7bb6_g_inst_0_gigantic_mux.v:2033]
WARNING: [Synth 8-3848] Net probe_out49 in module/entity bd_7bb6_g_inst_0_gigantic_mux does not have driver. [e:/final_prj/final_prj_pl/final_prj_pl.gen/sources_1/bd/RGMII/ip/RGMII_system_ila_0_1/bd_0/ip/ip_1/bd_7bb6_g_inst_0_gigantic_mux.v:2034]
WARNING: [Synth 8-3848] Net probe_out50 in module/entity bd_7bb6_g_inst_0_gigantic_mux does not have driver. [e:/final_prj/final_prj_pl/final_prj_pl.gen/sources_1/bd/RGMII/ip/RGMII_system_ila_0_1/bd_0/ip/ip_1/bd_7bb6_g_inst_0_gigantic_mux.v:2035]
WARNING: [Synth 8-3848] Net probe_out51 in module/entity bd_7bb6_g_inst_0_gigantic_mux does not have driver. [e:/final_prj/final_prj_pl/final_prj_pl.gen/sources_1/bd/RGMII/ip/RGMII_system_ila_0_1/bd_0/ip/ip_1/bd_7bb6_g_inst_0_gigantic_mux.v:2036]
WARNING: [Synth 8-3848] Net probe_out52 in module/entity bd_7bb6_g_inst_0_gigantic_mux does not have driver. [e:/final_prj/final_prj_pl/final_prj_pl.gen/sources_1/bd/RGMII/ip/RGMII_system_ila_0_1/bd_0/ip/ip_1/bd_7bb6_g_inst_0_gigantic_mux.v:2037]
WARNING: [Synth 8-3848] Net probe_out53 in module/entity bd_7bb6_g_inst_0_gigantic_mux does not have driver. [e:/final_prj/final_prj_pl/final_prj_pl.gen/sources_1/bd/RGMII/ip/RGMII_system_ila_0_1/bd_0/ip/ip_1/bd_7bb6_g_inst_0_gigantic_mux.v:2038]
WARNING: [Synth 8-3848] Net probe_out54 in module/entity bd_7bb6_g_inst_0_gigantic_mux does not have driver. [e:/final_prj/final_prj_pl/final_prj_pl.gen/sources_1/bd/RGMII/ip/RGMII_system_ila_0_1/bd_0/ip/ip_1/bd_7bb6_g_inst_0_gigantic_mux.v:2039]
WARNING: [Synth 8-3848] Net probe_out55 in module/entity bd_7bb6_g_inst_0_gigantic_mux does not have driver. [e:/final_prj/final_prj_pl/final_prj_pl.gen/sources_1/bd/RGMII/ip/RGMII_system_ila_0_1/bd_0/ip/ip_1/bd_7bb6_g_inst_0_gigantic_mux.v:2040]
WARNING: [Synth 8-3848] Net probe_out56 in module/entity bd_7bb6_g_inst_0_gigantic_mux does not have driver. [e:/final_prj/final_prj_pl/final_prj_pl.gen/sources_1/bd/RGMII/ip/RGMII_system_ila_0_1/bd_0/ip/ip_1/bd_7bb6_g_inst_0_gigantic_mux.v:2041]
WARNING: [Synth 8-3848] Net probe_out57 in module/entity bd_7bb6_g_inst_0_gigantic_mux does not have driver. [e:/final_prj/final_prj_pl/final_prj_pl.gen/sources_1/bd/RGMII/ip/RGMII_system_ila_0_1/bd_0/ip/ip_1/bd_7bb6_g_inst_0_gigantic_mux.v:2042]
WARNING: [Synth 8-3848] Net probe_out58 in module/entity bd_7bb6_g_inst_0_gigantic_mux does not have driver. [e:/final_prj/final_prj_pl/final_prj_pl.gen/sources_1/bd/RGMII/ip/RGMII_system_ila_0_1/bd_0/ip/ip_1/bd_7bb6_g_inst_0_gigantic_mux.v:2043]
WARNING: [Synth 8-3848] Net probe_out59 in module/entity bd_7bb6_g_inst_0_gigantic_mux does not have driver. [e:/final_prj/final_prj_pl/final_prj_pl.gen/sources_1/bd/RGMII/ip/RGMII_system_ila_0_1/bd_0/ip/ip_1/bd_7bb6_g_inst_0_gigantic_mux.v:2044]
WARNING: [Synth 8-3848] Net probe_out60 in module/entity bd_7bb6_g_inst_0_gigantic_mux does not have driver. [e:/final_prj/final_prj_pl/final_prj_pl.gen/sources_1/bd/RGMII/ip/RGMII_system_ila_0_1/bd_0/ip/ip_1/bd_7bb6_g_inst_0_gigantic_mux.v:2045]
WARNING: [Synth 8-3848] Net probe_out61 in module/entity bd_7bb6_g_inst_0_gigantic_mux does not have driver. [e:/final_prj/final_prj_pl/final_prj_pl.gen/sources_1/bd/RGMII/ip/RGMII_system_ila_0_1/bd_0/ip/ip_1/bd_7bb6_g_inst_0_gigantic_mux.v:2046]
WARNING: [Synth 8-3848] Net probe_out62 in module/entity bd_7bb6_g_inst_0_gigantic_mux does not have driver. [e:/final_prj/final_prj_pl/final_prj_pl.gen/sources_1/bd/RGMII/ip/RGMII_system_ila_0_1/bd_0/ip/ip_1/bd_7bb6_g_inst_0_gigantic_mux.v:2047]
WARNING: [Synth 8-3848] Net probe_out63 in module/entity bd_7bb6_g_inst_0_gigantic_mux does not have driver. [e:/final_prj/final_prj_pl/final_prj_pl.gen/sources_1/bd/RGMII/ip/RGMII_system_ila_0_1/bd_0/ip/ip_1/bd_7bb6_g_inst_0_gigantic_mux.v:2048]
WARNING: [Synth 8-3848] Net probe_out64 in module/entity bd_7bb6_g_inst_0_gigantic_mux does not have driver. [e:/final_prj/final_prj_pl/final_prj_pl.gen/sources_1/bd/RGMII/ip/RGMII_system_ila_0_1/bd_0/ip/ip_1/bd_7bb6_g_inst_0_gigantic_mux.v:2049]
WARNING: [Synth 8-3848] Net probe_out65 in module/entity bd_7bb6_g_inst_0_gigantic_mux does not have driver. [e:/final_prj/final_prj_pl/final_prj_pl.gen/sources_1/bd/RGMII/ip/RGMII_system_ila_0_1/bd_0/ip/ip_1/bd_7bb6_g_inst_0_gigantic_mux.v:2050]
WARNING: [Synth 8-3848] Net probe_out66 in module/entity bd_7bb6_g_inst_0_gigantic_mux does not have driver. [e:/final_prj/final_prj_pl/final_prj_pl.gen/sources_1/bd/RGMII/ip/RGMII_system_ila_0_1/bd_0/ip/ip_1/bd_7bb6_g_inst_0_gigantic_mux.v:2051]
WARNING: [Synth 8-3848] Net probe_out67 in module/entity bd_7bb6_g_inst_0_gigantic_mux does not have driver. [e:/final_prj/final_prj_pl/final_prj_pl.gen/sources_1/bd/RGMII/ip/RGMII_system_ila_0_1/bd_0/ip/ip_1/bd_7bb6_g_inst_0_gigantic_mux.v:2052]
WARNING: [Synth 8-3848] Net probe_out68 in module/entity bd_7bb6_g_inst_0_gigantic_mux does not have driver. [e:/final_prj/final_prj_pl/final_prj_pl.gen/sources_1/bd/RGMII/ip/RGMII_system_ila_0_1/bd_0/ip/ip_1/bd_7bb6_g_inst_0_gigantic_mux.v:2053]
WARNING: [Synth 8-3848] Net probe_out69 in module/entity bd_7bb6_g_inst_0_gigantic_mux does not have driver. [e:/final_prj/final_prj_pl/final_prj_pl.gen/sources_1/bd/RGMII/ip/RGMII_system_ila_0_1/bd_0/ip/ip_1/bd_7bb6_g_inst_0_gigantic_mux.v:2054]
WARNING: [Synth 8-3848] Net probe_out70 in module/entity bd_7bb6_g_inst_0_gigantic_mux does not have driver. [e:/final_prj/final_prj_pl/final_prj_pl.gen/sources_1/bd/RGMII/ip/RGMII_system_ila_0_1/bd_0/ip/ip_1/bd_7bb6_g_inst_0_gigantic_mux.v:2055]
WARNING: [Synth 8-3848] Net probe_out71 in module/entity bd_7bb6_g_inst_0_gigantic_mux does not have driver. [e:/final_prj/final_prj_pl/final_prj_pl.gen/sources_1/bd/RGMII/ip/RGMII_system_ila_0_1/bd_0/ip/ip_1/bd_7bb6_g_inst_0_gigantic_mux.v:2056]
WARNING: [Synth 8-3848] Net probe_out72 in module/entity bd_7bb6_g_inst_0_gigantic_mux does not have driver. [e:/final_prj/final_prj_pl/final_prj_pl.gen/sources_1/bd/RGMII/ip/RGMII_system_ila_0_1/bd_0/ip/ip_1/bd_7bb6_g_inst_0_gigantic_mux.v:2057]
WARNING: [Synth 8-3848] Net probe_out73 in module/entity bd_7bb6_g_inst_0_gigantic_mux does not have driver. [e:/final_prj/final_prj_pl/final_prj_pl.gen/sources_1/bd/RGMII/ip/RGMII_system_ila_0_1/bd_0/ip/ip_1/bd_7bb6_g_inst_0_gigantic_mux.v:2058]
WARNING: [Synth 8-3848] Net probe_out74 in module/entity bd_7bb6_g_inst_0_gigantic_mux does not have driver. [e:/final_prj/final_prj_pl/final_prj_pl.gen/sources_1/bd/RGMII/ip/RGMII_system_ila_0_1/bd_0/ip/ip_1/bd_7bb6_g_inst_0_gigantic_mux.v:2059]
WARNING: [Synth 8-3848] Net probe_out75 in module/entity bd_7bb6_g_inst_0_gigantic_mux does not have driver. [e:/final_prj/final_prj_pl/final_prj_pl.gen/sources_1/bd/RGMII/ip/RGMII_system_ila_0_1/bd_0/ip/ip_1/bd_7bb6_g_inst_0_gigantic_mux.v:2060]
WARNING: [Synth 8-3848] Net probe_out76 in module/entity bd_7bb6_g_inst_0_gigantic_mux does not have driver. [e:/final_prj/final_prj_pl/final_prj_pl.gen/sources_1/bd/RGMII/ip/RGMII_system_ila_0_1/bd_0/ip/ip_1/bd_7bb6_g_inst_0_gigantic_mux.v:2061]
WARNING: [Synth 8-3848] Net probe_out77 in module/entity bd_7bb6_g_inst_0_gigantic_mux does not have driver. [e:/final_prj/final_prj_pl/final_prj_pl.gen/sources_1/bd/RGMII/ip/RGMII_system_ila_0_1/bd_0/ip/ip_1/bd_7bb6_g_inst_0_gigantic_mux.v:2062]
WARNING: [Synth 8-3848] Net probe_out78 in module/entity bd_7bb6_g_inst_0_gigantic_mux does not have driver. [e:/final_prj/final_prj_pl/final_prj_pl.gen/sources_1/bd/RGMII/ip/RGMII_system_ila_0_1/bd_0/ip/ip_1/bd_7bb6_g_inst_0_gigantic_mux.v:2063]
WARNING: [Synth 8-3848] Net probe_out79 in module/entity bd_7bb6_g_inst_0_gigantic_mux does not have driver. [e:/final_prj/final_prj_pl/final_prj_pl.gen/sources_1/bd/RGMII/ip/RGMII_system_ila_0_1/bd_0/ip/ip_1/bd_7bb6_g_inst_0_gigantic_mux.v:2064]
WARNING: [Synth 8-3848] Net probe_out80 in module/entity bd_7bb6_g_inst_0_gigantic_mux does not have driver. [e:/final_prj/final_prj_pl/final_prj_pl.gen/sources_1/bd/RGMII/ip/RGMII_system_ila_0_1/bd_0/ip/ip_1/bd_7bb6_g_inst_0_gigantic_mux.v:2065]
WARNING: [Synth 8-3848] Net probe_out81 in module/entity bd_7bb6_g_inst_0_gigantic_mux does not have driver. [e:/final_prj/final_prj_pl/final_prj_pl.gen/sources_1/bd/RGMII/ip/RGMII_system_ila_0_1/bd_0/ip/ip_1/bd_7bb6_g_inst_0_gigantic_mux.v:2066]
WARNING: [Synth 8-3848] Net probe_out82 in module/entity bd_7bb6_g_inst_0_gigantic_mux does not have driver. [e:/final_prj/final_prj_pl/final_prj_pl.gen/sources_1/bd/RGMII/ip/RGMII_system_ila_0_1/bd_0/ip/ip_1/bd_7bb6_g_inst_0_gigantic_mux.v:2067]
WARNING: [Synth 8-3848] Net probe_out83 in module/entity bd_7bb6_g_inst_0_gigantic_mux does not have driver. [e:/final_prj/final_prj_pl/final_prj_pl.gen/sources_1/bd/RGMII/ip/RGMII_system_ila_0_1/bd_0/ip/ip_1/bd_7bb6_g_inst_0_gigantic_mux.v:2068]
WARNING: [Synth 8-3848] Net probe_out84 in module/entity bd_7bb6_g_inst_0_gigantic_mux does not have driver. [e:/final_prj/final_prj_pl/final_prj_pl.gen/sources_1/bd/RGMII/ip/RGMII_system_ila_0_1/bd_0/ip/ip_1/bd_7bb6_g_inst_0_gigantic_mux.v:2069]
WARNING: [Synth 8-3848] Net probe_out85 in module/entity bd_7bb6_g_inst_0_gigantic_mux does not have driver. [e:/final_prj/final_prj_pl/final_prj_pl.gen/sources_1/bd/RGMII/ip/RGMII_system_ila_0_1/bd_0/ip/ip_1/bd_7bb6_g_inst_0_gigantic_mux.v:2070]
WARNING: [Synth 8-3848] Net probe_out86 in module/entity bd_7bb6_g_inst_0_gigantic_mux does not have driver. [e:/final_prj/final_prj_pl/final_prj_pl.gen/sources_1/bd/RGMII/ip/RGMII_system_ila_0_1/bd_0/ip/ip_1/bd_7bb6_g_inst_0_gigantic_mux.v:2071]
WARNING: [Synth 8-3848] Net probe_out87 in module/entity bd_7bb6_g_inst_0_gigantic_mux does not have driver. [e:/final_prj/final_prj_pl/final_prj_pl.gen/sources_1/bd/RGMII/ip/RGMII_system_ila_0_1/bd_0/ip/ip_1/bd_7bb6_g_inst_0_gigantic_mux.v:2072]
WARNING: [Synth 8-3848] Net probe_out88 in module/entity bd_7bb6_g_inst_0_gigantic_mux does not have driver. [e:/final_prj/final_prj_pl/final_prj_pl.gen/sources_1/bd/RGMII/ip/RGMII_system_ila_0_1/bd_0/ip/ip_1/bd_7bb6_g_inst_0_gigantic_mux.v:2073]
WARNING: [Synth 8-3848] Net probe_out89 in module/entity bd_7bb6_g_inst_0_gigantic_mux does not have driver. [e:/final_prj/final_prj_pl/final_prj_pl.gen/sources_1/bd/RGMII/ip/RGMII_system_ila_0_1/bd_0/ip/ip_1/bd_7bb6_g_inst_0_gigantic_mux.v:2074]
WARNING: [Synth 8-3848] Net probe_out90 in module/entity bd_7bb6_g_inst_0_gigantic_mux does not have driver. [e:/final_prj/final_prj_pl/final_prj_pl.gen/sources_1/bd/RGMII/ip/RGMII_system_ila_0_1/bd_0/ip/ip_1/bd_7bb6_g_inst_0_gigantic_mux.v:2075]
WARNING: [Synth 8-3848] Net probe_out91 in module/entity bd_7bb6_g_inst_0_gigantic_mux does not have driver. [e:/final_prj/final_prj_pl/final_prj_pl.gen/sources_1/bd/RGMII/ip/RGMII_system_ila_0_1/bd_0/ip/ip_1/bd_7bb6_g_inst_0_gigantic_mux.v:2076]
WARNING: [Synth 8-3848] Net probe_out92 in module/entity bd_7bb6_g_inst_0_gigantic_mux does not have driver. [e:/final_prj/final_prj_pl/final_prj_pl.gen/sources_1/bd/RGMII/ip/RGMII_system_ila_0_1/bd_0/ip/ip_1/bd_7bb6_g_inst_0_gigantic_mux.v:2077]
WARNING: [Synth 8-3848] Net probe_out93 in module/entity bd_7bb6_g_inst_0_gigantic_mux does not have driver. [e:/final_prj/final_prj_pl/final_prj_pl.gen/sources_1/bd/RGMII/ip/RGMII_system_ila_0_1/bd_0/ip/ip_1/bd_7bb6_g_inst_0_gigantic_mux.v:2078]
WARNING: [Synth 8-3848] Net probe_out94 in module/entity bd_7bb6_g_inst_0_gigantic_mux does not have driver. [e:/final_prj/final_prj_pl/final_prj_pl.gen/sources_1/bd/RGMII/ip/RGMII_system_ila_0_1/bd_0/ip/ip_1/bd_7bb6_g_inst_0_gigantic_mux.v:2079]
WARNING: [Synth 8-3848] Net probe_out95 in module/entity bd_7bb6_g_inst_0_gigantic_mux does not have driver. [e:/final_prj/final_prj_pl/final_prj_pl.gen/sources_1/bd/RGMII/ip/RGMII_system_ila_0_1/bd_0/ip/ip_1/bd_7bb6_g_inst_0_gigantic_mux.v:2080]
WARNING: [Synth 8-3848] Net probe_out96 in module/entity bd_7bb6_g_inst_0_gigantic_mux does not have driver. [e:/final_prj/final_prj_pl/final_prj_pl.gen/sources_1/bd/RGMII/ip/RGMII_system_ila_0_1/bd_0/ip/ip_1/bd_7bb6_g_inst_0_gigantic_mux.v:2081]
WARNING: [Synth 8-3848] Net probe_out97 in module/entity bd_7bb6_g_inst_0_gigantic_mux does not have driver. [e:/final_prj/final_prj_pl/final_prj_pl.gen/sources_1/bd/RGMII/ip/RGMII_system_ila_0_1/bd_0/ip/ip_1/bd_7bb6_g_inst_0_gigantic_mux.v:2082]
WARNING: [Synth 8-3848] Net probe_out98 in module/entity bd_7bb6_g_inst_0_gigantic_mux does not have driver. [e:/final_prj/final_prj_pl/final_prj_pl.gen/sources_1/bd/RGMII/ip/RGMII_system_ila_0_1/bd_0/ip/ip_1/bd_7bb6_g_inst_0_gigantic_mux.v:2083]
WARNING: [Synth 8-3848] Net probe_out99 in module/entity bd_7bb6_g_inst_0_gigantic_mux does not have driver. [e:/final_prj/final_prj_pl/final_prj_pl.gen/sources_1/bd/RGMII/ip/RGMII_system_ila_0_1/bd_0/ip/ip_1/bd_7bb6_g_inst_0_gigantic_mux.v:2084]
INFO: [Common 17-14] Message 'Synth 8-3848' appears 100 times and further instances of the messages will be disabled. Use the Tcl command set_msg_config to change the current settings.
INFO: [Synth 8-6071] Mark debug on the nets applies keep_hierarchy on instance 'g_inst'. This will prevent further optimization [e:/final_prj/final_prj_pl/final_prj_pl.gen/sources_1/bd/RGMII/ip/RGMII_system_ila_0_1/bd_0/synth/bd_7bb6.v:36]
INFO: [Synth 8-6071] Mark debug on the nets applies keep_hierarchy on instance 'ila_lib'. This will prevent further optimization [e:/final_prj/final_prj_pl/final_prj_pl.gen/sources_1/bd/RGMII/ip/RGMII_system_ila_0_1/bd_0/synth/bd_7bb6.v:47]
WARNING: [Synth 8-7129] Port SEL_I[0] in module ltlib_v1_0_2_generic_mux is either unconnected or has no load
WARNING: [Synth 8-7129] Port CLKB in module blk_mem_gen_v8_4_10_blk_mem_output_block is either unconnected or has no load
WARNING: [Synth 8-7129] Port DOUTA_I[11] in module blk_mem_gen_v8_4_10_blk_mem_output_block is either unconnected or has no load
WARNING: [Synth 8-7129] Port DOUTA_I[10] in module blk_mem_gen_v8_4_10_blk_mem_output_block is either unconnected or has no load
WARNING: [Synth 8-7129] Port DOUTA_I[9] in module blk_mem_gen_v8_4_10_blk_mem_output_block is either unconnected or has no load
WARNING: [Synth 8-7129] Port DOUTA_I[8] in module blk_mem_gen_v8_4_10_blk_mem_output_block is either unconnected or has no load
WARNING: [Synth 8-7129] Port DOUTA_I[7] in module blk_mem_gen_v8_4_10_blk_mem_output_block is either unconnected or has no load
WARNING: [Synth 8-7129] Port DOUTA_I[6] in module blk_mem_gen_v8_4_10_blk_mem_output_block is either unconnected or has no load
WARNING: [Synth 8-7129] Port DOUTA_I[5] in module blk_mem_gen_v8_4_10_blk_mem_output_block is either unconnected or has no load
WARNING: [Synth 8-7129] Port DOUTA_I[4] in module blk_mem_gen_v8_4_10_blk_mem_output_block is either unconnected or has no load
WARNING: [Synth 8-7129] Port DOUTA_I[3] in module blk_mem_gen_v8_4_10_blk_mem_output_block is either unconnected or has no load
WARNING: [Synth 8-7129] Port DOUTA_I[2] in module blk_mem_gen_v8_4_10_blk_mem_output_block is either unconnected or has no load
WARNING: [Synth 8-7129] Port DOUTA_I[1] in module blk_mem_gen_v8_4_10_blk_mem_output_block is either unconnected or has no load
WARNING: [Synth 8-7129] Port DOUTA_I[0] in module blk_mem_gen_v8_4_10_blk_mem_output_block is either unconnected or has no load
WARNING: [Synth 8-7129] Port SBITERR_I in module blk_mem_gen_v8_4_10_blk_mem_output_block is either unconnected or has no load
WARNING: [Synth 8-7129] Port DBITERR_I in module blk_mem_gen_v8_4_10_blk_mem_output_block is either unconnected or has no load
WARNING: [Synth 8-7129] Port RDADDRECC_I[9] in module blk_mem_gen_v8_4_10_blk_mem_output_block is either unconnected or has no load
WARNING: [Synth 8-7129] Port RDADDRECC_I[8] in module blk_mem_gen_v8_4_10_blk_mem_output_block is either unconnected or has no load
WARNING: [Synth 8-7129] Port RDADDRECC_I[7] in module blk_mem_gen_v8_4_10_blk_mem_output_block is either unconnected or has no load
WARNING: [Synth 8-7129] Port RDADDRECC_I[6] in module blk_mem_gen_v8_4_10_blk_mem_output_block is either unconnected or has no load
WARNING: [Synth 8-7129] Port RDADDRECC_I[5] in module blk_mem_gen_v8_4_10_blk_mem_output_block is either unconnected or has no load
WARNING: [Synth 8-7129] Port RDADDRECC_I[4] in module blk_mem_gen_v8_4_10_blk_mem_output_block is either unconnected or has no load
WARNING: [Synth 8-7129] Port RDADDRECC_I[3] in module blk_mem_gen_v8_4_10_blk_mem_output_block is either unconnected or has no load
WARNING: [Synth 8-7129] Port RDADDRECC_I[2] in module blk_mem_gen_v8_4_10_blk_mem_output_block is either unconnected or has no load
WARNING: [Synth 8-7129] Port RDADDRECC_I[1] in module blk_mem_gen_v8_4_10_blk_mem_output_block is either unconnected or has no load
WARNING: [Synth 8-7129] Port RDADDRECC_I[0] in module blk_mem_gen_v8_4_10_blk_mem_output_block is either unconnected or has no load
WARNING: [Synth 8-7129] Port DOUTA[17] in module blk_mem_gen_v8_4_10_blk_mem_gen_prim_wrapper is either unconnected or has no load
WARNING: [Synth 8-7129] Port DOUTA[16] in module blk_mem_gen_v8_4_10_blk_mem_gen_prim_wrapper is either unconnected or has no load
WARNING: [Synth 8-7129] Port DOUTA[15] in module blk_mem_gen_v8_4_10_blk_mem_gen_prim_wrapper is either unconnected or has no load
WARNING: [Synth 8-7129] Port DOUTA[14] in module blk_mem_gen_v8_4_10_blk_mem_gen_prim_wrapper is either unconnected or has no load
WARNING: [Synth 8-7129] Port DOUTA[13] in module blk_mem_gen_v8_4_10_blk_mem_gen_prim_wrapper is either unconnected or has no load
WARNING: [Synth 8-7129] Port DOUTA[12] in module blk_mem_gen_v8_4_10_blk_mem_gen_prim_wrapper is either unconnected or has no load
WARNING: [Synth 8-7129] Port DOUTA[11] in module blk_mem_gen_v8_4_10_blk_mem_gen_prim_wrapper is either unconnected or has no load
WARNING: [Synth 8-7129] Port DOUTA[10] in module blk_mem_gen_v8_4_10_blk_mem_gen_prim_wrapper is either unconnected or has no load
WARNING: [Synth 8-7129] Port DOUTA[9] in module blk_mem_gen_v8_4_10_blk_mem_gen_prim_wrapper is either unconnected or has no load
WARNING: [Synth 8-7129] Port DOUTA[8] in module blk_mem_gen_v8_4_10_blk_mem_gen_prim_wrapper is either unconnected or has no load
WARNING: [Synth 8-7129] Port DOUTA[7] in module blk_mem_gen_v8_4_10_blk_mem_gen_prim_wrapper is either unconnected or has no load
WARNING: [Synth 8-7129] Port DOUTA[6] in module blk_mem_gen_v8_4_10_blk_mem_gen_prim_wrapper is either unconnected or has no load
WARNING: [Synth 8-7129] Port DOUTA[5] in module blk_mem_gen_v8_4_10_blk_mem_gen_prim_wrapper is either unconnected or has no load
WARNING: [Synth 8-7129] Port DOUTA[4] in module blk_mem_gen_v8_4_10_blk_mem_gen_prim_wrapper is either unconnected or has no load
WARNING: [Synth 8-7129] Port DOUTA[3] in module blk_mem_gen_v8_4_10_blk_mem_gen_prim_wrapper is either unconnected or has no load
WARNING: [Synth 8-7129] Port DOUTA[2] in module blk_mem_gen_v8_4_10_blk_mem_gen_prim_wrapper is either unconnected or has no load
WARNING: [Synth 8-7129] Port DOUTA[1] in module blk_mem_gen_v8_4_10_blk_mem_gen_prim_wrapper is either unconnected or has no load
WARNING: [Synth 8-7129] Port DOUTA[0] in module blk_mem_gen_v8_4_10_blk_mem_gen_prim_wrapper is either unconnected or has no load
WARNING: [Synth 8-7129] Port SBITERR in module blk_mem_gen_v8_4_10_blk_mem_gen_prim_wrapper is either unconnected or has no load
WARNING: [Synth 8-7129] Port DBITERR in module blk_mem_gen_v8_4_10_blk_mem_gen_prim_wrapper is either unconnected or has no load
WARNING: [Synth 8-7129] Port SSRA in module blk_mem_gen_v8_4_10_blk_mem_gen_prim_wrapper is either unconnected or has no load
WARNING: [Synth 8-7129] Port REGCEA in module blk_mem_gen_v8_4_10_blk_mem_gen_prim_wrapper is either unconnected or has no load
WARNING: [Synth 8-7129] Port SSRB in module blk_mem_gen_v8_4_10_blk_mem_gen_prim_wrapper is either unconnected or has no load
WARNING: [Synth 8-7129] Port WEB[0] in module blk_mem_gen_v8_4_10_blk_mem_gen_prim_wrapper is either unconnected or has no load
WARNING: [Synth 8-7129] Port DINB[17] in module blk_mem_gen_v8_4_10_blk_mem_gen_prim_wrapper is either unconnected or has no load
WARNING: [Synth 8-7129] Port DINB[16] in module blk_mem_gen_v8_4_10_blk_mem_gen_prim_wrapper is either unconnected or has no load
WARNING: [Synth 8-7129] Port DINB[15] in module blk_mem_gen_v8_4_10_blk_mem_gen_prim_wrapper is either unconnected or has no load
WARNING: [Synth 8-7129] Port DINB[14] in module blk_mem_gen_v8_4_10_blk_mem_gen_prim_wrapper is either unconnected or has no load
WARNING: [Synth 8-7129] Port DINB[13] in module blk_mem_gen_v8_4_10_blk_mem_gen_prim_wrapper is either unconnected or has no load
WARNING: [Synth 8-7129] Port DINB[12] in module blk_mem_gen_v8_4_10_blk_mem_gen_prim_wrapper is either unconnected or has no load
WARNING: [Synth 8-7129] Port DINB[11] in module blk_mem_gen_v8_4_10_blk_mem_gen_prim_wrapper is either unconnected or has no load
WARNING: [Synth 8-7129] Port DINB[10] in module blk_mem_gen_v8_4_10_blk_mem_gen_prim_wrapper is either unconnected or has no load
WARNING: [Synth 8-7129] Port DINB[9] in module blk_mem_gen_v8_4_10_blk_mem_gen_prim_wrapper is either unconnected or has no load
WARNING: [Synth 8-7129] Port DINB[8] in module blk_mem_gen_v8_4_10_blk_mem_gen_prim_wrapper is either unconnected or has no load
WARNING: [Synth 8-7129] Port DINB[7] in module blk_mem_gen_v8_4_10_blk_mem_gen_prim_wrapper is either unconnected or has no load
WARNING: [Synth 8-7129] Port DINB[6] in module blk_mem_gen_v8_4_10_blk_mem_gen_prim_wrapper is either unconnected or has no load
WARNING: [Synth 8-7129] Port DINB[5] in module blk_mem_gen_v8_4_10_blk_mem_gen_prim_wrapper is either unconnected or has no load
WARNING: [Synth 8-7129] Port DINB[4] in module blk_mem_gen_v8_4_10_blk_mem_gen_prim_wrapper is either unconnected or has no load
WARNING: [Synth 8-7129] Port DINB[3] in module blk_mem_gen_v8_4_10_blk_mem_gen_prim_wrapper is either unconnected or has no load
WARNING: [Synth 8-7129] Port DINB[2] in module blk_mem_gen_v8_4_10_blk_mem_gen_prim_wrapper is either unconnected or has no load
WARNING: [Synth 8-7129] Port DINB[1] in module blk_mem_gen_v8_4_10_blk_mem_gen_prim_wrapper is either unconnected or has no load
WARNING: [Synth 8-7129] Port DINB[0] in module blk_mem_gen_v8_4_10_blk_mem_gen_prim_wrapper is either unconnected or has no load
WARNING: [Synth 8-7129] Port INJECTSBITERR in module blk_mem_gen_v8_4_10_blk_mem_gen_prim_wrapper is either unconnected or has no load
WARNING: [Synth 8-7129] Port INJECTDBITERR in module blk_mem_gen_v8_4_10_blk_mem_gen_prim_wrapper is either unconnected or has no load
WARNING: [Synth 8-7129] Port ECCPIPECE in module blk_mem_gen_v8_4_10_blk_mem_gen_prim_wrapper is either unconnected or has no load
WARNING: [Synth 8-7129] Port RSTA[0] in module blk_mem_gen_v8_4_10_blk_mem_gen_generic_cstr is either unconnected or has no load
WARNING: [Synth 8-7129] Port WEA[1] in module blk_mem_gen_v8_4_10_blk_mem_gen_generic_cstr is either unconnected or has no load
WARNING: [Synth 8-7129] Port RSTB[0] in module blk_mem_gen_v8_4_10_blk_mem_gen_generic_cstr is either unconnected or has no load
WARNING: [Synth 8-7129] Port WEB[1] in module blk_mem_gen_v8_4_10_blk_mem_gen_generic_cstr is either unconnected or has no load
WARNING: [Synth 8-7129] Port INJECTSBITERR in module blk_mem_gen_v8_4_10_blk_mem_gen_generic_cstr is either unconnected or has no load
WARNING: [Synth 8-7129] Port INJECTDBITERR in module blk_mem_gen_v8_4_10_blk_mem_gen_generic_cstr is either unconnected or has no load
WARNING: [Synth 8-7129] Port RSTA in module blk_mem_gen_v8_4_10_blk_mem_input_block is either unconnected or has no load
WARNING: [Synth 8-7129] Port ENA in module blk_mem_gen_v8_4_10_blk_mem_input_block is either unconnected or has no load
WARNING: [Synth 8-7129] Port REGCEA in module blk_mem_gen_v8_4_10_blk_mem_input_block is either unconnected or has no load
WARNING: [Synth 8-7129] Port RSTB in module blk_mem_gen_v8_4_10_blk_mem_input_block is either unconnected or has no load
WARNING: [Synth 8-7129] Port REGCEB in module blk_mem_gen_v8_4_10_blk_mem_input_block is either unconnected or has no load
WARNING: [Synth 8-7129] Port WEB[0] in module blk_mem_gen_v8_4_10_blk_mem_input_block is either unconnected or has no load
WARNING: [Synth 8-7129] Port DINB[11] in module blk_mem_gen_v8_4_10_blk_mem_input_block is either unconnected or has no load
WARNING: [Synth 8-7129] Port DINB[10] in module blk_mem_gen_v8_4_10_blk_mem_input_block is either unconnected or has no load
WARNING: [Synth 8-7129] Port DINB[9] in module blk_mem_gen_v8_4_10_blk_mem_input_block is either unconnected or has no load
WARNING: [Synth 8-7129] Port DINB[8] in module blk_mem_gen_v8_4_10_blk_mem_input_block is either unconnected or has no load
WARNING: [Synth 8-7129] Port DINB[7] in module blk_mem_gen_v8_4_10_blk_mem_input_block is either unconnected or has no load
WARNING: [Synth 8-7129] Port DINB[6] in module blk_mem_gen_v8_4_10_blk_mem_input_block is either unconnected or has no load
WARNING: [Synth 8-7129] Port DINB[5] in module blk_mem_gen_v8_4_10_blk_mem_input_block is either unconnected or has no load
WARNING: [Synth 8-7129] Port DINB[4] in module blk_mem_gen_v8_4_10_blk_mem_input_block is either unconnected or has no load
WARNING: [Synth 8-7129] Port DINB[3] in module blk_mem_gen_v8_4_10_blk_mem_input_block is either unconnected or has no load
WARNING: [Synth 8-7129] Port DINB[2] in module blk_mem_gen_v8_4_10_blk_mem_input_block is either unconnected or has no load
WARNING: [Synth 8-7129] Port DINB[1] in module blk_mem_gen_v8_4_10_blk_mem_input_block is either unconnected or has no load
WARNING: [Synth 8-7129] Port DINB[0] in module blk_mem_gen_v8_4_10_blk_mem_input_block is either unconnected or has no load
WARNING: [Synth 8-7129] Port INJECTDBITERR in module blk_mem_gen_v8_4_10_blk_mem_input_block is either unconnected or has no load
WARNING: [Synth 8-7129] Port INJECTSBITERR in module blk_mem_gen_v8_4_10_blk_mem_input_block is either unconnected or has no load
WARNING: [Synth 8-7129] Port S_AClk in module blk_mem_gen_v8_4_10_synth is either unconnected or has no load
WARNING: [Synth 8-7129] Port S_ARESETN in module blk_mem_gen_v8_4_10_synth is either unconnected or has no load
WARNING: [Synth 8-7129] Port S_AXI_AWID[3] in module blk_mem_gen_v8_4_10_synth is either unconnected or has no load
INFO: [Common 17-14] Message 'Synth 8-7129' appears 100 times and further instances of the messages will be disabled. Use the Tcl command set_msg_config to change the current settings.
---------------------------------------------------------------------------------
Finished RTL Elaboration : Time (s): cpu = 00:00:23 ; elapsed = 00:00:25 . Memory (MB): peak = 2470.762 ; gain = 731.586
---------------------------------------------------------------------------------
---------------------------------------------------------------------------------
Start Handling Custom Attributes
---------------------------------------------------------------------------------
---------------------------------------------------------------------------------
Finished Handling Custom Attributes : Time (s): cpu = 00:00:23 ; elapsed = 00:00:25 . Memory (MB): peak = 2470.762 ; gain = 731.586
---------------------------------------------------------------------------------
---------------------------------------------------------------------------------
Finished RTL Optimization Phase 1 : Time (s): cpu = 00:00:23 ; elapsed = 00:00:25 . Memory (MB): peak = 2470.762 ; gain = 731.586
---------------------------------------------------------------------------------
Netlist sorting complete. Time (s): cpu = 00:00:00 ; elapsed = 00:00:00.058 . Memory (MB): peak = 2470.762 ; gain = 0.000
INFO: [Netlist 29-17] Analyzing 71 Unisim elements for replacement
INFO: [Netlist 29-28] Unisim Transformation completed in 0 CPU seconds
INFO: [Project 1-570] Preparing netlist for logic optimization

Processing XDC Constraints
Initializing timing engine
Parsing XDC File [e:/final_prj/final_prj_pl/final_prj_pl.gen/sources_1/bd/RGMII/ip/RGMII_system_ila_0_1/RGMII_system_ila_0_1_ooc.xdc] for cell 'inst'
Finished Parsing XDC File [e:/final_prj/final_prj_pl/final_prj_pl.gen/sources_1/bd/RGMII/ip/RGMII_system_ila_0_1/RGMII_system_ila_0_1_ooc.xdc] for cell 'inst'
Parsing XDC File [e:/final_prj/final_prj_pl/final_prj_pl.gen/sources_1/bd/RGMII/ip/RGMII_system_ila_0_1/bd_0/ip/ip_0/ila_v6_2/constraints/ila.xdc] for cell 'inst/ila_lib/inst'
Finished Parsing XDC File [e:/final_prj/final_prj_pl/final_prj_pl.gen/sources_1/bd/RGMII/ip/RGMII_system_ila_0_1/bd_0/ip/ip_0/ila_v6_2/constraints/ila.xdc] for cell 'inst/ila_lib/inst'
INFO: [Project 1-236] Implementation specific constraints were found while reading constraint file [e:/final_prj/final_prj_pl/final_prj_pl.gen/sources_1/bd/RGMII/ip/RGMII_system_ila_0_1/bd_0/ip/ip_0/ila_v6_2/constraints/ila.xdc]. These constraints will be ignored for synthesis but will be used in implementation. Impacted constraints are listed in the file [.Xil/RGMII_system_ila_0_1_propImpl.xdc].
Resolution: To avoid this warning, move constraints listed in [.Xil/RGMII_system_ila_0_1_propImpl.xdc] to another XDC file and exclude this new file from synthesis with the used_in_synthesis property (File Properties dialog in GUI) and re-run elaboration/synthesis.
Parsing XDC File [E:/final_prj/final_prj_pl/final_prj_pl.runs/RGMII_system_ila_0_1_synth_1/dont_touch.xdc]
Finished Parsing XDC File [E:/final_prj/final_prj_pl/final_prj_pl.runs/RGMII_system_ila_0_1_synth_1/dont_touch.xdc]
INFO: [Project 1-236] Implementation specific constraints were found while reading constraint file [E:/final_prj/final_prj_pl/final_prj_pl.runs/RGMII_system_ila_0_1_synth_1/dont_touch.xdc]. These constraints will be ignored for synthesis but will be used in implementation. Impacted constraints are listed in the file [.Xil/RGMII_system_ila_0_1_propImpl.xdc].
Resolution: To avoid this warning, move constraints listed in [.Xil/RGMII_system_ila_0_1_propImpl.xdc] to another XDC file and exclude this new file from synthesis with the used_in_synthesis property (File Properties dialog in GUI) and re-run elaboration/synthesis.
Completed Processing XDC Constraints

Netlist sorting complete. Time (s): cpu = 00:00:00 ; elapsed = 00:00:00.001 . Memory (MB): peak = 2498.203 ; gain = 0.000
INFO: [Project 1-111] Unisim Transformation Summary:
  A total of 52 instances were transformed.
  CFGLUT5 => CFGLUT5 (SRL16E, SRLC32E): 44 instances
  CFGLUT5 => SRLC32E: 8 instances

Constraint Validation Runtime : Time (s): cpu = 00:00:00 ; elapsed = 00:00:00.067 . Memory (MB): peak = 2505.078 ; gain = 6.875
INFO: [Designutils 20-5008] Incremental synthesis strategy off
---------------------------------------------------------------------------------
Finished Constraint Validation : Time (s): cpu = 00:00:32 ; elapsed = 00:00:34 . Memory (MB): peak = 2505.078 ; gain = 765.902
---------------------------------------------------------------------------------
---------------------------------------------------------------------------------
Start Loading Part and Timing Information
---------------------------------------------------------------------------------
Loading part: xczu9eg-ffvb1156-2-i
INFO: [Synth 8-6742] Reading net delay rules and data
---------------------------------------------------------------------------------
Finished Loading Part and Timing Information : Time (s): cpu = 00:00:32 ; elapsed = 00:00:34 . Memory (MB): peak = 2505.078 ; gain = 765.902
---------------------------------------------------------------------------------
---------------------------------------------------------------------------------
Start Applying 'set_property' XDC Constraints
---------------------------------------------------------------------------------
Applied set_property KEEP_HIERARCHY = SOFT for inst/ila_lib/inst. (constraint file  E:/final_prj/final_prj_pl/final_prj_pl.runs/RGMII_system_ila_0_1_synth_1/dont_touch.xdc, line 17).
Applied set_property KEEP_HIERARCHY = SOFT for inst. (constraint file  auto generated constraint).
Applied set_property KEEP_HIERARCHY = SOFT for inst/ila_lib. (constraint file  auto generated constraint).
Applied set_property KEEP_HIERARCHY = SOFT for inst/g_inst. (constraint file  auto generated constraint).
---------------------------------------------------------------------------------
Finished applying 'set_property' XDC Constraints : Time (s): cpu = 00:00:32 ; elapsed = 00:00:34 . Memory (MB): peak = 2505.078 ; gain = 765.902
---------------------------------------------------------------------------------
INFO: [Synth 8-802] inferred FSM for state register 'current_state_reg' in module 'xsdbs_v1_0_4_reg_p2s'
INFO: [Synth 8-802] inferred FSM for state register 'current_state_reg' in module 'xsdbs_v1_0_4_reg_p2s__parameterized0'
INFO: [Synth 8-802] inferred FSM for state register 'current_state_reg' in module 'xsdbs_v1_0_4_reg_p2s__parameterized1'
INFO: [Synth 8-802] inferred FSM for state register 'current_state_reg' in module 'xsdbs_v1_0_4_reg_p2s__parameterized2'
INFO: [Synth 8-802] inferred FSM for state register 'current_state_reg' in module 'xsdbs_v1_0_4_reg_p2s__parameterized3'
INFO: [Synth 8-802] inferred FSM for state register 'current_state_reg' in module 'xsdbs_v1_0_4_reg_p2s__parameterized4'
INFO: [Synth 8-802] inferred FSM for state register 'current_state_reg' in module 'ltlib_v1_0_2_generic_memrd'
---------------------------------------------------------------------------------------------------
                   State |                     New Encoding |                Previous Encoding 
---------------------------------------------------------------------------------------------------
*
                    IDLE |                             0001 |                             0001
                     REG |                             0010 |                             0010
                     P2S |                             0100 |                             0100
                     S2P |                             1000 |                             1000
---------------------------------------------------------------------------------------------------
INFO: [Synth 8-3898] No Re-encoding of one hot register 'current_state_reg' in module 'xsdbs_v1_0_4_reg_p2s'
---------------------------------------------------------------------------------------------------
                   State |                     New Encoding |                Previous Encoding 
---------------------------------------------------------------------------------------------------
*
                    IDLE |                             0001 |                             0001
                     REG |                             0010 |                             0010
                     P2S |                             0100 |                             0100
                     S2P |                             1000 |                             1000
---------------------------------------------------------------------------------------------------
INFO: [Synth 8-3898] No Re-encoding of one hot register 'current_state_reg' in module 'xsdbs_v1_0_4_reg_p2s__parameterized0'
---------------------------------------------------------------------------------------------------
                   State |                     New Encoding |                Previous Encoding 
---------------------------------------------------------------------------------------------------
*
                    IDLE |                             0001 |                             0001
                     REG |                             0010 |                             0010
                     P2S |                             0100 |                             0100
                     S2P |                             1000 |                             1000
---------------------------------------------------------------------------------------------------
INFO: [Synth 8-3898] No Re-encoding of one hot register 'current_state_reg' in module 'xsdbs_v1_0_4_reg_p2s__parameterized1'
---------------------------------------------------------------------------------------------------
                   State |                     New Encoding |                Previous Encoding 
---------------------------------------------------------------------------------------------------
*
                    IDLE |                             0001 |                             0001
                     REG |                             0010 |                             0010
                     P2S |                             0100 |                             0100
                     S2P |                             1000 |                             1000
---------------------------------------------------------------------------------------------------
INFO: [Synth 8-3898] No Re-encoding of one hot register 'current_state_reg' in module 'xsdbs_v1_0_4_reg_p2s__parameterized2'
---------------------------------------------------------------------------------------------------
                   State |                     New Encoding |                Previous Encoding 
---------------------------------------------------------------------------------------------------
*
                    IDLE |                             0001 |                             0001
                     REG |                             0010 |                             0010
                     P2S |                             0100 |                             0100
                     S2P |                             1000 |                             1000
---------------------------------------------------------------------------------------------------
INFO: [Synth 8-3898] No Re-encoding of one hot register 'current_state_reg' in module 'xsdbs_v1_0_4_reg_p2s__parameterized3'
---------------------------------------------------------------------------------------------------
                   State |                     New Encoding |                Previous Encoding 
---------------------------------------------------------------------------------------------------
*
                    IDLE |                             0001 |                             0001
                     REG |                             0010 |                             0010
                     P2S |                             0100 |                             0100
                     S2P |                             1000 |                             1000
---------------------------------------------------------------------------------------------------
INFO: [Synth 8-3898] No Re-encoding of one hot register 'current_state_reg' in module 'xsdbs_v1_0_4_reg_p2s__parameterized4'
---------------------------------------------------------------------------------------------------
                   State |                     New Encoding |                Previous Encoding 
---------------------------------------------------------------------------------------------------
*
              RESET_ADDR |                          0000001 |                          0000001
            REQUEST_READ |                          0000010 |                          0000010
           WAIT_READ_ACK |                          0000100 |                          0000100
             OUTPUT_DATA |                          0001000 |                          0001000
                    IDLE |                          0010000 |                          0010000
       INCREMENT_ADDRESS |                          1000000 |                          1000000
---------------------------------------------------------------------------------------------------
INFO: [Synth 8-3898] No Re-encoding of one hot register 'current_state_reg' in module 'ltlib_v1_0_2_generic_memrd'
---------------------------------------------------------------------------------
Finished RTL Optimization Phase 2 : Time (s): cpu = 00:00:33 ; elapsed = 00:00:35 . Memory (MB): peak = 2505.078 ; gain = 765.902
---------------------------------------------------------------------------------
---------------------------------------------------------------------------------
Start RTL Component Statistics 
---------------------------------------------------------------------------------
---------------------------------------------------------------------------------
Finished RTL Component Statistics 
---------------------------------------------------------------------------------
---------------------------------------------------------------------------------
Start Part Resource Summary
---------------------------------------------------------------------------------
Part Resources:
DSPs: 2520 (col length:168)
BRAMs: 1824 (col length: RAMB18 168 RAMB36 84)
---------------------------------------------------------------------------------
Finished Part Resource Summary
---------------------------------------------------------------------------------
---------------------------------------------------------------------------------
Start Cross Boundary and Area Optimization
---------------------------------------------------------------------------------
WARNING: [Synth 8-7080] Parallel synthesis criteria is not met
---------------------------------------------------------------------------------
Finished Cross Boundary and Area Optimization : Time (s): cpu = 00:00:38 ; elapsed = 00:00:41 . Memory (MB): peak = 2505.078 ; gain = 765.902
---------------------------------------------------------------------------------
---------------------------------------------------------------------------------
Start Applying XDC Timing Constraints
---------------------------------------------------------------------------------
---------------------------------------------------------------------------------
Finished Applying XDC Timing Constraints : Time (s): cpu = 00:00:46 ; elapsed = 00:00:49 . Memory (MB): peak = 2879.629 ; gain = 1140.453
---------------------------------------------------------------------------------
---------------------------------------------------------------------------------
Start Timing Optimization
---------------------------------------------------------------------------------
---------------------------------------------------------------------------------
Finished Timing Optimization : Time (s): cpu = 00:00:46 ; elapsed = 00:00:49 . Memory (MB): peak = 2911.148 ; gain = 1171.973
---------------------------------------------------------------------------------
---------------------------------------------------------------------------------
Start Technology Mapping
---------------------------------------------------------------------------------
---------------------------------------------------------------------------------
Finished Technology Mapping : Time (s): cpu = 00:00:47 ; elapsed = 00:00:50 . Memory (MB): peak = 2911.715 ; gain = 1172.539
---------------------------------------------------------------------------------
---------------------------------------------------------------------------------
Start IO Insertion
---------------------------------------------------------------------------------
---------------------------------------------------------------------------------
Start Flattening Before IO Insertion
---------------------------------------------------------------------------------
---------------------------------------------------------------------------------
Finished Flattening Before IO Insertion
---------------------------------------------------------------------------------
---------------------------------------------------------------------------------
Start Final Netlist Cleanup
---------------------------------------------------------------------------------
---------------------------------------------------------------------------------
Finished Final Netlist Cleanup
---------------------------------------------------------------------------------
INFO: [Synth 8-3295] tying undriven pin dummy_inferred:in0 to constant 0
INFO: [Synth 8-3295] tying undriven pin inst:sl_iport0[36] to constant 0
INFO: [Synth 8-3295] tying undriven pin inst:sl_iport0[35] to constant 0
INFO: [Synth 8-3295] tying undriven pin inst:sl_iport0[34] to constant 0
INFO: [Synth 8-3295] tying undriven pin inst:sl_iport0[33] to constant 0
INFO: [Synth 8-3295] tying undriven pin inst:sl_iport0[32] to constant 0
INFO: [Synth 8-3295] tying undriven pin inst:sl_iport0[31] to constant 0
INFO: [Synth 8-3295] tying undriven pin inst:sl_iport0[30] to constant 0
INFO: [Synth 8-3295] tying undriven pin inst:sl_iport0[29] to constant 0
INFO: [Synth 8-3295] tying undriven pin inst:sl_iport0[28] to constant 0
INFO: [Synth 8-3295] tying undriven pin inst:sl_iport0[27] to constant 0
INFO: [Synth 8-3295] tying undriven pin inst:sl_iport0[26] to constant 0
INFO: [Synth 8-3295] tying undriven pin inst:sl_iport0[25] to constant 0
INFO: [Synth 8-3295] tying undriven pin inst:sl_iport0[24] to constant 0
INFO: [Synth 8-3295] tying undriven pin inst:sl_iport0[23] to constant 0
INFO: [Synth 8-3295] tying undriven pin inst:sl_iport0[22] to constant 0
INFO: [Synth 8-3295] tying undriven pin inst:sl_iport0[21] to constant 0
INFO: [Synth 8-3295] tying undriven pin inst:sl_iport0[20] to constant 0
INFO: [Synth 8-3295] tying undriven pin inst:sl_iport0[19] to constant 0
INFO: [Synth 8-3295] tying undriven pin inst:sl_iport0[18] to constant 0
INFO: [Synth 8-3295] tying undriven pin inst:sl_iport0[17] to constant 0
INFO: [Synth 8-3295] tying undriven pin inst:sl_iport0[16] to constant 0
INFO: [Synth 8-3295] tying undriven pin inst:sl_iport0[15] to constant 0
INFO: [Synth 8-3295] tying undriven pin inst:sl_iport0[14] to constant 0
INFO: [Synth 8-3295] tying undriven pin inst:sl_iport0[13] to constant 0
INFO: [Synth 8-3295] tying undriven pin inst:sl_iport0[12] to constant 0
INFO: [Synth 8-3295] tying undriven pin inst:sl_iport0[11] to constant 0
INFO: [Synth 8-3295] tying undriven pin inst:sl_iport0[10] to constant 0
INFO: [Synth 8-3295] tying undriven pin inst:sl_iport0[9] to constant 0
INFO: [Synth 8-3295] tying undriven pin inst:sl_iport0[8] to constant 0
INFO: [Synth 8-3295] tying undriven pin inst:sl_iport0[7] to constant 0
INFO: [Synth 8-3295] tying undriven pin inst:sl_iport0[6] to constant 0
INFO: [Synth 8-3295] tying undriven pin inst:sl_iport0[5] to constant 0
INFO: [Synth 8-3295] tying undriven pin inst:sl_iport0[4] to constant 0
INFO: [Synth 8-3295] tying undriven pin inst:sl_iport0[3] to constant 0
INFO: [Synth 8-3295] tying undriven pin inst:sl_iport0[2] to constant 0
INFO: [Synth 8-3295] tying undriven pin inst:sl_iport0[1] to constant 0
INFO: [Synth 8-3295] tying undriven pin inst:sl_iport0[0] to constant 0
INFO: [Synth 8-3295] tying undriven pin inst:trig_in to constant 0
INFO: [Synth 8-3295] tying undriven pin inst:trig_out_ack to constant 0
---------------------------------------------------------------------------------
Finished IO Insertion : Time (s): cpu = 00:00:49 ; elapsed = 00:00:52 . Memory (MB): peak = 3107.102 ; gain = 1367.926
---------------------------------------------------------------------------------
---------------------------------------------------------------------------------
Start Renaming Generated Instances
---------------------------------------------------------------------------------
---------------------------------------------------------------------------------
Finished Renaming Generated Instances : Time (s): cpu = 00:00:49 ; elapsed = 00:00:52 . Memory (MB): peak = 3107.102 ; gain = 1367.926
---------------------------------------------------------------------------------
---------------------------------------------------------------------------------
Start Rebuilding User Hierarchy
---------------------------------------------------------------------------------
---------------------------------------------------------------------------------
Finished Rebuilding User Hierarchy : Time (s): cpu = 00:00:49 ; elapsed = 00:00:52 . Memory (MB): peak = 3107.102 ; gain = 1367.926
---------------------------------------------------------------------------------
---------------------------------------------------------------------------------
Start Renaming Generated Ports
---------------------------------------------------------------------------------
---------------------------------------------------------------------------------
Finished Renaming Generated Ports : Time (s): cpu = 00:00:49 ; elapsed = 00:00:52 . Memory (MB): peak = 3107.102 ; gain = 1367.926
---------------------------------------------------------------------------------
---------------------------------------------------------------------------------
Start Handling Custom Attributes
---------------------------------------------------------------------------------
---------------------------------------------------------------------------------
Finished Handling Custom Attributes : Time (s): cpu = 00:00:49 ; elapsed = 00:00:52 . Memory (MB): peak = 3107.102 ; gain = 1367.926
---------------------------------------------------------------------------------
---------------------------------------------------------------------------------
Start Renaming Generated Nets
---------------------------------------------------------------------------------
---------------------------------------------------------------------------------
Finished Renaming Generated Nets : Time (s): cpu = 00:00:49 ; elapsed = 00:00:52 . Memory (MB): peak = 3107.102 ; gain = 1367.926
---------------------------------------------------------------------------------
---------------------------------------------------------------------------------
Start Writing Synthesis Report
---------------------------------------------------------------------------------

Report BlackBoxes: 
+-+--------------+----------+
| |BlackBox name |Instances |
+-+--------------+----------+
+-+--------------+----------+

Report Cell Usage: 
+------+---------+------+
|      |Cell     |Count |
+------+---------+------+
|1     |CARRY4   |    19|
|2     |CFGLUT5  |    52|
|3     |LUT1     |    32|
|4     |LUT2     |    40|
|5     |LUT3     |    88|
|6     |LUT4     |    96|
|7     |LUT5     |    89|
|8     |LUT6     |   415|
|9     |MUXF7    |     3|
|10    |RAMB18E2 |     1|
|11    |SRL16E   |    15|
|12    |SRLC16E  |     2|
|13    |SRLC32E  |    17|
|14    |FDRE     |  1241|
|15    |FDSE     |    10|
+------+---------+------+
---------------------------------------------------------------------------------
Finished Writing Synthesis Report : Time (s): cpu = 00:00:49 ; elapsed = 00:00:52 . Memory (MB): peak = 3107.102 ; gain = 1367.926
---------------------------------------------------------------------------------
Synthesis finished with 0 errors, 0 critical warnings and 2614 warnings.
Synthesis Optimization Runtime : Time (s): cpu = 00:00:21 ; elapsed = 00:00:47 . Memory (MB): peak = 3107.102 ; gain = 1333.609
Synthesis Optimization Complete : Time (s): cpu = 00:00:49 ; elapsed = 00:00:52 . Memory (MB): peak = 3107.102 ; gain = 1367.926
INFO: [Project 1-571] Translating synthesized netlist
Netlist sorting complete. Time (s): cpu = 00:00:00 ; elapsed = 00:00:00.019 . Memory (MB): peak = 3107.102 ; gain = 0.000
INFO: [Netlist 29-17] Analyzing 74 Unisim elements for replacement
INFO: [Netlist 29-28] Unisim Transformation completed in 0 CPU seconds
INFO: [Project 1-570] Preparing netlist for logic optimization
INFO: [Opt 31-138] Pushed 0 inverter(s) to 0 load pin(s).
Netlist sorting complete. Time (s): cpu = 00:00:00 ; elapsed = 00:00:00.001 . Memory (MB): peak = 3107.102 ; gain = 0.000
INFO: [Project 1-111] Unisim Transformation Summary:
  A total of 63 instances were transformed.
  (CARRY4) => CARRY8: 11 instances
  CFGLUT5 => CFGLUT5 (SRL16E, SRLC32E): 44 instances
  CFGLUT5 => SRLC32E: 8 instances

Synth Design complete | Checksum: 9555a2f6
INFO: [Common 17-83] Releasing license: Synthesis
202 Infos, 210 Warnings, 0 Critical Warnings and 0 Errors encountered.
synth_design completed successfully
synth_design: Time (s): cpu = 00:01:01 ; elapsed = 00:01:04 . Memory (MB): peak = 3107.102 ; gain = 2396.750
Write ShapeDB Complete: Time (s): cpu = 00:00:00 ; elapsed = 00:00:00.003 . Memory (MB): peak = 3107.102 ; gain = 0.000
INFO: [Common 17-1381] The checkpoint 'E:/final_prj/final_prj_pl/final_prj_pl.runs/RGMII_system_ila_0_1_synth_1/RGMII_system_ila_0_1.dcp' has been generated.
INFO: [Coretcl 2-1648] Added synthesis output to IP cache for IP RGMII_system_ila_0_1, cache-ID = d01c1a87d398a6d5
INFO: [Coretcl 2-1174] Renamed 121 cell refs.
Write ShapeDB Complete: Time (s): cpu = 00:00:00 ; elapsed = 00:00:00.002 . Memory (MB): peak = 3107.102 ; gain = 0.000
INFO: [Common 17-1381] The checkpoint 'E:/final_prj/final_prj_pl/final_prj_pl.runs/RGMII_system_ila_0_1_synth_1/RGMII_system_ila_0_1.dcp' has been generated.
INFO: [Vivado 12-24828] Executing command : report_utilization -file RGMII_system_ila_0_1_utilization_synth.rpt -pb RGMII_system_ila_0_1_utilization_synth.pb
INFO: [Common 17-206] Exiting Vivado at Wed Jul  2 17:46:58 2025...
