Copyright 1986-2022 Xilinx, Inc. All Rights Reserved. Copyright 2022-2025 Advanced Micro Devices, Inc. All Rights Reserved.
---------------------------------------------------------------------------------------------------------------------------------------------
| Tool Version : Vivado v.2024.2.2 (win64) Build 6060944 Thu Mar 06 19:10:01 MST 2025
| Date         : Wed Jul 30 12:42:57 2025
| Host         : LAPTOP-VEGJAO5A running 64-bit major release  (build 9200)
| Command      : report_utilization -file TOP_utilization_synth.rpt -pb TOP_utilization_synth.pb
| Design       : TOP
| Device       : xczu9eg-ffvb1156-2-i
| Speed File   : -2
| Design State : Synthesized
---------------------------------------------------------------------------------------------------------------------------------------------

Utilization Design Information

Table of Contents
-----------------
1. CLB Logic
1.1 Summary of Registers by Type
2. BLOCKRAM
3. ARITHMETIC
4. I/O
5. CLOCK
6. ADVANCED
7. CONFIGURATION
8. Primitives
9. Black Boxes
10. Instantiated Netlists

1. CLB Logic
------------

+-------------------------+------+-------+------------+-----------+-------+
|        Site Type        | Used | Fixed | Prohibited | Available | Util% |
+-------------------------+------+-------+------------+-----------+-------+
| CLB LUTs*               | 2650 |     0 |          0 |    274080 |  0.97 |
|   LUT as Logic          | 2650 |     0 |          0 |    274080 |  0.97 |
|   LUT as Memory         |    0 |     0 |          0 |    144000 |  0.00 |
| CLB Registers           | 3298 |     0 |          0 |    548160 |  0.60 |
|   Register as Flip Flop | 3298 |     0 |          0 |    548160 |  0.60 |
|   Register as Latch     |    0 |     0 |          0 |    548160 |  0.00 |
| CARRY8                  |  123 |     0 |          0 |     34260 |  0.36 |
| F7 Muxes                |    0 |     0 |          0 |    137040 |  0.00 |
| F8 Muxes                |    0 |     0 |          0 |     68520 |  0.00 |
| F9 Muxes                |    0 |     0 |          0 |     34260 |  0.00 |
+-------------------------+------+-------+------------+-----------+-------+
* Warning! The Final LUT count, after physical optimizations and full implementation, is typically lower. Run opt_design after synthesis, if not already completed, for a more realistic count.
Warning! LUT value is adjusted to account for LUT combining.
Warning! For any ECO changes, please run place_design if there are unplaced instances


1.1 Summary of Registers by Type
--------------------------------

+-------+--------------+-------------+--------------+
| Total | Clock Enable | Synchronous | Asynchronous |
+-------+--------------+-------------+--------------+
| 0     |            _ |           - |            - |
| 0     |            _ |           - |          Set |
| 0     |            _ |           - |        Reset |
| 0     |            _ |         Set |            - |
| 0     |            _ |       Reset |            - |
| 0     |          Yes |           - |            - |
| 1     |          Yes |           - |          Set |
| 713   |          Yes |           - |        Reset |
| 5     |          Yes |         Set |            - |
| 2579  |          Yes |       Reset |            - |
+-------+--------------+-------------+--------------+


2. BLOCKRAM
-----------

+----------------+------+-------+------------+-----------+-------+
|    Site Type   | Used | Fixed | Prohibited | Available | Util% |
+----------------+------+-------+------------+-----------+-------+
| Block RAM Tile |    0 |     0 |          0 |       912 |  0.00 |
|   RAMB36/FIFO* |    0 |     0 |          0 |       912 |  0.00 |
|   RAMB18       |    0 |     0 |          0 |      1824 |  0.00 |
+----------------+------+-------+------------+-----------+-------+
* Note: Each Block RAM Tile only has one FIFO logic available and therefore can accommodate only one FIFO36E2 or one FIFO18E2. However, if a FIFO18E2 occupies a Block RAM Tile, that tile can still accommodate a RAMB18E2


3. ARITHMETIC
-------------

+-----------+------+-------+------------+-----------+-------+
| Site Type | Used | Fixed | Prohibited | Available | Util% |
+-----------+------+-------+------------+-----------+-------+
| DSPs      |    0 |     0 |          0 |      2520 |  0.00 |
+-----------+------+-------+------------+-----------+-------+


4. I/O
------

+------------+------+-------+------------+-----------+-------+
|  Site Type | Used | Fixed | Prohibited | Available | Util% |
+------------+------+-------+------------+-----------+-------+
| Bonded IOB |   25 |     0 |          0 |       328 |  7.62 |
+------------+------+-------+------------+-----------+-------+


5. CLOCK
--------

+------------+------+-------+------------+-----------+-------+
|  Site Type | Used | Fixed | Prohibited | Available | Util% |
+------------+------+-------+------------+-----------+-------+
| BUFGCE     |    1 |     0 |          0 |       116 |  0.86 |
| BUFGCE_DIV |    0 |     0 |          0 |        16 |  0.00 |
| BUFG_GT    |    0 |     0 |          0 |       168 |  0.00 |
| BUFG_PS    |    0 |     0 |          0 |        72 |  0.00 |
| BUFGCTRL*  |    0 |     0 |          0 |        32 |  0.00 |
| PLL        |    0 |     0 |          0 |         8 |  0.00 |
| MMCM       |    0 |     0 |          0 |         4 |  0.00 |
+------------+------+-------+------------+-----------+-------+
* Note: Each used BUFGCTRL counts as two GLOBAL CLOCK BUFFERs. This table does not include global clocking resources, only buffer cell usage. See the Clock Utilization Report (report_clock_utilization) for detailed accounting of global clocking resource availability.


6. ADVANCED
-----------

+-----------------+------+-------+------------+-----------+-------+
|    Site Type    | Used | Fixed | Prohibited | Available | Util% |
+-----------------+------+-------+------------+-----------+-------+
| GTHE4_CHANNEL   |    0 |     0 |          0 |        24 |  0.00 |
| GTHE4_COMMON    |    0 |     0 |          0 |         6 |  0.00 |
| OBUFDS_GTE4     |    0 |     0 |          0 |        12 |  0.00 |
| OBUFDS_GTE4_ADV |    0 |     0 |          0 |        12 |  0.00 |
| PS8             |    0 |     0 |          0 |         1 |  0.00 |
| SYSMONE4        |    0 |     0 |          0 |         1 |  0.00 |
+-----------------+------+-------+------------+-----------+-------+


7. CONFIGURATION
----------------

+-------------+------+-------+------------+-----------+-------+
|  Site Type  | Used | Fixed | Prohibited | Available | Util% |
+-------------+------+-------+------------+-----------+-------+
| BSCANE2     |    0 |     0 |          0 |         4 |  0.00 |
| DNA_PORTE2  |    0 |     0 |          0 |         1 |  0.00 |
| EFUSE_USR   |    0 |     0 |          0 |         1 |  0.00 |
| FRAME_ECCE4 |    0 |     0 |          0 |         1 |  0.00 |
| ICAPE3      |    0 |     0 |          0 |         2 |  0.00 |
| MASTER_JTAG |    0 |     0 |          0 |         1 |  0.00 |
| STARTUPE3   |    0 |     0 |          0 |         1 |  0.00 |
+-------------+------+-------+------------+-----------+-------+


8. Primitives
-------------

+-----------+------+---------------------+
|  Ref Name | Used | Functional Category |
+-----------+------+---------------------+
| FDRE      | 2579 |            Register |
| LUT2      |  899 |                 CLB |
| FDCE      |  713 |            Register |
| LUT4      |  577 |                 CLB |
| LUT3      |  541 |                 CLB |
| LUT6      |  373 |                 CLB |
| LUT1      |  237 |                 CLB |
| LUT5      |  208 |                 CLB |
| CARRY8    |  123 |                 CLB |
| IBUFCTRL  |   18 |              Others |
| INBUF     |   17 |                 I/O |
| OBUFT     |    6 |                 I/O |
| OBUF      |    6 |                 I/O |
| FDSE      |    5 |            Register |
| FDPE      |    1 |            Register |
| DIFFINBUF |    1 |                 I/O |
| BUFGCE    |    1 |               Clock |
+-----------+------+---------------------+


9. Black Boxes
--------------

+---------------------------------------------+------+
|                   Ref Name                  | Used |
+---------------------------------------------+------+
| spi_tx_fifo                                 |    3 |
| spi_rx_fifo_16bit                           |    2 |
| imu_read_ila                                |    2 |
| ila_0                                       |    2 |
| IMU_TOP_VIO                                 |    2 |
| IMU_CONFIG_ILA                              |    2 |
| udp_config_vio                              |    1 |
| top_vio                                     |    1 |
| system_clock                                |    1 |
| spi_rx_fifo                                 |    1 |
| ila_2                                       |    1 |
| data_to_udp_fifo_widcov                     |    1 |
| data_to_udp_fifo                            |    1 |
| axis_eth_head_convertor                     |    1 |
| RGMII_vio_0_0                               |    1 |
| RGMII_util_vector_logic_0_1                 |    1 |
| RGMII_util_vector_logic_0_0                 |    1 |
| RGMII_tri_mode_ethernet_mac_0_0             |    1 |
| RGMII_system_ila_TX_0                       |    1 |
| RGMII_system_ila_1_0                        |    1 |
| RGMII_system_ila_0_3                        |    1 |
| RGMII_system_ila_0_2                        |    1 |
| RGMII_axis_data_fifo_0_0                    |    1 |
| RGMII_axis_TX_data_fifo_0                   |    1 |
| DDR4_zynq_ultra_ps_e_0_1                    |    1 |
| DDR4_util_vector_logic_1_0                  |    1 |
| DDR4_util_vector_logic_0_0                  |    1 |
| DDR4_proc_sys_reset_0_1                     |    1 |
| DDR4_proc_sys_reset_0_0                     |    1 |
| DDR4_dpuczdx8g_0_0                          |    1 |
| DDR4_ddr4_0_0                               |    1 |
| DDR4_axi_interconnect_0_imp_xbar_0          |    1 |
| DDR4_axi_interconnect_0_imp_s03_data_fifo_0 |    1 |
| DDR4_axi_interconnect_0_imp_s02_mmu_0       |    1 |
| DDR4_axi_interconnect_0_imp_s02_data_fifo_0 |    1 |
| DDR4_axi_interconnect_0_imp_s01_mmu_0       |    1 |
| DDR4_axi_interconnect_0_imp_s01_data_fifo_0 |    1 |
| DDR4_axi_interconnect_0_imp_s00_mmu_0       |    1 |
| DDR4_axi_interconnect_0_imp_s00_data_fifo_0 |    1 |
| DDR4_axi_interconnect_0_imp_auto_cc_3       |    1 |
| DDR4_axi_interconnect_0_imp_auto_cc_2       |    1 |
| DDR4_axi_interconnect_0_imp_auto_cc_1       |    1 |
| DDR4_axi_interconnect_0_imp_auto_cc_0       |    1 |
| ADC_TOP_VIO                                 |    1 |
| ADC_READ_ILA                                |    1 |
| ADC_CONFIG_ILA                              |    1 |
+---------------------------------------------+------+


10. Instantiated Netlists
-------------------------

+----------+------+
| Ref Name | Used |
+----------+------+


