
*** Running vivado
    with args -log ila_2.vds -m64 -product Vivado -mode batch -messageDb vivado.pb -notrace -source ila_2.tcl



****** Vivado v2024.2.2 (64-bit)
  **** SW Build 6060944 on Thu Mar 06 19:10:01 MST 2025
  **** IP Build 6050500 on Thu Mar  6 23:33:39 MST 2025
  **** SharedData Build 6060542 on Thu Mar 06 10:31:07 MST 2025
  **** Start of session at: Fri Jun 20 17:32:29 2025
    ** Copyright 1986-2022 Xilinx, Inc. All Rights Reserved.
    ** Copyright 2022-2025 Advanced Micro Devices, Inc. All Rights Reserved.

Sourcing tcl script 'D:/Xilinx/Vivado/2024.2/scripts/Vivado_init.tcl'
source ila_2.tcl -notrace
create_project: Time (s): cpu = 00:00:05 ; elapsed = 00:00:05 . Memory (MB): peak = 645.402 ; gain = 204.383
INFO: [IP_Flow 19-6924] IPCACHE: Running cache check for IP inst: ila_2
Command: synth_design -top ila_2 -part xczu9eg-ffvb1156-2-i -incremental_mode off -mode out_of_context
Starting synth_design
Attempting to get a license for feature 'Synthesis' and/or device 'xczu9eg'
INFO: [Common 17-349] Got license for feature 'Synthesis' and/or device 'xczu9eg'
INFO: [Device 21-403] Loading part xczu9eg-ffvb1156-2-i
INFO: [Synth 8-7079] Multithreading enabled for synth_design using a maximum of 4 processes.
INFO: [Synth 8-7078] Launching helper process for spawning children vivado processes
INFO: [Synth 8-7075] Helper process launched with PID 42204
---------------------------------------------------------------------------------
Starting RTL Elaboration : Time (s): cpu = 00:00:07 ; elapsed = 00:00:08 . Memory (MB): peak = 1900.336 ; gain = 186.312
---------------------------------------------------------------------------------
INFO: [Synth 8-11241] undeclared symbol 'tms_int', assumed default net type 'wire' [e:/final_prj/final_prj_pl/final_prj_pl.gen/sources_1/ip/ila_2/hdl/verilog/xsdbm_v3_0_3_bs_core_ext.vh:30]
INFO: [Synth 8-11241] undeclared symbol 'runtest_int', assumed default net type 'wire' [e:/final_prj/final_prj_pl/final_prj_pl.gen/sources_1/ip/ila_2/hdl/verilog/xsdbm_v3_0_3_bs_core_ext.vh:32]
INFO: [Synth 8-11241] undeclared symbol 'tms_int', assumed default net type 'wire' [e:/final_prj/final_prj_pl/final_prj_pl.gen/sources_1/ip/ila_2/hdl/verilog/xsdbm_v3_0_3_bs_core_ext.vh:69]
INFO: [Synth 8-11241] undeclared symbol 'runtest_int', assumed default net type 'wire' [e:/final_prj/final_prj_pl/final_prj_pl.gen/sources_1/ip/ila_2/hdl/verilog/xsdbm_v3_0_3_bs_core_ext.vh:71]
INFO: [Synth 8-11241] undeclared symbol 'tms_int', assumed default net type 'wire' [e:/final_prj/final_prj_pl/final_prj_pl.gen/sources_1/ip/ila_2/hdl/verilog/xsdbm_v3_0_3_bs_core_ext.vh:109]
INFO: [Synth 8-11241] undeclared symbol 'runtest_int', assumed default net type 'wire' [e:/final_prj/final_prj_pl/final_prj_pl.gen/sources_1/ip/ila_2/hdl/verilog/xsdbm_v3_0_3_bs_core_ext.vh:111]
INFO: [Synth 8-11241] undeclared symbol 'tms_int', assumed default net type 'wire' [e:/final_prj/final_prj_pl/final_prj_pl.gen/sources_1/ip/ila_2/hdl/verilog/xsdbm_v3_0_3_bs_core_ext.vh:150]
INFO: [Synth 8-11241] undeclared symbol 'runtest_int', assumed default net type 'wire' [e:/final_prj/final_prj_pl/final_prj_pl.gen/sources_1/ip/ila_2/hdl/verilog/xsdbm_v3_0_3_bs_core_ext.vh:152]
INFO: [Synth 8-11241] undeclared symbol 'tms_int', assumed default net type 'wire' [e:/final_prj/final_prj_pl/final_prj_pl.gen/sources_1/ip/ila_2/hdl/verilog/xsdbm_v3_0_3_bs_core_ext.vh:192]
INFO: [Synth 8-11241] undeclared symbol 'runtest_int', assumed default net type 'wire' [e:/final_prj/final_prj_pl/final_prj_pl.gen/sources_1/ip/ila_2/hdl/verilog/xsdbm_v3_0_3_bs_core_ext.vh:194]
INFO: [Synth 8-11241] undeclared symbol 'tms_int', assumed default net type 'wire' [e:/final_prj/final_prj_pl/final_prj_pl.gen/sources_1/ip/ila_2/hdl/verilog/xsdbm_v3_0_3_bs_core_ext.vh:235]
INFO: [Synth 8-11241] undeclared symbol 'runtest_int', assumed default net type 'wire' [e:/final_prj/final_prj_pl/final_prj_pl.gen/sources_1/ip/ila_2/hdl/verilog/xsdbm_v3_0_3_bs_core_ext.vh:237]
INFO: [Synth 8-11241] undeclared symbol 'tms_int', assumed default net type 'wire' [e:/final_prj/final_prj_pl/final_prj_pl.gen/sources_1/ip/ila_2/hdl/verilog/xsdbm_v3_0_3_bs_core_ext.vh:279]
INFO: [Synth 8-11241] undeclared symbol 'runtest_int', assumed default net type 'wire' [e:/final_prj/final_prj_pl/final_prj_pl.gen/sources_1/ip/ila_2/hdl/verilog/xsdbm_v3_0_3_bs_core_ext.vh:281]
INFO: [Synth 8-11241] undeclared symbol 'tms_int', assumed default net type 'wire' [e:/final_prj/final_prj_pl/final_prj_pl.gen/sources_1/ip/ila_2/hdl/verilog/xsdbm_v3_0_3_bs_core_ext.vh:324]
INFO: [Synth 8-11241] undeclared symbol 'runtest_int', assumed default net type 'wire' [e:/final_prj/final_prj_pl/final_prj_pl.gen/sources_1/ip/ila_2/hdl/verilog/xsdbm_v3_0_3_bs_core_ext.vh:326]
INFO: [Synth 8-11241] undeclared symbol 'tms_int', assumed default net type 'wire' [e:/final_prj/final_prj_pl/final_prj_pl.gen/sources_1/ip/ila_2/hdl/verilog/xsdbm_v3_0_3_bs_core_ext.vh:370]
INFO: [Synth 8-11241] undeclared symbol 'runtest_int', assumed default net type 'wire' [e:/final_prj/final_prj_pl/final_prj_pl.gen/sources_1/ip/ila_2/hdl/verilog/xsdbm_v3_0_3_bs_core_ext.vh:372]
INFO: [Synth 8-11241] undeclared symbol 'tms_int', assumed default net type 'wire' [e:/final_prj/final_prj_pl/final_prj_pl.gen/sources_1/ip/ila_2/hdl/verilog/xsdbm_v3_0_3_bs_core_ext.vh:417]
INFO: [Synth 8-11241] undeclared symbol 'runtest_int', assumed default net type 'wire' [e:/final_prj/final_prj_pl/final_prj_pl.gen/sources_1/ip/ila_2/hdl/verilog/xsdbm_v3_0_3_bs_core_ext.vh:419]
INFO: [Synth 8-11241] undeclared symbol 'tms_int', assumed default net type 'wire' [e:/final_prj/final_prj_pl/final_prj_pl.gen/sources_1/ip/ila_2/hdl/verilog/xsdbm_v3_0_3_bs_core_ext.vh:465]
INFO: [Synth 8-11241] undeclared symbol 'runtest_int', assumed default net type 'wire' [e:/final_prj/final_prj_pl/final_prj_pl.gen/sources_1/ip/ila_2/hdl/verilog/xsdbm_v3_0_3_bs_core_ext.vh:467]
INFO: [Synth 8-11241] undeclared symbol 'tms_int', assumed default net type 'wire' [e:/final_prj/final_prj_pl/final_prj_pl.gen/sources_1/ip/ila_2/hdl/verilog/xsdbm_v3_0_3_bs_core_ext.vh:514]
INFO: [Synth 8-11241] undeclared symbol 'runtest_int', assumed default net type 'wire' [e:/final_prj/final_prj_pl/final_prj_pl.gen/sources_1/ip/ila_2/hdl/verilog/xsdbm_v3_0_3_bs_core_ext.vh:516]
INFO: [Synth 8-11241] undeclared symbol 'tms_int', assumed default net type 'wire' [e:/final_prj/final_prj_pl/final_prj_pl.gen/sources_1/ip/ila_2/hdl/verilog/xsdbm_v3_0_3_bs_core_ext.vh:564]
INFO: [Synth 8-11241] undeclared symbol 'runtest_int', assumed default net type 'wire' [e:/final_prj/final_prj_pl/final_prj_pl.gen/sources_1/ip/ila_2/hdl/verilog/xsdbm_v3_0_3_bs_core_ext.vh:566]
INFO: [Synth 8-11241] undeclared symbol 'tms_int', assumed default net type 'wire' [e:/final_prj/final_prj_pl/final_prj_pl.gen/sources_1/ip/ila_2/hdl/verilog/xsdbm_v3_0_3_bs_core_ext.vh:615]
INFO: [Synth 8-11241] undeclared symbol 'runtest_int', assumed default net type 'wire' [e:/final_prj/final_prj_pl/final_prj_pl.gen/sources_1/ip/ila_2/hdl/verilog/xsdbm_v3_0_3_bs_core_ext.vh:617]
INFO: [Synth 8-11241] undeclared symbol 'tms_int', assumed default net type 'wire' [e:/final_prj/final_prj_pl/final_prj_pl.gen/sources_1/ip/ila_2/hdl/verilog/xsdbm_v3_0_3_bs_core.vh:30]
INFO: [Synth 8-11241] undeclared symbol 'runtest_int', assumed default net type 'wire' [e:/final_prj/final_prj_pl/final_prj_pl.gen/sources_1/ip/ila_2/hdl/verilog/xsdbm_v3_0_3_bs_core.vh:32]
INFO: [Synth 8-11241] undeclared symbol 'tms_int', assumed default net type 'wire' [e:/final_prj/final_prj_pl/final_prj_pl.gen/sources_1/ip/ila_2/hdl/verilog/xsdbm_v3_0_3_bs_core.vh:69]
INFO: [Synth 8-11241] undeclared symbol 'runtest_int', assumed default net type 'wire' [e:/final_prj/final_prj_pl/final_prj_pl.gen/sources_1/ip/ila_2/hdl/verilog/xsdbm_v3_0_3_bs_core.vh:71]
INFO: [Synth 8-11241] undeclared symbol 'tms_int', assumed default net type 'wire' [e:/final_prj/final_prj_pl/final_prj_pl.gen/sources_1/ip/ila_2/hdl/verilog/xsdbm_v3_0_3_bs_core.vh:109]
INFO: [Synth 8-11241] undeclared symbol 'runtest_int', assumed default net type 'wire' [e:/final_prj/final_prj_pl/final_prj_pl.gen/sources_1/ip/ila_2/hdl/verilog/xsdbm_v3_0_3_bs_core.vh:111]
INFO: [Synth 8-11241] undeclared symbol 'tms_int', assumed default net type 'wire' [e:/final_prj/final_prj_pl/final_prj_pl.gen/sources_1/ip/ila_2/hdl/verilog/xsdbm_v3_0_3_bs_core.vh:150]
INFO: [Synth 8-11241] undeclared symbol 'runtest_int', assumed default net type 'wire' [e:/final_prj/final_prj_pl/final_prj_pl.gen/sources_1/ip/ila_2/hdl/verilog/xsdbm_v3_0_3_bs_core.vh:152]
INFO: [Synth 8-11241] undeclared symbol 'tms_int', assumed default net type 'wire' [e:/final_prj/final_prj_pl/final_prj_pl.gen/sources_1/ip/ila_2/hdl/verilog/xsdbm_v3_0_3_bs_core.vh:192]
INFO: [Synth 8-11241] undeclared symbol 'runtest_int', assumed default net type 'wire' [e:/final_prj/final_prj_pl/final_prj_pl.gen/sources_1/ip/ila_2/hdl/verilog/xsdbm_v3_0_3_bs_core.vh:194]
INFO: [Synth 8-11241] undeclared symbol 'tms_int', assumed default net type 'wire' [e:/final_prj/final_prj_pl/final_prj_pl.gen/sources_1/ip/ila_2/hdl/verilog/xsdbm_v3_0_3_bs_core.vh:235]
INFO: [Synth 8-11241] undeclared symbol 'runtest_int', assumed default net type 'wire' [e:/final_prj/final_prj_pl/final_prj_pl.gen/sources_1/ip/ila_2/hdl/verilog/xsdbm_v3_0_3_bs_core.vh:237]
INFO: [Synth 8-11241] undeclared symbol 'tms_int', assumed default net type 'wire' [e:/final_prj/final_prj_pl/final_prj_pl.gen/sources_1/ip/ila_2/hdl/verilog/xsdbm_v3_0_3_bs_core.vh:279]
INFO: [Synth 8-11241] undeclared symbol 'runtest_int', assumed default net type 'wire' [e:/final_prj/final_prj_pl/final_prj_pl.gen/sources_1/ip/ila_2/hdl/verilog/xsdbm_v3_0_3_bs_core.vh:281]
INFO: [Synth 8-11241] undeclared symbol 'tms_int', assumed default net type 'wire' [e:/final_prj/final_prj_pl/final_prj_pl.gen/sources_1/ip/ila_2/hdl/verilog/xsdbm_v3_0_3_bs_core.vh:324]
INFO: [Synth 8-11241] undeclared symbol 'runtest_int', assumed default net type 'wire' [e:/final_prj/final_prj_pl/final_prj_pl.gen/sources_1/ip/ila_2/hdl/verilog/xsdbm_v3_0_3_bs_core.vh:326]
INFO: [Synth 8-11241] undeclared symbol 'tms_int', assumed default net type 'wire' [e:/final_prj/final_prj_pl/final_prj_pl.gen/sources_1/ip/ila_2/hdl/verilog/xsdbm_v3_0_3_bs_core.vh:370]
INFO: [Synth 8-11241] undeclared symbol 'runtest_int', assumed default net type 'wire' [e:/final_prj/final_prj_pl/final_prj_pl.gen/sources_1/ip/ila_2/hdl/verilog/xsdbm_v3_0_3_bs_core.vh:372]
INFO: [Synth 8-11241] undeclared symbol 'tms_int', assumed default net type 'wire' [e:/final_prj/final_prj_pl/final_prj_pl.gen/sources_1/ip/ila_2/hdl/verilog/xsdbm_v3_0_3_bs_core.vh:417]
INFO: [Synth 8-11241] undeclared symbol 'runtest_int', assumed default net type 'wire' [e:/final_prj/final_prj_pl/final_prj_pl.gen/sources_1/ip/ila_2/hdl/verilog/xsdbm_v3_0_3_bs_core.vh:419]
INFO: [Synth 8-11241] undeclared symbol 'tms_int', assumed default net type 'wire' [e:/final_prj/final_prj_pl/final_prj_pl.gen/sources_1/ip/ila_2/hdl/verilog/xsdbm_v3_0_3_bs_core.vh:465]
INFO: [Synth 8-11241] undeclared symbol 'runtest_int', assumed default net type 'wire' [e:/final_prj/final_prj_pl/final_prj_pl.gen/sources_1/ip/ila_2/hdl/verilog/xsdbm_v3_0_3_bs_core.vh:467]
INFO: [Synth 8-11241] undeclared symbol 'tms_int', assumed default net type 'wire' [e:/final_prj/final_prj_pl/final_prj_pl.gen/sources_1/ip/ila_2/hdl/verilog/xsdbm_v3_0_3_bs_core.vh:514]
INFO: [Synth 8-11241] undeclared symbol 'runtest_int', assumed default net type 'wire' [e:/final_prj/final_prj_pl/final_prj_pl.gen/sources_1/ip/ila_2/hdl/verilog/xsdbm_v3_0_3_bs_core.vh:516]
INFO: [Synth 8-11241] undeclared symbol 'tms_int', assumed default net type 'wire' [e:/final_prj/final_prj_pl/final_prj_pl.gen/sources_1/ip/ila_2/hdl/verilog/xsdbm_v3_0_3_bs_core.vh:564]
INFO: [Synth 8-11241] undeclared symbol 'runtest_int', assumed default net type 'wire' [e:/final_prj/final_prj_pl/final_prj_pl.gen/sources_1/ip/ila_2/hdl/verilog/xsdbm_v3_0_3_bs_core.vh:566]
INFO: [Synth 8-11241] undeclared symbol 'tms_int', assumed default net type 'wire' [e:/final_prj/final_prj_pl/final_prj_pl.gen/sources_1/ip/ila_2/hdl/verilog/xsdbm_v3_0_3_bs_core.vh:615]
INFO: [Synth 8-11241] undeclared symbol 'runtest_int', assumed default net type 'wire' [e:/final_prj/final_prj_pl/final_prj_pl.gen/sources_1/ip/ila_2/hdl/verilog/xsdbm_v3_0_3_bs_core.vh:617]
INFO: [Synth 8-11241] undeclared symbol 'tms_int', assumed default net type 'wire' [e:/final_prj/final_prj_pl/final_prj_pl.gen/sources_1/ip/ila_2/hdl/verilog/xsdbm_v3_0_3_bs_core_vec.vh:30]
INFO: [Synth 8-11241] undeclared symbol 'runtest_int', assumed default net type 'wire' [e:/final_prj/final_prj_pl/final_prj_pl.gen/sources_1/ip/ila_2/hdl/verilog/xsdbm_v3_0_3_bs_core_vec.vh:32]
INFO: [Synth 8-11241] undeclared symbol 'tms_int', assumed default net type 'wire' [e:/final_prj/final_prj_pl/final_prj_pl.gen/sources_1/ip/ila_2/hdl/verilog/xsdbm_v3_0_3_bs_core_vec.vh:65]
INFO: [Synth 8-11241] undeclared symbol 'runtest_int', assumed default net type 'wire' [e:/final_prj/final_prj_pl/final_prj_pl.gen/sources_1/ip/ila_2/hdl/verilog/xsdbm_v3_0_3_bs_core_vec.vh:67]
INFO: [Synth 8-11241] undeclared symbol 'tms_int', assumed default net type 'wire' [e:/final_prj/final_prj_pl/final_prj_pl.gen/sources_1/ip/ila_2/hdl/verilog/xsdbm_v3_0_3_bs_core_vec.vh:100]
INFO: [Synth 8-11241] undeclared symbol 'runtest_int', assumed default net type 'wire' [e:/final_prj/final_prj_pl/final_prj_pl.gen/sources_1/ip/ila_2/hdl/verilog/xsdbm_v3_0_3_bs_core_vec.vh:102]
INFO: [Synth 8-11241] undeclared symbol 'tms_int', assumed default net type 'wire' [e:/final_prj/final_prj_pl/final_prj_pl.gen/sources_1/ip/ila_2/hdl/verilog/xsdbm_v3_0_3_bs_core_vec.vh:135]
INFO: [Synth 8-11241] undeclared symbol 'runtest_int', assumed default net type 'wire' [e:/final_prj/final_prj_pl/final_prj_pl.gen/sources_1/ip/ila_2/hdl/verilog/xsdbm_v3_0_3_bs_core_vec.vh:137]
INFO: [Synth 8-11241] undeclared symbol 'tms_int', assumed default net type 'wire' [e:/final_prj/final_prj_pl/final_prj_pl.gen/sources_1/ip/ila_2/hdl/verilog/xsdbm_v3_0_3_bs_core_vec.vh:170]
INFO: [Synth 8-11241] undeclared symbol 'runtest_int', assumed default net type 'wire' [e:/final_prj/final_prj_pl/final_prj_pl.gen/sources_1/ip/ila_2/hdl/verilog/xsdbm_v3_0_3_bs_core_vec.vh:172]
INFO: [Synth 8-11241] undeclared symbol 'tms_int', assumed default net type 'wire' [e:/final_prj/final_prj_pl/final_prj_pl.gen/sources_1/ip/ila_2/hdl/verilog/xsdbm_v3_0_3_bs_core_vec.vh:205]
INFO: [Synth 8-11241] undeclared symbol 'runtest_int', assumed default net type 'wire' [e:/final_prj/final_prj_pl/final_prj_pl.gen/sources_1/ip/ila_2/hdl/verilog/xsdbm_v3_0_3_bs_core_vec.vh:207]
INFO: [Synth 8-11241] undeclared symbol 'tms_int', assumed default net type 'wire' [e:/final_prj/final_prj_pl/final_prj_pl.gen/sources_1/ip/ila_2/hdl/verilog/xsdbm_v3_0_3_bs_core_vec.vh:240]
INFO: [Synth 8-11241] undeclared symbol 'runtest_int', assumed default net type 'wire' [e:/final_prj/final_prj_pl/final_prj_pl.gen/sources_1/ip/ila_2/hdl/verilog/xsdbm_v3_0_3_bs_core_vec.vh:242]
INFO: [Synth 8-11241] undeclared symbol 'tms_int', assumed default net type 'wire' [e:/final_prj/final_prj_pl/final_prj_pl.gen/sources_1/ip/ila_2/hdl/verilog/xsdbm_v3_0_3_bs_core_vec.vh:275]
INFO: [Synth 8-11241] undeclared symbol 'runtest_int', assumed default net type 'wire' [e:/final_prj/final_prj_pl/final_prj_pl.gen/sources_1/ip/ila_2/hdl/verilog/xsdbm_v3_0_3_bs_core_vec.vh:277]
INFO: [Synth 8-11241] undeclared symbol 'tms_int', assumed default net type 'wire' [e:/final_prj/final_prj_pl/final_prj_pl.gen/sources_1/ip/ila_2/hdl/verilog/xsdbm_v3_0_3_bs_core_vec.vh:310]
INFO: [Synth 8-11241] undeclared symbol 'runtest_int', assumed default net type 'wire' [e:/final_prj/final_prj_pl/final_prj_pl.gen/sources_1/ip/ila_2/hdl/verilog/xsdbm_v3_0_3_bs_core_vec.vh:312]
INFO: [Synth 8-11241] undeclared symbol 'tms_int', assumed default net type 'wire' [e:/final_prj/final_prj_pl/final_prj_pl.gen/sources_1/ip/ila_2/hdl/verilog/xsdbm_v3_0_3_bs_core_vec.vh:345]
INFO: [Synth 8-11241] undeclared symbol 'runtest_int', assumed default net type 'wire' [e:/final_prj/final_prj_pl/final_prj_pl.gen/sources_1/ip/ila_2/hdl/verilog/xsdbm_v3_0_3_bs_core_vec.vh:347]
INFO: [Synth 8-11241] undeclared symbol 'tms_int', assumed default net type 'wire' [e:/final_prj/final_prj_pl/final_prj_pl.gen/sources_1/ip/ila_2/hdl/verilog/xsdbm_v3_0_3_bs_core_vec.vh:380]
INFO: [Synth 8-11241] undeclared symbol 'runtest_int', assumed default net type 'wire' [e:/final_prj/final_prj_pl/final_prj_pl.gen/sources_1/ip/ila_2/hdl/verilog/xsdbm_v3_0_3_bs_core_vec.vh:382]
INFO: [Synth 8-11241] undeclared symbol 'tms_int', assumed default net type 'wire' [e:/final_prj/final_prj_pl/final_prj_pl.gen/sources_1/ip/ila_2/hdl/verilog/xsdbm_v3_0_3_bs_core_vec.vh:415]
INFO: [Synth 8-11241] undeclared symbol 'runtest_int', assumed default net type 'wire' [e:/final_prj/final_prj_pl/final_prj_pl.gen/sources_1/ip/ila_2/hdl/verilog/xsdbm_v3_0_3_bs_core_vec.vh:417]
INFO: [Synth 8-11241] undeclared symbol 'tms_int', assumed default net type 'wire' [e:/final_prj/final_prj_pl/final_prj_pl.gen/sources_1/ip/ila_2/hdl/verilog/xsdbm_v3_0_3_bs_core_vec.vh:450]
INFO: [Synth 8-11241] undeclared symbol 'runtest_int', assumed default net type 'wire' [e:/final_prj/final_prj_pl/final_prj_pl.gen/sources_1/ip/ila_2/hdl/verilog/xsdbm_v3_0_3_bs_core_vec.vh:452]
INFO: [Synth 8-11241] undeclared symbol 'tms_int', assumed default net type 'wire' [e:/final_prj/final_prj_pl/final_prj_pl.gen/sources_1/ip/ila_2/hdl/verilog/xsdbm_v3_0_3_bs_core_vec.vh:485]
INFO: [Synth 8-11241] undeclared symbol 'runtest_int', assumed default net type 'wire' [e:/final_prj/final_prj_pl/final_prj_pl.gen/sources_1/ip/ila_2/hdl/verilog/xsdbm_v3_0_3_bs_core_vec.vh:487]
INFO: [Synth 8-11241] undeclared symbol 'tms_int', assumed default net type 'wire' [e:/final_prj/final_prj_pl/final_prj_pl.gen/sources_1/ip/ila_2/hdl/verilog/xsdbm_v3_0_3_bs_core_vec.vh:30]
INFO: [Synth 8-11241] undeclared symbol 'runtest_int', assumed default net type 'wire' [e:/final_prj/final_prj_pl/final_prj_pl.gen/sources_1/ip/ila_2/hdl/verilog/xsdbm_v3_0_3_bs_core_vec.vh:32]
INFO: [Synth 8-11241] undeclared symbol 'tms_int', assumed default net type 'wire' [e:/final_prj/final_prj_pl/final_prj_pl.gen/sources_1/ip/ila_2/hdl/verilog/xsdbm_v3_0_3_bs_core_vec.vh:65]
INFO: [Synth 8-11241] undeclared symbol 'runtest_int', assumed default net type 'wire' [e:/final_prj/final_prj_pl/final_prj_pl.gen/sources_1/ip/ila_2/hdl/verilog/xsdbm_v3_0_3_bs_core_vec.vh:67]
INFO: [Synth 8-11241] undeclared symbol 'tms_int', assumed default net type 'wire' [e:/final_prj/final_prj_pl/final_prj_pl.gen/sources_1/ip/ila_2/hdl/verilog/xsdbm_v3_0_3_bs_core_vec.vh:100]
INFO: [Synth 8-11241] undeclared symbol 'runtest_int', assumed default net type 'wire' [e:/final_prj/final_prj_pl/final_prj_pl.gen/sources_1/ip/ila_2/hdl/verilog/xsdbm_v3_0_3_bs_core_vec.vh:102]
INFO: [Synth 8-11241] undeclared symbol 'tms_int', assumed default net type 'wire' [e:/final_prj/final_prj_pl/final_prj_pl.gen/sources_1/ip/ila_2/hdl/verilog/xsdbm_v3_0_3_bs_core_vec.vh:135]
INFO: [Synth 8-11241] undeclared symbol 'runtest_int', assumed default net type 'wire' [e:/final_prj/final_prj_pl/final_prj_pl.gen/sources_1/ip/ila_2/hdl/verilog/xsdbm_v3_0_3_bs_core_vec.vh:137]
INFO: [Synth 8-11241] undeclared symbol 'tms_int', assumed default net type 'wire' [e:/final_prj/final_prj_pl/final_prj_pl.gen/sources_1/ip/ila_2/hdl/verilog/xsdbm_v3_0_3_bs_core_vec.vh:170]
INFO: [Synth 8-11241] undeclared symbol 'runtest_int', assumed default net type 'wire' [e:/final_prj/final_prj_pl/final_prj_pl.gen/sources_1/ip/ila_2/hdl/verilog/xsdbm_v3_0_3_bs_core_vec.vh:172]
INFO: [Synth 8-11241] undeclared symbol 'tms_int', assumed default net type 'wire' [e:/final_prj/final_prj_pl/final_prj_pl.gen/sources_1/ip/ila_2/hdl/verilog/xsdbm_v3_0_3_bs_core_vec.vh:205]
INFO: [Synth 8-11241] undeclared symbol 'runtest_int', assumed default net type 'wire' [e:/final_prj/final_prj_pl/final_prj_pl.gen/sources_1/ip/ila_2/hdl/verilog/xsdbm_v3_0_3_bs_core_vec.vh:207]
INFO: [Synth 8-11241] undeclared symbol 'tms_int', assumed default net type 'wire' [e:/final_prj/final_prj_pl/final_prj_pl.gen/sources_1/ip/ila_2/hdl/verilog/xsdbm_v3_0_3_bs_core_vec.vh:240]
INFO: [Synth 8-11241] undeclared symbol 'runtest_int', assumed default net type 'wire' [e:/final_prj/final_prj_pl/final_prj_pl.gen/sources_1/ip/ila_2/hdl/verilog/xsdbm_v3_0_3_bs_core_vec.vh:242]
INFO: [Synth 8-11241] undeclared symbol 'tms_int', assumed default net type 'wire' [e:/final_prj/final_prj_pl/final_prj_pl.gen/sources_1/ip/ila_2/hdl/verilog/xsdbm_v3_0_3_bs_core_vec.vh:275]
INFO: [Synth 8-11241] undeclared symbol 'runtest_int', assumed default net type 'wire' [e:/final_prj/final_prj_pl/final_prj_pl.gen/sources_1/ip/ila_2/hdl/verilog/xsdbm_v3_0_3_bs_core_vec.vh:277]
INFO: [Common 17-14] Message 'Synth 8-11241' appears 100 times and further instances of the messages will be disabled. Use the Tcl command set_msg_config to change the current settings.
INFO: [Synth 8-6157] synthesizing module 'ila_2' [e:/final_prj/final_prj_pl/final_prj_pl.gen/sources_1/ip/ila_2/synth/ila_2.v:48]
INFO: [Synth 8-6157] synthesizing module 'CFGLUT5' [D:/Xilinx/Vivado/2024.2/scripts/rt/data/unisim_comp.v:3129]
INFO: [Synth 8-6155] done synthesizing module 'CFGLUT5' (0#1) [D:/Xilinx/Vivado/2024.2/scripts/rt/data/unisim_comp.v:3129]
INFO: [Synth 8-6157] synthesizing module 'CARRY4' [D:/Xilinx/Vivado/2024.2/scripts/rt/data/unisim_comp.v:3092]
INFO: [Synth 8-6155] done synthesizing module 'CARRY4' (0#1) [D:/Xilinx/Vivado/2024.2/scripts/rt/data/unisim_comp.v:3092]
INFO: [Synth 8-6157] synthesizing module 'SRLC32E' [D:/Xilinx/Vivado/2024.2/scripts/rt/data/unisim_comp.v:149195]
INFO: [Synth 8-6155] done synthesizing module 'SRLC32E' (0#1) [D:/Xilinx/Vivado/2024.2/scripts/rt/data/unisim_comp.v:149195]
INFO: [Synth 8-6157] synthesizing module 'SRL16E' [D:/Xilinx/Vivado/2024.2/scripts/rt/data/unisim_comp.v:149045]
INFO: [Synth 8-6155] done synthesizing module 'SRL16E' (0#1) [D:/Xilinx/Vivado/2024.2/scripts/rt/data/unisim_comp.v:149045]
INFO: [Synth 8-6157] synthesizing module 'SRLC16E' [D:/Xilinx/Vivado/2024.2/scripts/rt/data/unisim_comp.v:149134]
INFO: [Synth 8-6155] done synthesizing module 'SRLC16E' (0#1) [D:/Xilinx/Vivado/2024.2/scripts/rt/data/unisim_comp.v:149134]
INFO: [Synth 8-6157] synthesizing module 'FDRE' [D:/Xilinx/Vivado/2024.2/scripts/rt/data/unisim_comp.v:43188]
INFO: [Synth 8-6155] done synthesizing module 'FDRE' (0#1) [D:/Xilinx/Vivado/2024.2/scripts/rt/data/unisim_comp.v:43188]
WARNING: [Synth 8-7071] port 'clk_nobuf' of module 'ila_v6_2_17_ila' is unconnected for instance 'inst' [e:/final_prj/final_prj_pl/final_prj_pl.gen/sources_1/ip/ila_2/synth/ila_2.v:3251]
WARNING: [Synth 8-7071] port 'clkdiv_out' of module 'ila_v6_2_17_ila' is unconnected for instance 'inst' [e:/final_prj/final_prj_pl/final_prj_pl.gen/sources_1/ip/ila_2/synth/ila_2.v:3251]
WARNING: [Synth 8-7071] port 'trig_in' of module 'ila_v6_2_17_ila' is unconnected for instance 'inst' [e:/final_prj/final_prj_pl/final_prj_pl.gen/sources_1/ip/ila_2/synth/ila_2.v:3251]
WARNING: [Synth 8-7071] port 'trig_in_ack' of module 'ila_v6_2_17_ila' is unconnected for instance 'inst' [e:/final_prj/final_prj_pl/final_prj_pl.gen/sources_1/ip/ila_2/synth/ila_2.v:3251]
WARNING: [Synth 8-7071] port 'trig_out' of module 'ila_v6_2_17_ila' is unconnected for instance 'inst' [e:/final_prj/final_prj_pl/final_prj_pl.gen/sources_1/ip/ila_2/synth/ila_2.v:3251]
WARNING: [Synth 8-7071] port 'trig_out_ack' of module 'ila_v6_2_17_ila' is unconnected for instance 'inst' [e:/final_prj/final_prj_pl/final_prj_pl.gen/sources_1/ip/ila_2/synth/ila_2.v:3251]
WARNING: [Synth 8-7023] instance 'inst' of module 'ila_v6_2_17_ila' has 1033 connections declared, but only 1027 given [e:/final_prj/final_prj_pl/final_prj_pl.gen/sources_1/ip/ila_2/synth/ila_2.v:3251]
INFO: [Synth 8-6155] done synthesizing module 'ila_2' (0#1) [e:/final_prj/final_prj_pl/final_prj_pl.gen/sources_1/ip/ila_2/synth/ila_2.v:48]
WARNING: [Synth 8-3848] Net sl_iport0 in module/entity ila_2 does not have driver. [e:/final_prj/final_prj_pl/final_prj_pl.gen/sources_1/ip/ila_2/synth/ila_2.v:140]
WARNING: [Synth 8-7129] Port CLKB in module blk_mem_gen_v8_4_10_blk_mem_output_block is either unconnected or has no load
WARNING: [Synth 8-7129] Port DOUTA_I[116] in module blk_mem_gen_v8_4_10_blk_mem_output_block is either unconnected or has no load
WARNING: [Synth 8-7129] Port DOUTA_I[115] in module blk_mem_gen_v8_4_10_blk_mem_output_block is either unconnected or has no load
WARNING: [Synth 8-7129] Port DOUTA_I[114] in module blk_mem_gen_v8_4_10_blk_mem_output_block is either unconnected or has no load
WARNING: [Synth 8-7129] Port DOUTA_I[113] in module blk_mem_gen_v8_4_10_blk_mem_output_block is either unconnected or has no load
WARNING: [Synth 8-7129] Port DOUTA_I[112] in module blk_mem_gen_v8_4_10_blk_mem_output_block is either unconnected or has no load
WARNING: [Synth 8-7129] Port DOUTA_I[111] in module blk_mem_gen_v8_4_10_blk_mem_output_block is either unconnected or has no load
WARNING: [Synth 8-7129] Port DOUTA_I[110] in module blk_mem_gen_v8_4_10_blk_mem_output_block is either unconnected or has no load
WARNING: [Synth 8-7129] Port DOUTA_I[109] in module blk_mem_gen_v8_4_10_blk_mem_output_block is either unconnected or has no load
WARNING: [Synth 8-7129] Port DOUTA_I[108] in module blk_mem_gen_v8_4_10_blk_mem_output_block is either unconnected or has no load
WARNING: [Synth 8-7129] Port DOUTA_I[107] in module blk_mem_gen_v8_4_10_blk_mem_output_block is either unconnected or has no load
WARNING: [Synth 8-7129] Port DOUTA_I[106] in module blk_mem_gen_v8_4_10_blk_mem_output_block is either unconnected or has no load
WARNING: [Synth 8-7129] Port DOUTA_I[105] in module blk_mem_gen_v8_4_10_blk_mem_output_block is either unconnected or has no load
WARNING: [Synth 8-7129] Port DOUTA_I[104] in module blk_mem_gen_v8_4_10_blk_mem_output_block is either unconnected or has no load
WARNING: [Synth 8-7129] Port DOUTA_I[103] in module blk_mem_gen_v8_4_10_blk_mem_output_block is either unconnected or has no load
WARNING: [Synth 8-7129] Port DOUTA_I[102] in module blk_mem_gen_v8_4_10_blk_mem_output_block is either unconnected or has no load
WARNING: [Synth 8-7129] Port DOUTA_I[101] in module blk_mem_gen_v8_4_10_blk_mem_output_block is either unconnected or has no load
WARNING: [Synth 8-7129] Port DOUTA_I[100] in module blk_mem_gen_v8_4_10_blk_mem_output_block is either unconnected or has no load
WARNING: [Synth 8-7129] Port DOUTA_I[99] in module blk_mem_gen_v8_4_10_blk_mem_output_block is either unconnected or has no load
WARNING: [Synth 8-7129] Port DOUTA_I[98] in module blk_mem_gen_v8_4_10_blk_mem_output_block is either unconnected or has no load
WARNING: [Synth 8-7129] Port DOUTA_I[97] in module blk_mem_gen_v8_4_10_blk_mem_output_block is either unconnected or has no load
WARNING: [Synth 8-7129] Port DOUTA_I[96] in module blk_mem_gen_v8_4_10_blk_mem_output_block is either unconnected or has no load
WARNING: [Synth 8-7129] Port DOUTA_I[95] in module blk_mem_gen_v8_4_10_blk_mem_output_block is either unconnected or has no load
WARNING: [Synth 8-7129] Port DOUTA_I[94] in module blk_mem_gen_v8_4_10_blk_mem_output_block is either unconnected or has no load
WARNING: [Synth 8-7129] Port DOUTA_I[93] in module blk_mem_gen_v8_4_10_blk_mem_output_block is either unconnected or has no load
WARNING: [Synth 8-7129] Port DOUTA_I[92] in module blk_mem_gen_v8_4_10_blk_mem_output_block is either unconnected or has no load
WARNING: [Synth 8-7129] Port DOUTA_I[91] in module blk_mem_gen_v8_4_10_blk_mem_output_block is either unconnected or has no load
WARNING: [Synth 8-7129] Port DOUTA_I[90] in module blk_mem_gen_v8_4_10_blk_mem_output_block is either unconnected or has no load
WARNING: [Synth 8-7129] Port DOUTA_I[89] in module blk_mem_gen_v8_4_10_blk_mem_output_block is either unconnected or has no load
WARNING: [Synth 8-7129] Port DOUTA_I[88] in module blk_mem_gen_v8_4_10_blk_mem_output_block is either unconnected or has no load
WARNING: [Synth 8-7129] Port DOUTA_I[87] in module blk_mem_gen_v8_4_10_blk_mem_output_block is either unconnected or has no load
WARNING: [Synth 8-7129] Port DOUTA_I[86] in module blk_mem_gen_v8_4_10_blk_mem_output_block is either unconnected or has no load
WARNING: [Synth 8-7129] Port DOUTA_I[85] in module blk_mem_gen_v8_4_10_blk_mem_output_block is either unconnected or has no load
WARNING: [Synth 8-7129] Port DOUTA_I[84] in module blk_mem_gen_v8_4_10_blk_mem_output_block is either unconnected or has no load
WARNING: [Synth 8-7129] Port DOUTA_I[83] in module blk_mem_gen_v8_4_10_blk_mem_output_block is either unconnected or has no load
WARNING: [Synth 8-7129] Port DOUTA_I[82] in module blk_mem_gen_v8_4_10_blk_mem_output_block is either unconnected or has no load
WARNING: [Synth 8-7129] Port DOUTA_I[81] in module blk_mem_gen_v8_4_10_blk_mem_output_block is either unconnected or has no load
WARNING: [Synth 8-7129] Port DOUTA_I[80] in module blk_mem_gen_v8_4_10_blk_mem_output_block is either unconnected or has no load
WARNING: [Synth 8-7129] Port DOUTA_I[79] in module blk_mem_gen_v8_4_10_blk_mem_output_block is either unconnected or has no load
WARNING: [Synth 8-7129] Port DOUTA_I[78] in module blk_mem_gen_v8_4_10_blk_mem_output_block is either unconnected or has no load
WARNING: [Synth 8-7129] Port DOUTA_I[77] in module blk_mem_gen_v8_4_10_blk_mem_output_block is either unconnected or has no load
WARNING: [Synth 8-7129] Port DOUTA_I[76] in module blk_mem_gen_v8_4_10_blk_mem_output_block is either unconnected or has no load
WARNING: [Synth 8-7129] Port DOUTA_I[75] in module blk_mem_gen_v8_4_10_blk_mem_output_block is either unconnected or has no load
WARNING: [Synth 8-7129] Port DOUTA_I[74] in module blk_mem_gen_v8_4_10_blk_mem_output_block is either unconnected or has no load
WARNING: [Synth 8-7129] Port DOUTA_I[73] in module blk_mem_gen_v8_4_10_blk_mem_output_block is either unconnected or has no load
WARNING: [Synth 8-7129] Port DOUTA_I[72] in module blk_mem_gen_v8_4_10_blk_mem_output_block is either unconnected or has no load
WARNING: [Synth 8-7129] Port DOUTA_I[71] in module blk_mem_gen_v8_4_10_blk_mem_output_block is either unconnected or has no load
WARNING: [Synth 8-7129] Port DOUTA_I[70] in module blk_mem_gen_v8_4_10_blk_mem_output_block is either unconnected or has no load
WARNING: [Synth 8-7129] Port DOUTA_I[69] in module blk_mem_gen_v8_4_10_blk_mem_output_block is either unconnected or has no load
WARNING: [Synth 8-7129] Port DOUTA_I[68] in module blk_mem_gen_v8_4_10_blk_mem_output_block is either unconnected or has no load
WARNING: [Synth 8-7129] Port DOUTA_I[67] in module blk_mem_gen_v8_4_10_blk_mem_output_block is either unconnected or has no load
WARNING: [Synth 8-7129] Port DOUTA_I[66] in module blk_mem_gen_v8_4_10_blk_mem_output_block is either unconnected or has no load
WARNING: [Synth 8-7129] Port DOUTA_I[65] in module blk_mem_gen_v8_4_10_blk_mem_output_block is either unconnected or has no load
WARNING: [Synth 8-7129] Port DOUTA_I[64] in module blk_mem_gen_v8_4_10_blk_mem_output_block is either unconnected or has no load
WARNING: [Synth 8-7129] Port DOUTA_I[63] in module blk_mem_gen_v8_4_10_blk_mem_output_block is either unconnected or has no load
WARNING: [Synth 8-7129] Port DOUTA_I[62] in module blk_mem_gen_v8_4_10_blk_mem_output_block is either unconnected or has no load
WARNING: [Synth 8-7129] Port DOUTA_I[61] in module blk_mem_gen_v8_4_10_blk_mem_output_block is either unconnected or has no load
WARNING: [Synth 8-7129] Port DOUTA_I[60] in module blk_mem_gen_v8_4_10_blk_mem_output_block is either unconnected or has no load
WARNING: [Synth 8-7129] Port DOUTA_I[59] in module blk_mem_gen_v8_4_10_blk_mem_output_block is either unconnected or has no load
WARNING: [Synth 8-7129] Port DOUTA_I[58] in module blk_mem_gen_v8_4_10_blk_mem_output_block is either unconnected or has no load
WARNING: [Synth 8-7129] Port DOUTA_I[57] in module blk_mem_gen_v8_4_10_blk_mem_output_block is either unconnected or has no load
WARNING: [Synth 8-7129] Port DOUTA_I[56] in module blk_mem_gen_v8_4_10_blk_mem_output_block is either unconnected or has no load
WARNING: [Synth 8-7129] Port DOUTA_I[55] in module blk_mem_gen_v8_4_10_blk_mem_output_block is either unconnected or has no load
WARNING: [Synth 8-7129] Port DOUTA_I[54] in module blk_mem_gen_v8_4_10_blk_mem_output_block is either unconnected or has no load
WARNING: [Synth 8-7129] Port DOUTA_I[53] in module blk_mem_gen_v8_4_10_blk_mem_output_block is either unconnected or has no load
WARNING: [Synth 8-7129] Port DOUTA_I[52] in module blk_mem_gen_v8_4_10_blk_mem_output_block is either unconnected or has no load
WARNING: [Synth 8-7129] Port DOUTA_I[51] in module blk_mem_gen_v8_4_10_blk_mem_output_block is either unconnected or has no load
WARNING: [Synth 8-7129] Port DOUTA_I[50] in module blk_mem_gen_v8_4_10_blk_mem_output_block is either unconnected or has no load
WARNING: [Synth 8-7129] Port DOUTA_I[49] in module blk_mem_gen_v8_4_10_blk_mem_output_block is either unconnected or has no load
WARNING: [Synth 8-7129] Port DOUTA_I[48] in module blk_mem_gen_v8_4_10_blk_mem_output_block is either unconnected or has no load
WARNING: [Synth 8-7129] Port DOUTA_I[47] in module blk_mem_gen_v8_4_10_blk_mem_output_block is either unconnected or has no load
WARNING: [Synth 8-7129] Port DOUTA_I[46] in module blk_mem_gen_v8_4_10_blk_mem_output_block is either unconnected or has no load
WARNING: [Synth 8-7129] Port DOUTA_I[45] in module blk_mem_gen_v8_4_10_blk_mem_output_block is either unconnected or has no load
WARNING: [Synth 8-7129] Port DOUTA_I[44] in module blk_mem_gen_v8_4_10_blk_mem_output_block is either unconnected or has no load
WARNING: [Synth 8-7129] Port DOUTA_I[43] in module blk_mem_gen_v8_4_10_blk_mem_output_block is either unconnected or has no load
WARNING: [Synth 8-7129] Port DOUTA_I[42] in module blk_mem_gen_v8_4_10_blk_mem_output_block is either unconnected or has no load
WARNING: [Synth 8-7129] Port DOUTA_I[41] in module blk_mem_gen_v8_4_10_blk_mem_output_block is either unconnected or has no load
WARNING: [Synth 8-7129] Port DOUTA_I[40] in module blk_mem_gen_v8_4_10_blk_mem_output_block is either unconnected or has no load
WARNING: [Synth 8-7129] Port DOUTA_I[39] in module blk_mem_gen_v8_4_10_blk_mem_output_block is either unconnected or has no load
WARNING: [Synth 8-7129] Port DOUTA_I[38] in module blk_mem_gen_v8_4_10_blk_mem_output_block is either unconnected or has no load
WARNING: [Synth 8-7129] Port DOUTA_I[37] in module blk_mem_gen_v8_4_10_blk_mem_output_block is either unconnected or has no load
WARNING: [Synth 8-7129] Port DOUTA_I[36] in module blk_mem_gen_v8_4_10_blk_mem_output_block is either unconnected or has no load
WARNING: [Synth 8-7129] Port DOUTA_I[35] in module blk_mem_gen_v8_4_10_blk_mem_output_block is either unconnected or has no load
WARNING: [Synth 8-7129] Port DOUTA_I[34] in module blk_mem_gen_v8_4_10_blk_mem_output_block is either unconnected or has no load
WARNING: [Synth 8-7129] Port DOUTA_I[33] in module blk_mem_gen_v8_4_10_blk_mem_output_block is either unconnected or has no load
WARNING: [Synth 8-7129] Port DOUTA_I[32] in module blk_mem_gen_v8_4_10_blk_mem_output_block is either unconnected or has no load
WARNING: [Synth 8-7129] Port DOUTA_I[31] in module blk_mem_gen_v8_4_10_blk_mem_output_block is either unconnected or has no load
WARNING: [Synth 8-7129] Port DOUTA_I[30] in module blk_mem_gen_v8_4_10_blk_mem_output_block is either unconnected or has no load
WARNING: [Synth 8-7129] Port DOUTA_I[29] in module blk_mem_gen_v8_4_10_blk_mem_output_block is either unconnected or has no load
WARNING: [Synth 8-7129] Port DOUTA_I[28] in module blk_mem_gen_v8_4_10_blk_mem_output_block is either unconnected or has no load
WARNING: [Synth 8-7129] Port DOUTA_I[27] in module blk_mem_gen_v8_4_10_blk_mem_output_block is either unconnected or has no load
WARNING: [Synth 8-7129] Port DOUTA_I[26] in module blk_mem_gen_v8_4_10_blk_mem_output_block is either unconnected or has no load
WARNING: [Synth 8-7129] Port DOUTA_I[25] in module blk_mem_gen_v8_4_10_blk_mem_output_block is either unconnected or has no load
WARNING: [Synth 8-7129] Port DOUTA_I[24] in module blk_mem_gen_v8_4_10_blk_mem_output_block is either unconnected or has no load
WARNING: [Synth 8-7129] Port DOUTA_I[23] in module blk_mem_gen_v8_4_10_blk_mem_output_block is either unconnected or has no load
WARNING: [Synth 8-7129] Port DOUTA_I[22] in module blk_mem_gen_v8_4_10_blk_mem_output_block is either unconnected or has no load
WARNING: [Synth 8-7129] Port DOUTA_I[21] in module blk_mem_gen_v8_4_10_blk_mem_output_block is either unconnected or has no load
WARNING: [Synth 8-7129] Port DOUTA_I[20] in module blk_mem_gen_v8_4_10_blk_mem_output_block is either unconnected or has no load
WARNING: [Synth 8-7129] Port DOUTA_I[19] in module blk_mem_gen_v8_4_10_blk_mem_output_block is either unconnected or has no load
WARNING: [Synth 8-7129] Port DOUTA_I[18] in module blk_mem_gen_v8_4_10_blk_mem_output_block is either unconnected or has no load
INFO: [Common 17-14] Message 'Synth 8-7129' appears 100 times and further instances of the messages will be disabled. Use the Tcl command set_msg_config to change the current settings.
---------------------------------------------------------------------------------
Finished RTL Elaboration : Time (s): cpu = 00:00:21 ; elapsed = 00:00:24 . Memory (MB): peak = 2451.391 ; gain = 737.367
---------------------------------------------------------------------------------
---------------------------------------------------------------------------------
Start Handling Custom Attributes
---------------------------------------------------------------------------------
---------------------------------------------------------------------------------
Finished Handling Custom Attributes : Time (s): cpu = 00:00:21 ; elapsed = 00:00:24 . Memory (MB): peak = 2451.391 ; gain = 737.367
---------------------------------------------------------------------------------
---------------------------------------------------------------------------------
Finished RTL Optimization Phase 1 : Time (s): cpu = 00:00:21 ; elapsed = 00:00:24 . Memory (MB): peak = 2451.391 ; gain = 737.367
---------------------------------------------------------------------------------
Netlist sorting complete. Time (s): cpu = 00:00:00 ; elapsed = 00:00:00.090 . Memory (MB): peak = 2451.391 ; gain = 0.000
INFO: [Netlist 29-17] Analyzing 252 Unisim elements for replacement
INFO: [Netlist 29-28] Unisim Transformation completed in 0 CPU seconds
INFO: [Project 1-570] Preparing netlist for logic optimization

Processing XDC Constraints
Initializing timing engine
Parsing XDC File [e:/final_prj/final_prj_pl/final_prj_pl.gen/sources_1/ip/ila_2/ila_2_ooc.xdc] for cell 'inst'
Finished Parsing XDC File [e:/final_prj/final_prj_pl/final_prj_pl.gen/sources_1/ip/ila_2/ila_2_ooc.xdc] for cell 'inst'
Parsing XDC File [e:/final_prj/final_prj_pl/final_prj_pl.gen/sources_1/ip/ila_2/ila_v6_2/constraints/ila.xdc] for cell 'inst'
Finished Parsing XDC File [e:/final_prj/final_prj_pl/final_prj_pl.gen/sources_1/ip/ila_2/ila_v6_2/constraints/ila.xdc] for cell 'inst'
INFO: [Project 1-236] Implementation specific constraints were found while reading constraint file [e:/final_prj/final_prj_pl/final_prj_pl.gen/sources_1/ip/ila_2/ila_v6_2/constraints/ila.xdc]. These constraints will be ignored for synthesis but will be used in implementation. Impacted constraints are listed in the file [.Xil/ila_2_propImpl.xdc].
Resolution: To avoid this warning, move constraints listed in [.Xil/ila_2_propImpl.xdc] to another XDC file and exclude this new file from synthesis with the used_in_synthesis property (File Properties dialog in GUI) and re-run elaboration/synthesis.
Parsing XDC File [E:/final_prj/final_prj_pl/final_prj_pl.runs/ila_2_synth_1/dont_touch.xdc]
Finished Parsing XDC File [E:/final_prj/final_prj_pl/final_prj_pl.runs/ila_2_synth_1/dont_touch.xdc]
Completed Processing XDC Constraints

Netlist sorting complete. Time (s): cpu = 00:00:00 ; elapsed = 00:00:00.001 . Memory (MB): peak = 2485.516 ; gain = 0.000
INFO: [Project 1-111] Unisim Transformation Summary:
  A total of 186 instances were transformed.
  CFGLUT5 => CFGLUT5 (SRL16E, SRLC32E): 160 instances
  CFGLUT5 => SRLC32E: 26 instances

Constraint Validation Runtime : Time (s): cpu = 00:00:00 ; elapsed = 00:00:00.105 . Memory (MB): peak = 2490.820 ; gain = 5.305
INFO: [Designutils 20-5008] Incremental synthesis strategy off
---------------------------------------------------------------------------------
Finished Constraint Validation : Time (s): cpu = 00:00:33 ; elapsed = 00:00:36 . Memory (MB): peak = 2490.820 ; gain = 776.797
---------------------------------------------------------------------------------
---------------------------------------------------------------------------------
Start Loading Part and Timing Information
---------------------------------------------------------------------------------
Loading part: xczu9eg-ffvb1156-2-i
INFO: [Synth 8-6742] Reading net delay rules and data
---------------------------------------------------------------------------------
Finished Loading Part and Timing Information : Time (s): cpu = 00:00:33 ; elapsed = 00:00:36 . Memory (MB): peak = 2490.820 ; gain = 776.797
---------------------------------------------------------------------------------
---------------------------------------------------------------------------------
Start Applying 'set_property' XDC Constraints
---------------------------------------------------------------------------------
Applied set_property KEEP_HIERARCHY = SOFT for inst. (constraint file  E:/final_prj/final_prj_pl/final_prj_pl.runs/ila_2_synth_1/dont_touch.xdc, line 9).
---------------------------------------------------------------------------------
Finished applying 'set_property' XDC Constraints : Time (s): cpu = 00:00:33 ; elapsed = 00:00:36 . Memory (MB): peak = 2490.820 ; gain = 776.797
---------------------------------------------------------------------------------
INFO: [Synth 8-802] inferred FSM for state register 'current_state_reg' in module 'xsdbs_v1_0_4_reg_p2s'
INFO: [Synth 8-802] inferred FSM for state register 'current_state_reg' in module 'xsdbs_v1_0_4_reg_p2s__parameterized0'
INFO: [Synth 8-802] inferred FSM for state register 'current_state_reg' in module 'xsdbs_v1_0_4_reg_p2s__parameterized1'
INFO: [Synth 8-802] inferred FSM for state register 'current_state_reg' in module 'xsdbs_v1_0_4_reg_p2s__parameterized2'
INFO: [Synth 8-802] inferred FSM for state register 'current_state_reg' in module 'xsdbs_v1_0_4_reg_p2s__parameterized3'
INFO: [Synth 8-802] inferred FSM for state register 'current_state_reg' in module 'xsdbs_v1_0_4_reg_p2s__parameterized4'
INFO: [Synth 8-802] inferred FSM for state register 'current_state_reg' in module 'xsdbs_v1_0_4_reg_p2s__parameterized5'
INFO: [Synth 8-802] inferred FSM for state register 'current_state_reg' in module 'xsdbs_v1_0_4_reg_p2s__parameterized6'
INFO: [Synth 8-802] inferred FSM for state register 'current_state_reg' in module 'xsdbs_v1_0_4_reg_p2s__parameterized7'
INFO: [Synth 8-802] inferred FSM for state register 'current_state_reg' in module 'xsdbs_v1_0_4_reg_p2s__parameterized8'
INFO: [Synth 8-802] inferred FSM for state register 'current_state_reg' in module 'xsdbs_v1_0_4_reg_p2s__parameterized9'
INFO: [Synth 8-802] inferred FSM for state register 'current_state_reg' in module 'xsdbs_v1_0_4_reg_p2s__parameterized10'
INFO: [Synth 8-802] inferred FSM for state register 'current_state_reg' in module 'xsdbs_v1_0_4_reg_p2s__parameterized11'
INFO: [Synth 8-802] inferred FSM for state register 'current_state_reg' in module 'xsdbs_v1_0_4_reg_p2s__parameterized12'
INFO: [Synth 8-802] inferred FSM for state register 'current_state_reg' in module 'xsdbs_v1_0_4_reg_p2s__parameterized13'
INFO: [Synth 8-802] inferred FSM for state register 'current_state_reg' in module 'xsdbs_v1_0_4_reg_p2s__parameterized14'
INFO: [Synth 8-802] inferred FSM for state register 'current_state_reg' in module 'xsdbs_v1_0_4_reg_p2s__parameterized15'
INFO: [Synth 8-802] inferred FSM for state register 'current_state_reg' in module 'xsdbs_v1_0_4_reg_p2s__parameterized16'
INFO: [Synth 8-802] inferred FSM for state register 'current_state_reg' in module 'xsdbs_v1_0_4_reg_p2s__parameterized17'
INFO: [Synth 8-802] inferred FSM for state register 'current_state_reg' in module 'xsdbs_v1_0_4_reg_p2s__parameterized18'
INFO: [Synth 8-802] inferred FSM for state register 'current_state_reg' in module 'xsdbs_v1_0_4_reg_p2s__parameterized19'
INFO: [Synth 8-802] inferred FSM for state register 'current_state_reg' in module 'xsdbs_v1_0_4_reg_p2s__parameterized20'
INFO: [Synth 8-802] inferred FSM for state register 'current_state_reg' in module 'xsdbs_v1_0_4_reg_p2s__parameterized21'
INFO: [Synth 8-802] inferred FSM for state register 'current_state_reg' in module 'xsdbs_v1_0_4_reg_p2s__parameterized22'
INFO: [Synth 8-802] inferred FSM for state register 'current_state_reg' in module 'ltlib_v1_0_2_generic_memrd'
---------------------------------------------------------------------------------------------------
                   State |                     New Encoding |                Previous Encoding 
---------------------------------------------------------------------------------------------------
*
                    IDLE |                             0001 |                             0001
                     REG |                             0010 |                             0010
                     P2S |                             0100 |                             0100
                     S2P |                             1000 |                             1000
---------------------------------------------------------------------------------------------------
INFO: [Synth 8-3898] No Re-encoding of one hot register 'current_state_reg' in module 'xsdbs_v1_0_4_reg_p2s'
---------------------------------------------------------------------------------------------------
                   State |                     New Encoding |                Previous Encoding 
---------------------------------------------------------------------------------------------------
*
                    IDLE |                             0001 |                             0001
                     REG |                             0010 |                             0010
                     P2S |                             0100 |                             0100
                     S2P |                             1000 |                             1000
---------------------------------------------------------------------------------------------------
INFO: [Synth 8-3898] No Re-encoding of one hot register 'current_state_reg' in module 'xsdbs_v1_0_4_reg_p2s__parameterized0'
---------------------------------------------------------------------------------------------------
                   State |                     New Encoding |                Previous Encoding 
---------------------------------------------------------------------------------------------------
*
                    IDLE |                             0001 |                             0001
                     REG |                             0010 |                             0010
                     P2S |                             0100 |                             0100
                     S2P |                             1000 |                             1000
---------------------------------------------------------------------------------------------------
INFO: [Synth 8-3898] No Re-encoding of one hot register 'current_state_reg' in module 'xsdbs_v1_0_4_reg_p2s__parameterized1'
---------------------------------------------------------------------------------------------------
                   State |                     New Encoding |                Previous Encoding 
---------------------------------------------------------------------------------------------------
*
                    IDLE |                             0001 |                             0001
                     REG |                             0010 |                             0010
                     P2S |                             0100 |                             0100
                     S2P |                             1000 |                             1000
---------------------------------------------------------------------------------------------------
INFO: [Synth 8-3898] No Re-encoding of one hot register 'current_state_reg' in module 'xsdbs_v1_0_4_reg_p2s__parameterized2'
---------------------------------------------------------------------------------------------------
                   State |                     New Encoding |                Previous Encoding 
---------------------------------------------------------------------------------------------------
*
                    IDLE |                             0001 |                             0001
                     REG |                             0010 |                             0010
                     P2S |                             0100 |                             0100
                     S2P |                             1000 |                             1000
---------------------------------------------------------------------------------------------------
INFO: [Synth 8-3898] No Re-encoding of one hot register 'current_state_reg' in module 'xsdbs_v1_0_4_reg_p2s__parameterized3'
---------------------------------------------------------------------------------------------------
                   State |                     New Encoding |                Previous Encoding 
---------------------------------------------------------------------------------------------------
*
                    IDLE |                             0001 |                             0001
                     REG |                             0010 |                             0010
                     P2S |                             0100 |                             0100
                     S2P |                             1000 |                             1000
---------------------------------------------------------------------------------------------------
INFO: [Synth 8-3898] No Re-encoding of one hot register 'current_state_reg' in module 'xsdbs_v1_0_4_reg_p2s__parameterized4'
---------------------------------------------------------------------------------------------------
                   State |                     New Encoding |                Previous Encoding 
---------------------------------------------------------------------------------------------------
*
                    IDLE |                             0001 |                             0001
                     REG |                             0010 |                             0010
                     P2S |                             0100 |                             0100
                     S2P |                             1000 |                             1000
---------------------------------------------------------------------------------------------------
INFO: [Synth 8-3898] No Re-encoding of one hot register 'current_state_reg' in module 'xsdbs_v1_0_4_reg_p2s__parameterized5'
---------------------------------------------------------------------------------------------------
                   State |                     New Encoding |                Previous Encoding 
---------------------------------------------------------------------------------------------------
*
                    IDLE |                             0001 |                             0001
                     REG |                             0010 |                             0010
                     P2S |                             0100 |                             0100
                     S2P |                             1000 |                             1000
---------------------------------------------------------------------------------------------------
INFO: [Synth 8-3898] No Re-encoding of one hot register 'current_state_reg' in module 'xsdbs_v1_0_4_reg_p2s__parameterized6'
---------------------------------------------------------------------------------------------------
                   State |                     New Encoding |                Previous Encoding 
---------------------------------------------------------------------------------------------------
*
                    IDLE |                             0001 |                             0001
                     REG |                             0010 |                             0010
                     P2S |                             0100 |                             0100
                     S2P |                             1000 |                             1000
---------------------------------------------------------------------------------------------------
INFO: [Synth 8-3898] No Re-encoding of one hot register 'current_state_reg' in module 'xsdbs_v1_0_4_reg_p2s__parameterized7'
---------------------------------------------------------------------------------------------------
                   State |                     New Encoding |                Previous Encoding 
---------------------------------------------------------------------------------------------------
*
                    IDLE |                             0001 |                             0001
                     REG |                             0010 |                             0010
                     P2S |                             0100 |                             0100
                     S2P |                             1000 |                             1000
---------------------------------------------------------------------------------------------------
INFO: [Synth 8-3898] No Re-encoding of one hot register 'current_state_reg' in module 'xsdbs_v1_0_4_reg_p2s__parameterized8'
---------------------------------------------------------------------------------------------------
                   State |                     New Encoding |                Previous Encoding 
---------------------------------------------------------------------------------------------------
*
                    IDLE |                             0001 |                             0001
                     REG |                             0010 |                             0010
                     P2S |                             0100 |                             0100
                     S2P |                             1000 |                             1000
---------------------------------------------------------------------------------------------------
INFO: [Synth 8-3898] No Re-encoding of one hot register 'current_state_reg' in module 'xsdbs_v1_0_4_reg_p2s__parameterized9'
---------------------------------------------------------------------------------------------------
                   State |                     New Encoding |                Previous Encoding 
---------------------------------------------------------------------------------------------------
*
                    IDLE |                             0001 |                             0001
                     REG |                             0010 |                             0010
                     P2S |                             0100 |                             0100
                     S2P |                             1000 |                             1000
---------------------------------------------------------------------------------------------------
INFO: [Synth 8-3898] No Re-encoding of one hot register 'current_state_reg' in module 'xsdbs_v1_0_4_reg_p2s__parameterized10'
---------------------------------------------------------------------------------------------------
                   State |                     New Encoding |                Previous Encoding 
---------------------------------------------------------------------------------------------------
*
                    IDLE |                             0001 |                             0001
                     REG |                             0010 |                             0010
                     P2S |                             0100 |                             0100
                     S2P |                             1000 |                             1000
---------------------------------------------------------------------------------------------------
INFO: [Synth 8-3898] No Re-encoding of one hot register 'current_state_reg' in module 'xsdbs_v1_0_4_reg_p2s__parameterized11'
---------------------------------------------------------------------------------------------------
                   State |                     New Encoding |                Previous Encoding 
---------------------------------------------------------------------------------------------------
*
                    IDLE |                             0001 |                             0001
                     REG |                             0010 |                             0010
                     P2S |                             0100 |                             0100
                     S2P |                             1000 |                             1000
---------------------------------------------------------------------------------------------------
INFO: [Synth 8-3898] No Re-encoding of one hot register 'current_state_reg' in module 'xsdbs_v1_0_4_reg_p2s__parameterized12'
---------------------------------------------------------------------------------------------------
                   State |                     New Encoding |                Previous Encoding 
---------------------------------------------------------------------------------------------------
*
                    IDLE |                             0001 |                             0001
                     REG |                             0010 |                             0010
                     P2S |                             0100 |                             0100
                     S2P |                             1000 |                             1000
---------------------------------------------------------------------------------------------------
INFO: [Synth 8-3898] No Re-encoding of one hot register 'current_state_reg' in module 'xsdbs_v1_0_4_reg_p2s__parameterized13'
---------------------------------------------------------------------------------------------------
                   State |                     New Encoding |                Previous Encoding 
---------------------------------------------------------------------------------------------------
*
                    IDLE |                             0001 |                             0001
                     REG |                             0010 |                             0010
                     P2S |                             0100 |                             0100
                     S2P |                             1000 |                             1000
---------------------------------------------------------------------------------------------------
INFO: [Synth 8-3898] No Re-encoding of one hot register 'current_state_reg' in module 'xsdbs_v1_0_4_reg_p2s__parameterized14'
---------------------------------------------------------------------------------------------------
                   State |                     New Encoding |                Previous Encoding 
---------------------------------------------------------------------------------------------------
*
                    IDLE |                             0001 |                             0001
                     REG |                             0010 |                             0010
                     P2S |                             0100 |                             0100
                     S2P |                             1000 |                             1000
---------------------------------------------------------------------------------------------------
INFO: [Synth 8-3898] No Re-encoding of one hot register 'current_state_reg' in module 'xsdbs_v1_0_4_reg_p2s__parameterized15'
---------------------------------------------------------------------------------------------------
                   State |                     New Encoding |                Previous Encoding 
---------------------------------------------------------------------------------------------------
*
                    IDLE |                             0001 |                             0001
                     REG |                             0010 |                             0010
                     P2S |                             0100 |                             0100
                     S2P |                             1000 |                             1000
---------------------------------------------------------------------------------------------------
INFO: [Synth 8-3898] No Re-encoding of one hot register 'current_state_reg' in module 'xsdbs_v1_0_4_reg_p2s__parameterized16'
---------------------------------------------------------------------------------------------------
                   State |                     New Encoding |                Previous Encoding 
---------------------------------------------------------------------------------------------------
*
                    IDLE |                             0001 |                             0001
                     REG |                             0010 |                             0010
                     P2S |                             0100 |                             0100
                     S2P |                             1000 |                             1000
---------------------------------------------------------------------------------------------------
INFO: [Synth 8-3898] No Re-encoding of one hot register 'current_state_reg' in module 'xsdbs_v1_0_4_reg_p2s__parameterized17'
---------------------------------------------------------------------------------------------------
                   State |                     New Encoding |                Previous Encoding 
---------------------------------------------------------------------------------------------------
*
                    IDLE |                             0001 |                             0001
                     REG |                             0010 |                             0010
                     P2S |                             0100 |                             0100
                     S2P |                             1000 |                             1000
---------------------------------------------------------------------------------------------------
INFO: [Synth 8-3898] No Re-encoding of one hot register 'current_state_reg' in module 'xsdbs_v1_0_4_reg_p2s__parameterized18'
---------------------------------------------------------------------------------------------------
                   State |                     New Encoding |                Previous Encoding 
---------------------------------------------------------------------------------------------------
*
                    IDLE |                             0001 |                             0001
                     REG |                             0010 |                             0010
                     P2S |                             0100 |                             0100
                     S2P |                             1000 |                             1000
---------------------------------------------------------------------------------------------------
INFO: [Synth 8-3898] No Re-encoding of one hot register 'current_state_reg' in module 'xsdbs_v1_0_4_reg_p2s__parameterized19'
---------------------------------------------------------------------------------------------------
                   State |                     New Encoding |                Previous Encoding 
---------------------------------------------------------------------------------------------------
*
                    IDLE |                             0001 |                             0001
                     REG |                             0010 |                             0010
                     P2S |                             0100 |                             0100
                     S2P |                             1000 |                             1000
---------------------------------------------------------------------------------------------------
INFO: [Synth 8-3898] No Re-encoding of one hot register 'current_state_reg' in module 'xsdbs_v1_0_4_reg_p2s__parameterized20'
---------------------------------------------------------------------------------------------------
                   State |                     New Encoding |                Previous Encoding 
---------------------------------------------------------------------------------------------------
*
                    IDLE |                             0001 |                             0001
                     REG |                             0010 |                             0010
                     P2S |                             0100 |                             0100
                     S2P |                             1000 |                             1000
---------------------------------------------------------------------------------------------------
INFO: [Synth 8-3898] No Re-encoding of one hot register 'current_state_reg' in module 'xsdbs_v1_0_4_reg_p2s__parameterized21'
---------------------------------------------------------------------------------------------------
                   State |                     New Encoding |                Previous Encoding 
---------------------------------------------------------------------------------------------------
*
                    IDLE |                             0001 |                             0001
                     REG |                             0010 |                             0010
                     P2S |                             0100 |                             0100
                     S2P |                             1000 |                             1000
---------------------------------------------------------------------------------------------------
INFO: [Synth 8-3898] No Re-encoding of one hot register 'current_state_reg' in module 'xsdbs_v1_0_4_reg_p2s__parameterized22'
---------------------------------------------------------------------------------------------------
                   State |                     New Encoding |                Previous Encoding 
---------------------------------------------------------------------------------------------------
*
              RESET_ADDR |                          0000001 |                          0000001
            REQUEST_READ |                          0000010 |                          0000010
           WAIT_READ_ACK |                          0000100 |                          0000100
             OUTPUT_DATA |                          0001000 |                          0001000
                    IDLE |                          0010000 |                          0010000
         INCREMENT_BLOCK |                          0100000 |                          0100000
       INCREMENT_ADDRESS |                          1000000 |                          1000000
---------------------------------------------------------------------------------------------------
INFO: [Synth 8-3898] No Re-encoding of one hot register 'current_state_reg' in module 'ltlib_v1_0_2_generic_memrd'
---------------------------------------------------------------------------------
Finished RTL Optimization Phase 2 : Time (s): cpu = 00:00:34 ; elapsed = 00:00:38 . Memory (MB): peak = 2490.820 ; gain = 776.797
---------------------------------------------------------------------------------
---------------------------------------------------------------------------------
Start RTL Component Statistics 
---------------------------------------------------------------------------------
---------------------------------------------------------------------------------
Finished RTL Component Statistics 
---------------------------------------------------------------------------------
---------------------------------------------------------------------------------
Start Part Resource Summary
---------------------------------------------------------------------------------
Part Resources:
DSPs: 2520 (col length:168)
BRAMs: 1824 (col length: RAMB18 168 RAMB36 84)
---------------------------------------------------------------------------------
Finished Part Resource Summary
---------------------------------------------------------------------------------
---------------------------------------------------------------------------------
Start Cross Boundary and Area Optimization
---------------------------------------------------------------------------------
WARNING: [Synth 8-7080] Parallel synthesis criteria is not met
---------------------------------------------------------------------------------
Finished Cross Boundary and Area Optimization : Time (s): cpu = 00:00:44 ; elapsed = 00:00:48 . Memory (MB): peak = 2490.820 ; gain = 776.797
---------------------------------------------------------------------------------
---------------------------------------------------------------------------------
Start Applying XDC Timing Constraints
---------------------------------------------------------------------------------
---------------------------------------------------------------------------------
Finished Applying XDC Timing Constraints : Time (s): cpu = 00:00:53 ; elapsed = 00:00:58 . Memory (MB): peak = 2861.062 ; gain = 1147.039
---------------------------------------------------------------------------------
---------------------------------------------------------------------------------
Start Timing Optimization
---------------------------------------------------------------------------------
---------------------------------------------------------------------------------
Finished Timing Optimization : Time (s): cpu = 00:00:54 ; elapsed = 00:00:59 . Memory (MB): peak = 2875.996 ; gain = 1161.973
---------------------------------------------------------------------------------
---------------------------------------------------------------------------------
Start Technology Mapping
---------------------------------------------------------------------------------
---------------------------------------------------------------------------------
Finished Technology Mapping : Time (s): cpu = 00:00:55 ; elapsed = 00:01:00 . Memory (MB): peak = 2898.090 ; gain = 1184.066
---------------------------------------------------------------------------------
---------------------------------------------------------------------------------
Start IO Insertion
---------------------------------------------------------------------------------
---------------------------------------------------------------------------------
Start Flattening Before IO Insertion
---------------------------------------------------------------------------------
---------------------------------------------------------------------------------
Finished Flattening Before IO Insertion
---------------------------------------------------------------------------------
---------------------------------------------------------------------------------
Start Final Netlist Cleanup
---------------------------------------------------------------------------------
---------------------------------------------------------------------------------
Finished Final Netlist Cleanup
---------------------------------------------------------------------------------
INFO: [Synth 8-3295] tying undriven pin dummy_inferred:in0 to constant 0
INFO: [Synth 8-3295] tying undriven pin inst:sl_iport0[36] to constant 0
INFO: [Synth 8-3295] tying undriven pin inst:sl_iport0[35] to constant 0
INFO: [Synth 8-3295] tying undriven pin inst:sl_iport0[34] to constant 0
INFO: [Synth 8-3295] tying undriven pin inst:sl_iport0[33] to constant 0
INFO: [Synth 8-3295] tying undriven pin inst:sl_iport0[32] to constant 0
INFO: [Synth 8-3295] tying undriven pin inst:sl_iport0[31] to constant 0
INFO: [Synth 8-3295] tying undriven pin inst:sl_iport0[30] to constant 0
INFO: [Synth 8-3295] tying undriven pin inst:sl_iport0[29] to constant 0
INFO: [Synth 8-3295] tying undriven pin inst:sl_iport0[28] to constant 0
INFO: [Synth 8-3295] tying undriven pin inst:sl_iport0[27] to constant 0
INFO: [Synth 8-3295] tying undriven pin inst:sl_iport0[26] to constant 0
INFO: [Synth 8-3295] tying undriven pin inst:sl_iport0[25] to constant 0
INFO: [Synth 8-3295] tying undriven pin inst:sl_iport0[24] to constant 0
INFO: [Synth 8-3295] tying undriven pin inst:sl_iport0[23] to constant 0
INFO: [Synth 8-3295] tying undriven pin inst:sl_iport0[22] to constant 0
INFO: [Synth 8-3295] tying undriven pin inst:sl_iport0[21] to constant 0
INFO: [Synth 8-3295] tying undriven pin inst:sl_iport0[20] to constant 0
INFO: [Synth 8-3295] tying undriven pin inst:sl_iport0[19] to constant 0
INFO: [Synth 8-3295] tying undriven pin inst:sl_iport0[18] to constant 0
INFO: [Synth 8-3295] tying undriven pin inst:sl_iport0[17] to constant 0
INFO: [Synth 8-3295] tying undriven pin inst:sl_iport0[16] to constant 0
INFO: [Synth 8-3295] tying undriven pin inst:sl_iport0[15] to constant 0
INFO: [Synth 8-3295] tying undriven pin inst:sl_iport0[14] to constant 0
INFO: [Synth 8-3295] tying undriven pin inst:sl_iport0[13] to constant 0
INFO: [Synth 8-3295] tying undriven pin inst:sl_iport0[12] to constant 0
INFO: [Synth 8-3295] tying undriven pin inst:sl_iport0[11] to constant 0
INFO: [Synth 8-3295] tying undriven pin inst:sl_iport0[10] to constant 0
INFO: [Synth 8-3295] tying undriven pin inst:sl_iport0[9] to constant 0
INFO: [Synth 8-3295] tying undriven pin inst:sl_iport0[8] to constant 0
INFO: [Synth 8-3295] tying undriven pin inst:sl_iport0[7] to constant 0
INFO: [Synth 8-3295] tying undriven pin inst:sl_iport0[6] to constant 0
INFO: [Synth 8-3295] tying undriven pin inst:sl_iport0[5] to constant 0
INFO: [Synth 8-3295] tying undriven pin inst:sl_iport0[4] to constant 0
INFO: [Synth 8-3295] tying undriven pin inst:sl_iport0[3] to constant 0
INFO: [Synth 8-3295] tying undriven pin inst:sl_iport0[2] to constant 0
INFO: [Synth 8-3295] tying undriven pin inst:sl_iport0[1] to constant 0
INFO: [Synth 8-3295] tying undriven pin inst:sl_iport0[0] to constant 0
INFO: [Synth 8-3295] tying undriven pin inst:trig_in to constant 0
INFO: [Synth 8-3295] tying undriven pin inst:trig_out_ack to constant 0
---------------------------------------------------------------------------------
Finished IO Insertion : Time (s): cpu = 00:00:57 ; elapsed = 00:01:02 . Memory (MB): peak = 3088.270 ; gain = 1374.246
---------------------------------------------------------------------------------
---------------------------------------------------------------------------------
Start Renaming Generated Instances
---------------------------------------------------------------------------------
---------------------------------------------------------------------------------
Finished Renaming Generated Instances : Time (s): cpu = 00:00:57 ; elapsed = 00:01:02 . Memory (MB): peak = 3088.270 ; gain = 1374.246
---------------------------------------------------------------------------------
---------------------------------------------------------------------------------
Start Rebuilding User Hierarchy
---------------------------------------------------------------------------------
---------------------------------------------------------------------------------
Finished Rebuilding User Hierarchy : Time (s): cpu = 00:00:57 ; elapsed = 00:01:02 . Memory (MB): peak = 3088.270 ; gain = 1374.246
---------------------------------------------------------------------------------
---------------------------------------------------------------------------------
Start Renaming Generated Ports
---------------------------------------------------------------------------------
---------------------------------------------------------------------------------
Finished Renaming Generated Ports : Time (s): cpu = 00:00:57 ; elapsed = 00:01:02 . Memory (MB): peak = 3088.270 ; gain = 1374.246
---------------------------------------------------------------------------------
---------------------------------------------------------------------------------
Start Handling Custom Attributes
---------------------------------------------------------------------------------
---------------------------------------------------------------------------------
Finished Handling Custom Attributes : Time (s): cpu = 00:00:57 ; elapsed = 00:01:03 . Memory (MB): peak = 3088.270 ; gain = 1374.246
---------------------------------------------------------------------------------
---------------------------------------------------------------------------------
Start Renaming Generated Nets
---------------------------------------------------------------------------------
---------------------------------------------------------------------------------
Finished Renaming Generated Nets : Time (s): cpu = 00:00:57 ; elapsed = 00:01:03 . Memory (MB): peak = 3088.270 ; gain = 1374.246
---------------------------------------------------------------------------------
---------------------------------------------------------------------------------
Start Writing Synthesis Report
---------------------------------------------------------------------------------

Report BlackBoxes: 
+-+--------------+----------+
| |BlackBox name |Instances |
+-+--------------+----------+
+-+--------------+----------+

Report Cell Usage: 
+------+---------+------+
|      |Cell     |Count |
+------+---------+------+
|1     |CARRY4   |    66|
|2     |CARRY8   |     4|
|3     |CFGLUT5  |   186|
|4     |LUT1     |    50|
|5     |LUT2     |   167|
|6     |LUT3     |   149|
|7     |LUT4     |   270|
|8     |LUT5     |   177|
|9     |LUT6     |   842|
|10    |MUXF7    |    68|
|11    |MUXF8    |    13|
|12    |RAMB36E2 |    13|
|13    |SRL16E   |   120|
|14    |SRLC16E  |     2|
|15    |SRLC32E  |    17|
|16    |FDRE     |  2520|
|17    |FDSE     |    14|
+------+---------+------+
---------------------------------------------------------------------------------
Finished Writing Synthesis Report : Time (s): cpu = 00:00:57 ; elapsed = 00:01:03 . Memory (MB): peak = 3088.270 ; gain = 1374.246
---------------------------------------------------------------------------------
Synthesis finished with 0 errors, 0 critical warnings and 3944 warnings.
Synthesis Optimization Runtime : Time (s): cpu = 00:00:29 ; elapsed = 00:00:56 . Memory (MB): peak = 3088.270 ; gain = 1334.816
Synthesis Optimization Complete : Time (s): cpu = 00:00:57 ; elapsed = 00:01:03 . Memory (MB): peak = 3088.270 ; gain = 1374.246
INFO: [Project 1-571] Translating synthesized netlist
Netlist sorting complete. Time (s): cpu = 00:00:00 ; elapsed = 00:00:00.043 . Memory (MB): peak = 3088.270 ; gain = 0.000
INFO: [Netlist 29-17] Analyzing 337 Unisim elements for replacement
INFO: [Netlist 29-28] Unisim Transformation completed in 0 CPU seconds
INFO: [Project 1-570] Preparing netlist for logic optimization
INFO: [Opt 31-138] Pushed 0 inverter(s) to 0 load pin(s).
Netlist sorting complete. Time (s): cpu = 00:00:00 ; elapsed = 00:00:00.001 . Memory (MB): peak = 3088.270 ; gain = 0.000
INFO: [Project 1-111] Unisim Transformation Summary:
  A total of 222 instances were transformed.
  (CARRY4) => CARRY8: 36 instances
  CFGLUT5 => CFGLUT5 (SRL16E, SRLC32E): 160 instances
  CFGLUT5 => SRLC32E: 26 instances

Synth Design complete | Checksum: 81dbf79e
INFO: [Common 17-83] Releasing license: Synthesis
226 Infos, 109 Warnings, 0 Critical Warnings and 0 Errors encountered.
synth_design completed successfully
synth_design: Time (s): cpu = 00:01:10 ; elapsed = 00:01:16 . Memory (MB): peak = 3088.270 ; gain = 2374.543
Write ShapeDB Complete: Time (s): cpu = 00:00:00 ; elapsed = 00:00:00.005 . Memory (MB): peak = 3088.270 ; gain = 0.000
INFO: [Common 17-1381] The checkpoint 'E:/final_prj/final_prj_pl/final_prj_pl.runs/ila_2_synth_1/ila_2.dcp' has been generated.
INFO: [Coretcl 2-1648] Added synthesis output to IP cache for IP ila_2, cache-ID = 355a8f3293488dfc
INFO: [Coretcl 2-1174] Renamed 243 cell refs.
Write ShapeDB Complete: Time (s): cpu = 00:00:00 ; elapsed = 00:00:00.006 . Memory (MB): peak = 3088.270 ; gain = 0.000
INFO: [Common 17-1381] The checkpoint 'E:/final_prj/final_prj_pl/final_prj_pl.runs/ila_2_synth_1/ila_2.dcp' has been generated.
INFO: [Vivado 12-24828] Executing command : report_utilization -file ila_2_utilization_synth.rpt -pb ila_2_utilization_synth.pb
INFO: [Common 17-206] Exiting Vivado at Fri Jun 20 17:33:59 2025...
