
*** Running vivado
    with args -log data_to_udp_fifo_widcov.vds -m64 -product Vivado -mode batch -messageDb vivado.pb -notrace -source data_to_udp_fifo_widcov.tcl



****** Vivado v2024.2.2 (64-bit)
  **** SW Build 6060944 on Thu Mar 06 19:10:01 MST 2025
  **** IP Build 6050500 on Thu Mar  6 23:33:39 MST 2025
  **** SharedData Build 6060542 on Thu Mar 06 10:31:07 MST 2025
  **** Start of session at: Mon Jul  7 03:10:11 2025
    ** Copyright 1986-2022 Xilinx, Inc. All Rights Reserved.
    ** Copyright 2022-2025 Advanced Micro Devices, Inc. All Rights Reserved.

Sourcing tcl script 'D:/Xilinx/Vivado/2024.2/scripts/Vivado_init.tcl'
source data_to_udp_fifo_widcov.tcl -notrace
create_project: Time (s): cpu = 00:00:04 ; elapsed = 00:00:05 . Memory (MB): peak = 643.492 ; gain = 203.977
INFO: [IP_Flow 19-6924] IPCACHE: Running cache check for IP inst: data_to_udp_fifo_widcov
Command: synth_design -top data_to_udp_fifo_widcov -part xczu9eg-ffvb1156-2-i -incremental_mode off -mode out_of_context
Starting synth_design
Attempting to get a license for feature 'Synthesis' and/or device 'xczu9eg'
INFO: [Common 17-349] Got license for feature 'Synthesis' and/or device 'xczu9eg'
INFO: [Device 21-403] Loading part xczu9eg-ffvb1156-2-i
INFO: [Synth 8-7079] Multithreading enabled for synth_design using a maximum of 4 processes.
INFO: [Synth 8-7078] Launching helper process for spawning children vivado processes
INFO: [Synth 8-7075] Helper process launched with PID 40292
---------------------------------------------------------------------------------
Starting RTL Elaboration : Time (s): cpu = 00:00:03 ; elapsed = 00:00:03 . Memory (MB): peak = 1869.324 ; gain = 186.320
---------------------------------------------------------------------------------
INFO: [Synth 8-6157] synthesizing module 'data_to_udp_fifo_widcov' [e:/final_prj/final_prj_pl/final_prj_pl.gen/sources_1/ip/data_to_udp_fifo_widcov/synth/data_to_udp_fifo_widcov.v:53]
INFO: [Synth 8-6157] synthesizing module 'axis_dwidth_converter_v1_1_33_axis_dwidth_converter' [e:/final_prj/final_prj_pl/final_prj_pl.gen/sources_1/ip/data_to_udp_fifo_widcov/hdl/axis_dwidth_converter_v1_1_vl_rfs.v:814]
INFO: [Synth 8-6157] synthesizing module 'axis_dwidth_converter_v1_1_33_axisc_downsizer' [e:/final_prj/final_prj_pl/final_prj_pl.gen/sources_1/ip/data_to_udp_fifo_widcov/hdl/axis_dwidth_converter_v1_1_vl_rfs.v:60]
INFO: [Synth 8-6155] done synthesizing module 'axis_dwidth_converter_v1_1_33_axisc_downsizer' (0#1) [e:/final_prj/final_prj_pl/final_prj_pl.gen/sources_1/ip/data_to_udp_fifo_widcov/hdl/axis_dwidth_converter_v1_1_vl_rfs.v:60]
INFO: [Synth 8-6157] synthesizing module 'axis_register_slice_v1_1_34_axis_register_slice' [e:/final_prj/final_prj_pl/final_prj_pl.gen/sources_1/ip/data_to_udp_fifo_widcov/hdl/axis_register_slice_v1_1_vl_rfs.v:2830]
INFO: [Synth 8-6157] synthesizing module 'axis_infrastructure_v1_1_1_util_axis2vector' [e:/final_prj/final_prj_pl/final_prj_pl.gen/sources_1/ip/data_to_udp_fifo_widcov/hdl/axis_infrastructure_v1_1_vl_rfs.v:805]
INFO: [Synth 8-6155] done synthesizing module 'axis_infrastructure_v1_1_1_util_axis2vector' (0#1) [e:/final_prj/final_prj_pl/final_prj_pl.gen/sources_1/ip/data_to_udp_fifo_widcov/hdl/axis_infrastructure_v1_1_vl_rfs.v:805]
INFO: [Synth 8-6157] synthesizing module 'axis_register_slice_v1_1_34_axisc_register_slice' [e:/final_prj/final_prj_pl/final_prj_pl.gen/sources_1/ip/data_to_udp_fifo_widcov/hdl/axis_register_slice_v1_1_vl_rfs.v:1929]
INFO: [Synth 8-6155] done synthesizing module 'axis_register_slice_v1_1_34_axisc_register_slice' (0#1) [e:/final_prj/final_prj_pl/final_prj_pl.gen/sources_1/ip/data_to_udp_fifo_widcov/hdl/axis_register_slice_v1_1_vl_rfs.v:1929]
INFO: [Synth 8-6157] synthesizing module 'axis_infrastructure_v1_1_1_util_vector2axis' [e:/final_prj/final_prj_pl/final_prj_pl.gen/sources_1/ip/data_to_udp_fifo_widcov/hdl/axis_infrastructure_v1_1_vl_rfs.v:986]
INFO: [Synth 8-6155] done synthesizing module 'axis_infrastructure_v1_1_1_util_vector2axis' (0#1) [e:/final_prj/final_prj_pl/final_prj_pl.gen/sources_1/ip/data_to_udp_fifo_widcov/hdl/axis_infrastructure_v1_1_vl_rfs.v:986]
INFO: [Synth 8-6155] done synthesizing module 'axis_register_slice_v1_1_34_axis_register_slice' (0#1) [e:/final_prj/final_prj_pl/final_prj_pl.gen/sources_1/ip/data_to_udp_fifo_widcov/hdl/axis_register_slice_v1_1_vl_rfs.v:2830]
INFO: [Synth 8-6157] synthesizing module 'axis_register_slice_v1_1_34_axis_register_slice__parameterized0' [e:/final_prj/final_prj_pl/final_prj_pl.gen/sources_1/ip/data_to_udp_fifo_widcov/hdl/axis_register_slice_v1_1_vl_rfs.v:2830]
INFO: [Synth 8-6157] synthesizing module 'axis_infrastructure_v1_1_1_util_axis2vector__parameterized0' [e:/final_prj/final_prj_pl/final_prj_pl.gen/sources_1/ip/data_to_udp_fifo_widcov/hdl/axis_infrastructure_v1_1_vl_rfs.v:805]
INFO: [Synth 8-6155] done synthesizing module 'axis_infrastructure_v1_1_1_util_axis2vector__parameterized0' (0#1) [e:/final_prj/final_prj_pl/final_prj_pl.gen/sources_1/ip/data_to_udp_fifo_widcov/hdl/axis_infrastructure_v1_1_vl_rfs.v:805]
INFO: [Synth 8-6157] synthesizing module 'axis_register_slice_v1_1_34_axisc_register_slice__parameterized0' [e:/final_prj/final_prj_pl/final_prj_pl.gen/sources_1/ip/data_to_udp_fifo_widcov/hdl/axis_register_slice_v1_1_vl_rfs.v:1929]
INFO: [Synth 8-6155] done synthesizing module 'axis_register_slice_v1_1_34_axisc_register_slice__parameterized0' (0#1) [e:/final_prj/final_prj_pl/final_prj_pl.gen/sources_1/ip/data_to_udp_fifo_widcov/hdl/axis_register_slice_v1_1_vl_rfs.v:1929]
INFO: [Synth 8-6157] synthesizing module 'axis_infrastructure_v1_1_1_util_vector2axis__parameterized0' [e:/final_prj/final_prj_pl/final_prj_pl.gen/sources_1/ip/data_to_udp_fifo_widcov/hdl/axis_infrastructure_v1_1_vl_rfs.v:986]
INFO: [Synth 8-6155] done synthesizing module 'axis_infrastructure_v1_1_1_util_vector2axis__parameterized0' (0#1) [e:/final_prj/final_prj_pl/final_prj_pl.gen/sources_1/ip/data_to_udp_fifo_widcov/hdl/axis_infrastructure_v1_1_vl_rfs.v:986]
INFO: [Synth 8-6155] done synthesizing module 'axis_register_slice_v1_1_34_axis_register_slice__parameterized0' (0#1) [e:/final_prj/final_prj_pl/final_prj_pl.gen/sources_1/ip/data_to_udp_fifo_widcov/hdl/axis_register_slice_v1_1_vl_rfs.v:2830]
INFO: [Synth 8-6155] done synthesizing module 'axis_dwidth_converter_v1_1_33_axis_dwidth_converter' (0#1) [e:/final_prj/final_prj_pl/final_prj_pl.gen/sources_1/ip/data_to_udp_fifo_widcov/hdl/axis_dwidth_converter_v1_1_vl_rfs.v:814]
INFO: [Synth 8-6155] done synthesizing module 'data_to_udp_fifo_widcov' (0#1) [e:/final_prj/final_prj_pl/final_prj_pl.gen/sources_1/ip/data_to_udp_fifo_widcov/synth/data_to_udp_fifo_widcov.v:53]
INFO: [Synth 8-4490] FSM extraction disabled for register 'state_reg' through user attribute
WARNING: [Synth 8-7129] Port ACLK in module axis_register_slice_v1_1_34_axisc_register_slice__parameterized0 is either unconnected or has no load
WARNING: [Synth 8-7129] Port ACLK2X in module axis_register_slice_v1_1_34_axisc_register_slice__parameterized0 is either unconnected or has no load
WARNING: [Synth 8-7129] Port ARESET in module axis_register_slice_v1_1_34_axisc_register_slice__parameterized0 is either unconnected or has no load
WARNING: [Synth 8-7129] Port ACLKEN in module axis_register_slice_v1_1_34_axisc_register_slice__parameterized0 is either unconnected or has no load
WARNING: [Synth 8-7129] Port TSTRB[0] in module axis_infrastructure_v1_1_1_util_axis2vector__parameterized0 is either unconnected or has no load
WARNING: [Synth 8-7129] Port TID[0] in module axis_infrastructure_v1_1_1_util_axis2vector__parameterized0 is either unconnected or has no load
WARNING: [Synth 8-7129] Port TDEST[0] in module axis_infrastructure_v1_1_1_util_axis2vector__parameterized0 is either unconnected or has no load
WARNING: [Synth 8-7129] Port TUSER[0] in module axis_infrastructure_v1_1_1_util_axis2vector__parameterized0 is either unconnected or has no load
WARNING: [Synth 8-7129] Port ACLK in module axis_register_slice_v1_1_34_axisc_register_slice is either unconnected or has no load
WARNING: [Synth 8-7129] Port ACLK2X in module axis_register_slice_v1_1_34_axisc_register_slice is either unconnected or has no load
WARNING: [Synth 8-7129] Port ARESET in module axis_register_slice_v1_1_34_axisc_register_slice is either unconnected or has no load
WARNING: [Synth 8-7129] Port ACLKEN in module axis_register_slice_v1_1_34_axisc_register_slice is either unconnected or has no load
WARNING: [Synth 8-7129] Port TSTRB[29] in module axis_infrastructure_v1_1_1_util_axis2vector is either unconnected or has no load
WARNING: [Synth 8-7129] Port TSTRB[28] in module axis_infrastructure_v1_1_1_util_axis2vector is either unconnected or has no load
WARNING: [Synth 8-7129] Port TSTRB[27] in module axis_infrastructure_v1_1_1_util_axis2vector is either unconnected or has no load
WARNING: [Synth 8-7129] Port TSTRB[26] in module axis_infrastructure_v1_1_1_util_axis2vector is either unconnected or has no load
WARNING: [Synth 8-7129] Port TSTRB[25] in module axis_infrastructure_v1_1_1_util_axis2vector is either unconnected or has no load
WARNING: [Synth 8-7129] Port TSTRB[24] in module axis_infrastructure_v1_1_1_util_axis2vector is either unconnected or has no load
WARNING: [Synth 8-7129] Port TSTRB[23] in module axis_infrastructure_v1_1_1_util_axis2vector is either unconnected or has no load
WARNING: [Synth 8-7129] Port TSTRB[22] in module axis_infrastructure_v1_1_1_util_axis2vector is either unconnected or has no load
WARNING: [Synth 8-7129] Port TSTRB[21] in module axis_infrastructure_v1_1_1_util_axis2vector is either unconnected or has no load
WARNING: [Synth 8-7129] Port TSTRB[20] in module axis_infrastructure_v1_1_1_util_axis2vector is either unconnected or has no load
WARNING: [Synth 8-7129] Port TSTRB[19] in module axis_infrastructure_v1_1_1_util_axis2vector is either unconnected or has no load
WARNING: [Synth 8-7129] Port TSTRB[18] in module axis_infrastructure_v1_1_1_util_axis2vector is either unconnected or has no load
WARNING: [Synth 8-7129] Port TSTRB[17] in module axis_infrastructure_v1_1_1_util_axis2vector is either unconnected or has no load
WARNING: [Synth 8-7129] Port TSTRB[16] in module axis_infrastructure_v1_1_1_util_axis2vector is either unconnected or has no load
WARNING: [Synth 8-7129] Port TSTRB[15] in module axis_infrastructure_v1_1_1_util_axis2vector is either unconnected or has no load
WARNING: [Synth 8-7129] Port TSTRB[14] in module axis_infrastructure_v1_1_1_util_axis2vector is either unconnected or has no load
WARNING: [Synth 8-7129] Port TSTRB[13] in module axis_infrastructure_v1_1_1_util_axis2vector is either unconnected or has no load
WARNING: [Synth 8-7129] Port TSTRB[12] in module axis_infrastructure_v1_1_1_util_axis2vector is either unconnected or has no load
WARNING: [Synth 8-7129] Port TSTRB[11] in module axis_infrastructure_v1_1_1_util_axis2vector is either unconnected or has no load
WARNING: [Synth 8-7129] Port TSTRB[10] in module axis_infrastructure_v1_1_1_util_axis2vector is either unconnected or has no load
WARNING: [Synth 8-7129] Port TSTRB[9] in module axis_infrastructure_v1_1_1_util_axis2vector is either unconnected or has no load
WARNING: [Synth 8-7129] Port TSTRB[8] in module axis_infrastructure_v1_1_1_util_axis2vector is either unconnected or has no load
WARNING: [Synth 8-7129] Port TSTRB[7] in module axis_infrastructure_v1_1_1_util_axis2vector is either unconnected or has no load
WARNING: [Synth 8-7129] Port TSTRB[6] in module axis_infrastructure_v1_1_1_util_axis2vector is either unconnected or has no load
WARNING: [Synth 8-7129] Port TSTRB[5] in module axis_infrastructure_v1_1_1_util_axis2vector is either unconnected or has no load
WARNING: [Synth 8-7129] Port TSTRB[4] in module axis_infrastructure_v1_1_1_util_axis2vector is either unconnected or has no load
WARNING: [Synth 8-7129] Port TSTRB[3] in module axis_infrastructure_v1_1_1_util_axis2vector is either unconnected or has no load
WARNING: [Synth 8-7129] Port TSTRB[2] in module axis_infrastructure_v1_1_1_util_axis2vector is either unconnected or has no load
WARNING: [Synth 8-7129] Port TSTRB[1] in module axis_infrastructure_v1_1_1_util_axis2vector is either unconnected or has no load
WARNING: [Synth 8-7129] Port TSTRB[0] in module axis_infrastructure_v1_1_1_util_axis2vector is either unconnected or has no load
WARNING: [Synth 8-7129] Port TID[0] in module axis_infrastructure_v1_1_1_util_axis2vector is either unconnected or has no load
WARNING: [Synth 8-7129] Port TDEST[0] in module axis_infrastructure_v1_1_1_util_axis2vector is either unconnected or has no load
WARNING: [Synth 8-7129] Port TUSER[29] in module axis_infrastructure_v1_1_1_util_axis2vector is either unconnected or has no load
WARNING: [Synth 8-7129] Port TUSER[28] in module axis_infrastructure_v1_1_1_util_axis2vector is either unconnected or has no load
WARNING: [Synth 8-7129] Port TUSER[27] in module axis_infrastructure_v1_1_1_util_axis2vector is either unconnected or has no load
WARNING: [Synth 8-7129] Port TUSER[26] in module axis_infrastructure_v1_1_1_util_axis2vector is either unconnected or has no load
WARNING: [Synth 8-7129] Port TUSER[25] in module axis_infrastructure_v1_1_1_util_axis2vector is either unconnected or has no load
WARNING: [Synth 8-7129] Port TUSER[24] in module axis_infrastructure_v1_1_1_util_axis2vector is either unconnected or has no load
WARNING: [Synth 8-7129] Port TUSER[23] in module axis_infrastructure_v1_1_1_util_axis2vector is either unconnected or has no load
WARNING: [Synth 8-7129] Port TUSER[22] in module axis_infrastructure_v1_1_1_util_axis2vector is either unconnected or has no load
WARNING: [Synth 8-7129] Port TUSER[21] in module axis_infrastructure_v1_1_1_util_axis2vector is either unconnected or has no load
WARNING: [Synth 8-7129] Port TUSER[20] in module axis_infrastructure_v1_1_1_util_axis2vector is either unconnected or has no load
WARNING: [Synth 8-7129] Port TUSER[19] in module axis_infrastructure_v1_1_1_util_axis2vector is either unconnected or has no load
WARNING: [Synth 8-7129] Port TUSER[18] in module axis_infrastructure_v1_1_1_util_axis2vector is either unconnected or has no load
WARNING: [Synth 8-7129] Port TUSER[17] in module axis_infrastructure_v1_1_1_util_axis2vector is either unconnected or has no load
WARNING: [Synth 8-7129] Port TUSER[16] in module axis_infrastructure_v1_1_1_util_axis2vector is either unconnected or has no load
WARNING: [Synth 8-7129] Port TUSER[15] in module axis_infrastructure_v1_1_1_util_axis2vector is either unconnected or has no load
WARNING: [Synth 8-7129] Port TUSER[14] in module axis_infrastructure_v1_1_1_util_axis2vector is either unconnected or has no load
WARNING: [Synth 8-7129] Port TUSER[13] in module axis_infrastructure_v1_1_1_util_axis2vector is either unconnected or has no load
WARNING: [Synth 8-7129] Port TUSER[12] in module axis_infrastructure_v1_1_1_util_axis2vector is either unconnected or has no load
WARNING: [Synth 8-7129] Port TUSER[11] in module axis_infrastructure_v1_1_1_util_axis2vector is either unconnected or has no load
WARNING: [Synth 8-7129] Port TUSER[10] in module axis_infrastructure_v1_1_1_util_axis2vector is either unconnected or has no load
WARNING: [Synth 8-7129] Port TUSER[9] in module axis_infrastructure_v1_1_1_util_axis2vector is either unconnected or has no load
WARNING: [Synth 8-7129] Port TUSER[8] in module axis_infrastructure_v1_1_1_util_axis2vector is either unconnected or has no load
WARNING: [Synth 8-7129] Port TUSER[7] in module axis_infrastructure_v1_1_1_util_axis2vector is either unconnected or has no load
WARNING: [Synth 8-7129] Port TUSER[6] in module axis_infrastructure_v1_1_1_util_axis2vector is either unconnected or has no load
WARNING: [Synth 8-7129] Port TUSER[5] in module axis_infrastructure_v1_1_1_util_axis2vector is either unconnected or has no load
WARNING: [Synth 8-7129] Port TUSER[4] in module axis_infrastructure_v1_1_1_util_axis2vector is either unconnected or has no load
WARNING: [Synth 8-7129] Port TUSER[3] in module axis_infrastructure_v1_1_1_util_axis2vector is either unconnected or has no load
WARNING: [Synth 8-7129] Port TUSER[2] in module axis_infrastructure_v1_1_1_util_axis2vector is either unconnected or has no load
WARNING: [Synth 8-7129] Port TUSER[1] in module axis_infrastructure_v1_1_1_util_axis2vector is either unconnected or has no load
WARNING: [Synth 8-7129] Port TUSER[0] in module axis_infrastructure_v1_1_1_util_axis2vector is either unconnected or has no load
WARNING: [Synth 8-7129] Port s_axis_tuser[0] in module axis_dwidth_converter_v1_1_33_axis_dwidth_converter is either unconnected or has no load
---------------------------------------------------------------------------------
Finished RTL Elaboration : Time (s): cpu = 00:00:04 ; elapsed = 00:00:04 . Memory (MB): peak = 1985.578 ; gain = 302.574
---------------------------------------------------------------------------------
---------------------------------------------------------------------------------
Start Handling Custom Attributes
---------------------------------------------------------------------------------
---------------------------------------------------------------------------------
Finished Handling Custom Attributes : Time (s): cpu = 00:00:04 ; elapsed = 00:00:04 . Memory (MB): peak = 1985.578 ; gain = 302.574
---------------------------------------------------------------------------------
---------------------------------------------------------------------------------
Finished RTL Optimization Phase 1 : Time (s): cpu = 00:00:04 ; elapsed = 00:00:04 . Memory (MB): peak = 1985.578 ; gain = 302.574
---------------------------------------------------------------------------------
Netlist sorting complete. Time (s): cpu = 00:00:00 ; elapsed = 00:00:00.013 . Memory (MB): peak = 1985.578 ; gain = 0.000
INFO: [Project 1-570] Preparing netlist for logic optimization

Processing XDC Constraints
Initializing timing engine
Parsing XDC File [e:/final_prj/final_prj_pl/final_prj_pl.gen/sources_1/ip/data_to_udp_fifo_widcov/data_to_udp_fifo_widcov_ooc.xdc] for cell 'inst'
Finished Parsing XDC File [e:/final_prj/final_prj_pl/final_prj_pl.gen/sources_1/ip/data_to_udp_fifo_widcov/data_to_udp_fifo_widcov_ooc.xdc] for cell 'inst'
Parsing XDC File [E:/final_prj/final_prj_pl/final_prj_pl.runs/data_to_udp_fifo_widcov_synth_1/dont_touch.xdc]
Finished Parsing XDC File [E:/final_prj/final_prj_pl/final_prj_pl.runs/data_to_udp_fifo_widcov_synth_1/dont_touch.xdc]
Completed Processing XDC Constraints

Netlist sorting complete. Time (s): cpu = 00:00:00 ; elapsed = 00:00:00.001 . Memory (MB): peak = 2093.734 ; gain = 0.000
INFO: [Project 1-111] Unisim Transformation Summary:
No Unisim elements were transformed.

Constraint Validation Runtime : Time (s): cpu = 00:00:00 ; elapsed = 00:00:00.033 . Memory (MB): peak = 2096.449 ; gain = 2.715
INFO: [Designutils 20-5008] Incremental synthesis strategy off
---------------------------------------------------------------------------------
Finished Constraint Validation : Time (s): cpu = 00:00:14 ; elapsed = 00:00:15 . Memory (MB): peak = 2096.449 ; gain = 413.445
---------------------------------------------------------------------------------
---------------------------------------------------------------------------------
Start Loading Part and Timing Information
---------------------------------------------------------------------------------
Loading part: xczu9eg-ffvb1156-2-i
INFO: [Synth 8-6742] Reading net delay rules and data
---------------------------------------------------------------------------------
Finished Loading Part and Timing Information : Time (s): cpu = 00:00:14 ; elapsed = 00:00:15 . Memory (MB): peak = 2096.449 ; gain = 413.445
---------------------------------------------------------------------------------
---------------------------------------------------------------------------------
Start Applying 'set_property' XDC Constraints
---------------------------------------------------------------------------------
Applied set_property KEEP_HIERARCHY = SOFT for inst. (constraint file  E:/final_prj/final_prj_pl/final_prj_pl.runs/data_to_udp_fifo_widcov_synth_1/dont_touch.xdc, line 9).
---------------------------------------------------------------------------------
Finished applying 'set_property' XDC Constraints : Time (s): cpu = 00:00:14 ; elapsed = 00:00:15 . Memory (MB): peak = 2096.449 ; gain = 413.445
---------------------------------------------------------------------------------
INFO: [Synth 8-4490] FSM extraction disabled for register 'state_reg' through user attribute
INFO: [Synth 8-4490] FSM extraction disabled for register 'state_reg' through user attribute
---------------------------------------------------------------------------------
Finished RTL Optimization Phase 2 : Time (s): cpu = 00:00:15 ; elapsed = 00:00:15 . Memory (MB): peak = 2096.449 ; gain = 413.445
---------------------------------------------------------------------------------
---------------------------------------------------------------------------------
Start RTL Component Statistics 
---------------------------------------------------------------------------------
Detailed RTL Component Info : 
+---Adders : 
	   2 Input    5 Bit       Adders := 1     
+---Registers : 
	              240 Bit    Registers := 1     
	               30 Bit    Registers := 4     
	                8 Bit    Registers := 1     
	                5 Bit    Registers := 2     
	                3 Bit    Registers := 1     
	                1 Bit    Registers := 12    
+---Muxes : 
	   3 Input    5 Bit        Muxes := 1     
	   2 Input    5 Bit        Muxes := 3     
	   4 Input    3 Bit        Muxes := 1     
	   2 Input    3 Bit        Muxes := 1     
	   2 Input    2 Bit        Muxes := 2     
	   3 Input    2 Bit        Muxes := 1     
	   2 Input    1 Bit        Muxes := 4     
---------------------------------------------------------------------------------
Finished RTL Component Statistics 
---------------------------------------------------------------------------------
---------------------------------------------------------------------------------
Start Part Resource Summary
---------------------------------------------------------------------------------
Part Resources:
DSPs: 2520 (col length:168)
BRAMs: 1824 (col length: RAMB18 168 RAMB36 84)
---------------------------------------------------------------------------------
Finished Part Resource Summary
---------------------------------------------------------------------------------
---------------------------------------------------------------------------------
Start Cross Boundary and Area Optimization
---------------------------------------------------------------------------------
WARNING: [Synth 8-7080] Parallel synthesis criteria is not met
WARNING: [Synth 8-7129] Port s_axis_tstrb[29] in module axis_dwidth_converter_v1_1_33_axis_dwidth_converter is either unconnected or has no load
WARNING: [Synth 8-7129] Port s_axis_tstrb[28] in module axis_dwidth_converter_v1_1_33_axis_dwidth_converter is either unconnected or has no load
WARNING: [Synth 8-7129] Port s_axis_tstrb[27] in module axis_dwidth_converter_v1_1_33_axis_dwidth_converter is either unconnected or has no load
WARNING: [Synth 8-7129] Port s_axis_tstrb[26] in module axis_dwidth_converter_v1_1_33_axis_dwidth_converter is either unconnected or has no load
WARNING: [Synth 8-7129] Port s_axis_tstrb[25] in module axis_dwidth_converter_v1_1_33_axis_dwidth_converter is either unconnected or has no load
WARNING: [Synth 8-7129] Port s_axis_tstrb[24] in module axis_dwidth_converter_v1_1_33_axis_dwidth_converter is either unconnected or has no load
WARNING: [Synth 8-7129] Port s_axis_tstrb[23] in module axis_dwidth_converter_v1_1_33_axis_dwidth_converter is either unconnected or has no load
WARNING: [Synth 8-7129] Port s_axis_tstrb[22] in module axis_dwidth_converter_v1_1_33_axis_dwidth_converter is either unconnected or has no load
WARNING: [Synth 8-7129] Port s_axis_tstrb[21] in module axis_dwidth_converter_v1_1_33_axis_dwidth_converter is either unconnected or has no load
WARNING: [Synth 8-7129] Port s_axis_tstrb[20] in module axis_dwidth_converter_v1_1_33_axis_dwidth_converter is either unconnected or has no load
WARNING: [Synth 8-7129] Port s_axis_tstrb[19] in module axis_dwidth_converter_v1_1_33_axis_dwidth_converter is either unconnected or has no load
WARNING: [Synth 8-7129] Port s_axis_tstrb[18] in module axis_dwidth_converter_v1_1_33_axis_dwidth_converter is either unconnected or has no load
WARNING: [Synth 8-7129] Port s_axis_tstrb[17] in module axis_dwidth_converter_v1_1_33_axis_dwidth_converter is either unconnected or has no load
WARNING: [Synth 8-7129] Port s_axis_tstrb[16] in module axis_dwidth_converter_v1_1_33_axis_dwidth_converter is either unconnected or has no load
WARNING: [Synth 8-7129] Port s_axis_tstrb[15] in module axis_dwidth_converter_v1_1_33_axis_dwidth_converter is either unconnected or has no load
WARNING: [Synth 8-7129] Port s_axis_tstrb[14] in module axis_dwidth_converter_v1_1_33_axis_dwidth_converter is either unconnected or has no load
WARNING: [Synth 8-7129] Port s_axis_tstrb[13] in module axis_dwidth_converter_v1_1_33_axis_dwidth_converter is either unconnected or has no load
WARNING: [Synth 8-7129] Port s_axis_tstrb[12] in module axis_dwidth_converter_v1_1_33_axis_dwidth_converter is either unconnected or has no load
WARNING: [Synth 8-7129] Port s_axis_tstrb[11] in module axis_dwidth_converter_v1_1_33_axis_dwidth_converter is either unconnected or has no load
WARNING: [Synth 8-7129] Port s_axis_tstrb[10] in module axis_dwidth_converter_v1_1_33_axis_dwidth_converter is either unconnected or has no load
WARNING: [Synth 8-7129] Port s_axis_tstrb[9] in module axis_dwidth_converter_v1_1_33_axis_dwidth_converter is either unconnected or has no load
WARNING: [Synth 8-7129] Port s_axis_tstrb[8] in module axis_dwidth_converter_v1_1_33_axis_dwidth_converter is either unconnected or has no load
WARNING: [Synth 8-7129] Port s_axis_tstrb[7] in module axis_dwidth_converter_v1_1_33_axis_dwidth_converter is either unconnected or has no load
WARNING: [Synth 8-7129] Port s_axis_tstrb[6] in module axis_dwidth_converter_v1_1_33_axis_dwidth_converter is either unconnected or has no load
WARNING: [Synth 8-7129] Port s_axis_tstrb[5] in module axis_dwidth_converter_v1_1_33_axis_dwidth_converter is either unconnected or has no load
INFO: [Common 17-14] Message 'Synth 8-7129' appears 100 times and further instances of the messages will be disabled. Use the Tcl command set_msg_config to change the current settings.
---------------------------------------------------------------------------------
Finished Cross Boundary and Area Optimization : Time (s): cpu = 00:00:18 ; elapsed = 00:00:19 . Memory (MB): peak = 2096.449 ; gain = 413.445
---------------------------------------------------------------------------------
---------------------------------------------------------------------------------
Start Applying XDC Timing Constraints
---------------------------------------------------------------------------------
---------------------------------------------------------------------------------
Finished Applying XDC Timing Constraints : Time (s): cpu = 00:00:30 ; elapsed = 00:00:32 . Memory (MB): peak = 2721.832 ; gain = 1038.828
---------------------------------------------------------------------------------
---------------------------------------------------------------------------------
Start Timing Optimization
---------------------------------------------------------------------------------
---------------------------------------------------------------------------------
Finished Timing Optimization : Time (s): cpu = 00:00:31 ; elapsed = 00:00:33 . Memory (MB): peak = 2774.535 ; gain = 1091.531
---------------------------------------------------------------------------------
---------------------------------------------------------------------------------
Start Technology Mapping
---------------------------------------------------------------------------------
---------------------------------------------------------------------------------
Finished Technology Mapping : Time (s): cpu = 00:00:31 ; elapsed = 00:00:33 . Memory (MB): peak = 2774.535 ; gain = 1091.531
---------------------------------------------------------------------------------
---------------------------------------------------------------------------------
Start IO Insertion
---------------------------------------------------------------------------------
---------------------------------------------------------------------------------
Start Flattening Before IO Insertion
---------------------------------------------------------------------------------
---------------------------------------------------------------------------------
Finished Flattening Before IO Insertion
---------------------------------------------------------------------------------
---------------------------------------------------------------------------------
Start Final Netlist Cleanup
---------------------------------------------------------------------------------
---------------------------------------------------------------------------------
Finished Final Netlist Cleanup
---------------------------------------------------------------------------------
---------------------------------------------------------------------------------
Finished IO Insertion : Time (s): cpu = 00:00:35 ; elapsed = 00:00:37 . Memory (MB): peak = 2956.035 ; gain = 1273.031
---------------------------------------------------------------------------------
---------------------------------------------------------------------------------
Start Renaming Generated Instances
---------------------------------------------------------------------------------
---------------------------------------------------------------------------------
Finished Renaming Generated Instances : Time (s): cpu = 00:00:35 ; elapsed = 00:00:37 . Memory (MB): peak = 2956.035 ; gain = 1273.031
---------------------------------------------------------------------------------
---------------------------------------------------------------------------------
Start Rebuilding User Hierarchy
---------------------------------------------------------------------------------
---------------------------------------------------------------------------------
Finished Rebuilding User Hierarchy : Time (s): cpu = 00:00:35 ; elapsed = 00:00:37 . Memory (MB): peak = 2956.035 ; gain = 1273.031
---------------------------------------------------------------------------------
---------------------------------------------------------------------------------
Start Renaming Generated Ports
---------------------------------------------------------------------------------
---------------------------------------------------------------------------------
Finished Renaming Generated Ports : Time (s): cpu = 00:00:35 ; elapsed = 00:00:37 . Memory (MB): peak = 2956.035 ; gain = 1273.031
---------------------------------------------------------------------------------
---------------------------------------------------------------------------------
Start Handling Custom Attributes
---------------------------------------------------------------------------------
---------------------------------------------------------------------------------
Finished Handling Custom Attributes : Time (s): cpu = 00:00:35 ; elapsed = 00:00:37 . Memory (MB): peak = 2956.035 ; gain = 1273.031
---------------------------------------------------------------------------------
---------------------------------------------------------------------------------
Start Renaming Generated Nets
---------------------------------------------------------------------------------
---------------------------------------------------------------------------------
Finished Renaming Generated Nets : Time (s): cpu = 00:00:35 ; elapsed = 00:00:37 . Memory (MB): peak = 2956.035 ; gain = 1273.031
---------------------------------------------------------------------------------
---------------------------------------------------------------------------------
Start Writing Synthesis Report
---------------------------------------------------------------------------------

Report BlackBoxes: 
+-+--------------+----------+
| |BlackBox name |Instances |
+-+--------------+----------+
+-+--------------+----------+

Report Cell Usage: 
+------+------+------+
|      |Cell  |Count |
+------+------+------+
|1     |LUT1  |    31|
|2     |LUT2  |     9|
|3     |LUT3  |     6|
|4     |LUT4  |    12|
|5     |LUT5  |    51|
|6     |LUT6  |   159|
|7     |MUXF7 |    72|
|8     |FDRE  |   323|
|9     |FDSE  |     1|
+------+------+------+
---------------------------------------------------------------------------------
Finished Writing Synthesis Report : Time (s): cpu = 00:00:35 ; elapsed = 00:00:37 . Memory (MB): peak = 2956.035 ; gain = 1273.031
---------------------------------------------------------------------------------
Synthesis finished with 0 errors, 0 critical warnings and 34 warnings.
Synthesis Optimization Runtime : Time (s): cpu = 00:00:27 ; elapsed = 00:00:33 . Memory (MB): peak = 2956.035 ; gain = 1162.160
Synthesis Optimization Complete : Time (s): cpu = 00:00:35 ; elapsed = 00:00:37 . Memory (MB): peak = 2956.035 ; gain = 1273.031
INFO: [Project 1-571] Translating synthesized netlist
Netlist sorting complete. Time (s): cpu = 00:00:00 ; elapsed = 00:00:00.006 . Memory (MB): peak = 2956.035 ; gain = 0.000
INFO: [Netlist 29-17] Analyzing 72 Unisim elements for replacement
INFO: [Netlist 29-28] Unisim Transformation completed in 0 CPU seconds
INFO: [Project 1-570] Preparing netlist for logic optimization
INFO: [Opt 31-138] Pushed 0 inverter(s) to 0 load pin(s).
Netlist sorting complete. Time (s): cpu = 00:00:00 ; elapsed = 00:00:00 . Memory (MB): peak = 2956.035 ; gain = 0.000
INFO: [Project 1-111] Unisim Transformation Summary:
No Unisim elements were transformed.

Synth Design complete | Checksum: 1e1bf876
INFO: [Common 17-83] Releasing license: Synthesis
43 Infos, 101 Warnings, 0 Critical Warnings and 0 Errors encountered.
synth_design completed successfully
synth_design: Time (s): cpu = 00:00:41 ; elapsed = 00:00:44 . Memory (MB): peak = 2956.035 ; gain = 2258.512
Write ShapeDB Complete: Time (s): cpu = 00:00:00 ; elapsed = 00:00:00.002 . Memory (MB): peak = 2956.035 ; gain = 0.000
INFO: [Common 17-1381] The checkpoint 'E:/final_prj/final_prj_pl/final_prj_pl.runs/data_to_udp_fifo_widcov_synth_1/data_to_udp_fifo_widcov.dcp' has been generated.
INFO: [Coretcl 2-1648] Added synthesis output to IP cache for IP data_to_udp_fifo_widcov, cache-ID = 09ef8327c9e117a1
INFO: [Coretcl 2-1174] Renamed 2 cell refs.
Write ShapeDB Complete: Time (s): cpu = 00:00:00 ; elapsed = 00:00:00.001 . Memory (MB): peak = 2956.035 ; gain = 0.000
INFO: [Common 17-1381] The checkpoint 'E:/final_prj/final_prj_pl/final_prj_pl.runs/data_to_udp_fifo_widcov_synth_1/data_to_udp_fifo_widcov.dcp' has been generated.
INFO: [Vivado 12-24828] Executing command : report_utilization -file data_to_udp_fifo_widcov_utilization_synth.rpt -pb data_to_udp_fifo_widcov_utilization_synth.pb
INFO: [Common 17-206] Exiting Vivado at Mon Jul  7 03:11:04 2025...
