
*** Running vivado
    with args -log spi_rx_fifo.vds -m64 -product Vivado -mode batch -messageDb vivado.pb -notrace -source spi_rx_fifo.tcl



****** Vivado v2024.2.2 (64-bit)
  **** SW Build 6060944 on Thu Mar 06 19:10:01 MST 2025
  **** IP Build 6050500 on Thu Mar  6 23:33:39 MST 2025
  **** SharedData Build 6060542 on Thu Mar 06 10:31:07 MST 2025
  **** Start of session at: Wed Jun 25 14:58:26 2025
    ** Copyright 1986-2022 Xilinx, Inc. All Rights Reserved.
    ** Copyright 2022-2025 Advanced Micro Devices, Inc. All Rights Reserved.

Sourcing tcl script 'D:/Xilinx/Vivado/2024.2/scripts/Vivado_init.tcl'
source spi_rx_fifo.tcl -notrace
create_project: Time (s): cpu = 00:00:05 ; elapsed = 00:00:05 . Memory (MB): peak = 642.984 ; gain = 202.695
INFO: [IP_Flow 19-6924] IPCACHE: Running cache check for IP inst: spi_rx_fifo
INFO: [IP_Flow 19-6922] IPCACHE: Exporting cached entry c5d361d272126b8c to dir: E:/final_prj/final_prj_pl/final_prj_pl.runs/spi_rx_fifo_synth_1
INFO: [IP_Flow 19-6928] IPCACHE: copied cached file e:/final_prj/final_prj_pl/final_prj_pl.cache/ip/2024.2.2/c/5/c5d361d272126b8c/spi_rx_fifo.dcp to E:/final_prj/final_prj_pl/final_prj_pl.runs/spi_rx_fifo_synth_1/spi_rx_fifo.dcp.

*** Running vivado
    with args -log spi_rx_fifo.vds -m64 -product Vivado -mode batch -messageDb vivado.pb -notrace -source spi_rx_fifo.tcl



****** Vivado v2024.2.2 (64-bit)
  **** SW Build 6060944 on Thu Mar 06 19:10:01 MST 2025
  **** IP Build 6050500 on Thu Mar  6 23:33:39 MST 2025
  **** SharedData Build 6060542 on Thu Mar 06 10:31:07 MST 2025
  **** Start of session at: Wed Jun 25 14:58:44 2025
    ** Copyright 1986-2022 Xilinx, Inc. All Rights Reserved.
    ** Copyright 2022-2025 Advanced Micro Devices, Inc. All Rights Reserved.

Sourcing tcl script 'D:/Xilinx/Vivado/2024.2/scripts/Vivado_init.tcl'
source spi_rx_fifo.tcl -notrace
create_project: Time (s): cpu = 00:00:05 ; elapsed = 00:00:05 . Memory (MB): peak = 644.648 ; gain = 205.043
INFO: [IP_Flow 19-6924] IPCACHE: Running cache check for IP inst: spi_rx_fifo
INFO: [IP_Flow 19-6922] IPCACHE: Exporting cached entry c5d361d272126b8c to dir: E:/final_prj/final_prj_pl/final_prj_pl.runs/spi_rx_fifo_synth_1
INFO: [IP_Flow 19-6928] IPCACHE: copied cached file e:/final_prj/final_prj_pl/final_prj_pl.cache/ip/2024.2.2/c/5/c5d361d272126b8c/spi_rx_fifo.dcp to E:/final_prj/final_prj_pl/final_prj_pl.runs/spi_rx_fifo_synth_1/spi_rx_fifo.dcp.
INFO: [IP_Flow 19-6928] IPCACHE: copied cached file e:/final_prj/final_prj_pl/final_prj_pl.cache/ip/2024.2.2/c/5/c5d361d272126b8c/spi_rx_fifo_sim_netlist.v to E:/final_prj/final_prj_pl/final_prj_pl.runs/spi_rx_fifo_synth_1/spi_rx_fifo_sim_netlist.v.
INFO: [IP_Flow 19-6928] IPCACHE: copied cached file e:/final_prj/final_prj_pl/final_prj_pl.cache/ip/2024.2.2/c/5/c5d361d272126b8c/spi_rx_fifo_sim_netlist.vhdl to E:/final_prj/final_prj_pl/final_prj_pl.runs/spi_rx_fifo_synth_1/spi_rx_fifo_sim_netlist.vhdl.
INFO: [IP_Flow 19-6928] IPCACHE: copied cached file e:/final_prj/final_prj_pl/final_prj_pl.cache/ip/2024.2.2/c/5/c5d361d272126b8c/spi_rx_fifo_stub.v to E:/final_prj/final_prj_pl/final_prj_pl.runs/spi_rx_fifo_synth_1/spi_rx_fifo_stub.v.
INFO: [IP_Flow 19-6928] IPCACHE: copied cached file e:/final_prj/final_prj_pl/final_prj_pl.cache/ip/2024.2.2/c/5/c5d361d272126b8c/spi_rx_fifo_stub.vhdl to E:/final_prj/final_prj_pl/final_prj_pl.runs/spi_rx_fifo_synth_1/spi_rx_fifo_stub.vhdl.
INFO: [IP_Flow 19-4838] Using cached IP synthesis design for IP spi_rx_fifo, cache-ID = c5d361d272126b8c.
INFO: [Common 17-206] Exiting Vivado at Wed Jun 25 14:58:53 2025...
